INFO - 2025-06-03 21:10:44 --> Session: Class initialized using 'CodeIgniter\Session\Handlers\FileHandler' driver.
INFO - 2025-06-03 21:10:44 --> Consulta SQL generada: SELECT `r`.`id_request`, `r`.`unique_code`, `u`.`email`, `r`.`type_id`, `rt`.`name` as `type`, `r`.`status_id`, `rs`.`name` as `status`, `r`.`attachment_url`, `r`.`description`, `r`.`created_at`
FROM `requests` `r`
JOIN `request_statuses` `rs` ON `r`.`status_id` = `rs`.`id_status`
JOIN `request_types` `rt` ON `r`.`type_id` = `rt`.`id_type`
JOIN `users` `u` ON `r`.`user_id` = `u`.`id_user`
WHERE   (
`r`.`created_at` >= '2025-06-01'
AND `r`.`created_at` <= '2025-06-30'
OR `r`.`status_id` = '2'
OR `r`.`type_id` = '3'
 )
INFO - 2025-06-03 21:10:55 --> Session: Class initialized using 'CodeIgniter\Session\Handlers\FileHandler' driver.
INFO - 2025-06-03 21:10:55 --> Consulta SQL generada: SELECT `r`.`id_request`, `r`.`unique_code`, `u`.`email`, `r`.`type_id`, `rt`.`name` as `type`, `r`.`status_id`, `rs`.`name` as `status`, `r`.`attachment_url`, `r`.`description`, `r`.`created_at`
FROM `requests` `r`
JOIN `request_statuses` `rs` ON `r`.`status_id` = `rs`.`id_status`
JOIN `request_types` `rt` ON `r`.`type_id` = `rt`.`id_type`
JOIN `users` `u` ON `r`.`user_id` = `u`.`id_user`
WHERE   (
`r`.`created_at` >= '2025-06-01'
AND `r`.`created_at` <= '2025-06-30'
 )
INFO - 2025-06-03 21:11:00 --> Session: Class initialized using 'CodeIgniter\Session\Handlers\FileHandler' driver.
INFO - 2025-06-03 21:11:04 --> Session: Class initialized using 'CodeIgniter\Session\Handlers\FileHandler' driver.
INFO - 2025-06-03 21:11:04 --> Consulta SQL generada: SELECT `r`.`id_request`, `r`.`unique_code`, `u`.`email`, `r`.`type_id`, `rt`.`name` as `type`, `r`.`status_id`, `rs`.`name` as `status`, `r`.`attachment_url`, `r`.`description`, `r`.`created_at`
FROM `requests` `r`
JOIN `request_statuses` `rs` ON `r`.`status_id` = `rs`.`id_status`
JOIN `request_types` `rt` ON `r`.`type_id` = `rt`.`id_type`
JOIN `users` `u` ON `r`.`user_id` = `u`.`id_user`
WHERE   (
`r`.`type_id` = '2'
 )
INFO - 2025-06-03 21:11:09 --> Session: Class initialized using 'CodeIgniter\Session\Handlers\FileHandler' driver.
INFO - 2025-06-03 21:11:09 --> Consulta SQL generada: SELECT `r`.`id_request`, `r`.`unique_code`, `u`.`email`, `r`.`type_id`, `rt`.`name` as `type`, `r`.`status_id`, `rs`.`name` as `status`, `r`.`attachment_url`, `r`.`description`, `r`.`created_at`
FROM `requests` `r`
JOIN `request_statuses` `rs` ON `r`.`status_id` = `rs`.`id_status`
JOIN `request_types` `rt` ON `r`.`type_id` = `rt`.`id_type`
JOIN `users` `u` ON `r`.`user_id` = `u`.`id_user`
WHERE   (
`r`.`status_id` = '2'
 )
INFO - 2025-06-03 21:11:14 --> Session: Class initialized using 'CodeIgniter\Session\Handlers\FileHandler' driver.
INFO - 2025-06-03 21:11:14 --> Consulta SQL generada: SELECT `r`.`id_request`, `r`.`unique_code`, `u`.`email`, `r`.`type_id`, `rt`.`name` as `type`, `r`.`status_id`, `rs`.`name` as `status`, `r`.`attachment_url`, `r`.`description`, `r`.`created_at`
FROM `requests` `r`
JOIN `request_statuses` `rs` ON `r`.`status_id` = `rs`.`id_status`
JOIN `request_types` `rt` ON `r`.`type_id` = `rt`.`id_type`
JOIN `users` `u` ON `r`.`user_id` = `u`.`id_user`
WHERE   (
`r`.`status_id` = '2'
OR `r`.`type_id` = '2'
 )
INFO - 2025-06-03 21:11:57 --> Session: Class initialized using 'CodeIgniter\Session\Handlers\FileHandler' driver.
INFO - 2025-06-03 21:12:02 --> Session: Class initialized using 'CodeIgniter\Session\Handlers\FileHandler' driver.
INFO - 2025-06-03 21:14:32 --> Session: Class initialized using 'CodeIgniter\Session\Handlers\FileHandler' driver.
INFO - 2025-06-03 21:15:02 --> Session: Class initialized using 'CodeIgniter\Session\Handlers\FileHandler' driver.
INFO - 2025-06-03 21:15:09 --> Session: Class initialized using 'CodeIgniter\Session\Handlers\FileHandler' driver.
INFO - 2025-06-03 21:15:21 --> Session: Class initialized using 'CodeIgniter\Session\Handlers\FileHandler' driver.
INFO - 2025-06-03 21:15:40 --> Session: Class initialized using 'CodeIgniter\Session\Handlers\FileHandler' driver.
INFO - 2025-06-03 21:15:45 --> Session: Class initialized using 'CodeIgniter\Session\Handlers\FileHandler' driver.
INFO - 2025-06-03 21:16:51 --> Session: Class initialized using 'CodeIgniter\Session\Handlers\FileHandler' driver.
INFO - 2025-06-03 21:16:57 --> Session: Class initialized using 'CodeIgniter\Session\Handlers\FileHandler' driver.
INFO - 2025-06-03 21:17:10 --> Session: Class initialized using 'CodeIgniter\Session\Handlers\FileHandler' driver.
INFO - 2025-06-03 21:18:43 --> Session: Class initialized using 'CodeIgniter\Session\Handlers\FileHandler' driver.
INFO - 2025-06-03 21:18:48 --> Session: Class initialized using 'CodeIgniter\Session\Handlers\FileHandler' driver.
INFO - 2025-06-03 21:18:55 --> Session: Class initialized using 'CodeIgniter\Session\Handlers\FileHandler' driver.
INFO - 2025-06-03 21:19:21 --> Session: Class initialized using 'CodeIgniter\Session\Handlers\FileHandler' driver.
INFO - 2025-06-03 21:19:26 --> Session: Class initialized using 'CodeIgniter\Session\Handlers\FileHandler' driver.
INFO - 2025-06-03 21:19:29 --> Session: Class initialized using 'CodeIgniter\Session\Handlers\FileHandler' driver.
INFO - 2025-06-03 21:19:37 --> Session: Class initialized using 'CodeIgniter\Session\Handlers\FileHandler' driver.
INFO - 2025-06-03 21:19:43 --> Session: Class initialized using 'CodeIgniter\Session\Handlers\FileHandler' driver.
INFO - 2025-06-03 21:20:15 --> Session: Class initialized using 'CodeIgniter\Session\Handlers\FileHandler' driver.
INFO - 2025-06-03 21:25:34 --> Session: Class initialized using 'CodeIgniter\Session\Handlers\FileHandler' driver.
INFO - 2025-06-03 21:29:19 --> Session: Class initialized using 'CodeIgniter\Session\Handlers\FileHandler' driver.
INFO - 2025-06-03 21:29:24 --> Session: Class initialized using 'CodeIgniter\Session\Handlers\FileHandler' driver.
INFO - 2025-06-03 21:30:56 --> Session: Class initialized using 'CodeIgniter\Session\Handlers\FileHandler' driver.
INFO - 2025-06-03 21:30:59 --> Session: Class initialized using 'CodeIgniter\Session\Handlers\FileHandler' driver.
INFO - 2025-06-03 21:31:02 --> Session: Class initialized using 'CodeIgniter\Session\Handlers\FileHandler' driver.
INFO - 2025-06-03 21:31:07 --> Session: Class initialized using 'CodeIgniter\Session\Handlers\FileHandler' driver.
INFO - 2025-06-03 21:31:14 --> Session: Class initialized using 'CodeIgniter\Session\Handlers\FileHandler' driver.
INFO - 2025-06-03 21:45:55 --> Session: Class initialized using 'CodeIgniter\Session\Handlers\FileHandler' driver.
INFO - 2025-06-03 21:46:04 --> Session: Class initialized using 'CodeIgniter\Session\Handlers\FileHandler' driver.
INFO - 2025-06-03 21:46:09 --> Session: Class initialized using 'CodeIgniter\Session\Handlers\FileHandler' driver.
INFO - 2025-06-03 23:02:51 --> Session: Class initialized using 'CodeIgniter\Session\Handlers\FileHandler' driver.
INFO - 2025-06-03 23:02:58 --> Session: Class initialized using 'CodeIgniter\Session\Handlers\FileHandler' driver.
INFO - 2025-06-03 23:26:40 --> Session: Class initialized using 'CodeIgniter\Session\Handlers\FileHandler' driver.
INFO - 2025-06-03 23:39:45 --> Session: Class initialized using 'CodeIgniter\Session\Handlers\FileHandler' driver.
