INFO - 2025-02-21 03:40:02 --> Session: Class initialized using 'CodeIgniter\Session\Handlers\FileHandler' driver.
INFO - 2025-02-21 03:40:05 --> Session: Class initialized using 'CodeIgniter\Session\Handlers\FileHandler' driver.
INFO - 2025-02-21 03:40:24 --> El método authenticate fue llamado
INFO - 2025-02-21 03:40:24 --> Session: Class initialized using 'CodeIgniter\Session\Handlers\FileHandler' driver.
INFO - 2025-02-21 03:40:24 --> Session: Class initialized using 'CodeIgniter\Session\Handlers\FileHandler' driver.
INFO - 2025-02-21 03:40:30 --> Session: Class initialized using 'CodeIgniter\Session\Handlers\FileHandler' driver.
INFO - 2025-02-21 03:40:34 --> Session: Class initialized using 'CodeIgniter\Session\Handlers\FileHandler' driver.
INFO - 2025-02-21 03:40:34 --> Iniciando búsqueda de usuario...
INFO - 2025-02-21 03:40:34 --> Identificación recibida: 1111111
INFO - 2025-02-21 03:40:34 --> Usuario encontrado: {"name":"ALBERTO","last_name":"ORTEGA","identification":"1111111","date_registration":"2025-02-18 23:13:37","email":"alberto@example.com","phone":"3132311084","address":"KDX 286-300 AV CIRCUNVALAR\r\nBARRIO FUNDADORES","status":"inactive","password_hash":"$2y$10$HASHPARAUSUARIO","balance":"121212.00","swift_code":null,"routing":null,"checking":null,"account_number":null,"account_signatory":null,"login_attempts":"0","last_login_attempt":null,"id_company":null,"id_bank":null,"id_banker":null,"role_id":"3","id_user":"17"}
INFO - 2025-02-21 04:41:31 --> Session: Class initialized using 'CodeIgniter\Session\Handlers\FileHandler' driver.
CRITICAL - 2025-02-21 04:41:31 --> CodeIgniter\View\Exceptions\ViewException: Invalid file: "history/historytransaction.php"
[Method: GET, Route: admin/historytransactions]
in SYSTEMPATH/Exceptions/FrameworkException.php on line 41.
 1 SYSTEMPATH/View/View.php(222): CodeIgniter\Exceptions\FrameworkException::forInvalidFile('history/historytransaction.php')
 2 SYSTEMPATH/Common.php(1171): CodeIgniter\View\View->render('history/historytransaction', [], true)
 3 APPPATH/Controllers/HistoryTransactionsController.php(9): view('history/historytransaction')
 4 SYSTEMPATH/CodeIgniter.php(933): App\Controllers\HistoryTransactionsController->index()
 5 SYSTEMPATH/CodeIgniter.php(509): CodeIgniter\CodeIgniter->runController(Object(App\Controllers\HistoryTransactionsController))
 6 SYSTEMPATH/CodeIgniter.php(355): CodeIgniter\CodeIgniter->handleRequest(null, Object(Config\Cache), false)
 7 SYSTEMPATH/Boot.php(325): CodeIgniter\CodeIgniter->run()
 8 SYSTEMPATH/Boot.php(67): CodeIgniter\Boot::runCodeIgniter(Object(CodeIgniter\CodeIgniter))
 9 FCPATH/index.php(56): CodeIgniter\Boot::bootWeb(Object(Config\Paths))
INFO - 2025-02-21 04:41:32 --> Session: Class initialized using 'CodeIgniter\Session\Handlers\FileHandler' driver.
INFO - 2025-02-21 04:41:33 --> Session: Class initialized using 'CodeIgniter\Session\Handlers\FileHandler' driver.
CRITICAL - 2025-02-21 04:41:33 --> CodeIgniter\View\Exceptions\ViewException: Invalid file: "history/historytransaction.php"
[Method: GET, Route: admin/historytransactions]
in SYSTEMPATH/Exceptions/FrameworkException.php on line 41.
 1 SYSTEMPATH/View/View.php(222): CodeIgniter\Exceptions\FrameworkException::forInvalidFile('history/historytransaction.php')
 2 SYSTEMPATH/Common.php(1171): CodeIgniter\View\View->render('history/historytransaction', [], true)
 3 APPPATH/Controllers/HistoryTransactionsController.php(9): view('history/historytransaction')
 4 SYSTEMPATH/CodeIgniter.php(933): App\Controllers\HistoryTransactionsController->index()
 5 SYSTEMPATH/CodeIgniter.php(509): CodeIgniter\CodeIgniter->runController(Object(App\Controllers\HistoryTransactionsController))
 6 SYSTEMPATH/CodeIgniter.php(355): CodeIgniter\CodeIgniter->handleRequest(null, Object(Config\Cache), false)
 7 SYSTEMPATH/Boot.php(325): CodeIgniter\CodeIgniter->run()
 8 SYSTEMPATH/Boot.php(67): CodeIgniter\Boot::runCodeIgniter(Object(CodeIgniter\CodeIgniter))
 9 FCPATH/index.php(56): CodeIgniter\Boot::bootWeb(Object(Config\Paths))
INFO - 2025-02-21 04:46:12 --> Session: Class initialized using 'CodeIgniter\Session\Handlers\FileHandler' driver.
CRITICAL - 2025-02-21 04:46:12 --> CodeIgniter\View\Exceptions\ViewException: Invalid file: "history/historytransaction.php"
[Method: GET, Route: admin/historytransactions]
in SYSTEMPATH/Exceptions/FrameworkException.php on line 41.
 1 SYSTEMPATH/View/View.php(222): CodeIgniter\Exceptions\FrameworkException::forInvalidFile('history/historytransaction.php')
 2 SYSTEMPATH/Common.php(1171): CodeIgniter\View\View->render('history/historytransaction', [], true)
 3 APPPATH/Controllers/HistoryTransactionsController.php(9): view('history/historytransaction')
 4 SYSTEMPATH/CodeIgniter.php(933): App\Controllers\HistoryTransactionsController->index()
 5 SYSTEMPATH/CodeIgniter.php(509): CodeIgniter\CodeIgniter->runController(Object(App\Controllers\HistoryTransactionsController))
 6 SYSTEMPATH/CodeIgniter.php(355): CodeIgniter\CodeIgniter->handleRequest(null, Object(Config\Cache), false)
 7 SYSTEMPATH/Boot.php(325): CodeIgniter\CodeIgniter->run()
 8 SYSTEMPATH/Boot.php(67): CodeIgniter\Boot::runCodeIgniter(Object(CodeIgniter\CodeIgniter))
 9 FCPATH/index.php(56): CodeIgniter\Boot::bootWeb(Object(Config\Paths))
INFO - 2025-02-21 04:46:14 --> Session: Class initialized using 'CodeIgniter\Session\Handlers\FileHandler' driver.
CRITICAL - 2025-02-21 04:46:14 --> CodeIgniter\View\Exceptions\ViewException: Invalid file: "history/historytransaction.php"
[Method: GET, Route: admin/historytransactions]
in SYSTEMPATH/Exceptions/FrameworkException.php on line 41.
 1 SYSTEMPATH/View/View.php(222): CodeIgniter\Exceptions\FrameworkException::forInvalidFile('history/historytransaction.php')
 2 SYSTEMPATH/Common.php(1171): CodeIgniter\View\View->render('history/historytransaction', [], true)
 3 APPPATH/Controllers/HistoryTransactionsController.php(9): view('history/historytransaction')
 4 SYSTEMPATH/CodeIgniter.php(933): App\Controllers\HistoryTransactionsController->index()
 5 SYSTEMPATH/CodeIgniter.php(509): CodeIgniter\CodeIgniter->runController(Object(App\Controllers\HistoryTransactionsController))
 6 SYSTEMPATH/CodeIgniter.php(355): CodeIgniter\CodeIgniter->handleRequest(null, Object(Config\Cache), false)
 7 SYSTEMPATH/Boot.php(325): CodeIgniter\CodeIgniter->run()
 8 SYSTEMPATH/Boot.php(67): CodeIgniter\Boot::runCodeIgniter(Object(CodeIgniter\CodeIgniter))
 9 FCPATH/index.php(56): CodeIgniter\Boot::bootWeb(Object(Config\Paths))
INFO - 2025-02-21 04:46:14 --> Session: Class initialized using 'CodeIgniter\Session\Handlers\FileHandler' driver.
CRITICAL - 2025-02-21 04:46:14 --> CodeIgniter\View\Exceptions\ViewException: Invalid file: "history/historytransaction.php"
[Method: GET, Route: admin/historytransactions]
in SYSTEMPATH/Exceptions/FrameworkException.php on line 41.
 1 SYSTEMPATH/View/View.php(222): CodeIgniter\Exceptions\FrameworkException::forInvalidFile('history/historytransaction.php')
 2 SYSTEMPATH/Common.php(1171): CodeIgniter\View\View->render('history/historytransaction', [], true)
 3 APPPATH/Controllers/HistoryTransactionsController.php(9): view('history/historytransaction')
 4 SYSTEMPATH/CodeIgniter.php(933): App\Controllers\HistoryTransactionsController->index()
 5 SYSTEMPATH/CodeIgniter.php(509): CodeIgniter\CodeIgniter->runController(Object(App\Controllers\HistoryTransactionsController))
 6 SYSTEMPATH/CodeIgniter.php(355): CodeIgniter\CodeIgniter->handleRequest(null, Object(Config\Cache), false)
 7 SYSTEMPATH/Boot.php(325): CodeIgniter\CodeIgniter->run()
 8 SYSTEMPATH/Boot.php(67): CodeIgniter\Boot::runCodeIgniter(Object(CodeIgniter\CodeIgniter))
 9 FCPATH/index.php(56): CodeIgniter\Boot::bootWeb(Object(Config\Paths))
INFO - 2025-02-21 04:46:15 --> Session: Class initialized using 'CodeIgniter\Session\Handlers\FileHandler' driver.
CRITICAL - 2025-02-21 04:46:15 --> CodeIgniter\View\Exceptions\ViewException: Invalid file: "history/historytransaction.php"
[Method: GET, Route: admin/historytransactions]
in SYSTEMPATH/Exceptions/FrameworkException.php on line 41.
 1 SYSTEMPATH/View/View.php(222): CodeIgniter\Exceptions\FrameworkException::forInvalidFile('history/historytransaction.php')
 2 SYSTEMPATH/Common.php(1171): CodeIgniter\View\View->render('history/historytransaction', [], true)
 3 APPPATH/Controllers/HistoryTransactionsController.php(9): view('history/historytransaction')
 4 SYSTEMPATH/CodeIgniter.php(933): App\Controllers\HistoryTransactionsController->index()
 5 SYSTEMPATH/CodeIgniter.php(509): CodeIgniter\CodeIgniter->runController(Object(App\Controllers\HistoryTransactionsController))
 6 SYSTEMPATH/CodeIgniter.php(355): CodeIgniter\CodeIgniter->handleRequest(null, Object(Config\Cache), false)
 7 SYSTEMPATH/Boot.php(325): CodeIgniter\CodeIgniter->run()
 8 SYSTEMPATH/Boot.php(67): CodeIgniter\Boot::runCodeIgniter(Object(CodeIgniter\CodeIgniter))
 9 FCPATH/index.php(56): CodeIgniter\Boot::bootWeb(Object(Config\Paths))
INFO - 2025-02-21 04:46:15 --> Session: Class initialized using 'CodeIgniter\Session\Handlers\FileHandler' driver.
CRITICAL - 2025-02-21 04:46:15 --> CodeIgniter\View\Exceptions\ViewException: Invalid file: "history/historytransaction.php"
[Method: GET, Route: admin/historytransactions]
in SYSTEMPATH/Exceptions/FrameworkException.php on line 41.
 1 SYSTEMPATH/View/View.php(222): CodeIgniter\Exceptions\FrameworkException::forInvalidFile('history/historytransaction.php')
 2 SYSTEMPATH/Common.php(1171): CodeIgniter\View\View->render('history/historytransaction', [], true)
 3 APPPATH/Controllers/HistoryTransactionsController.php(9): view('history/historytransaction')
 4 SYSTEMPATH/CodeIgniter.php(933): App\Controllers\HistoryTransactionsController->index()
 5 SYSTEMPATH/CodeIgniter.php(509): CodeIgniter\CodeIgniter->runController(Object(App\Controllers\HistoryTransactionsController))
 6 SYSTEMPATH/CodeIgniter.php(355): CodeIgniter\CodeIgniter->handleRequest(null, Object(Config\Cache), false)
 7 SYSTEMPATH/Boot.php(325): CodeIgniter\CodeIgniter->run()
 8 SYSTEMPATH/Boot.php(67): CodeIgniter\Boot::runCodeIgniter(Object(CodeIgniter\CodeIgniter))
 9 FCPATH/index.php(56): CodeIgniter\Boot::bootWeb(Object(Config\Paths))
INFO - 2025-02-21 04:46:15 --> Session: Class initialized using 'CodeIgniter\Session\Handlers\FileHandler' driver.
CRITICAL - 2025-02-21 04:46:15 --> CodeIgniter\View\Exceptions\ViewException: Invalid file: "history/historytransaction.php"
[Method: GET, Route: admin/historytransactions]
in SYSTEMPATH/Exceptions/FrameworkException.php on line 41.
 1 SYSTEMPATH/View/View.php(222): CodeIgniter\Exceptions\FrameworkException::forInvalidFile('history/historytransaction.php')
 2 SYSTEMPATH/Common.php(1171): CodeIgniter\View\View->render('history/historytransaction', [], true)
 3 APPPATH/Controllers/HistoryTransactionsController.php(9): view('history/historytransaction')
 4 SYSTEMPATH/CodeIgniter.php(933): App\Controllers\HistoryTransactionsController->index()
 5 SYSTEMPATH/CodeIgniter.php(509): CodeIgniter\CodeIgniter->runController(Object(App\Controllers\HistoryTransactionsController))
 6 SYSTEMPATH/CodeIgniter.php(355): CodeIgniter\CodeIgniter->handleRequest(null, Object(Config\Cache), false)
 7 SYSTEMPATH/Boot.php(325): CodeIgniter\CodeIgniter->run()
 8 SYSTEMPATH/Boot.php(67): CodeIgniter\Boot::runCodeIgniter(Object(CodeIgniter\CodeIgniter))
 9 FCPATH/index.php(56): CodeIgniter\Boot::bootWeb(Object(Config\Paths))
INFO - 2025-02-21 04:46:15 --> Session: Class initialized using 'CodeIgniter\Session\Handlers\FileHandler' driver.
CRITICAL - 2025-02-21 04:46:15 --> CodeIgniter\View\Exceptions\ViewException: Invalid file: "history/historytransaction.php"
[Method: GET, Route: admin/historytransactions]
in SYSTEMPATH/Exceptions/FrameworkException.php on line 41.
 1 SYSTEMPATH/View/View.php(222): CodeIgniter\Exceptions\FrameworkException::forInvalidFile('history/historytransaction.php')
 2 SYSTEMPATH/Common.php(1171): CodeIgniter\View\View->render('history/historytransaction', [], true)
 3 APPPATH/Controllers/HistoryTransactionsController.php(9): view('history/historytransaction')
 4 SYSTEMPATH/CodeIgniter.php(933): App\Controllers\HistoryTransactionsController->index()
 5 SYSTEMPATH/CodeIgniter.php(509): CodeIgniter\CodeIgniter->runController(Object(App\Controllers\HistoryTransactionsController))
 6 SYSTEMPATH/CodeIgniter.php(355): CodeIgniter\CodeIgniter->handleRequest(null, Object(Config\Cache), false)
 7 SYSTEMPATH/Boot.php(325): CodeIgniter\CodeIgniter->run()
 8 SYSTEMPATH/Boot.php(67): CodeIgniter\Boot::runCodeIgniter(Object(CodeIgniter\CodeIgniter))
 9 FCPATH/index.php(56): CodeIgniter\Boot::bootWeb(Object(Config\Paths))
INFO - 2025-02-21 04:46:16 --> Session: Class initialized using 'CodeIgniter\Session\Handlers\FileHandler' driver.
CRITICAL - 2025-02-21 04:46:16 --> CodeIgniter\View\Exceptions\ViewException: Invalid file: "history/historytransaction.php"
[Method: GET, Route: admin/historytransactions]
in SYSTEMPATH/Exceptions/FrameworkException.php on line 41.
 1 SYSTEMPATH/View/View.php(222): CodeIgniter\Exceptions\FrameworkException::forInvalidFile('history/historytransaction.php')
 2 SYSTEMPATH/Common.php(1171): CodeIgniter\View\View->render('history/historytransaction', [], true)
 3 APPPATH/Controllers/HistoryTransactionsController.php(9): view('history/historytransaction')
 4 SYSTEMPATH/CodeIgniter.php(933): App\Controllers\HistoryTransactionsController->index()
 5 SYSTEMPATH/CodeIgniter.php(509): CodeIgniter\CodeIgniter->runController(Object(App\Controllers\HistoryTransactionsController))
 6 SYSTEMPATH/CodeIgniter.php(355): CodeIgniter\CodeIgniter->handleRequest(null, Object(Config\Cache), false)
 7 SYSTEMPATH/Boot.php(325): CodeIgniter\CodeIgniter->run()
 8 SYSTEMPATH/Boot.php(67): CodeIgniter\Boot::runCodeIgniter(Object(CodeIgniter\CodeIgniter))
 9 FCPATH/index.php(56): CodeIgniter\Boot::bootWeb(Object(Config\Paths))
INFO - 2025-02-21 04:46:38 --> Session: Class initialized using 'CodeIgniter\Session\Handlers\FileHandler' driver.
INFO - 2025-02-21 04:46:41 --> Session: Class initialized using 'CodeIgniter\Session\Handlers\FileHandler' driver.
INFO - 2025-02-21 04:46:41 --> Iniciando búsqueda de usuario...
INFO - 2025-02-21 04:46:41 --> Identificación recibida: 1111111
INFO - 2025-02-21 04:46:41 --> Usuario encontrado: {"name":"ALBERTO","last_name":"ORTEGA","identification":"1111111","date_registration":"2025-02-18 23:13:37","email":"alberto@example.com","phone":"3132311084","address":"KDX 286-300 AV CIRCUNVALAR\r\nBARRIO FUNDADORES","status":"inactive","password_hash":"$2y$10$HASHPARAUSUARIO","balance":"121212.00","swift_code":null,"routing":null,"checking":null,"account_number":null,"account_signatory":null,"login_attempts":"0","last_login_attempt":null,"id_company":null,"id_bank":null,"id_banker":null,"role_id":"3","id_user":"17"}
INFO - 2025-02-21 04:46:45 --> Session: Class initialized using 'CodeIgniter\Session\Handlers\FileHandler' driver.
INFO - 2025-02-21 04:47:32 --> Session: Class initialized using 'CodeIgniter\Session\Handlers\FileHandler' driver.
INFO - 2025-02-21 04:47:33 --> Session: Class initialized using 'CodeIgniter\Session\Handlers\FileHandler' driver.
INFO - 2025-02-21 04:47:33 --> Session: Class initialized using 'CodeIgniter\Session\Handlers\FileHandler' driver.
INFO - 2025-02-21 04:47:33 --> Session: Class initialized using 'CodeIgniter\Session\Handlers\FileHandler' driver.
INFO - 2025-02-21 04:47:33 --> Session: Class initialized using 'CodeIgniter\Session\Handlers\FileHandler' driver.
INFO - 2025-02-21 04:47:33 --> Session: Class initialized using 'CodeIgniter\Session\Handlers\FileHandler' driver.
INFO - 2025-02-21 04:47:44 --> Session: Class initialized using 'CodeIgniter\Session\Handlers\FileHandler' driver.
INFO - 2025-02-21 04:47:44 --> Iniciando búsqueda de usuario...
INFO - 2025-02-21 04:47:44 --> Identificación recibida: 1111111
INFO - 2025-02-21 04:47:44 --> Usuario encontrado: {"name":"ALBERTO","last_name":"ORTEGA","identification":"1111111","date_registration":"2025-02-18 23:13:37","email":"alberto@example.com","phone":"3132311084","address":"KDX 286-300 AV CIRCUNVALAR\r\nBARRIO FUNDADORES","status":"inactive","password_hash":"$2y$10$HASHPARAUSUARIO","balance":"121212.00","swift_code":null,"routing":null,"checking":null,"account_number":null,"account_signatory":null,"login_attempts":"0","last_login_attempt":null,"id_company":null,"id_bank":null,"id_banker":null,"role_id":"3","id_user":"17"}
INFO - 2025-02-21 04:47:48 --> Session: Class initialized using 'CodeIgniter\Session\Handlers\FileHandler' driver.
INFO - 2025-02-21 04:48:43 --> Session: Class initialized using 'CodeIgniter\Session\Handlers\FileHandler' driver.
INFO - 2025-02-21 04:48:43 --> Session: Class initialized using 'CodeIgniter\Session\Handlers\FileHandler' driver.
INFO - 2025-02-21 04:48:44 --> Session: Class initialized using 'CodeIgniter\Session\Handlers\FileHandler' driver.
INFO - 2025-02-21 04:48:44 --> Session: Class initialized using 'CodeIgniter\Session\Handlers\FileHandler' driver.
INFO - 2025-02-21 04:48:48 --> Session: Class initialized using 'CodeIgniter\Session\Handlers\FileHandler' driver.
INFO - 2025-02-21 04:48:57 --> Session: Class initialized using 'CodeIgniter\Session\Handlers\FileHandler' driver.
INFO - 2025-02-21 04:49:00 --> Session: Class initialized using 'CodeIgniter\Session\Handlers\FileHandler' driver.
INFO - 2025-02-21 04:49:00 --> Iniciando búsqueda de usuario...
INFO - 2025-02-21 04:49:00 --> Identificación recibida: 1111111
INFO - 2025-02-21 04:49:00 --> Usuario encontrado: {"name":"ALBERTO","last_name":"ORTEGA","identification":"1111111","date_registration":"2025-02-18 23:13:37","email":"alberto@example.com","phone":"3132311084","address":"KDX 286-300 AV CIRCUNVALAR\r\nBARRIO FUNDADORES","status":"inactive","password_hash":"$2y$10$HASHPARAUSUARIO","balance":"121212.00","swift_code":null,"routing":null,"checking":null,"account_number":null,"account_signatory":null,"login_attempts":"0","last_login_attempt":null,"id_company":null,"id_bank":null,"id_banker":null,"role_id":"3","id_user":"17"}
INFO - 2025-02-21 04:50:55 --> Session: Class initialized using 'CodeIgniter\Session\Handlers\FileHandler' driver.
INFO - 2025-02-21 04:50:55 --> Iniciando búsqueda de usuario...
INFO - 2025-02-21 04:50:55 --> Identificación recibida: 1111111
INFO - 2025-02-21 04:50:55 --> Usuario encontrado: {"name":"ALBERTO","last_name":"ORTEGA","identification":"1111111","date_registration":"2025-02-18 23:13:37","email":"alberto@example.com","phone":"3132311084","address":"KDX 286-300 AV CIRCUNVALAR\r\nBARRIO FUNDADORES","status":"inactive","password_hash":"$2y$10$HASHPARAUSUARIO","balance":"121212.00","swift_code":null,"routing":null,"checking":null,"account_number":null,"account_signatory":null,"login_attempts":"0","last_login_attempt":null,"id_company":null,"id_bank":null,"id_banker":null,"role_id":"3","id_user":"17"}
INFO - 2025-02-21 04:50:57 --> Session: Class initialized using 'CodeIgniter\Session\Handlers\FileHandler' driver.
INFO - 2025-02-21 04:51:00 --> Session: Class initialized using 'CodeIgniter\Session\Handlers\FileHandler' driver.
INFO - 2025-02-21 04:51:00 --> Iniciando búsqueda de usuario...
INFO - 2025-02-21 04:51:00 --> Identificación recibida: 1111111
INFO - 2025-02-21 04:51:00 --> Usuario encontrado: {"name":"ALBERTO","last_name":"ORTEGA","identification":"1111111","date_registration":"2025-02-18 23:13:37","email":"alberto@example.com","phone":"3132311084","address":"KDX 286-300 AV CIRCUNVALAR\r\nBARRIO FUNDADORES","status":"inactive","password_hash":"$2y$10$HASHPARAUSUARIO","balance":"121212.00","swift_code":null,"routing":null,"checking":null,"account_number":null,"account_signatory":null,"login_attempts":"0","last_login_attempt":null,"id_company":null,"id_bank":null,"id_banker":null,"role_id":"3","id_user":"17"}
INFO - 2025-02-21 04:51:13 --> Session: Class initialized using 'CodeIgniter\Session\Handlers\FileHandler' driver.
INFO - 2025-02-21 04:51:20 --> Session: Class initialized using 'CodeIgniter\Session\Handlers\FileHandler' driver.
INFO - 2025-02-21 04:51:20 --> Iniciando búsqueda de usuario...
INFO - 2025-02-21 04:51:20 --> Identificación recibida: 321456988
INFO - 2025-02-21 04:51:20 --> Usuario encontrado: {"name":"ALEJANDRO","last_name":"SILVA","identification":"321456988","date_registration":"2025-02-18 23:13:37","email":"alejandro@example.com","phone":null,"address":null,"status":"active","password_hash":"$2y$10$HASHPARAUSUARIO","balance":"0.00","swift_code":null,"routing":null,"checking":null,"account_number":null,"account_signatory":null,"login_attempts":"0","last_login_attempt":null,"id_company":null,"id_bank":null,"id_banker":null,"role_id":"2","id_user":"28"}
INFO - 2025-02-21 04:52:28 --> Session: Class initialized using 'CodeIgniter\Session\Handlers\FileHandler' driver.
INFO - 2025-02-21 04:52:28 --> Iniciando búsqueda de usuario...
INFO - 2025-02-21 04:52:28 --> Identificación recibida: 1111111
INFO - 2025-02-21 04:52:28 --> Usuario encontrado: {"name":"ALBERTO","last_name":"ORTEGA","identification":"1111111","date_registration":"2025-02-18 23:13:37","email":"alberto@example.com","phone":"3132311084","address":"KDX 286-300 AV CIRCUNVALAR\r\nBARRIO FUNDADORES","status":"inactive","password_hash":"$2y$10$HASHPARAUSUARIO","balance":"121212.00","swift_code":null,"routing":null,"checking":null,"account_number":null,"account_signatory":null,"login_attempts":"0","last_login_attempt":null,"id_company":null,"id_bank":null,"id_banker":null,"role_id":"3","id_user":"17"}
INFO - 2025-02-21 05:29:46 --> Session: Class initialized using 'CodeIgniter\Session\Handlers\FileHandler' driver.
INFO - 2025-02-21 05:29:58 --> Session: Class initialized using 'CodeIgniter\Session\Handlers\FileHandler' driver.
INFO - 2025-02-21 05:29:59 --> Session: Class initialized using 'CodeIgniter\Session\Handlers\FileHandler' driver.
INFO - 2025-02-21 05:29:59 --> Session: Class initialized using 'CodeIgniter\Session\Handlers\FileHandler' driver.
INFO - 2025-02-21 05:30:00 --> Session: Class initialized using 'CodeIgniter\Session\Handlers\FileHandler' driver.
INFO - 2025-02-21 05:30:18 --> Session: Class initialized using 'CodeIgniter\Session\Handlers\FileHandler' driver.
CRITICAL - 2025-02-21 05:30:18 --> CodeIgniter\View\Exceptions\ViewException: Invalid file: "history/view/historytransaction.php"
[Method: GET, Route: admin/historytransactions/view]
in SYSTEMPATH/Exceptions/FrameworkException.php on line 41.
 1 SYSTEMPATH/View/View.php(222): CodeIgniter\Exceptions\FrameworkException::forInvalidFile('history/view/historytransaction.php')
 2 SYSTEMPATH/Common.php(1171): CodeIgniter\View\View->render('history/view/historytransaction', [], true)
 3 APPPATH/Controllers/HistoryTransactionsController.php(14): view('history/view/historytransaction')
 4 SYSTEMPATH/CodeIgniter.php(933): App\Controllers\HistoryTransactionsController->renderViewHistoryTransaction()
 5 SYSTEMPATH/CodeIgniter.php(509): CodeIgniter\CodeIgniter->runController(Object(App\Controllers\HistoryTransactionsController))
 6 SYSTEMPATH/CodeIgniter.php(355): CodeIgniter\CodeIgniter->handleRequest(null, Object(Config\Cache), false)
 7 SYSTEMPATH/Boot.php(325): CodeIgniter\CodeIgniter->run()
 8 SYSTEMPATH/Boot.php(67): CodeIgniter\Boot::runCodeIgniter(Object(CodeIgniter\CodeIgniter))
 9 FCPATH/index.php(56): CodeIgniter\Boot::bootWeb(Object(Config\Paths))
INFO - 2025-02-21 05:30:38 --> Session: Class initialized using 'CodeIgniter\Session\Handlers\FileHandler' driver.
INFO - 2025-02-21 13:01:36 --> Session: Class initialized using 'CodeIgniter\Session\Handlers\FileHandler' driver.
INFO - 2025-02-21 13:01:36 --> Session: Class initialized using 'CodeIgniter\Session\Handlers\FileHandler' driver.
INFO - 2025-02-21 13:01:50 --> El método authenticate fue llamado
INFO - 2025-02-21 13:01:50 --> Session: Class initialized using 'CodeIgniter\Session\Handlers\FileHandler' driver.
INFO - 2025-02-21 13:01:50 --> Session: Class initialized using 'CodeIgniter\Session\Handlers\FileHandler' driver.
INFO - 2025-02-21 13:01:52 --> Session: Class initialized using 'CodeIgniter\Session\Handlers\FileHandler' driver.
INFO - 2025-02-21 13:01:52 --> Session: Class initialized using 'CodeIgniter\Session\Handlers\FileHandler' driver.
INFO - 2025-02-21 13:01:59 --> Session: Class initialized using 'CodeIgniter\Session\Handlers\FileHandler' driver.
INFO - 2025-02-21 13:02:02 --> Session: Class initialized using 'CodeIgniter\Session\Handlers\FileHandler' driver.
INFO - 2025-02-21 13:02:02 --> Iniciando búsqueda de usuario...
INFO - 2025-02-21 13:02:02 --> Identificación recibida: 1111111
INFO - 2025-02-21 13:02:02 --> Usuario encontrado: {"name":"ALBERTO","last_name":"ORTEGA","identification":"1111111","date_registration":"2025-02-18 23:13:37","email":"alberto@example.com","phone":"3132311084","address":"KDX 286-300 AV CIRCUNVALAR\r\nBARRIO FUNDADORES","status":"inactive","password_hash":"$2y$10$HASHPARAUSUARIO","balance":"121212.00","swift_code":null,"routing":null,"checking":null,"account_number":null,"account_signatory":null,"login_attempts":"0","last_login_attempt":null,"id_company":null,"id_bank":null,"id_banker":null,"role_id":"3","id_user":"17"}
INFO - 2025-02-21 13:03:20 --> Session: Class initialized using 'CodeIgniter\Session\Handlers\FileHandler' driver.
INFO - 2025-02-21 13:04:38 --> Session: Class initialized using 'CodeIgniter\Session\Handlers\FileHandler' driver.
INFO - 2025-02-21 13:04:39 --> Session: Class initialized using 'CodeIgniter\Session\Handlers\FileHandler' driver.
INFO - 2025-02-21 13:05:02 --> Session: Class initialized using 'CodeIgniter\Session\Handlers\FileHandler' driver.
INFO - 2025-02-21 13:05:36 --> Session: Class initialized using 'CodeIgniter\Session\Handlers\FileHandler' driver.
INFO - 2025-02-21 13:05:45 --> Session: Class initialized using 'CodeIgniter\Session\Handlers\FileHandler' driver.
INFO - 2025-02-21 13:05:52 --> Session: Class initialized using 'CodeIgniter\Session\Handlers\FileHandler' driver.
INFO - 2025-02-21 13:06:25 --> Session: Class initialized using 'CodeIgniter\Session\Handlers\FileHandler' driver.
INFO - 2025-02-21 13:06:26 --> Session: Class initialized using 'CodeIgniter\Session\Handlers\FileHandler' driver.
INFO - 2025-02-21 13:09:37 --> Session: Class initialized using 'CodeIgniter\Session\Handlers\FileHandler' driver.
INFO - 2025-02-21 13:13:05 --> Session: Class initialized using 'CodeIgniter\Session\Handlers\FileHandler' driver.
INFO - 2025-02-21 13:13:08 --> Session: Class initialized using 'CodeIgniter\Session\Handlers\FileHandler' driver.
INFO - 2025-02-21 13:14:38 --> Session: Class initialized using 'CodeIgniter\Session\Handlers\FileHandler' driver.
INFO - 2025-02-21 13:14:39 --> Session: Class initialized using 'CodeIgniter\Session\Handlers\FileHandler' driver.
INFO - 2025-02-21 13:14:40 --> Session: Class initialized using 'CodeIgniter\Session\Handlers\FileHandler' driver.
INFO - 2025-02-21 13:14:40 --> Session: Class initialized using 'CodeIgniter\Session\Handlers\FileHandler' driver.
INFO - 2025-02-21 13:14:40 --> Session: Class initialized using 'CodeIgniter\Session\Handlers\FileHandler' driver.
INFO - 2025-02-21 13:15:17 --> Session: Class initialized using 'CodeIgniter\Session\Handlers\FileHandler' driver.
INFO - 2025-02-21 13:16:00 --> Session: Class initialized using 'CodeIgniter\Session\Handlers\FileHandler' driver.
INFO - 2025-02-21 13:16:03 --> Session: Class initialized using 'CodeIgniter\Session\Handlers\FileHandler' driver.
INFO - 2025-02-21 13:16:03 --> Iniciando búsqueda de usuario...
INFO - 2025-02-21 13:16:03 --> Identificación recibida: 1111111
INFO - 2025-02-21 13:16:03 --> Usuario encontrado: {"name":"ALBERTO","last_name":"ORTEGA","identification":"1111111","date_registration":"2025-02-18 23:13:37","email":"alberto@example.com","phone":"3132311084","address":"KDX 286-300 AV CIRCUNVALAR\r\nBARRIO FUNDADORES","status":"inactive","password_hash":"$2y$10$HASHPARAUSUARIO","balance":"121212.00","swift_code":null,"routing":null,"checking":null,"account_number":null,"account_signatory":null,"login_attempts":"0","last_login_attempt":null,"id_company":null,"id_bank":null,"id_banker":null,"role_id":"3","id_user":"17"}
INFO - 2025-02-21 13:16:11 --> Session: Class initialized using 'CodeIgniter\Session\Handlers\FileHandler' driver.
INFO - 2025-02-21 13:16:11 --> Iniciando el método recharge()
INFO - 2025-02-21 13:16:11 --> Identificación recibida: 1111111
INFO - 2025-02-21 13:16:11 --> Monto recibido: 1111
CRITICAL - 2025-02-21 13:16:11 --> Error: Class "App\Models\HistoryTransactionsModel" not found
[Method: POST, Route: admin/transactions/recharge]
in APPPATH/Controllers/TransactionsController.php on line 64.
 1 SYSTEMPATH/CodeIgniter.php(933): App\Controllers\TransactionsController->recharge()
 2 SYSTEMPATH/CodeIgniter.php(509): CodeIgniter\CodeIgniter->runController(Object(App\Controllers\TransactionsController))
 3 SYSTEMPATH/CodeIgniter.php(355): CodeIgniter\CodeIgniter->handleRequest(null, Object(Config\Cache), false)
 4 SYSTEMPATH/Boot.php(325): CodeIgniter\CodeIgniter->run()
 5 SYSTEMPATH/Boot.php(67): CodeIgniter\Boot::runCodeIgniter(Object(CodeIgniter\CodeIgniter))
 6 FCPATH/index.php(56): CodeIgniter\Boot::bootWeb(Object(Config\Paths))
INFO - 2025-02-21 13:16:31 --> Session: Class initialized using 'CodeIgniter\Session\Handlers\FileHandler' driver.
INFO - 2025-02-21 13:16:35 --> Session: Class initialized using 'CodeIgniter\Session\Handlers\FileHandler' driver.
INFO - 2025-02-21 13:16:35 --> Iniciando búsqueda de usuario...
INFO - 2025-02-21 13:16:35 --> Identificación recibida: 1111111
INFO - 2025-02-21 13:16:35 --> Usuario encontrado: {"name":"ALBERTO","last_name":"ORTEGA","identification":"1111111","date_registration":"2025-02-18 23:13:37","email":"alberto@example.com","phone":"3132311084","address":"KDX 286-300 AV CIRCUNVALAR\r\nBARRIO FUNDADORES","status":"inactive","password_hash":"$2y$10$HASHPARAUSUARIO","balance":"121212.00","swift_code":null,"routing":null,"checking":null,"account_number":null,"account_signatory":null,"login_attempts":"0","last_login_attempt":null,"id_company":null,"id_bank":null,"id_banker":null,"role_id":"3","id_user":"17"}
INFO - 2025-02-21 13:17:04 --> Session: Class initialized using 'CodeIgniter\Session\Handlers\FileHandler' driver.
INFO - 2025-02-21 13:17:10 --> Session: Class initialized using 'CodeIgniter\Session\Handlers\FileHandler' driver.
INFO - 2025-02-21 13:17:13 --> Session: Class initialized using 'CodeIgniter\Session\Handlers\FileHandler' driver.
INFO - 2025-02-21 13:17:13 --> Iniciando búsqueda de usuario...
INFO - 2025-02-21 13:17:13 --> Identificación recibida: 1111111
INFO - 2025-02-21 13:17:13 --> Usuario encontrado: {"name":"ALBERTO","last_name":"ORTEGA","identification":"1111111","date_registration":"2025-02-18 23:13:37","email":"alberto@example.com","phone":"3132311084","address":"KDX 286-300 AV CIRCUNVALAR\r\nBARRIO FUNDADORES","status":"inactive","password_hash":"$2y$10$HASHPARAUSUARIO","balance":"121212.00","swift_code":null,"routing":null,"checking":null,"account_number":null,"account_signatory":null,"login_attempts":"0","last_login_attempt":null,"id_company":null,"id_bank":null,"id_banker":null,"role_id":"3","id_user":"17"}
INFO - 2025-02-21 13:17:25 --> Session: Class initialized using 'CodeIgniter\Session\Handlers\FileHandler' driver.
INFO - 2025-02-21 13:17:25 --> Iniciando el método recharge()
INFO - 2025-02-21 13:17:25 --> Identificación recibida: 1111111
INFO - 2025-02-21 13:17:25 --> Monto recibido: 10000
CRITICAL - 2025-02-21 13:17:25 --> Error: Class "App\Models\HistoryTransactionsModel" not found
[Method: POST, Route: admin/transactions/recharge]
in APPPATH/Controllers/TransactionsController.php on line 64.
 1 SYSTEMPATH/CodeIgniter.php(933): App\Controllers\TransactionsController->recharge()
 2 SYSTEMPATH/CodeIgniter.php(509): CodeIgniter\CodeIgniter->runController(Object(App\Controllers\TransactionsController))
 3 SYSTEMPATH/CodeIgniter.php(355): CodeIgniter\CodeIgniter->handleRequest(null, Object(Config\Cache), false)
 4 SYSTEMPATH/Boot.php(325): CodeIgniter\CodeIgniter->run()
 5 SYSTEMPATH/Boot.php(67): CodeIgniter\Boot::runCodeIgniter(Object(CodeIgniter\CodeIgniter))
 6 FCPATH/index.php(56): CodeIgniter\Boot::bootWeb(Object(Config\Paths))
INFO - 2025-02-21 13:18:07 --> Session: Class initialized using 'CodeIgniter\Session\Handlers\FileHandler' driver.
INFO - 2025-02-21 13:18:07 --> Iniciando el método recharge()
INFO - 2025-02-21 13:18:07 --> Identificación recibida: 1111111
INFO - 2025-02-21 13:18:07 --> Monto recibido: 10000
CRITICAL - 2025-02-21 13:18:07 --> Error: Class "App\Models\HistoryTransactionsModel" not found
[Method: POST, Route: admin/transactions/recharge]
in APPPATH/Controllers/TransactionsController.php on line 64.
 1 SYSTEMPATH/CodeIgniter.php(933): App\Controllers\TransactionsController->recharge()
 2 SYSTEMPATH/CodeIgniter.php(509): CodeIgniter\CodeIgniter->runController(Object(App\Controllers\TransactionsController))
 3 SYSTEMPATH/CodeIgniter.php(355): CodeIgniter\CodeIgniter->handleRequest(null, Object(Config\Cache), false)
 4 SYSTEMPATH/Boot.php(325): CodeIgniter\CodeIgniter->run()
 5 SYSTEMPATH/Boot.php(67): CodeIgniter\Boot::runCodeIgniter(Object(CodeIgniter\CodeIgniter))
 6 FCPATH/index.php(56): CodeIgniter\Boot::bootWeb(Object(Config\Paths))
INFO - 2025-02-21 13:18:23 --> Session: Class initialized using 'CodeIgniter\Session\Handlers\FileHandler' driver.
INFO - 2025-02-21 13:18:23 --> Iniciando el método recharge()
INFO - 2025-02-21 13:18:23 --> Identificación recibida: 1111111
INFO - 2025-02-21 13:18:23 --> Monto recibido: 10000
CRITICAL - 2025-02-21 13:18:23 --> Error: Class "App\Models\HistoryTransactionsModel" not found
[Method: POST, Route: admin/transactions/recharge]
in APPPATH/Controllers/TransactionsController.php on line 64.
 1 SYSTEMPATH/CodeIgniter.php(933): App\Controllers\TransactionsController->recharge()
 2 SYSTEMPATH/CodeIgniter.php(509): CodeIgniter\CodeIgniter->runController(Object(App\Controllers\TransactionsController))
 3 SYSTEMPATH/CodeIgniter.php(355): CodeIgniter\CodeIgniter->handleRequest(null, Object(Config\Cache), false)
 4 SYSTEMPATH/Boot.php(325): CodeIgniter\CodeIgniter->run()
 5 SYSTEMPATH/Boot.php(67): CodeIgniter\Boot::runCodeIgniter(Object(CodeIgniter\CodeIgniter))
 6 FCPATH/index.php(56): CodeIgniter\Boot::bootWeb(Object(Config\Paths))
INFO - 2025-02-21 13:22:13 --> Session: Class initialized using 'CodeIgniter\Session\Handlers\FileHandler' driver.
INFO - 2025-02-21 13:22:13 --> Iniciando búsqueda de usuario...
INFO - 2025-02-21 13:22:13 --> Identificación recibida: 1111111
INFO - 2025-02-21 13:22:13 --> Usuario encontrado: {"name":"ALBERTO","last_name":"ORTEGA","identification":"1111111","date_registration":"2025-02-18 23:13:37","email":"alberto@example.com","phone":"3132311084","address":"KDX 286-300 AV CIRCUNVALAR\r\nBARRIO FUNDADORES","status":"inactive","password_hash":"$2y$10$HASHPARAUSUARIO","balance":"121212.00","swift_code":null,"routing":null,"checking":null,"account_number":null,"account_signatory":null,"login_attempts":"0","last_login_attempt":null,"id_company":null,"id_bank":null,"id_banker":null,"role_id":"3","id_user":"17"}
INFO - 2025-02-21 13:22:15 --> Session: Class initialized using 'CodeIgniter\Session\Handlers\FileHandler' driver.
INFO - 2025-02-21 13:22:15 --> Iniciando el método recharge()
INFO - 2025-02-21 13:22:15 --> Identificación recibida: 1111111
INFO - 2025-02-21 13:22:15 --> Monto recibido: 10000
CRITICAL - 2025-02-21 13:22:15 --> Error: Class "App\Models\HistoryTransactionsModel" not found
[Method: POST, Route: admin/transactions/recharge]
in APPPATH/Controllers/TransactionsController.php on line 64.
 1 SYSTEMPATH/CodeIgniter.php(933): App\Controllers\TransactionsController->recharge()
 2 SYSTEMPATH/CodeIgniter.php(509): CodeIgniter\CodeIgniter->runController(Object(App\Controllers\TransactionsController))
 3 SYSTEMPATH/CodeIgniter.php(355): CodeIgniter\CodeIgniter->handleRequest(null, Object(Config\Cache), false)
 4 SYSTEMPATH/Boot.php(325): CodeIgniter\CodeIgniter->run()
 5 SYSTEMPATH/Boot.php(67): CodeIgniter\Boot::runCodeIgniter(Object(CodeIgniter\CodeIgniter))
 6 FCPATH/index.php(56): CodeIgniter\Boot::bootWeb(Object(Config\Paths))
INFO - 2025-02-21 16:33:54 --> Session: Class initialized using 'CodeIgniter\Session\Handlers\FileHandler' driver.
INFO - 2025-02-21 16:34:00 --> Session: Class initialized using 'CodeIgniter\Session\Handlers\FileHandler' driver.
INFO - 2025-02-21 16:34:12 --> El método authenticate fue llamado
INFO - 2025-02-21 16:34:12 --> Session: Class initialized using 'CodeIgniter\Session\Handlers\FileHandler' driver.
INFO - 2025-02-21 16:34:12 --> Session: Class initialized using 'CodeIgniter\Session\Handlers\FileHandler' driver.
INFO - 2025-02-21 16:34:17 --> Session: Class initialized using 'CodeIgniter\Session\Handlers\FileHandler' driver.
INFO - 2025-02-21 16:34:19 --> Session: Class initialized using 'CodeIgniter\Session\Handlers\FileHandler' driver.
INFO - 2025-02-21 16:34:19 --> Iniciando búsqueda de usuario...
INFO - 2025-02-21 16:34:19 --> Identificación recibida: 1111111
INFO - 2025-02-21 16:34:19 --> Usuario encontrado: {"name":"ALBERTO","last_name":"ORTEGA","identification":"1111111","date_registration":"2025-02-18 23:13:37","email":"alberto@example.com","phone":"3132311084","address":"KDX 286-300 AV CIRCUNVALAR\r\nBARRIO FUNDADORES","status":"inactive","password_hash":"$2y$10$HASHPARAUSUARIO","balance":"121212.00","swift_code":null,"routing":null,"checking":null,"account_number":null,"account_signatory":null,"login_attempts":"0","last_login_attempt":null,"id_company":null,"id_bank":null,"id_banker":null,"role_id":"3","id_user":"17"}
INFO - 2025-02-21 16:34:26 --> Session: Class initialized using 'CodeIgniter\Session\Handlers\FileHandler' driver.
INFO - 2025-02-21 16:36:39 --> Session: Class initialized using 'CodeIgniter\Session\Handlers\FileHandler' driver.
INFO - 2025-02-21 16:36:42 --> Session: Class initialized using 'CodeIgniter\Session\Handlers\FileHandler' driver.
INFO - 2025-02-21 16:36:45 --> Session: Class initialized using 'CodeIgniter\Session\Handlers\FileHandler' driver.
INFO - 2025-02-21 16:36:45 --> Iniciando búsqueda de usuario...
INFO - 2025-02-21 16:36:45 --> Identificación recibida: 1111111
INFO - 2025-02-21 16:36:45 --> Usuario encontrado: {"name":"ALBERTO","last_name":"ORTEGA","identification":"1111111","date_registration":"2025-02-18 23:13:37","email":"alberto@example.com","phone":"3132311084","address":"KDX 286-300 AV CIRCUNVALAR\r\nBARRIO FUNDADORES","status":"inactive","password_hash":"$2y$10$HASHPARAUSUARIO","balance":"121212.00","swift_code":null,"routing":null,"checking":null,"account_number":null,"account_signatory":null,"login_attempts":"0","last_login_attempt":null,"id_company":null,"id_bank":null,"id_banker":null,"role_id":"3","id_user":"17"}
INFO - 2025-02-21 16:36:53 --> Session: Class initialized using 'CodeIgniter\Session\Handlers\FileHandler' driver.
INFO - 2025-02-21 16:37:02 --> Session: Class initialized using 'CodeIgniter\Session\Handlers\FileHandler' driver.
INFO - 2025-02-21 16:37:06 --> Session: Class initialized using 'CodeIgniter\Session\Handlers\FileHandler' driver.
INFO - 2025-02-21 16:37:06 --> Iniciando búsqueda de usuario...
INFO - 2025-02-21 16:37:06 --> Identificación recibida: 1111111
INFO - 2025-02-21 16:37:06 --> Usuario encontrado: {"name":"ALBERTO","last_name":"ORTEGA","identification":"1111111","date_registration":"2025-02-18 23:13:37","email":"alberto@example.com","phone":"3132311084","address":"KDX 286-300 AV CIRCUNVALAR\r\nBARRIO FUNDADORES","status":"inactive","password_hash":"$2y$10$HASHPARAUSUARIO","balance":"121212.00","swift_code":null,"routing":null,"checking":null,"account_number":null,"account_signatory":null,"login_attempts":"0","last_login_attempt":null,"id_company":null,"id_bank":null,"id_banker":null,"role_id":"3","id_user":"17"}
INFO - 2025-02-21 16:38:16 --> Session: Class initialized using 'CodeIgniter\Session\Handlers\FileHandler' driver.
INFO - 2025-02-21 16:41:32 --> Session: Class initialized using 'CodeIgniter\Session\Handlers\FileHandler' driver.
INFO - 2025-02-21 16:43:47 --> Session: Class initialized using 'CodeIgniter\Session\Handlers\FileHandler' driver.
INFO - 2025-02-21 16:46:15 --> Session: Class initialized using 'CodeIgniter\Session\Handlers\FileHandler' driver.
INFO - 2025-02-21 16:46:26 --> Session: Class initialized using 'CodeIgniter\Session\Handlers\FileHandler' driver.
INFO - 2025-02-21 16:46:33 --> Session: Class initialized using 'CodeIgniter\Session\Handlers\FileHandler' driver.
INFO - 2025-02-21 16:46:49 --> Session: Class initialized using 'CodeIgniter\Session\Handlers\FileHandler' driver.
INFO - 2025-02-21 16:47:12 --> Session: Class initialized using 'CodeIgniter\Session\Handlers\FileHandler' driver.
INFO - 2025-02-21 16:47:33 --> Session: Class initialized using 'CodeIgniter\Session\Handlers\FileHandler' driver.
INFO - 2025-02-21 16:47:36 --> Session: Class initialized using 'CodeIgniter\Session\Handlers\FileHandler' driver.
INFO - 2025-02-21 16:49:13 --> Session: Class initialized using 'CodeIgniter\Session\Handlers\FileHandler' driver.
INFO - 2025-02-21 16:51:53 --> Session: Class initialized using 'CodeIgniter\Session\Handlers\FileHandler' driver.
INFO - 2025-02-21 16:52:21 --> Session: Class initialized using 'CodeIgniter\Session\Handlers\FileHandler' driver.
INFO - 2025-02-21 16:52:32 --> Session: Class initialized using 'CodeIgniter\Session\Handlers\FileHandler' driver.
INFO - 2025-02-21 16:54:22 --> Session: Class initialized using 'CodeIgniter\Session\Handlers\FileHandler' driver.
INFO - 2025-02-21 16:54:49 --> Session: Class initialized using 'CodeIgniter\Session\Handlers\FileHandler' driver.
INFO - 2025-02-21 16:57:51 --> Session: Class initialized using 'CodeIgniter\Session\Handlers\FileHandler' driver.
INFO - 2025-02-21 16:58:19 --> Session: Class initialized using 'CodeIgniter\Session\Handlers\FileHandler' driver.
INFO - 2025-02-21 17:00:46 --> Session: Class initialized using 'CodeIgniter\Session\Handlers\FileHandler' driver.
INFO - 2025-02-21 17:01:03 --> Session: Class initialized using 'CodeIgniter\Session\Handlers\FileHandler' driver.
INFO - 2025-02-21 17:02:11 --> Session: Class initialized using 'CodeIgniter\Session\Handlers\FileHandler' driver.
INFO - 2025-02-21 17:05:25 --> Session: Class initialized using 'CodeIgniter\Session\Handlers\FileHandler' driver.
INFO - 2025-02-21 17:05:41 --> Session: Class initialized using 'CodeIgniter\Session\Handlers\FileHandler' driver.
INFO - 2025-02-21 17:06:08 --> Session: Class initialized using 'CodeIgniter\Session\Handlers\FileHandler' driver.
INFO - 2025-02-21 17:07:00 --> Session: Class initialized using 'CodeIgniter\Session\Handlers\FileHandler' driver.
INFO - 2025-02-21 17:07:20 --> Session: Class initialized using 'CodeIgniter\Session\Handlers\FileHandler' driver.
INFO - 2025-02-21 17:07:46 --> Session: Class initialized using 'CodeIgniter\Session\Handlers\FileHandler' driver.
INFO - 2025-02-21 17:08:14 --> Session: Class initialized using 'CodeIgniter\Session\Handlers\FileHandler' driver.
INFO - 2025-02-21 17:08:15 --> Session: Class initialized using 'CodeIgniter\Session\Handlers\FileHandler' driver.
INFO - 2025-02-21 17:08:36 --> Session: Class initialized using 'CodeIgniter\Session\Handlers\FileHandler' driver.
INFO - 2025-02-21 17:10:56 --> Session: Class initialized using 'CodeIgniter\Session\Handlers\FileHandler' driver.
INFO - 2025-02-21 17:13:17 --> Session: Class initialized using 'CodeIgniter\Session\Handlers\FileHandler' driver.
INFO - 2025-02-21 17:13:36 --> Session: Class initialized using 'CodeIgniter\Session\Handlers\FileHandler' driver.
INFO - 2025-02-21 17:13:37 --> Session: Class initialized using 'CodeIgniter\Session\Handlers\FileHandler' driver.
INFO - 2025-02-21 17:13:38 --> Session: Class initialized using 'CodeIgniter\Session\Handlers\FileHandler' driver.
INFO - 2025-02-21 17:14:43 --> Session: Class initialized using 'CodeIgniter\Session\Handlers\FileHandler' driver.
INFO - 2025-02-21 18:15:23 --> Session: Class initialized using 'CodeIgniter\Session\Handlers\FileHandler' driver.
INFO - 2025-02-21 18:15:29 --> Session: Class initialized using 'CodeIgniter\Session\Handlers\FileHandler' driver.
INFO - 2025-02-21 18:16:06 --> Session: Class initialized using 'CodeIgniter\Session\Handlers\FileHandler' driver.
INFO - 2025-02-21 18:17:11 --> Session: Class initialized using 'CodeIgniter\Session\Handlers\FileHandler' driver.
INFO - 2025-02-21 18:17:28 --> Session: Class initialized using 'CodeIgniter\Session\Handlers\FileHandler' driver.
INFO - 2025-02-21 18:19:59 --> Session: Class initialized using 'CodeIgniter\Session\Handlers\FileHandler' driver.
INFO - 2025-02-21 18:24:53 --> Session: Class initialized using 'CodeIgniter\Session\Handlers\FileHandler' driver.
INFO - 2025-02-21 18:25:40 --> Session: Class initialized using 'CodeIgniter\Session\Handlers\FileHandler' driver.
INFO - 2025-02-21 18:26:20 --> Session: Class initialized using 'CodeIgniter\Session\Handlers\FileHandler' driver.
INFO - 2025-02-21 18:28:19 --> Session: Class initialized using 'CodeIgniter\Session\Handlers\FileHandler' driver.
INFO - 2025-02-21 18:28:57 --> Session: Class initialized using 'CodeIgniter\Session\Handlers\FileHandler' driver.
INFO - 2025-02-21 18:39:15 --> Session: Class initialized using 'CodeIgniter\Session\Handlers\FileHandler' driver.
INFO - 2025-02-21 18:39:43 --> Session: Class initialized using 'CodeIgniter\Session\Handlers\FileHandler' driver.
INFO - 2025-02-21 18:39:51 --> Session: Class initialized using 'CodeIgniter\Session\Handlers\FileHandler' driver.
INFO - 2025-02-21 18:40:01 --> Session: Class initialized using 'CodeIgniter\Session\Handlers\FileHandler' driver.
INFO - 2025-02-21 18:40:12 --> Session: Class initialized using 'CodeIgniter\Session\Handlers\FileHandler' driver.
INFO - 2025-02-21 18:40:47 --> Session: Class initialized using 'CodeIgniter\Session\Handlers\FileHandler' driver.
INFO - 2025-02-21 18:41:40 --> Session: Class initialized using 'CodeIgniter\Session\Handlers\FileHandler' driver.
INFO - 2025-02-21 18:41:58 --> Session: Class initialized using 'CodeIgniter\Session\Handlers\FileHandler' driver.
INFO - 2025-02-21 18:48:40 --> Session: Class initialized using 'CodeIgniter\Session\Handlers\FileHandler' driver.
INFO - 2025-02-21 18:48:41 --> Session: Class initialized using 'CodeIgniter\Session\Handlers\FileHandler' driver.
INFO - 2025-02-21 18:48:41 --> Iniciando búsqueda de usuario...
INFO - 2025-02-21 18:48:41 --> Identificación recibida: 1111111
INFO - 2025-02-21 18:48:41 --> Usuario encontrado: {"name":"ALBERTO","last_name":"ORTEGA","identification":"1111111","date_registration":"2025-02-18 23:13:37","email":"alberto@example.com","phone":"3132311084","address":"KDX 286-300 AV CIRCUNVALAR\r\nBARRIO FUNDADORES","status":"inactive","password_hash":"$2y$10$HASHPARAUSUARIO","balance":"121212.00","swift_code":null,"routing":null,"checking":null,"account_number":null,"account_signatory":null,"login_attempts":"0","last_login_attempt":null,"id_company":null,"id_bank":null,"id_banker":null,"role_id":"3","id_user":"17"}
INFO - 2025-02-21 18:48:50 --> Session: Class initialized using 'CodeIgniter\Session\Handlers\FileHandler' driver.
INFO - 2025-02-21 18:48:59 --> Session: Class initialized using 'CodeIgniter\Session\Handlers\FileHandler' driver.
INFO - 2025-02-21 18:48:59 --> Iniciando búsqueda de usuario...
INFO - 2025-02-21 18:48:59 --> Identificación recibida: 1111111
INFO - 2025-02-21 18:48:59 --> Usuario encontrado: {"name":"ALBERTO","last_name":"ORTEGA","identification":"1111111","date_registration":"2025-02-18 23:13:37","email":"alberto@example.com","phone":"3132311084","address":"KDX 286-300 AV CIRCUNVALAR\r\nBARRIO FUNDADORES","status":"inactive","password_hash":"$2y$10$HASHPARAUSUARIO","balance":"121212.00","swift_code":null,"routing":null,"checking":null,"account_number":null,"account_signatory":null,"login_attempts":"0","last_login_attempt":null,"id_company":null,"id_bank":null,"id_banker":null,"role_id":"3","id_user":"17"}
INFO - 2025-02-21 18:49:30 --> Session: Class initialized using 'CodeIgniter\Session\Handlers\FileHandler' driver.
INFO - 2025-02-21 18:49:31 --> Session: Class initialized using 'CodeIgniter\Session\Handlers\FileHandler' driver.
INFO - 2025-02-21 18:49:31 --> Iniciando búsqueda de usuario...
INFO - 2025-02-21 18:49:31 --> Identificación recibida: 1111111
INFO - 2025-02-21 18:49:31 --> Usuario encontrado: {"name":"ALBERTO","last_name":"ORTEGA","identification":"1111111","date_registration":"2025-02-18 23:13:37","email":"alberto@example.com","phone":"3132311084","address":"KDX 286-300 AV CIRCUNVALAR\r\nBARRIO FUNDADORES","status":"inactive","password_hash":"$2y$10$HASHPARAUSUARIO","balance":"121212.00","swift_code":null,"routing":null,"checking":null,"account_number":null,"account_signatory":null,"login_attempts":"0","last_login_attempt":null,"id_company":null,"id_bank":null,"id_banker":null,"role_id":"3","id_user":"17"}
INFO - 2025-02-21 18:50:04 --> Session: Class initialized using 'CodeIgniter\Session\Handlers\FileHandler' driver.
INFO - 2025-02-21 18:50:45 --> Session: Class initialized using 'CodeIgniter\Session\Handlers\FileHandler' driver.
CRITICAL - 2025-02-21 18:50:45 --> TypeError: log(): Argument #1 ($num) must be of type float, string given
[Method: GET, Route: admin/historytransactions/detail/1111111]
in APPPATH/Controllers/HistoryTransactionsController.php on line 15.
 1 APPPATH/Controllers/HistoryTransactionsController.php(15): log('identificaITIOP1111111')
 2 SYSTEMPATH/CodeIgniter.php(933): App\Controllers\HistoryTransactionsController->renderViewHistoryTransaction('1111111')
 3 SYSTEMPATH/CodeIgniter.php(509): CodeIgniter\CodeIgniter->runController(Object(App\Controllers\HistoryTransactionsController))
 4 SYSTEMPATH/CodeIgniter.php(355): CodeIgniter\CodeIgniter->handleRequest(null, Object(Config\Cache), false)
 5 SYSTEMPATH/Boot.php(325): CodeIgniter\CodeIgniter->run()
 6 SYSTEMPATH/Boot.php(67): CodeIgniter\Boot::runCodeIgniter(Object(CodeIgniter\CodeIgniter))
 7 FCPATH/index.php(56): CodeIgniter\Boot::bootWeb(Object(Config\Paths))
INFO - 2025-02-21 18:51:58 --> Session: Class initialized using 'CodeIgniter\Session\Handlers\FileHandler' driver.
CRITICAL - 2025-02-21 18:51:58 --> TypeError: log(): Argument #1 ($num) must be of type float, string given
[Method: GET, Route: admin/historytransactions/detail/1111111]
in APPPATH/Controllers/HistoryTransactionsController.php on line 15.
 1 APPPATH/Controllers/HistoryTransactionsController.php(15): log('identificaITIOP1111111')
 2 SYSTEMPATH/CodeIgniter.php(933): App\Controllers\HistoryTransactionsController->renderViewHistoryTransaction('1111111')
 3 SYSTEMPATH/CodeIgniter.php(509): CodeIgniter\CodeIgniter->runController(Object(App\Controllers\HistoryTransactionsController))
 4 SYSTEMPATH/CodeIgniter.php(355): CodeIgniter\CodeIgniter->handleRequest(null, Object(Config\Cache), false)
 5 SYSTEMPATH/Boot.php(325): CodeIgniter\CodeIgniter->run()
 6 SYSTEMPATH/Boot.php(67): CodeIgniter\Boot::runCodeIgniter(Object(CodeIgniter\CodeIgniter))
 7 FCPATH/index.php(56): CodeIgniter\Boot::bootWeb(Object(Config\Paths))
INFO - 2025-02-21 18:51:59 --> Session: Class initialized using 'CodeIgniter\Session\Handlers\FileHandler' driver.
CRITICAL - 2025-02-21 18:51:59 --> TypeError: log(): Argument #1 ($num) must be of type float, string given
[Method: GET, Route: admin/historytransactions/detail/1111111]
in APPPATH/Controllers/HistoryTransactionsController.php on line 15.
 1 APPPATH/Controllers/HistoryTransactionsController.php(15): log('identificaITIOP1111111')
 2 SYSTEMPATH/CodeIgniter.php(933): App\Controllers\HistoryTransactionsController->renderViewHistoryTransaction('1111111')
 3 SYSTEMPATH/CodeIgniter.php(509): CodeIgniter\CodeIgniter->runController(Object(App\Controllers\HistoryTransactionsController))
 4 SYSTEMPATH/CodeIgniter.php(355): CodeIgniter\CodeIgniter->handleRequest(null, Object(Config\Cache), false)
 5 SYSTEMPATH/Boot.php(325): CodeIgniter\CodeIgniter->run()
 6 SYSTEMPATH/Boot.php(67): CodeIgniter\Boot::runCodeIgniter(Object(CodeIgniter\CodeIgniter))
 7 FCPATH/index.php(56): CodeIgniter\Boot::bootWeb(Object(Config\Paths))
INFO - 2025-02-21 18:52:00 --> Session: Class initialized using 'CodeIgniter\Session\Handlers\FileHandler' driver.
INFO - 2025-02-21 18:52:01 --> Session: Class initialized using 'CodeIgniter\Session\Handlers\FileHandler' driver.
INFO - 2025-02-21 18:52:01 --> Iniciando búsqueda de usuario...
INFO - 2025-02-21 18:52:01 --> Identificación recibida: 1111111
INFO - 2025-02-21 18:52:01 --> Usuario encontrado: {"name":"ALBERTO","last_name":"ORTEGA","identification":"1111111","date_registration":"2025-02-18 23:13:37","email":"alberto@example.com","phone":"3132311084","address":"KDX 286-300 AV CIRCUNVALAR\r\nBARRIO FUNDADORES","status":"inactive","password_hash":"$2y$10$HASHPARAUSUARIO","balance":"121212.00","swift_code":null,"routing":null,"checking":null,"account_number":null,"account_signatory":null,"login_attempts":"0","last_login_attempt":null,"id_company":null,"id_bank":null,"id_banker":null,"role_id":"3","id_user":"17"}
INFO - 2025-02-21 18:52:02 --> Session: Class initialized using 'CodeIgniter\Session\Handlers\FileHandler' driver.
CRITICAL - 2025-02-21 18:52:02 --> TypeError: log(): Argument #1 ($num) must be of type float, string given
[Method: GET, Route: admin/historytransactions/detail/17]
in APPPATH/Controllers/HistoryTransactionsController.php on line 15.
 1 APPPATH/Controllers/HistoryTransactionsController.php(15): log('identificaITIOP17')
 2 SYSTEMPATH/CodeIgniter.php(933): App\Controllers\HistoryTransactionsController->renderViewHistoryTransaction('17')
 3 SYSTEMPATH/CodeIgniter.php(509): CodeIgniter\CodeIgniter->runController(Object(App\Controllers\HistoryTransactionsController))
 4 SYSTEMPATH/CodeIgniter.php(355): CodeIgniter\CodeIgniter->handleRequest(null, Object(Config\Cache), false)
 5 SYSTEMPATH/Boot.php(325): CodeIgniter\CodeIgniter->run()
 6 SYSTEMPATH/Boot.php(67): CodeIgniter\Boot::runCodeIgniter(Object(CodeIgniter\CodeIgniter))
 7 FCPATH/index.php(56): CodeIgniter\Boot::bootWeb(Object(Config\Paths))
INFO - 2025-02-21 18:54:40 --> Session: Class initialized using 'CodeIgniter\Session\Handlers\FileHandler' driver.
CRITICAL - 2025-02-21 18:54:40 --> Error: Class "App\models\HistoryTransactionModel" not found
[Method: GET, Route: admin/historytransactions/detail/17]
in APPPATH/Controllers/HistoryTransactionsController.php on line 14.
 1 SYSTEMPATH/CodeIgniter.php(933): App\Controllers\HistoryTransactionsController->renderViewHistoryTransaction('17')
 2 SYSTEMPATH/CodeIgniter.php(509): CodeIgniter\CodeIgniter->runController(Object(App\Controllers\HistoryTransactionsController))
 3 SYSTEMPATH/CodeIgniter.php(355): CodeIgniter\CodeIgniter->handleRequest(null, Object(Config\Cache), false)
 4 SYSTEMPATH/Boot.php(325): CodeIgniter\CodeIgniter->run()
 5 SYSTEMPATH/Boot.php(67): CodeIgniter\Boot::runCodeIgniter(Object(CodeIgniter\CodeIgniter))
 6 FCPATH/index.php(56): CodeIgniter\Boot::bootWeb(Object(Config\Paths))
INFO - 2025-02-21 18:54:41 --> Session: Class initialized using 'CodeIgniter\Session\Handlers\FileHandler' driver.
CRITICAL - 2025-02-21 18:54:41 --> Error: Class "App\models\HistoryTransactionModel" not found
[Method: GET, Route: admin/historytransactions/detail/17]
in APPPATH/Controllers/HistoryTransactionsController.php on line 14.
 1 SYSTEMPATH/CodeIgniter.php(933): App\Controllers\HistoryTransactionsController->renderViewHistoryTransaction('17')
 2 SYSTEMPATH/CodeIgniter.php(509): CodeIgniter\CodeIgniter->runController(Object(App\Controllers\HistoryTransactionsController))
 3 SYSTEMPATH/CodeIgniter.php(355): CodeIgniter\CodeIgniter->handleRequest(null, Object(Config\Cache), false)
 4 SYSTEMPATH/Boot.php(325): CodeIgniter\CodeIgniter->run()
 5 SYSTEMPATH/Boot.php(67): CodeIgniter\Boot::runCodeIgniter(Object(CodeIgniter\CodeIgniter))
 6 FCPATH/index.php(56): CodeIgniter\Boot::bootWeb(Object(Config\Paths))
INFO - 2025-02-21 18:55:31 --> Session: Class initialized using 'CodeIgniter\Session\Handlers\FileHandler' driver.
CRITICAL - 2025-02-21 18:55:31 --> Error: Class "App\models\HistoryTransactionModel" not found
[Method: GET, Route: admin/historytransactions/detail/17]
in APPPATH/Controllers/HistoryTransactionsController.php on line 14.
 1 SYSTEMPATH/CodeIgniter.php(933): App\Controllers\HistoryTransactionsController->renderViewHistoryTransaction('17')
 2 SYSTEMPATH/CodeIgniter.php(509): CodeIgniter\CodeIgniter->runController(Object(App\Controllers\HistoryTransactionsController))
 3 SYSTEMPATH/CodeIgniter.php(355): CodeIgniter\CodeIgniter->handleRequest(null, Object(Config\Cache), false)
 4 SYSTEMPATH/Boot.php(325): CodeIgniter\CodeIgniter->run()
 5 SYSTEMPATH/Boot.php(67): CodeIgniter\Boot::runCodeIgniter(Object(CodeIgniter\CodeIgniter))
 6 FCPATH/index.php(56): CodeIgniter\Boot::bootWeb(Object(Config\Paths))
INFO - 2025-02-21 18:55:32 --> Session: Class initialized using 'CodeIgniter\Session\Handlers\FileHandler' driver.
CRITICAL - 2025-02-21 18:55:32 --> Error: Class "App\models\HistoryTransactionModel" not found
[Method: GET, Route: admin/historytransactions/detail/17]
in APPPATH/Controllers/HistoryTransactionsController.php on line 14.
 1 SYSTEMPATH/CodeIgniter.php(933): App\Controllers\HistoryTransactionsController->renderViewHistoryTransaction('17')
 2 SYSTEMPATH/CodeIgniter.php(509): CodeIgniter\CodeIgniter->runController(Object(App\Controllers\HistoryTransactionsController))
 3 SYSTEMPATH/CodeIgniter.php(355): CodeIgniter\CodeIgniter->handleRequest(null, Object(Config\Cache), false)
 4 SYSTEMPATH/Boot.php(325): CodeIgniter\CodeIgniter->run()
 5 SYSTEMPATH/Boot.php(67): CodeIgniter\Boot::runCodeIgniter(Object(CodeIgniter\CodeIgniter))
 6 FCPATH/index.php(56): CodeIgniter\Boot::bootWeb(Object(Config\Paths))
INFO - 2025-02-21 18:55:57 --> Session: Class initialized using 'CodeIgniter\Session\Handlers\FileHandler' driver.
CRITICAL - 2025-02-21 18:55:57 --> Error: Class "App\models\HistoryTransactionModel" not found
[Method: GET, Route: admin/historytransactions/detail/17]
in APPPATH/Controllers/HistoryTransactionsController.php on line 14.
 1 SYSTEMPATH/CodeIgniter.php(933): App\Controllers\HistoryTransactionsController->renderViewHistoryTransaction('17')
 2 SYSTEMPATH/CodeIgniter.php(509): CodeIgniter\CodeIgniter->runController(Object(App\Controllers\HistoryTransactionsController))
 3 SYSTEMPATH/CodeIgniter.php(355): CodeIgniter\CodeIgniter->handleRequest(null, Object(Config\Cache), false)
 4 SYSTEMPATH/Boot.php(325): CodeIgniter\CodeIgniter->run()
 5 SYSTEMPATH/Boot.php(67): CodeIgniter\Boot::runCodeIgniter(Object(CodeIgniter\CodeIgniter))
 6 FCPATH/index.php(56): CodeIgniter\Boot::bootWeb(Object(Config\Paths))
INFO - 2025-02-21 18:58:59 --> Session: Class initialized using 'CodeIgniter\Session\Handlers\FileHandler' driver.
CRITICAL - 2025-02-21 18:58:59 --> Error: Class "App\models\HistoryTransactionModel" not found
[Method: GET, Route: admin/historytransactions/detail/17]
in APPPATH/Controllers/HistoryTransactionsController.php on line 14.
 1 SYSTEMPATH/CodeIgniter.php(933): App\Controllers\HistoryTransactionsController->renderViewHistoryTransaction('17')
 2 SYSTEMPATH/CodeIgniter.php(509): CodeIgniter\CodeIgniter->runController(Object(App\Controllers\HistoryTransactionsController))
 3 SYSTEMPATH/CodeIgniter.php(355): CodeIgniter\CodeIgniter->handleRequest(null, Object(Config\Cache), false)
 4 SYSTEMPATH/Boot.php(325): CodeIgniter\CodeIgniter->run()
 5 SYSTEMPATH/Boot.php(67): CodeIgniter\Boot::runCodeIgniter(Object(CodeIgniter\CodeIgniter))
 6 FCPATH/index.php(56): CodeIgniter\Boot::bootWeb(Object(Config\Paths))
INFO - 2025-02-21 18:59:00 --> Session: Class initialized using 'CodeIgniter\Session\Handlers\FileHandler' driver.
CRITICAL - 2025-02-21 18:59:00 --> Error: Class "App\models\HistoryTransactionModel" not found
[Method: GET, Route: admin/historytransactions/detail/17]
in APPPATH/Controllers/HistoryTransactionsController.php on line 14.
 1 SYSTEMPATH/CodeIgniter.php(933): App\Controllers\HistoryTransactionsController->renderViewHistoryTransaction('17')
 2 SYSTEMPATH/CodeIgniter.php(509): CodeIgniter\CodeIgniter->runController(Object(App\Controllers\HistoryTransactionsController))
 3 SYSTEMPATH/CodeIgniter.php(355): CodeIgniter\CodeIgniter->handleRequest(null, Object(Config\Cache), false)
 4 SYSTEMPATH/Boot.php(325): CodeIgniter\CodeIgniter->run()
 5 SYSTEMPATH/Boot.php(67): CodeIgniter\Boot::runCodeIgniter(Object(CodeIgniter\CodeIgniter))
 6 FCPATH/index.php(56): CodeIgniter\Boot::bootWeb(Object(Config\Paths))
INFO - 2025-02-21 18:59:00 --> Session: Class initialized using 'CodeIgniter\Session\Handlers\FileHandler' driver.
CRITICAL - 2025-02-21 18:59:00 --> Error: Class "App\models\HistoryTransactionModel" not found
[Method: GET, Route: admin/historytransactions/detail/17]
in APPPATH/Controllers/HistoryTransactionsController.php on line 14.
 1 SYSTEMPATH/CodeIgniter.php(933): App\Controllers\HistoryTransactionsController->renderViewHistoryTransaction('17')
 2 SYSTEMPATH/CodeIgniter.php(509): CodeIgniter\CodeIgniter->runController(Object(App\Controllers\HistoryTransactionsController))
 3 SYSTEMPATH/CodeIgniter.php(355): CodeIgniter\CodeIgniter->handleRequest(null, Object(Config\Cache), false)
 4 SYSTEMPATH/Boot.php(325): CodeIgniter\CodeIgniter->run()
 5 SYSTEMPATH/Boot.php(67): CodeIgniter\Boot::runCodeIgniter(Object(CodeIgniter\CodeIgniter))
 6 FCPATH/index.php(56): CodeIgniter\Boot::bootWeb(Object(Config\Paths))
INFO - 2025-02-21 19:01:52 --> Session: Class initialized using 'CodeIgniter\Session\Handlers\FileHandler' driver.
INFO - 2025-02-21 19:01:52 --> identificaITIOP: [{"name":"ALBERTO","last_name":"ORTEGA","email":"alberto@example.com","phone":"3132311084","amount":"0.00","transaction_type":"deposit","transaction_date":"2025-02-20 17:07:14"},{"name":"ALBERTO","last_name":"ORTEGA","email":"alberto@example.com","phone":"3132311084","amount":"0.00","transaction_type":"deposit","transaction_date":"2025-02-20 17:07:16"}]
INFO - 2025-02-21 19:03:08 --> Session: Class initialized using 'CodeIgniter\Session\Handlers\FileHandler' driver.
INFO - 2025-02-21 19:03:08 --> identificaITIOP: [{"name":"ALBERTO","last_name":"ORTEGA","email":"alberto@example.com","phone":"3132311084","amount":"0.00","transaction_type":"deposit","transaction_date":"2025-02-20 17:07:14"},{"name":"ALBERTO","last_name":"ORTEGA","email":"alberto@example.com","phone":"3132311084","amount":"0.00","transaction_type":"deposit","transaction_date":"2025-02-20 17:07:16"}]
INFO - 2025-02-21 19:03:20 --> Session: Class initialized using 'CodeIgniter\Session\Handlers\FileHandler' driver.
INFO - 2025-02-21 19:03:20 --> identificaITIOP: [{"name":"ALBERTO","last_name":"ORTEGA","email":"alberto@example.com","phone":"3132311084","amount":"0.00","transaction_type":"deposit","transaction_date":"2025-02-20 17:07:14"},{"name":"ALBERTO","last_name":"ORTEGA","email":"alberto@example.com","phone":"3132311084","amount":"0.00","transaction_type":"deposit","transaction_date":"2025-02-20 17:07:16"}]
INFO - 2025-02-21 19:05:39 --> Session: Class initialized using 'CodeIgniter\Session\Handlers\FileHandler' driver.
INFO - 2025-02-21 19:05:39 --> identificaITIOP: [{"name":"ALBERTO","last_name":"ORTEGA","email":"alberto@example.com","phone":"3132311084","amount":"0.00","transaction_type":"deposit","transaction_date":"2025-02-20 17:07:14"},{"name":"ALBERTO","last_name":"ORTEGA","email":"alberto@example.com","phone":"3132311084","amount":"0.00","transaction_type":"deposit","transaction_date":"2025-02-20 17:07:16"}]
INFO - 2025-02-21 19:06:24 --> Session: Class initialized using 'CodeIgniter\Session\Handlers\FileHandler' driver.
INFO - 2025-02-21 19:06:24 --> identificaITIOP: [{"name":"ALBERTO","last_name":"ORTEGA","email":"alberto@example.com","phone":"3132311084","amount":"0.00","transaction_type":"deposit","transaction_date":"2025-02-20 17:07:14"},{"name":"ALBERTO","last_name":"ORTEGA","email":"alberto@example.com","phone":"3132311084","amount":"0.00","transaction_type":"deposit","transaction_date":"2025-02-20 17:07:16"}]
INFO - 2025-02-21 19:06:39 --> Session: Class initialized using 'CodeIgniter\Session\Handlers\FileHandler' driver.
INFO - 2025-02-21 19:06:39 --> identificaITIOP: [{"name":"ALBERTO","last_name":"ORTEGA","email":"alberto@example.com","phone":"3132311084","amount":"0.00","transaction_type":"deposit","transaction_date":"2025-02-20 17:07:14"},{"name":"ALBERTO","last_name":"ORTEGA","email":"alberto@example.com","phone":"3132311084","amount":"0.00","transaction_type":"deposit","transaction_date":"2025-02-20 17:07:16"}]
INFO - 2025-02-21 19:06:50 --> Session: Class initialized using 'CodeIgniter\Session\Handlers\FileHandler' driver.
INFO - 2025-02-21 19:06:50 --> identificaITIOP: [{"name":"ALBERTO","last_name":"ORTEGA","email":"alberto@example.com","phone":"3132311084","amount":"0.00","transaction_type":"deposit","transaction_date":"2025-02-20 17:07:14"},{"name":"ALBERTO","last_name":"ORTEGA","email":"alberto@example.com","phone":"3132311084","amount":"0.00","transaction_type":"deposit","transaction_date":"2025-02-20 17:07:16"}]
INFO - 2025-02-21 19:07:05 --> Session: Class initialized using 'CodeIgniter\Session\Handlers\FileHandler' driver.
INFO - 2025-02-21 19:07:05 --> identificaITIOP: [{"name":"ALBERTO","last_name":"ORTEGA","email":"alberto@example.com","phone":"3132311084","amount":"0.00","transaction_type":"deposit","transaction_date":"2025-02-20 17:07:14"},{"name":"ALBERTO","last_name":"ORTEGA","email":"alberto@example.com","phone":"3132311084","amount":"0.00","transaction_type":"deposit","transaction_date":"2025-02-20 17:07:16"}]
INFO - 2025-02-21 19:09:11 --> Session: Class initialized using 'CodeIgniter\Session\Handlers\FileHandler' driver.
INFO - 2025-02-21 19:09:11 --> identificaITIOP: [{"name":"ALBERTO","last_name":"ORTEGA","email":"alberto@example.com","phone":"3132311084","amount":"0.00","transaction_type":"deposit","transaction_date":"2025-02-20 17:07:14"},{"name":"ALBERTO","last_name":"ORTEGA","email":"alberto@example.com","phone":"3132311084","amount":"0.00","transaction_type":"deposit","transaction_date":"2025-02-20 17:07:16"}]
INFO - 2025-02-21 19:09:12 --> Session: Class initialized using 'CodeIgniter\Session\Handlers\FileHandler' driver.
INFO - 2025-02-21 19:09:12 --> identificaITIOP: [{"name":"ALBERTO","last_name":"ORTEGA","email":"alberto@example.com","phone":"3132311084","amount":"0.00","transaction_type":"deposit","transaction_date":"2025-02-20 17:07:14"},{"name":"ALBERTO","last_name":"ORTEGA","email":"alberto@example.com","phone":"3132311084","amount":"0.00","transaction_type":"deposit","transaction_date":"2025-02-20 17:07:16"}]
INFO - 2025-02-21 19:09:20 --> Session: Class initialized using 'CodeIgniter\Session\Handlers\FileHandler' driver.
INFO - 2025-02-21 19:09:20 --> identificaITIOP: [{"name":"ALBERTO","last_name":"ORTEGA","email":"alberto@example.com","phone":"3132311084","amount":"0.00","transaction_type":"deposit","transaction_date":"2025-02-20 17:07:14"},{"name":"ALBERTO","last_name":"ORTEGA","email":"alberto@example.com","phone":"3132311084","amount":"0.00","transaction_type":"deposit","transaction_date":"2025-02-20 17:07:16"}]
INFO - 2025-02-21 19:10:53 --> Session: Class initialized using 'CodeIgniter\Session\Handlers\FileHandler' driver.
INFO - 2025-02-21 19:10:53 --> identificaITIOP: [{"name":"ALBERTO","last_name":"ORTEGA","email":"alberto@example.com","phone":"3132311084","amount":"0.00","transaction_type":"deposit","transaction_date":"2025-02-20 17:07:14"},{"name":"ALBERTO","last_name":"ORTEGA","email":"alberto@example.com","phone":"3132311084","amount":"0.00","transaction_type":"deposit","transaction_date":"2025-02-20 17:07:16"}]
INFO - 2025-02-21 19:10:54 --> Session: Class initialized using 'CodeIgniter\Session\Handlers\FileHandler' driver.
INFO - 2025-02-21 19:10:54 --> identificaITIOP: [{"name":"ALBERTO","last_name":"ORTEGA","email":"alberto@example.com","phone":"3132311084","amount":"0.00","transaction_type":"deposit","transaction_date":"2025-02-20 17:07:14"},{"name":"ALBERTO","last_name":"ORTEGA","email":"alberto@example.com","phone":"3132311084","amount":"0.00","transaction_type":"deposit","transaction_date":"2025-02-20 17:07:16"}]
INFO - 2025-02-21 19:11:42 --> Session: Class initialized using 'CodeIgniter\Session\Handlers\FileHandler' driver.
INFO - 2025-02-21 19:11:42 --> identificaITIOP: [{"name":"ALBERTO","last_name":"ORTEGA","email":"alberto@example.com","phone":"3132311084","amount":"0.00","transaction_type":"deposit","transaction_date":"2025-02-20 17:07:14"},{"name":"ALBERTO","last_name":"ORTEGA","email":"alberto@example.com","phone":"3132311084","amount":"0.00","transaction_type":"deposit","transaction_date":"2025-02-20 17:07:16"}]
INFO - 2025-02-21 19:11:48 --> Session: Class initialized using 'CodeIgniter\Session\Handlers\FileHandler' driver.
INFO - 2025-02-21 19:11:48 --> identificaITIOP: [{"name":"ALBERTO","last_name":"ORTEGA","email":"alberto@example.com","phone":"3132311084","amount":"0.00","transaction_type":"deposit","transaction_date":"2025-02-20 17:07:14"},{"name":"ALBERTO","last_name":"ORTEGA","email":"alberto@example.com","phone":"3132311084","amount":"0.00","transaction_type":"deposit","transaction_date":"2025-02-20 17:07:16"}]
INFO - 2025-02-21 19:17:20 --> Session: Class initialized using 'CodeIgniter\Session\Handlers\FileHandler' driver.
INFO - 2025-02-21 19:17:20 --> Historial de transacciones: [
    {
        "name": "ALBERTO",
        "last_name": "ORTEGA",
        "email": "alberto@example.com",
        "phone": "3132311084",
        "amount": "0.00",
        "transaction_type": "deposit",
        "transaction_date": "2025-02-20 17:07:14"
    },
    {
        "name": "ALBERTO",
        "last_name": "ORTEGA",
        "email": "alberto@example.com",
        "phone": "3132311084",
        "amount": "0.00",
        "transaction_type": "deposit",
        "transaction_date": "2025-02-20 17:07:16"
    }
]
CRITICAL - 2025-02-21 19:17:20 --> ErrorException: Undefined variable $user
[Method: GET, Route: admin/historytransactions/detail/17]
in APPPATH/Views/history/view/detail.php on line 5.
 1 APPPATH/Views/history/view/detail.php(5): CodeIgniter\Debug\Exceptions->errorHandler(2, 'Undefined variable $user', '/opt/lampp/htdocs/SCOPECAPITAL/app/Views/history/view/detail.php', 5)
 2 SYSTEMPATH/View/View.php(234): include('/opt/lampp/htdocs/SCOPECAPITAL/app/Views/history/view/detail.php')
 3 SYSTEMPATH/View/View.php(237): CodeIgniter\View\View->CodeIgniter\View\{closure}()
 4 SYSTEMPATH/Common.php(1171): CodeIgniter\View\View->render('history/view/detail', [], true)
 5 APPPATH/Controllers/HistoryTransactionsController.php(31): view('history/view/detail', [...])
 6 SYSTEMPATH/CodeIgniter.php(933): App\Controllers\HistoryTransactionsController->renderViewHistoryTransaction('17')
 7 SYSTEMPATH/CodeIgniter.php(509): CodeIgniter\CodeIgniter->runController(Object(App\Controllers\HistoryTransactionsController))
 8 SYSTEMPATH/CodeIgniter.php(355): CodeIgniter\CodeIgniter->handleRequest(null, Object(Config\Cache), false)
 9 SYSTEMPATH/Boot.php(325): CodeIgniter\CodeIgniter->run()
10 SYSTEMPATH/Boot.php(67): CodeIgniter\Boot::runCodeIgniter(Object(CodeIgniter\CodeIgniter))
11 FCPATH/index.php(56): CodeIgniter\Boot::bootWeb(Object(Config\Paths))
INFO - 2025-02-21 19:17:36 --> Session: Class initialized using 'CodeIgniter\Session\Handlers\FileHandler' driver.
DEBUG - 2025-02-21 19:17:36 --> No se encontraron transacciones para el usuario ID: 4223
CRITICAL - 2025-02-21 19:17:36 --> ErrorException: Undefined variable $user
[Method: GET, Route: admin/historytransactions/detail/4223]
in APPPATH/Views/history/view/detail.php on line 5.
 1 APPPATH/Views/history/view/detail.php(5): CodeIgniter\Debug\Exceptions->errorHandler(2, 'Undefined variable $user', '/opt/lampp/htdocs/SCOPECAPITAL/app/Views/history/view/detail.php', 5)
 2 SYSTEMPATH/View/View.php(234): include('/opt/lampp/htdocs/SCOPECAPITAL/app/Views/history/view/detail.php')
 3 SYSTEMPATH/View/View.php(237): CodeIgniter\View\View->CodeIgniter\View\{closure}()
 4 SYSTEMPATH/Common.php(1171): CodeIgniter\View\View->render('history/view/detail', [], true)
 5 APPPATH/Controllers/HistoryTransactionsController.php(31): view('history/view/detail', [...])
 6 SYSTEMPATH/CodeIgniter.php(933): App\Controllers\HistoryTransactionsController->renderViewHistoryTransaction('4223')
 7 SYSTEMPATH/CodeIgniter.php(509): CodeIgniter\CodeIgniter->runController(Object(App\Controllers\HistoryTransactionsController))
 8 SYSTEMPATH/CodeIgniter.php(355): CodeIgniter\CodeIgniter->handleRequest(null, Object(Config\Cache), false)
 9 SYSTEMPATH/Boot.php(325): CodeIgniter\CodeIgniter->run()
10 SYSTEMPATH/Boot.php(67): CodeIgniter\Boot::runCodeIgniter(Object(CodeIgniter\CodeIgniter))
11 FCPATH/index.php(56): CodeIgniter\Boot::bootWeb(Object(Config\Paths))
INFO - 2025-02-21 19:18:04 --> Session: Class initialized using 'CodeIgniter\Session\Handlers\FileHandler' driver.
DEBUG - 2025-02-21 19:18:04 --> No se encontraron transacciones para el usuario ID: 4223
INFO - 2025-02-21 19:18:15 --> Session: Class initialized using 'CodeIgniter\Session\Handlers\FileHandler' driver.
INFO - 2025-02-21 19:18:15 --> Historial de transacciones: [
    {
        "name": "ALBERTO",
        "last_name": "ORTEGA",
        "email": "alberto@example.com",
        "phone": "3132311084",
        "amount": "0.00",
        "transaction_type": "deposit",
        "transaction_date": "2025-02-20 17:07:14"
    },
    {
        "name": "ALBERTO",
        "last_name": "ORTEGA",
        "email": "alberto@example.com",
        "phone": "3132311084",
        "amount": "0.00",
        "transaction_type": "deposit",
        "transaction_date": "2025-02-20 17:07:16"
    }
]
CRITICAL - 2025-02-21 19:18:15 --> ErrorException: Undefined variable $user
[Method: GET, Route: admin/historytransactions/detail/17]
in APPPATH/Views/history/view/detail.php on line 4.
 1 APPPATH/Views/history/view/detail.php(4): CodeIgniter\Debug\Exceptions->errorHandler(2, 'Undefined variable $user', '/opt/lampp/htdocs/SCOPECAPITAL/app/Views/history/view/detail.php', 4)
 2 SYSTEMPATH/View/View.php(234): include('/opt/lampp/htdocs/SCOPECAPITAL/app/Views/history/view/detail.php')
 3 SYSTEMPATH/View/View.php(237): CodeIgniter\View\View->CodeIgniter\View\{closure}()
 4 SYSTEMPATH/Common.php(1171): CodeIgniter\View\View->render('history/view/detail', [], true)
 5 APPPATH/Controllers/HistoryTransactionsController.php(31): view('history/view/detail', [...])
 6 SYSTEMPATH/CodeIgniter.php(933): App\Controllers\HistoryTransactionsController->renderViewHistoryTransaction('17')
 7 SYSTEMPATH/CodeIgniter.php(509): CodeIgniter\CodeIgniter->runController(Object(App\Controllers\HistoryTransactionsController))
 8 SYSTEMPATH/CodeIgniter.php(355): CodeIgniter\CodeIgniter->handleRequest(null, Object(Config\Cache), false)
 9 SYSTEMPATH/Boot.php(325): CodeIgniter\CodeIgniter->run()
10 SYSTEMPATH/Boot.php(67): CodeIgniter\Boot::runCodeIgniter(Object(CodeIgniter\CodeIgniter))
11 FCPATH/index.php(56): CodeIgniter\Boot::bootWeb(Object(Config\Paths))
INFO - 2025-02-21 19:18:15 --> Session: Class initialized using 'CodeIgniter\Session\Handlers\FileHandler' driver.
INFO - 2025-02-21 19:18:16 --> Session: Class initialized using 'CodeIgniter\Session\Handlers\FileHandler' driver.
INFO - 2025-02-21 19:18:18 --> Session: Class initialized using 'CodeIgniter\Session\Handlers\FileHandler' driver.
INFO - 2025-02-21 19:18:20 --> Session: Class initialized using 'CodeIgniter\Session\Handlers\FileHandler' driver.
INFO - 2025-02-21 19:18:20 --> Iniciando búsqueda de usuario...
INFO - 2025-02-21 19:18:20 --> Identificación recibida: 1111111
INFO - 2025-02-21 19:18:20 --> Usuario encontrado: {"name":"ALBERTO","last_name":"ORTEGA","identification":"1111111","date_registration":"2025-02-18 23:13:37","email":"alberto@example.com","phone":"3132311084","address":"KDX 286-300 AV CIRCUNVALAR\r\nBARRIO FUNDADORES","status":"inactive","password_hash":"$2y$10$HASHPARAUSUARIO","balance":"121212.00","swift_code":null,"routing":null,"checking":null,"account_number":null,"account_signatory":null,"login_attempts":"0","last_login_attempt":null,"id_company":null,"id_bank":null,"id_banker":null,"role_id":"3","id_user":"17"}
INFO - 2025-02-21 19:18:22 --> Session: Class initialized using 'CodeIgniter\Session\Handlers\FileHandler' driver.
INFO - 2025-02-21 19:18:22 --> Historial de transacciones: [
    {
        "name": "ALBERTO",
        "last_name": "ORTEGA",
        "email": "alberto@example.com",
        "phone": "3132311084",
        "amount": "0.00",
        "transaction_type": "deposit",
        "transaction_date": "2025-02-20 17:07:14"
    },
    {
        "name": "ALBERTO",
        "last_name": "ORTEGA",
        "email": "alberto@example.com",
        "phone": "3132311084",
        "amount": "0.00",
        "transaction_type": "deposit",
        "transaction_date": "2025-02-20 17:07:16"
    }
]
CRITICAL - 2025-02-21 19:18:22 --> ErrorException: Undefined variable $user
[Method: GET, Route: admin/historytransactions/detail/17]
in APPPATH/Views/history/view/detail.php on line 4.
 1 APPPATH/Views/history/view/detail.php(4): CodeIgniter\Debug\Exceptions->errorHandler(2, 'Undefined variable $user', '/opt/lampp/htdocs/SCOPECAPITAL/app/Views/history/view/detail.php', 4)
 2 SYSTEMPATH/View/View.php(234): include('/opt/lampp/htdocs/SCOPECAPITAL/app/Views/history/view/detail.php')
 3 SYSTEMPATH/View/View.php(237): CodeIgniter\View\View->CodeIgniter\View\{closure}()
 4 SYSTEMPATH/Common.php(1171): CodeIgniter\View\View->render('history/view/detail', [], true)
 5 APPPATH/Controllers/HistoryTransactionsController.php(31): view('history/view/detail', [...])
 6 SYSTEMPATH/CodeIgniter.php(933): App\Controllers\HistoryTransactionsController->renderViewHistoryTransaction('17')
 7 SYSTEMPATH/CodeIgniter.php(509): CodeIgniter\CodeIgniter->runController(Object(App\Controllers\HistoryTransactionsController))
 8 SYSTEMPATH/CodeIgniter.php(355): CodeIgniter\CodeIgniter->handleRequest(null, Object(Config\Cache), false)
 9 SYSTEMPATH/Boot.php(325): CodeIgniter\CodeIgniter->run()
10 SYSTEMPATH/Boot.php(67): CodeIgniter\Boot::runCodeIgniter(Object(CodeIgniter\CodeIgniter))
11 FCPATH/index.php(56): CodeIgniter\Boot::bootWeb(Object(Config\Paths))
INFO - 2025-02-21 19:18:52 --> Session: Class initialized using 'CodeIgniter\Session\Handlers\FileHandler' driver.
INFO - 2025-02-21 19:18:52 --> Historial de transacciones: [
    {
        "name": "ALBERTO",
        "last_name": "ORTEGA",
        "email": "alberto@example.com",
        "phone": "3132311084",
        "amount": "0.00",
        "transaction_type": "deposit",
        "transaction_date": "2025-02-20 17:07:14"
    },
    {
        "name": "ALBERTO",
        "last_name": "ORTEGA",
        "email": "alberto@example.com",
        "phone": "3132311084",
        "amount": "0.00",
        "transaction_type": "deposit",
        "transaction_date": "2025-02-20 17:07:16"
    }
]
INFO - 2025-02-21 19:19:00 --> Session: Class initialized using 'CodeIgniter\Session\Handlers\FileHandler' driver.
INFO - 2025-02-21 19:19:00 --> Historial de transacciones: [
    {
        "name": "ALBERTO",
        "last_name": "ORTEGA",
        "email": "alberto@example.com",
        "phone": "3132311084",
        "amount": "0.00",
        "transaction_type": "deposit",
        "transaction_date": "2025-02-20 17:07:14"
    },
    {
        "name": "ALBERTO",
        "last_name": "ORTEGA",
        "email": "alberto@example.com",
        "phone": "3132311084",
        "amount": "0.00",
        "transaction_type": "deposit",
        "transaction_date": "2025-02-20 17:07:16"
    }
]
INFO - 2025-02-21 19:19:12 --> Session: Class initialized using 'CodeIgniter\Session\Handlers\FileHandler' driver.
INFO - 2025-02-21 19:19:12 --> Historial de transacciones: [
    {
        "name": "ALBERTO",
        "last_name": "ORTEGA",
        "email": "alberto@example.com",
        "phone": "3132311084",
        "amount": "0.00",
        "transaction_type": "deposit",
        "transaction_date": "2025-02-20 17:07:14"
    },
    {
        "name": "ALBERTO",
        "last_name": "ORTEGA",
        "email": "alberto@example.com",
        "phone": "3132311084",
        "amount": "0.00",
        "transaction_type": "deposit",
        "transaction_date": "2025-02-20 17:07:16"
    }
]
INFO - 2025-02-21 19:19:47 --> Session: Class initialized using 'CodeIgniter\Session\Handlers\FileHandler' driver.
INFO - 2025-02-21 19:19:47 --> Historial de transacciones: [
    {
        "name": "ALBERTO",
        "last_name": "ORTEGA",
        "email": "alberto@example.com",
        "phone": "3132311084",
        "amount": "0.00",
        "transaction_type": "deposit",
        "transaction_date": "2025-02-20 17:07:14"
    },
    {
        "name": "ALBERTO",
        "last_name": "ORTEGA",
        "email": "alberto@example.com",
        "phone": "3132311084",
        "amount": "0.00",
        "transaction_type": "deposit",
        "transaction_date": "2025-02-20 17:07:16"
    }
]
INFO - 2025-02-21 19:20:06 --> Session: Class initialized using 'CodeIgniter\Session\Handlers\FileHandler' driver.
INFO - 2025-02-21 19:20:06 --> Historial de transacciones: [
    {
        "name": "ALBERTO",
        "last_name": "ORTEGA",
        "email": "alberto@example.com",
        "phone": "3132311084",
        "amount": "0.00",
        "transaction_type": "deposit",
        "transaction_date": "2025-02-20 17:07:14"
    },
    {
        "name": "ALBERTO",
        "last_name": "ORTEGA",
        "email": "alberto@example.com",
        "phone": "3132311084",
        "amount": "0.00",
        "transaction_type": "deposit",
        "transaction_date": "2025-02-20 17:07:16"
    }
]
CRITICAL - 2025-02-21 19:20:06 --> TypeError: Unsupported operand types: string + string
[Method: GET, Route: admin/historytransactions/detail/17]
in APPPATH/Views/history/view/detail.php on line 11.
 1 SYSTEMPATH/View/View.php(234): include()
 2 SYSTEMPATH/View/View.php(237): CodeIgniter\View\View->CodeIgniter\View\{closure}()
 3 SYSTEMPATH/Common.php(1171): CodeIgniter\View\View->render('history/view/detail', [], true)
 4 APPPATH/Controllers/HistoryTransactionsController.php(31): view('history/view/detail', [...])
 5 SYSTEMPATH/CodeIgniter.php(933): App\Controllers\HistoryTransactionsController->renderViewHistoryTransaction('17')
 6 SYSTEMPATH/CodeIgniter.php(509): CodeIgniter\CodeIgniter->runController(Object(App\Controllers\HistoryTransactionsController))
 7 SYSTEMPATH/CodeIgniter.php(355): CodeIgniter\CodeIgniter->handleRequest(null, Object(Config\Cache), false)
 8 SYSTEMPATH/Boot.php(325): CodeIgniter\CodeIgniter->run()
 9 SYSTEMPATH/Boot.php(67): CodeIgniter\Boot::runCodeIgniter(Object(CodeIgniter\CodeIgniter))
10 FCPATH/index.php(56): CodeIgniter\Boot::bootWeb(Object(Config\Paths))
INFO - 2025-02-21 19:20:18 --> Session: Class initialized using 'CodeIgniter\Session\Handlers\FileHandler' driver.
INFO - 2025-02-21 19:20:18 --> Historial de transacciones: [
    {
        "name": "ALBERTO",
        "last_name": "ORTEGA",
        "email": "alberto@example.com",
        "phone": "3132311084",
        "amount": "0.00",
        "transaction_type": "deposit",
        "transaction_date": "2025-02-20 17:07:14"
    },
    {
        "name": "ALBERTO",
        "last_name": "ORTEGA",
        "email": "alberto@example.com",
        "phone": "3132311084",
        "amount": "0.00",
        "transaction_type": "deposit",
        "transaction_date": "2025-02-20 17:07:16"
    }
]
INFO - 2025-02-21 19:21:15 --> Session: Class initialized using 'CodeIgniter\Session\Handlers\FileHandler' driver.
INFO - 2025-02-21 19:21:15 --> Historial de transacciones: [
    {
        "name": "ALBERTO",
        "last_name": "ORTEGA",
        "email": "alberto@example.com",
        "phone": "3132311084",
        "amount": "0.00",
        "transaction_type": "deposit",
        "transaction_date": "2025-02-20 17:07:14"
    },
    {
        "name": "ALBERTO",
        "last_name": "ORTEGA",
        "email": "alberto@example.com",
        "phone": "3132311084",
        "amount": "0.00",
        "transaction_type": "deposit",
        "transaction_date": "2025-02-20 17:07:16"
    }
]
INFO - 2025-02-21 19:21:59 --> Session: Class initialized using 'CodeIgniter\Session\Handlers\FileHandler' driver.
INFO - 2025-02-21 19:21:59 --> Historial de transacciones: [
    {
        "name": "ALBERTO",
        "last_name": "ORTEGA",
        "email": "alberto@example.com",
        "phone": "3132311084",
        "amount": "0.00",
        "transaction_type": "deposit",
        "transaction_date": "2025-02-20 17:07:14"
    },
    {
        "name": "ALBERTO",
        "last_name": "ORTEGA",
        "email": "alberto@example.com",
        "phone": "3132311084",
        "amount": "0.00",
        "transaction_type": "deposit",
        "transaction_date": "2025-02-20 17:07:16"
    }
]
INFO - 2025-02-21 19:23:42 --> Session: Class initialized using 'CodeIgniter\Session\Handlers\FileHandler' driver.
INFO - 2025-02-21 19:23:42 --> Historial de transacciones: [
    {
        "name": "ALBERTO",
        "last_name": "ORTEGA",
        "email": "alberto@example.com",
        "phone": "3132311084",
        "amount": "0.00",
        "transaction_type": "deposit",
        "transaction_date": "2025-02-20 17:07:14"
    },
    {
        "name": "ALBERTO",
        "last_name": "ORTEGA",
        "email": "alberto@example.com",
        "phone": "3132311084",
        "amount": "0.00",
        "transaction_type": "deposit",
        "transaction_date": "2025-02-20 17:07:16"
    }
]
INFO - 2025-02-21 19:23:48 --> Session: Class initialized using 'CodeIgniter\Session\Handlers\FileHandler' driver.
INFO - 2025-02-21 19:23:48 --> Historial de transacciones: [
    {
        "name": "ALBERTO",
        "last_name": "ORTEGA",
        "email": "alberto@example.com",
        "phone": "3132311084",
        "amount": "0.00",
        "transaction_type": "deposit",
        "transaction_date": "2025-02-20 17:07:14"
    },
    {
        "name": "ALBERTO",
        "last_name": "ORTEGA",
        "email": "alberto@example.com",
        "phone": "3132311084",
        "amount": "0.00",
        "transaction_type": "deposit",
        "transaction_date": "2025-02-20 17:07:16"
    }
]
INFO - 2025-02-21 19:23:49 --> Session: Class initialized using 'CodeIgniter\Session\Handlers\FileHandler' driver.
INFO - 2025-02-21 19:23:49 --> Historial de transacciones: [
    {
        "name": "ALBERTO",
        "last_name": "ORTEGA",
        "email": "alberto@example.com",
        "phone": "3132311084",
        "amount": "0.00",
        "transaction_type": "deposit",
        "transaction_date": "2025-02-20 17:07:14"
    },
    {
        "name": "ALBERTO",
        "last_name": "ORTEGA",
        "email": "alberto@example.com",
        "phone": "3132311084",
        "amount": "0.00",
        "transaction_type": "deposit",
        "transaction_date": "2025-02-20 17:07:16"
    }
]
INFO - 2025-02-21 19:24:11 --> Session: Class initialized using 'CodeIgniter\Session\Handlers\FileHandler' driver.
INFO - 2025-02-21 19:24:11 --> Historial de transacciones: [
    {
        "name": "ALBERTO",
        "last_name": "ORTEGA",
        "email": "alberto@example.com",
        "phone": "3132311084",
        "amount": "0.00",
        "transaction_type": "deposit",
        "transaction_date": "2025-02-20 17:07:14"
    },
    {
        "name": "ALBERTO",
        "last_name": "ORTEGA",
        "email": "alberto@example.com",
        "phone": "3132311084",
        "amount": "0.00",
        "transaction_type": "deposit",
        "transaction_date": "2025-02-20 17:07:16"
    }
]
INFO - 2025-02-21 19:24:13 --> Session: Class initialized using 'CodeIgniter\Session\Handlers\FileHandler' driver.
INFO - 2025-02-21 19:24:13 --> Historial de transacciones: [
    {
        "name": "ALBERTO",
        "last_name": "ORTEGA",
        "email": "alberto@example.com",
        "phone": "3132311084",
        "amount": "0.00",
        "transaction_type": "deposit",
        "transaction_date": "2025-02-20 17:07:14"
    },
    {
        "name": "ALBERTO",
        "last_name": "ORTEGA",
        "email": "alberto@example.com",
        "phone": "3132311084",
        "amount": "0.00",
        "transaction_type": "deposit",
        "transaction_date": "2025-02-20 17:07:16"
    }
]
INFO - 2025-02-21 19:24:19 --> Session: Class initialized using 'CodeIgniter\Session\Handlers\FileHandler' driver.
INFO - 2025-02-21 19:24:19 --> Historial de transacciones: [
    {
        "name": "ALBERTO",
        "last_name": "ORTEGA",
        "email": "alberto@example.com",
        "phone": "3132311084",
        "amount": "0.00",
        "transaction_type": "deposit",
        "transaction_date": "2025-02-20 17:07:14"
    },
    {
        "name": "ALBERTO",
        "last_name": "ORTEGA",
        "email": "alberto@example.com",
        "phone": "3132311084",
        "amount": "0.00",
        "transaction_type": "deposit",
        "transaction_date": "2025-02-20 17:07:16"
    }
]
INFO - 2025-02-21 19:24:20 --> Session: Class initialized using 'CodeIgniter\Session\Handlers\FileHandler' driver.
INFO - 2025-02-21 19:24:24 --> Session: Class initialized using 'CodeIgniter\Session\Handlers\FileHandler' driver.
INFO - 2025-02-21 19:24:26 --> Session: Class initialized using 'CodeIgniter\Session\Handlers\FileHandler' driver.
INFO - 2025-02-21 19:24:26 --> Iniciando búsqueda de usuario...
INFO - 2025-02-21 19:24:26 --> Identificación recibida: 1111111
INFO - 2025-02-21 19:24:26 --> Usuario encontrado: {"name":"ALBERTO","last_name":"ORTEGA","identification":"1111111","date_registration":"2025-02-18 23:13:37","email":"alberto@example.com","phone":"3132311084","address":"KDX 286-300 AV CIRCUNVALAR\r\nBARRIO FUNDADORES","status":"inactive","password_hash":"$2y$10$HASHPARAUSUARIO","balance":"121212.00","swift_code":null,"routing":null,"checking":null,"account_number":null,"account_signatory":null,"login_attempts":"0","last_login_attempt":null,"id_company":null,"id_bank":null,"id_banker":null,"role_id":"3","id_user":"17"}
INFO - 2025-02-21 19:24:27 --> Session: Class initialized using 'CodeIgniter\Session\Handlers\FileHandler' driver.
INFO - 2025-02-21 19:24:27 --> Historial de transacciones: [
    {
        "name": "ALBERTO",
        "last_name": "ORTEGA",
        "email": "alberto@example.com",
        "phone": "3132311084",
        "amount": "0.00",
        "transaction_type": "deposit",
        "transaction_date": "2025-02-20 17:07:14"
    },
    {
        "name": "ALBERTO",
        "last_name": "ORTEGA",
        "email": "alberto@example.com",
        "phone": "3132311084",
        "amount": "0.00",
        "transaction_type": "deposit",
        "transaction_date": "2025-02-20 17:07:16"
    }
]
INFO - 2025-02-21 19:24:30 --> Session: Class initialized using 'CodeIgniter\Session\Handlers\FileHandler' driver.
INFO - 2025-02-21 21:28:42 --> Session: Class initialized using 'CodeIgniter\Session\Handlers\FileHandler' driver.
INFO - 2025-02-21 21:28:42 --> Session: Class initialized using 'CodeIgniter\Session\Handlers\FileHandler' driver.
INFO - 2025-02-21 21:28:44 --> Session: Class initialized using 'CodeIgniter\Session\Handlers\FileHandler' driver.
INFO - 2025-02-21 21:28:44 --> Session: Class initialized using 'CodeIgniter\Session\Handlers\FileHandler' driver.
INFO - 2025-02-21 21:30:13 --> Session: Class initialized using 'CodeIgniter\Session\Handlers\FileHandler' driver.
INFO - 2025-02-21 21:30:13 --> Session: Class initialized using 'CodeIgniter\Session\Handlers\FileHandler' driver.
INFO - 2025-02-21 21:30:19 --> Session: Class initialized using 'CodeIgniter\Session\Handlers\FileHandler' driver.
INFO - 2025-02-21 21:30:19 --> Session: Class initialized using 'CodeIgniter\Session\Handlers\FileHandler' driver.
INFO - 2025-02-21 21:30:23 --> Session: Class initialized using 'CodeIgniter\Session\Handlers\FileHandler' driver.
INFO - 2025-02-21 21:30:23 --> Session: Class initialized using 'CodeIgniter\Session\Handlers\FileHandler' driver.
INFO - 2025-02-21 21:30:39 --> El método authenticate fue llamado
INFO - 2025-02-21 21:30:39 --> Session: Class initialized using 'CodeIgniter\Session\Handlers\FileHandler' driver.
INFO - 2025-02-21 21:30:40 --> Session: Class initialized using 'CodeIgniter\Session\Handlers\FileHandler' driver.
INFO - 2025-02-21 21:35:50 --> Session: Class initialized using 'CodeIgniter\Session\Handlers\FileHandler' driver.
INFO - 2025-02-21 21:36:40 --> Session: Class initialized using 'CodeIgniter\Session\Handlers\FileHandler' driver.
INFO - 2025-02-21 21:36:40 --> Iniciando búsqueda de usuario...
INFO - 2025-02-21 21:36:40 --> Identificación recibida: 2000
ERROR - 2025-02-21 21:36:40 --> Usuario no encontrado con identificación: 2000
INFO - 2025-02-21 21:36:46 --> Session: Class initialized using 'CodeIgniter\Session\Handlers\FileHandler' driver.
INFO - 2025-02-21 21:36:59 --> Session: Class initialized using 'CodeIgniter\Session\Handlers\FileHandler' driver.
INFO - 2025-02-21 21:36:59 --> Iniciando búsqueda de usuario...
INFO - 2025-02-21 21:36:59 --> Identificación recibida: 2354235423
ERROR - 2025-02-21 21:36:59 --> Usuario no encontrado con identificación: 2354235423
INFO - 2025-02-21 21:37:04 --> Session: Class initialized using 'CodeIgniter\Session\Handlers\FileHandler' driver.
INFO - 2025-02-21 21:37:04 --> Iniciando búsqueda de usuario...
INFO - 2025-02-21 21:37:04 --> Identificación recibida: 1111111
INFO - 2025-02-21 21:37:04 --> Usuario encontrado: {"name":"ALBERTO","last_name":"ORTEGA","identification":"1111111","date_registration":"2025-02-18 23:13:37","email":"alberto@example.com","phone":"3132311084","address":"KDX 286-300 AV CIRCUNVALAR\r\nBARRIO FUNDADORES","status":"inactive","password_hash":"$2y$10$HASHPARAUSUARIO","balance":"121212.00","swift_code":null,"routing":null,"checking":null,"account_number":null,"account_signatory":null,"login_attempts":"0","last_login_attempt":null,"id_company":null,"id_bank":null,"id_banker":null,"role_id":"3","id_user":"17"}
INFO - 2025-02-21 21:37:05 --> Session: Class initialized using 'CodeIgniter\Session\Handlers\FileHandler' driver.
INFO - 2025-02-21 21:37:05 --> Historial de transacciones: [
    {
        "name": "ALBERTO",
        "last_name": "ORTEGA",
        "email": "alberto@example.com",
        "phone": "3132311084",
        "amount": "0.00",
        "transaction_type": "deposit",
        "transaction_date": "2025-02-20 17:07:14"
    },
    {
        "name": "ALBERTO",
        "last_name": "ORTEGA",
        "email": "alberto@example.com",
        "phone": "3132311084",
        "amount": "0.00",
        "transaction_type": "deposit",
        "transaction_date": "2025-02-20 17:07:16"
    }
]
INFO - 2025-02-21 21:39:52 --> Session: Class initialized using 'CodeIgniter\Session\Handlers\FileHandler' driver.
INFO - 2025-02-21 21:39:52 --> Historial de transacciones: [
    {
        "name": "ALBERTO",
        "last_name": "ORTEGA",
        "email": "alberto@example.com",
        "phone": "3132311084",
        "amount": "0.00",
        "transaction_type": "deposit",
        "transaction_date": "2025-02-20 17:07:14"
    },
    {
        "name": "ALBERTO",
        "last_name": "ORTEGA",
        "email": "alberto@example.com",
        "phone": "3132311084",
        "amount": "0.00",
        "transaction_type": "deposit",
        "transaction_date": "2025-02-20 17:07:16"
    }
]
INFO - 2025-02-21 21:39:59 --> Session: Class initialized using 'CodeIgniter\Session\Handlers\FileHandler' driver.
INFO - 2025-02-21 21:40:01 --> Session: Class initialized using 'CodeIgniter\Session\Handlers\FileHandler' driver.
INFO - 2025-02-21 21:40:01 --> Iniciando búsqueda de usuario...
INFO - 2025-02-21 21:40:01 --> Identificación recibida: 1111111
INFO - 2025-02-21 21:40:01 --> Usuario encontrado: {"name":"ALBERTO","last_name":"ORTEGA","identification":"1111111","date_registration":"2025-02-18 23:13:37","email":"alberto@example.com","phone":"3132311084","address":"KDX 286-300 AV CIRCUNVALAR\r\nBARRIO FUNDADORES","status":"inactive","password_hash":"$2y$10$HASHPARAUSUARIO","balance":"121212.00","swift_code":null,"routing":null,"checking":null,"account_number":null,"account_signatory":null,"login_attempts":"0","last_login_attempt":null,"id_company":null,"id_bank":null,"id_banker":null,"role_id":"3","id_user":"17"}
INFO - 2025-02-21 21:40:03 --> Session: Class initialized using 'CodeIgniter\Session\Handlers\FileHandler' driver.
INFO - 2025-02-21 21:40:03 --> Historial de transacciones: [
    {
        "name": "ALBERTO",
        "last_name": "ORTEGA",
        "email": "alberto@example.com",
        "phone": "3132311084",
        "amount": "0.00",
        "transaction_type": "deposit",
        "transaction_date": "2025-02-20 17:07:14"
    },
    {
        "name": "ALBERTO",
        "last_name": "ORTEGA",
        "email": "alberto@example.com",
        "phone": "3132311084",
        "amount": "0.00",
        "transaction_type": "deposit",
        "transaction_date": "2025-02-20 17:07:16"
    }
]
INFO - 2025-02-21 21:40:05 --> Session: Class initialized using 'CodeIgniter\Session\Handlers\FileHandler' driver.
INFO - 2025-02-21 21:40:20 --> Session: Class initialized using 'CodeIgniter\Session\Handlers\FileHandler' driver.
INFO - 2025-02-21 22:05:55 --> Session: Class initialized using 'CodeIgniter\Session\Handlers\FileHandler' driver.
INFO - 2025-02-21 22:05:59 --> Session: Class initialized using 'CodeIgniter\Session\Handlers\FileHandler' driver.
INFO - 2025-02-21 22:06:51 --> Session: Class initialized using 'CodeIgniter\Session\Handlers\FileHandler' driver.
INFO - 2025-02-21 22:07:00 --> Session: Class initialized using 'CodeIgniter\Session\Handlers\FileHandler' driver.
INFO - 2025-02-21 22:07:46 --> Session: Class initialized using 'CodeIgniter\Session\Handlers\FileHandler' driver.
