INFO - 2025-05-08 03:24:42 --> Session: Class initialized using 'CodeIgniter\Session\Handlers\FileHandler' driver.
INFO - 2025-05-08 03:24:44 --> Session: Class initialized using 'CodeIgniter\Session\Handlers\FileHandler' driver.
INFO - 2025-05-08 03:24:44 --> Usuario autenticado con role_id: 
INFO - 2025-05-08 03:24:46 --> El método authenticate fue llamado
INFO - 2025-05-08 03:24:47 --> Session: Class initialized using 'CodeIgniter\Session\Handlers\FileHandler' driver.
INFO - 2025-05-08 03:24:47 --> Session: Class initialized using 'CodeIgniter\Session\Handlers\FileHandler' driver.
INFO - 2025-05-08 03:24:47 --> Usuario autenticado con role_id: 
INFO - 2025-05-08 03:24:53 --> El método authenticate fue llamado
INFO - 2025-05-08 03:24:53 --> Session: Class initialized using 'CodeIgniter\Session\Handlers\FileHandler' driver.
INFO - 2025-05-08 03:24:53 --> Session: Class initialized using 'CodeIgniter\Session\Handlers\FileHandler' driver.
INFO - 2025-05-08 03:24:56 --> Session: Class initialized using 'CodeIgniter\Session\Handlers\FileHandler' driver.
INFO - 2025-05-08 03:24:58 --> Session: Class initialized using 'CodeIgniter\Session\Handlers\FileHandler' driver.
INFO - 2025-05-08 03:24:59 --> Session: Class initialized using 'CodeIgniter\Session\Handlers\FileHandler' driver.
INFO - 2025-05-08 03:25:00 --> Session: Class initialized using 'CodeIgniter\Session\Handlers\FileHandler' driver.
INFO - 2025-05-08 03:25:01 --> Session: Class initialized using 'CodeIgniter\Session\Handlers\FileHandler' driver.
INFO - 2025-05-08 03:25:02 --> Session: Class initialized using 'CodeIgniter\Session\Handlers\FileHandler' driver.
INFO - 2025-05-08 03:42:56 --> Session: Class initialized using 'CodeIgniter\Session\Handlers\FileHandler' driver.
INFO - 2025-05-08 03:50:45 --> Session: Class initialized using 'CodeIgniter\Session\Handlers\FileHandler' driver.
CRITICAL - 2025-05-08 03:50:45 --> CodeIgniter\View\Exceptions\ViewException: Invalid file: "/extras_management/requeststatuses/requeststatuses.php"
[Method: GET, Route: admin/extrasmanagement/requeststatuses]
in SYSTEMPATH\Exceptions\FrameworkException.php on line 41.
 1 SYSTEMPATH\View\View.php(222): CodeIgniter\Exceptions\FrameworkException::forInvalidFile('/extras_management/requeststatuses/requeststatuses.php')
 2 SYSTEMPATH\Common.php(1171): CodeIgniter\View\View->render('/extras_management/requeststatuses/requeststatuses', [], true)
 3 APPPATH\Controllers\RequestStatusesController.php(14): view('/extras_management/requeststatuses/requeststatuses', [...])
 4 SYSTEMPATH\CodeIgniter.php(933): App\Controllers\RequestStatusesController->index()
 5 SYSTEMPATH\CodeIgniter.php(509): CodeIgniter\CodeIgniter->runController(Object(App\Controllers\RequestStatusesController))
 6 SYSTEMPATH\CodeIgniter.php(355): CodeIgniter\CodeIgniter->handleRequest(null, Object(Config\Cache), false)
 7 SYSTEMPATH\Boot.php(325): CodeIgniter\CodeIgniter->run()
 8 SYSTEMPATH\Boot.php(67): CodeIgniter\Boot::runCodeIgniter(Object(CodeIgniter\CodeIgniter))
 9 FCPATH\index.php(56): CodeIgniter\Boot::bootWeb(Object(Config\Paths))
INFO - 2025-05-08 03:52:25 --> Session: Class initialized using 'CodeIgniter\Session\Handlers\FileHandler' driver.
CRITICAL - 2025-05-08 03:52:25 --> ErrorException: Undefined variable $users
[Method: GET, Route: admin/extrasmanagement/requeststatuses]
in APPPATH\Views\extras_management\request_statuses\request_statuses.php on line 30.
 1 APPPATH\Views\extras_management\request_statuses\request_statuses.php(30): CodeIgniter\Debug\Exceptions->errorHandler(2, 'Undefined variable $users', 'C:\\xampp\\htdocs\\SCOPECAPITAL\\app\\Views\\extras_management\\request_statuses\\request_statuses.php', 30)
 2 SYSTEMPATH\View\View.php(234): include('C:\\xampp\\htdocs\\SCOPECAPITAL\\app\\Views\\extras_management\\request_statuses\\request_statuses.php')
 3 SYSTEMPATH\View\View.php(237): CodeIgniter\View\View->CodeIgniter\View\{closure}()
 4 SYSTEMPATH\Common.php(1171): CodeIgniter\View\View->render('/extras_management/request_statuses/request_statuses', [], true)
 5 APPPATH\Controllers\RequestStatusesController.php(14): view('/extras_management/request_statuses/request_statuses', [...])
 6 SYSTEMPATH\CodeIgniter.php(933): App\Controllers\RequestStatusesController->index()
 7 SYSTEMPATH\CodeIgniter.php(509): CodeIgniter\CodeIgniter->runController(Object(App\Controllers\RequestStatusesController))
 8 SYSTEMPATH\CodeIgniter.php(355): CodeIgniter\CodeIgniter->handleRequest(null, Object(Config\Cache), false)
 9 SYSTEMPATH\Boot.php(325): CodeIgniter\CodeIgniter->run()
10 SYSTEMPATH\Boot.php(67): CodeIgniter\Boot::runCodeIgniter(Object(CodeIgniter\CodeIgniter))
11 FCPATH\index.php(56): CodeIgniter\Boot::bootWeb(Object(Config\Paths))
INFO - 2025-05-08 03:52:26 --> Session: Class initialized using 'CodeIgniter\Session\Handlers\FileHandler' driver.
CRITICAL - 2025-05-08 03:52:26 --> ErrorException: Undefined variable $users
[Method: GET, Route: admin/extrasmanagement/requeststatuses]
in APPPATH\Views\extras_management\request_statuses\request_statuses.php on line 30.
 1 APPPATH\Views\extras_management\request_statuses\request_statuses.php(30): CodeIgniter\Debug\Exceptions->errorHandler(2, 'Undefined variable $users', 'C:\\xampp\\htdocs\\SCOPECAPITAL\\app\\Views\\extras_management\\request_statuses\\request_statuses.php', 30)
 2 SYSTEMPATH\View\View.php(234): include('C:\\xampp\\htdocs\\SCOPECAPITAL\\app\\Views\\extras_management\\request_statuses\\request_statuses.php')
 3 SYSTEMPATH\View\View.php(237): CodeIgniter\View\View->CodeIgniter\View\{closure}()
 4 SYSTEMPATH\Common.php(1171): CodeIgniter\View\View->render('/extras_management/request_statuses/request_statuses', [], true)
 5 APPPATH\Controllers\RequestStatusesController.php(14): view('/extras_management/request_statuses/request_statuses', [...])
 6 SYSTEMPATH\CodeIgniter.php(933): App\Controllers\RequestStatusesController->index()
 7 SYSTEMPATH\CodeIgniter.php(509): CodeIgniter\CodeIgniter->runController(Object(App\Controllers\RequestStatusesController))
 8 SYSTEMPATH\CodeIgniter.php(355): CodeIgniter\CodeIgniter->handleRequest(null, Object(Config\Cache), false)
 9 SYSTEMPATH\Boot.php(325): CodeIgniter\CodeIgniter->run()
10 SYSTEMPATH\Boot.php(67): CodeIgniter\Boot::runCodeIgniter(Object(CodeIgniter\CodeIgniter))
11 FCPATH\index.php(56): CodeIgniter\Boot::bootWeb(Object(Config\Paths))
INFO - 2025-05-08 03:53:21 --> Session: Class initialized using 'CodeIgniter\Session\Handlers\FileHandler' driver.
CRITICAL - 2025-05-08 03:53:21 --> ErrorException: Undefined variable $users
[Method: GET, Route: admin/extrasmanagement/requeststatuses]
in APPPATH\Views\extras_management\request_statuses\request_statuses.php on line 30.
 1 APPPATH\Views\extras_management\request_statuses\request_statuses.php(30): CodeIgniter\Debug\Exceptions->errorHandler(2, 'Undefined variable $users', 'C:\\xampp\\htdocs\\SCOPECAPITAL\\app\\Views\\extras_management\\request_statuses\\request_statuses.php', 30)
 2 SYSTEMPATH\View\View.php(234): include('C:\\xampp\\htdocs\\SCOPECAPITAL\\app\\Views\\extras_management\\request_statuses\\request_statuses.php')
 3 SYSTEMPATH\View\View.php(237): CodeIgniter\View\View->CodeIgniter\View\{closure}()
 4 SYSTEMPATH\Common.php(1171): CodeIgniter\View\View->render('/extras_management/request_statuses/request_statuses', [], true)
 5 APPPATH\Controllers\RequestStatusesController.php(14): view('/extras_management/request_statuses/request_statuses', [...])
 6 SYSTEMPATH\CodeIgniter.php(933): App\Controllers\RequestStatusesController->index()
 7 SYSTEMPATH\CodeIgniter.php(509): CodeIgniter\CodeIgniter->runController(Object(App\Controllers\RequestStatusesController))
 8 SYSTEMPATH\CodeIgniter.php(355): CodeIgniter\CodeIgniter->handleRequest(null, Object(Config\Cache), false)
 9 SYSTEMPATH\Boot.php(325): CodeIgniter\CodeIgniter->run()
10 SYSTEMPATH\Boot.php(67): CodeIgniter\Boot::runCodeIgniter(Object(CodeIgniter\CodeIgniter))
11 FCPATH\index.php(56): CodeIgniter\Boot::bootWeb(Object(Config\Paths))
INFO - 2025-05-08 03:53:22 --> Session: Class initialized using 'CodeIgniter\Session\Handlers\FileHandler' driver.
CRITICAL - 2025-05-08 03:53:22 --> ErrorException: Undefined variable $users
[Method: GET, Route: admin/extrasmanagement/requeststatuses]
in APPPATH\Views\extras_management\request_statuses\request_statuses.php on line 30.
 1 APPPATH\Views\extras_management\request_statuses\request_statuses.php(30): CodeIgniter\Debug\Exceptions->errorHandler(2, 'Undefined variable $users', 'C:\\xampp\\htdocs\\SCOPECAPITAL\\app\\Views\\extras_management\\request_statuses\\request_statuses.php', 30)
 2 SYSTEMPATH\View\View.php(234): include('C:\\xampp\\htdocs\\SCOPECAPITAL\\app\\Views\\extras_management\\request_statuses\\request_statuses.php')
 3 SYSTEMPATH\View\View.php(237): CodeIgniter\View\View->CodeIgniter\View\{closure}()
 4 SYSTEMPATH\Common.php(1171): CodeIgniter\View\View->render('/extras_management/request_statuses/request_statuses', [], true)
 5 APPPATH\Controllers\RequestStatusesController.php(14): view('/extras_management/request_statuses/request_statuses', [...])
 6 SYSTEMPATH\CodeIgniter.php(933): App\Controllers\RequestStatusesController->index()
 7 SYSTEMPATH\CodeIgniter.php(509): CodeIgniter\CodeIgniter->runController(Object(App\Controllers\RequestStatusesController))
 8 SYSTEMPATH\CodeIgniter.php(355): CodeIgniter\CodeIgniter->handleRequest(null, Object(Config\Cache), false)
 9 SYSTEMPATH\Boot.php(325): CodeIgniter\CodeIgniter->run()
10 SYSTEMPATH\Boot.php(67): CodeIgniter\Boot::runCodeIgniter(Object(CodeIgniter\CodeIgniter))
11 FCPATH\index.php(56): CodeIgniter\Boot::bootWeb(Object(Config\Paths))
INFO - 2025-05-08 03:53:22 --> Session: Class initialized using 'CodeIgniter\Session\Handlers\FileHandler' driver.
CRITICAL - 2025-05-08 03:53:22 --> ErrorException: Undefined variable $users
[Method: GET, Route: admin/extrasmanagement/requeststatuses]
in APPPATH\Views\extras_management\request_statuses\request_statuses.php on line 30.
 1 APPPATH\Views\extras_management\request_statuses\request_statuses.php(30): CodeIgniter\Debug\Exceptions->errorHandler(2, 'Undefined variable $users', 'C:\\xampp\\htdocs\\SCOPECAPITAL\\app\\Views\\extras_management\\request_statuses\\request_statuses.php', 30)
 2 SYSTEMPATH\View\View.php(234): include('C:\\xampp\\htdocs\\SCOPECAPITAL\\app\\Views\\extras_management\\request_statuses\\request_statuses.php')
 3 SYSTEMPATH\View\View.php(237): CodeIgniter\View\View->CodeIgniter\View\{closure}()
 4 SYSTEMPATH\Common.php(1171): CodeIgniter\View\View->render('/extras_management/request_statuses/request_statuses', [], true)
 5 APPPATH\Controllers\RequestStatusesController.php(14): view('/extras_management/request_statuses/request_statuses', [...])
 6 SYSTEMPATH\CodeIgniter.php(933): App\Controllers\RequestStatusesController->index()
 7 SYSTEMPATH\CodeIgniter.php(509): CodeIgniter\CodeIgniter->runController(Object(App\Controllers\RequestStatusesController))
 8 SYSTEMPATH\CodeIgniter.php(355): CodeIgniter\CodeIgniter->handleRequest(null, Object(Config\Cache), false)
 9 SYSTEMPATH\Boot.php(325): CodeIgniter\CodeIgniter->run()
10 SYSTEMPATH\Boot.php(67): CodeIgniter\Boot::runCodeIgniter(Object(CodeIgniter\CodeIgniter))
11 FCPATH\index.php(56): CodeIgniter\Boot::bootWeb(Object(Config\Paths))
INFO - 2025-05-08 03:53:22 --> Session: Class initialized using 'CodeIgniter\Session\Handlers\FileHandler' driver.
CRITICAL - 2025-05-08 03:53:22 --> ErrorException: Undefined variable $users
[Method: GET, Route: admin/extrasmanagement/requeststatuses]
in APPPATH\Views\extras_management\request_statuses\request_statuses.php on line 30.
 1 APPPATH\Views\extras_management\request_statuses\request_statuses.php(30): CodeIgniter\Debug\Exceptions->errorHandler(2, 'Undefined variable $users', 'C:\\xampp\\htdocs\\SCOPECAPITAL\\app\\Views\\extras_management\\request_statuses\\request_statuses.php', 30)
 2 SYSTEMPATH\View\View.php(234): include('C:\\xampp\\htdocs\\SCOPECAPITAL\\app\\Views\\extras_management\\request_statuses\\request_statuses.php')
 3 SYSTEMPATH\View\View.php(237): CodeIgniter\View\View->CodeIgniter\View\{closure}()
 4 SYSTEMPATH\Common.php(1171): CodeIgniter\View\View->render('/extras_management/request_statuses/request_statuses', [], true)
 5 APPPATH\Controllers\RequestStatusesController.php(14): view('/extras_management/request_statuses/request_statuses', [...])
 6 SYSTEMPATH\CodeIgniter.php(933): App\Controllers\RequestStatusesController->index()
 7 SYSTEMPATH\CodeIgniter.php(509): CodeIgniter\CodeIgniter->runController(Object(App\Controllers\RequestStatusesController))
 8 SYSTEMPATH\CodeIgniter.php(355): CodeIgniter\CodeIgniter->handleRequest(null, Object(Config\Cache), false)
 9 SYSTEMPATH\Boot.php(325): CodeIgniter\CodeIgniter->run()
10 SYSTEMPATH\Boot.php(67): CodeIgniter\Boot::runCodeIgniter(Object(CodeIgniter\CodeIgniter))
11 FCPATH\index.php(56): CodeIgniter\Boot::bootWeb(Object(Config\Paths))
INFO - 2025-05-08 03:56:02 --> Session: Class initialized using 'CodeIgniter\Session\Handlers\FileHandler' driver.
INFO - 2025-05-08 03:59:12 --> Session: Class initialized using 'CodeIgniter\Session\Handlers\FileHandler' driver.
CRITICAL - 2025-05-08 03:59:12 --> Error: Class "App\Models\BaseModel" not found
[Method: GET, Route: admin/extrasmanagement/requeststatuses]
in APPPATH\Models\RequestStatusesModel.php on line 4.
 1 SYSTEMPATH\Autoloader\Autoloader.php(317): include_once()
 2 SYSTEMPATH\Autoloader\Autoloader.php(296): CodeIgniter\Autoloader\Autoloader->includeFile('C:\\xampp\\htdocs\\SCOPECAPITAL\\app\\Models\\RequestStatusesModel.php')
 3 SYSTEMPATH\Autoloader\Autoloader.php(272): CodeIgniter\Autoloader\Autoloader->loadInNamespace('App\\Models\\RequestStatusesModel')
 4 APPPATH\Controllers\RequestStatusesController.php(12): CodeIgniter\Autoloader\Autoloader->loadClass('App\\Models\\RequestStatusesModel')
 5 SYSTEMPATH\CodeIgniter.php(933): App\Controllers\RequestStatusesController->index()
 6 SYSTEMPATH\CodeIgniter.php(509): CodeIgniter\CodeIgniter->runController(Object(App\Controllers\RequestStatusesController))
 7 SYSTEMPATH\CodeIgniter.php(355): CodeIgniter\CodeIgniter->handleRequest(null, Object(Config\Cache), false)
 8 SYSTEMPATH\Boot.php(325): CodeIgniter\CodeIgniter->run()
 9 SYSTEMPATH\Boot.php(67): CodeIgniter\Boot::runCodeIgniter(Object(CodeIgniter\CodeIgniter))
10 FCPATH\index.php(56): CodeIgniter\Boot::bootWeb(Object(Config\Paths))
INFO - 2025-05-08 04:00:23 --> Session: Class initialized using 'CodeIgniter\Session\Handlers\FileHandler' driver.
CRITICAL - 2025-05-08 04:00:23 --> Error: Class "App\Models\BaseModel" not found
[Method: GET, Route: admin/extrasmanagement/requeststatuses]
in APPPATH\Models\RequestStatusesModel.php on line 4.
 1 SYSTEMPATH\Autoloader\Autoloader.php(317): include_once()
 2 SYSTEMPATH\Autoloader\Autoloader.php(296): CodeIgniter\Autoloader\Autoloader->includeFile('C:\\xampp\\htdocs\\SCOPECAPITAL\\app\\Models\\RequestStatusesModel.php')
 3 SYSTEMPATH\Autoloader\Autoloader.php(272): CodeIgniter\Autoloader\Autoloader->loadInNamespace('App\\Models\\RequestStatusesModel')
 4 APPPATH\Controllers\RequestStatusesController.php(12): CodeIgniter\Autoloader\Autoloader->loadClass('App\\Models\\RequestStatusesModel')
 5 SYSTEMPATH\CodeIgniter.php(933): App\Controllers\RequestStatusesController->index()
 6 SYSTEMPATH\CodeIgniter.php(509): CodeIgniter\CodeIgniter->runController(Object(App\Controllers\RequestStatusesController))
 7 SYSTEMPATH\CodeIgniter.php(355): CodeIgniter\CodeIgniter->handleRequest(null, Object(Config\Cache), false)
 8 SYSTEMPATH\Boot.php(325): CodeIgniter\CodeIgniter->run()
 9 SYSTEMPATH\Boot.php(67): CodeIgniter\Boot::runCodeIgniter(Object(CodeIgniter\CodeIgniter))
10 FCPATH\index.php(56): CodeIgniter\Boot::bootWeb(Object(Config\Paths))
INFO - 2025-05-08 04:00:39 --> Session: Class initialized using 'CodeIgniter\Session\Handlers\FileHandler' driver.
CRITICAL - 2025-05-08 04:00:39 --> Error: Class "App\Models\BaseModel" not found
[Method: GET, Route: admin/extrasmanagement/requeststatuses]
in APPPATH\Models\RequestStatusesModel.php on line 4.
 1 SYSTEMPATH\Autoloader\Autoloader.php(317): include_once()
 2 SYSTEMPATH\Autoloader\Autoloader.php(296): CodeIgniter\Autoloader\Autoloader->includeFile('C:\\xampp\\htdocs\\SCOPECAPITAL\\app\\Models\\RequestStatusesModel.php')
 3 SYSTEMPATH\Autoloader\Autoloader.php(272): CodeIgniter\Autoloader\Autoloader->loadInNamespace('App\\Models\\RequestStatusesModel')
 4 APPPATH\Controllers\RequestStatusesController.php(12): CodeIgniter\Autoloader\Autoloader->loadClass('App\\Models\\RequestStatusesModel')
 5 SYSTEMPATH\CodeIgniter.php(933): App\Controllers\RequestStatusesController->index()
 6 SYSTEMPATH\CodeIgniter.php(509): CodeIgniter\CodeIgniter->runController(Object(App\Controllers\RequestStatusesController))
 7 SYSTEMPATH\CodeIgniter.php(355): CodeIgniter\CodeIgniter->handleRequest(null, Object(Config\Cache), false)
 8 SYSTEMPATH\Boot.php(325): CodeIgniter\CodeIgniter->run()
 9 SYSTEMPATH\Boot.php(67): CodeIgniter\Boot::runCodeIgniter(Object(CodeIgniter\CodeIgniter))
10 FCPATH\index.php(56): CodeIgniter\Boot::bootWeb(Object(Config\Paths))
INFO - 2025-05-08 04:01:36 --> Session: Class initialized using 'CodeIgniter\Session\Handlers\FileHandler' driver.
CRITICAL - 2025-05-08 04:01:36 --> ErrorException: Undefined variable $request_statuses
[Method: GET, Route: admin/extrasmanagement/requeststatuses]
in APPPATH\Views\extras_management\request_statuses\request_statuses.php on line 33.
 1 APPPATH\Views\extras_management\request_statuses\request_statuses.php(33): CodeIgniter\Debug\Exceptions->errorHandler(2, 'Undefined variable $request_statuses', 'C:\\xampp\\htdocs\\SCOPECAPITAL\\app\\Views\\extras_management\\request_statuses\\request_statuses.php', 33)
 2 SYSTEMPATH\View\View.php(234): include('C:\\xampp\\htdocs\\SCOPECAPITAL\\app\\Views\\extras_management\\request_statuses\\request_statuses.php')
 3 SYSTEMPATH\View\View.php(237): CodeIgniter\View\View->CodeIgniter\View\{closure}()
 4 SYSTEMPATH\Common.php(1171): CodeIgniter\View\View->render('/extras_management/request_statuses/request_statuses', [], true)
 5 APPPATH\Controllers\RequestStatusesController.php(14): view('/extras_management/request_statuses/request_statuses', [...])
 6 SYSTEMPATH\CodeIgniter.php(933): App\Controllers\RequestStatusesController->index()
 7 SYSTEMPATH\CodeIgniter.php(509): CodeIgniter\CodeIgniter->runController(Object(App\Controllers\RequestStatusesController))
 8 SYSTEMPATH\CodeIgniter.php(355): CodeIgniter\CodeIgniter->handleRequest(null, Object(Config\Cache), false)
 9 SYSTEMPATH\Boot.php(325): CodeIgniter\CodeIgniter->run()
10 SYSTEMPATH\Boot.php(67): CodeIgniter\Boot::runCodeIgniter(Object(CodeIgniter\CodeIgniter))
11 FCPATH\index.php(56): CodeIgniter\Boot::bootWeb(Object(Config\Paths))
INFO - 2025-05-08 04:02:03 --> Session: Class initialized using 'CodeIgniter\Session\Handlers\FileHandler' driver.
CRITICAL - 2025-05-08 04:02:03 --> ErrorException: Undefined variable $request_statuses
[Method: GET, Route: admin/extrasmanagement/requeststatuses]
in APPPATH\Views\extras_management\request_statuses\request_statuses.php on line 33.
 1 APPPATH\Views\extras_management\request_statuses\request_statuses.php(33): CodeIgniter\Debug\Exceptions->errorHandler(2, 'Undefined variable $request_statuses', 'C:\\xampp\\htdocs\\SCOPECAPITAL\\app\\Views\\extras_management\\request_statuses\\request_statuses.php', 33)
 2 SYSTEMPATH\View\View.php(234): include('C:\\xampp\\htdocs\\SCOPECAPITAL\\app\\Views\\extras_management\\request_statuses\\request_statuses.php')
 3 SYSTEMPATH\View\View.php(237): CodeIgniter\View\View->CodeIgniter\View\{closure}()
 4 SYSTEMPATH\Common.php(1171): CodeIgniter\View\View->render('/extras_management/request_statuses/request_statuses', [], true)
 5 APPPATH\Controllers\RequestStatusesController.php(14): view('/extras_management/request_statuses/request_statuses', [...])
 6 SYSTEMPATH\CodeIgniter.php(933): App\Controllers\RequestStatusesController->index()
 7 SYSTEMPATH\CodeIgniter.php(509): CodeIgniter\CodeIgniter->runController(Object(App\Controllers\RequestStatusesController))
 8 SYSTEMPATH\CodeIgniter.php(355): CodeIgniter\CodeIgniter->handleRequest(null, Object(Config\Cache), false)
 9 SYSTEMPATH\Boot.php(325): CodeIgniter\CodeIgniter->run()
10 SYSTEMPATH\Boot.php(67): CodeIgniter\Boot::runCodeIgniter(Object(CodeIgniter\CodeIgniter))
11 FCPATH\index.php(56): CodeIgniter\Boot::bootWeb(Object(Config\Paths))
INFO - 2025-05-08 04:02:51 --> Session: Class initialized using 'CodeIgniter\Session\Handlers\FileHandler' driver.
CRITICAL - 2025-05-08 04:02:51 --> ErrorException: Undefined variable $request_statuses
[Method: GET, Route: admin/extrasmanagement/requeststatuses]
in APPPATH\Views\extras_management\request_statuses\request_statuses.php on line 33.
 1 APPPATH\Views\extras_management\request_statuses\request_statuses.php(33): CodeIgniter\Debug\Exceptions->errorHandler(2, 'Undefined variable $request_statuses', 'C:\\xampp\\htdocs\\SCOPECAPITAL\\app\\Views\\extras_management\\request_statuses\\request_statuses.php', 33)
 2 SYSTEMPATH\View\View.php(234): include('C:\\xampp\\htdocs\\SCOPECAPITAL\\app\\Views\\extras_management\\request_statuses\\request_statuses.php')
 3 SYSTEMPATH\View\View.php(237): CodeIgniter\View\View->CodeIgniter\View\{closure}()
 4 SYSTEMPATH\Common.php(1171): CodeIgniter\View\View->render('/extras_management/request_statuses/request_statuses', [], true)
 5 APPPATH\Controllers\RequestStatusesController.php(14): view('/extras_management/request_statuses/request_statuses', [...])
 6 SYSTEMPATH\CodeIgniter.php(933): App\Controllers\RequestStatusesController->index()
 7 SYSTEMPATH\CodeIgniter.php(509): CodeIgniter\CodeIgniter->runController(Object(App\Controllers\RequestStatusesController))
 8 SYSTEMPATH\CodeIgniter.php(355): CodeIgniter\CodeIgniter->handleRequest(null, Object(Config\Cache), false)
 9 SYSTEMPATH\Boot.php(325): CodeIgniter\CodeIgniter->run()
10 SYSTEMPATH\Boot.php(67): CodeIgniter\Boot::runCodeIgniter(Object(CodeIgniter\CodeIgniter))
11 FCPATH\index.php(56): CodeIgniter\Boot::bootWeb(Object(Config\Paths))
INFO - 2025-05-08 04:08:09 --> Session: Class initialized using 'CodeIgniter\Session\Handlers\FileHandler' driver.
CRITICAL - 2025-05-08 04:08:09 --> ErrorException: Undefined array key "id_request_status"
[Method: GET, Route: admin/extrasmanagement/requeststatuses]
in APPPATH\Views\extras_management\request_statuses\request_statuses.php on line 40.
 1 APPPATH\Views\extras_management\request_statuses\request_statuses.php(40): CodeIgniter\Debug\Exceptions->errorHandler(2, 'Undefined array key "id_request_status"', 'C:\\xampp\\htdocs\\SCOPECAPITAL\\app\\Views\\extras_management\\request_statuses\\request_statuses.php', 40)
 2 SYSTEMPATH\View\View.php(234): include('C:\\xampp\\htdocs\\SCOPECAPITAL\\app\\Views\\extras_management\\request_statuses\\request_statuses.php')
 3 SYSTEMPATH\View\View.php(237): CodeIgniter\View\View->CodeIgniter\View\{closure}()
 4 SYSTEMPATH\Common.php(1171): CodeIgniter\View\View->render('extras_management/request_statuses/request_statuses', [], true)
 5 APPPATH\Controllers\RequestStatusesController.php(15): view('extras_management/request_statuses/request_statuses', [...])
 6 SYSTEMPATH\CodeIgniter.php(933): App\Controllers\RequestStatusesController->index()
 7 SYSTEMPATH\CodeIgniter.php(509): CodeIgniter\CodeIgniter->runController(Object(App\Controllers\RequestStatusesController))
 8 SYSTEMPATH\CodeIgniter.php(355): CodeIgniter\CodeIgniter->handleRequest(null, Object(Config\Cache), false)
 9 SYSTEMPATH\Boot.php(325): CodeIgniter\CodeIgniter->run()
10 SYSTEMPATH\Boot.php(67): CodeIgniter\Boot::runCodeIgniter(Object(CodeIgniter\CodeIgniter))
11 FCPATH\index.php(56): CodeIgniter\Boot::bootWeb(Object(Config\Paths))
INFO - 2025-05-08 04:08:10 --> Session: Class initialized using 'CodeIgniter\Session\Handlers\FileHandler' driver.
CRITICAL - 2025-05-08 04:08:10 --> ErrorException: Undefined array key "id_request_status"
[Method: GET, Route: admin/extrasmanagement/requeststatuses]
in APPPATH\Views\extras_management\request_statuses\request_statuses.php on line 40.
 1 APPPATH\Views\extras_management\request_statuses\request_statuses.php(40): CodeIgniter\Debug\Exceptions->errorHandler(2, 'Undefined array key "id_request_status"', 'C:\\xampp\\htdocs\\SCOPECAPITAL\\app\\Views\\extras_management\\request_statuses\\request_statuses.php', 40)
 2 SYSTEMPATH\View\View.php(234): include('C:\\xampp\\htdocs\\SCOPECAPITAL\\app\\Views\\extras_management\\request_statuses\\request_statuses.php')
 3 SYSTEMPATH\View\View.php(237): CodeIgniter\View\View->CodeIgniter\View\{closure}()
 4 SYSTEMPATH\Common.php(1171): CodeIgniter\View\View->render('extras_management/request_statuses/request_statuses', [], true)
 5 APPPATH\Controllers\RequestStatusesController.php(15): view('extras_management/request_statuses/request_statuses', [...])
 6 SYSTEMPATH\CodeIgniter.php(933): App\Controllers\RequestStatusesController->index()
 7 SYSTEMPATH\CodeIgniter.php(509): CodeIgniter\CodeIgniter->runController(Object(App\Controllers\RequestStatusesController))
 8 SYSTEMPATH\CodeIgniter.php(355): CodeIgniter\CodeIgniter->handleRequest(null, Object(Config\Cache), false)
 9 SYSTEMPATH\Boot.php(325): CodeIgniter\CodeIgniter->run()
10 SYSTEMPATH\Boot.php(67): CodeIgniter\Boot::runCodeIgniter(Object(CodeIgniter\CodeIgniter))
11 FCPATH\index.php(56): CodeIgniter\Boot::bootWeb(Object(Config\Paths))
INFO - 2025-05-08 04:08:23 --> Session: Class initialized using 'CodeIgniter\Session\Handlers\FileHandler' driver.
INFO - 2025-05-08 04:08:53 --> Session: Class initialized using 'CodeIgniter\Session\Handlers\FileHandler' driver.
INFO - 2025-05-08 04:09:08 --> Session: Class initialized using 'CodeIgniter\Session\Handlers\FileHandler' driver.
INFO - 2025-05-08 04:09:15 --> Session: Class initialized using 'CodeIgniter\Session\Handlers\FileHandler' driver.
INFO - 2025-05-08 04:09:17 --> Session: Class initialized using 'CodeIgniter\Session\Handlers\FileHandler' driver.
INFO - 2025-05-08 04:09:19 --> Session: Class initialized using 'CodeIgniter\Session\Handlers\FileHandler' driver.
INFO - 2025-05-08 04:09:26 --> Session: Class initialized using 'CodeIgniter\Session\Handlers\FileHandler' driver.
INFO - 2025-05-08 04:09:28 --> Session: Class initialized using 'CodeIgniter\Session\Handlers\FileHandler' driver.
INFO - 2025-05-08 04:09:59 --> Session: Class initialized using 'CodeIgniter\Session\Handlers\FileHandler' driver.
INFO - 2025-05-08 04:10:15 --> Session: Class initialized using 'CodeIgniter\Session\Handlers\FileHandler' driver.
INFO - 2025-05-08 04:10:17 --> Session: Class initialized using 'CodeIgniter\Session\Handlers\FileHandler' driver.
INFO - 2025-05-08 04:10:18 --> Session: Class initialized using 'CodeIgniter\Session\Handlers\FileHandler' driver.
INFO - 2025-05-08 04:10:19 --> Session: Class initialized using 'CodeIgniter\Session\Handlers\FileHandler' driver.
INFO - 2025-05-08 04:10:27 --> Session: Class initialized using 'CodeIgniter\Session\Handlers\FileHandler' driver.
INFO - 2025-05-08 04:10:33 --> Session: Class initialized using 'CodeIgniter\Session\Handlers\FileHandler' driver.
INFO - 2025-05-08 04:10:34 --> Session: Class initialized using 'CodeIgniter\Session\Handlers\FileHandler' driver.
INFO - 2025-05-08 04:10:44 --> Session: Class initialized using 'CodeIgniter\Session\Handlers\FileHandler' driver.
INFO - 2025-05-08 04:10:46 --> Session: Class initialized using 'CodeIgniter\Session\Handlers\FileHandler' driver.
INFO - 2025-05-08 04:11:49 --> Session: Class initialized using 'CodeIgniter\Session\Handlers\FileHandler' driver.
INFO - 2025-05-08 04:11:50 --> Session: Class initialized using 'CodeIgniter\Session\Handlers\FileHandler' driver.
INFO - 2025-05-08 04:11:52 --> Session: Class initialized using 'CodeIgniter\Session\Handlers\FileHandler' driver.
INFO - 2025-05-08 04:12:21 --> Session: Class initialized using 'CodeIgniter\Session\Handlers\FileHandler' driver.
INFO - 2025-05-08 04:12:22 --> Session: Class initialized using 'CodeIgniter\Session\Handlers\FileHandler' driver.
INFO - 2025-05-08 04:12:26 --> Session: Class initialized using 'CodeIgniter\Session\Handlers\FileHandler' driver.
INFO - 2025-05-08 04:13:12 --> Session: Class initialized using 'CodeIgniter\Session\Handlers\FileHandler' driver.
INFO - 2025-05-08 04:13:17 --> Session: Class initialized using 'CodeIgniter\Session\Handlers\FileHandler' driver.
INFO - 2025-05-08 04:13:17 --> Session: Class initialized using 'CodeIgniter\Session\Handlers\FileHandler' driver.
INFO - 2025-05-08 04:13:18 --> Session: Class initialized using 'CodeIgniter\Session\Handlers\FileHandler' driver.
INFO - 2025-05-08 04:13:18 --> Session: Class initialized using 'CodeIgniter\Session\Handlers\FileHandler' driver.
INFO - 2025-05-08 04:13:19 --> Session: Class initialized using 'CodeIgniter\Session\Handlers\FileHandler' driver.
INFO - 2025-05-08 04:13:19 --> Session: Class initialized using 'CodeIgniter\Session\Handlers\FileHandler' driver.
INFO - 2025-05-08 04:13:20 --> Session: Class initialized using 'CodeIgniter\Session\Handlers\FileHandler' driver.
INFO - 2025-05-08 04:13:21 --> Session: Class initialized using 'CodeIgniter\Session\Handlers\FileHandler' driver.
INFO - 2025-05-08 04:13:21 --> Session: Class initialized using 'CodeIgniter\Session\Handlers\FileHandler' driver.
INFO - 2025-05-08 04:13:22 --> Session: Class initialized using 'CodeIgniter\Session\Handlers\FileHandler' driver.
INFO - 2025-05-08 04:13:22 --> Session: Class initialized using 'CodeIgniter\Session\Handlers\FileHandler' driver.
INFO - 2025-05-08 04:13:23 --> Session: Class initialized using 'CodeIgniter\Session\Handlers\FileHandler' driver.
INFO - 2025-05-08 04:13:24 --> Session: Class initialized using 'CodeIgniter\Session\Handlers\FileHandler' driver.
INFO - 2025-05-08 04:13:25 --> Session: Class initialized using 'CodeIgniter\Session\Handlers\FileHandler' driver.
INFO - 2025-05-08 04:14:07 --> Session: Class initialized using 'CodeIgniter\Session\Handlers\FileHandler' driver.
INFO - 2025-05-08 04:14:16 --> Session: Class initialized using 'CodeIgniter\Session\Handlers\FileHandler' driver.
INFO - 2025-05-08 04:14:37 --> Session: Class initialized using 'CodeIgniter\Session\Handlers\FileHandler' driver.
INFO - 2025-05-08 04:14:53 --> Session: Class initialized using 'CodeIgniter\Session\Handlers\FileHandler' driver.
INFO - 2025-05-08 04:14:55 --> Session: Class initialized using 'CodeIgniter\Session\Handlers\FileHandler' driver.
INFO - 2025-05-08 04:36:23 --> Session: Class initialized using 'CodeIgniter\Session\Handlers\FileHandler' driver.
INFO - 2025-05-08 04:36:52 --> Session: Class initialized using 'CodeIgniter\Session\Handlers\FileHandler' driver.
INFO - 2025-05-08 04:36:53 --> Session: Class initialized using 'CodeIgniter\Session\Handlers\FileHandler' driver.
INFO - 2025-05-08 04:36:55 --> Session: Class initialized using 'CodeIgniter\Session\Handlers\FileHandler' driver.
INFO - 2025-05-08 04:36:57 --> Session: Class initialized using 'CodeIgniter\Session\Handlers\FileHandler' driver.
INFO - 2025-05-08 04:37:03 --> Session: Class initialized using 'CodeIgniter\Session\Handlers\FileHandler' driver.
INFO - 2025-05-08 04:40:12 --> Session: Class initialized using 'CodeIgniter\Session\Handlers\FileHandler' driver.
CRITICAL - 2025-05-08 04:40:12 --> Error: Class "App\Models\RequestStatusesModel" not found
[Method: GET, Route: admin/extrasmanagement/requeststatuses]
in APPPATH\Controllers\RequestStatusesController.php on line 12.
 1 SYSTEMPATH\CodeIgniter.php(933): App\Controllers\RequestStatusesController->index()
 2 SYSTEMPATH\CodeIgniter.php(509): CodeIgniter\CodeIgniter->runController(Object(App\Controllers\RequestStatusesController))
 3 SYSTEMPATH\CodeIgniter.php(355): CodeIgniter\CodeIgniter->handleRequest(null, Object(Config\Cache), false)
 4 SYSTEMPATH\Boot.php(325): CodeIgniter\CodeIgniter->run()
 5 SYSTEMPATH\Boot.php(67): CodeIgniter\Boot::runCodeIgniter(Object(CodeIgniter\CodeIgniter))
 6 FCPATH\index.php(56): CodeIgniter\Boot::bootWeb(Object(Config\Paths))
INFO - 2025-05-08 04:40:57 --> Session: Class initialized using 'CodeIgniter\Session\Handlers\FileHandler' driver.
CRITICAL - 2025-05-08 04:40:57 --> Error: Class "App\Models\RequestStatusesModel" not found
[Method: GET, Route: admin/extrasmanagement/requeststatuses]
in APPPATH\Controllers\RequestStatusesController.php on line 12.
 1 SYSTEMPATH\CodeIgniter.php(933): App\Controllers\RequestStatusesController->index()
 2 SYSTEMPATH\CodeIgniter.php(509): CodeIgniter\CodeIgniter->runController(Object(App\Controllers\RequestStatusesController))
 3 SYSTEMPATH\CodeIgniter.php(355): CodeIgniter\CodeIgniter->handleRequest(null, Object(Config\Cache), false)
 4 SYSTEMPATH\Boot.php(325): CodeIgniter\CodeIgniter->run()
 5 SYSTEMPATH\Boot.php(67): CodeIgniter\Boot::runCodeIgniter(Object(CodeIgniter\CodeIgniter))
 6 FCPATH\index.php(56): CodeIgniter\Boot::bootWeb(Object(Config\Paths))
INFO - 2025-05-08 04:40:58 --> Session: Class initialized using 'CodeIgniter\Session\Handlers\FileHandler' driver.
CRITICAL - 2025-05-08 04:40:58 --> Error: Class "App\Models\RequestStatusesModel" not found
[Method: GET, Route: admin/extrasmanagement/requeststatuses]
in APPPATH\Controllers\RequestStatusesController.php on line 12.
 1 SYSTEMPATH\CodeIgniter.php(933): App\Controllers\RequestStatusesController->index()
 2 SYSTEMPATH\CodeIgniter.php(509): CodeIgniter\CodeIgniter->runController(Object(App\Controllers\RequestStatusesController))
 3 SYSTEMPATH\CodeIgniter.php(355): CodeIgniter\CodeIgniter->handleRequest(null, Object(Config\Cache), false)
 4 SYSTEMPATH\Boot.php(325): CodeIgniter\CodeIgniter->run()
 5 SYSTEMPATH\Boot.php(67): CodeIgniter\Boot::runCodeIgniter(Object(CodeIgniter\CodeIgniter))
 6 FCPATH\index.php(56): CodeIgniter\Boot::bootWeb(Object(Config\Paths))
INFO - 2025-05-08 04:41:46 --> Session: Class initialized using 'CodeIgniter\Session\Handlers\FileHandler' driver.
INFO - 2025-05-08 04:41:48 --> Session: Class initialized using 'CodeIgniter\Session\Handlers\FileHandler' driver.
INFO - 2025-05-08 04:43:11 --> Session: Class initialized using 'CodeIgniter\Session\Handlers\FileHandler' driver.
INFO - 2025-05-08 04:46:59 --> Session: Class initialized using 'CodeIgniter\Session\Handlers\FileHandler' driver.
CRITICAL - 2025-05-08 04:46:59 --> ErrorException: Undefined variable $request_statuses
[Method: GET, Route: admin/extrasmanagement/requesttypes]
in APPPATH\Views\extras_management\request_types\request_types.php on line 33.
 1 APPPATH\Views\extras_management\request_types\request_types.php(33): CodeIgniter\Debug\Exceptions->errorHandler(2, 'Undefined variable $request_statuses', 'C:\\xampp\\htdocs\\SCOPECAPITAL\\app\\Views\\extras_management\\request_types\\request_types.php', 33)
 2 SYSTEMPATH\View\View.php(234): include('C:\\xampp\\htdocs\\SCOPECAPITAL\\app\\Views\\extras_management\\request_types\\request_types.php')
 3 SYSTEMPATH\View\View.php(237): CodeIgniter\View\View->CodeIgniter\View\{closure}()
 4 SYSTEMPATH\Common.php(1171): CodeIgniter\View\View->render('extras_management/request_types/request_types', [], true)
 5 APPPATH\Controllers\RequestTypesController.php(15): view('extras_management/request_types/request_types', [...])
 6 SYSTEMPATH\CodeIgniter.php(933): App\Controllers\RequestTypesController->index()
 7 SYSTEMPATH\CodeIgniter.php(509): CodeIgniter\CodeIgniter->runController(Object(App\Controllers\RequestTypesController))
 8 SYSTEMPATH\CodeIgniter.php(355): CodeIgniter\CodeIgniter->handleRequest(null, Object(Config\Cache), false)
 9 SYSTEMPATH\Boot.php(325): CodeIgniter\CodeIgniter->run()
10 SYSTEMPATH\Boot.php(67): CodeIgniter\Boot::runCodeIgniter(Object(CodeIgniter\CodeIgniter))
11 FCPATH\index.php(56): CodeIgniter\Boot::bootWeb(Object(Config\Paths))
INFO - 2025-05-08 04:47:55 --> Session: Class initialized using 'CodeIgniter\Session\Handlers\FileHandler' driver.
INFO - 2025-05-08 04:47:56 --> Session: Class initialized using 'CodeIgniter\Session\Handlers\FileHandler' driver.
INFO - 2025-05-08 04:47:59 --> Session: Class initialized using 'CodeIgniter\Session\Handlers\FileHandler' driver.
INFO - 2025-05-08 04:48:06 --> Session: Class initialized using 'CodeIgniter\Session\Handlers\FileHandler' driver.
CRITICAL - 2025-05-08 04:48:06 --> ErrorException: Undefined variable $request_statuses
[Method: GET, Route: admin/extrasmanagement/request-types]
in APPPATH\Views\extras_management\request_types\request_types.php on line 33.
 1 APPPATH\Views\extras_management\request_types\request_types.php(33): CodeIgniter\Debug\Exceptions->errorHandler(2, 'Undefined variable $request_statuses', 'C:\\xampp\\htdocs\\SCOPECAPITAL\\app\\Views\\extras_management\\request_types\\request_types.php', 33)
 2 SYSTEMPATH\View\View.php(234): include('C:\\xampp\\htdocs\\SCOPECAPITAL\\app\\Views\\extras_management\\request_types\\request_types.php')
 3 SYSTEMPATH\View\View.php(237): CodeIgniter\View\View->CodeIgniter\View\{closure}()
 4 SYSTEMPATH\Common.php(1171): CodeIgniter\View\View->render('extras_management/request_types/request_types', [], true)
 5 APPPATH\Controllers\RequestTypesController.php(15): view('extras_management/request_types/request_types', [...])
 6 SYSTEMPATH\CodeIgniter.php(933): App\Controllers\RequestTypesController->index()
 7 SYSTEMPATH\CodeIgniter.php(509): CodeIgniter\CodeIgniter->runController(Object(App\Controllers\RequestTypesController))
 8 SYSTEMPATH\CodeIgniter.php(355): CodeIgniter\CodeIgniter->handleRequest(null, Object(Config\Cache), false)
 9 SYSTEMPATH\Boot.php(325): CodeIgniter\CodeIgniter->run()
10 SYSTEMPATH\Boot.php(67): CodeIgniter\Boot::runCodeIgniter(Object(CodeIgniter\CodeIgniter))
11 FCPATH\index.php(56): CodeIgniter\Boot::bootWeb(Object(Config\Paths))
INFO - 2025-05-08 04:49:50 --> Session: Class initialized using 'CodeIgniter\Session\Handlers\FileHandler' driver.
INFO - 2025-05-08 04:49:57 --> Session: Class initialized using 'CodeIgniter\Session\Handlers\FileHandler' driver.
INFO - 2025-05-08 04:50:04 --> Session: Class initialized using 'CodeIgniter\Session\Handlers\FileHandler' driver.
INFO - 2025-05-08 04:50:10 --> Session: Class initialized using 'CodeIgniter\Session\Handlers\FileHandler' driver.
INFO - 2025-05-08 04:50:10 --> Session: Class initialized using 'CodeIgniter\Session\Handlers\FileHandler' driver.
INFO - 2025-05-08 04:50:10 --> Usuario autenticado con role_id: 
INFO - 2025-05-08 04:50:15 --> El método authenticate fue llamado
INFO - 2025-05-08 04:50:15 --> Session: Class initialized using 'CodeIgniter\Session\Handlers\FileHandler' driver.
INFO - 2025-05-08 04:50:15 --> Session: Class initialized using 'CodeIgniter\Session\Handlers\FileHandler' driver.
INFO - 2025-05-08 04:50:15 --> Usuario autenticado con role_id: 
INFO - 2025-05-08 04:50:21 --> El método authenticate fue llamado
INFO - 2025-05-08 04:50:21 --> Session: Class initialized using 'CodeIgniter\Session\Handlers\FileHandler' driver.
INFO - 2025-05-08 04:50:21 --> Session: Class initialized using 'CodeIgniter\Session\Handlers\FileHandler' driver.
INFO - 2025-05-08 04:50:21 --> Usuario autenticado con role_id: 
INFO - 2025-05-08 04:51:10 --> El método authenticate fue llamado
INFO - 2025-05-08 04:51:10 --> Session: Class initialized using 'CodeIgniter\Session\Handlers\FileHandler' driver.
INFO - 2025-05-08 04:51:10 --> Session: Class initialized using 'CodeIgniter\Session\Handlers\FileHandler' driver.
INFO - 2025-05-08 16:11:52 --> Session: Class initialized using 'CodeIgniter\Session\Handlers\FileHandler' driver.
INFO - 2025-05-08 16:11:54 --> Session: Class initialized using 'CodeIgniter\Session\Handlers\FileHandler' driver.
INFO - 2025-05-08 16:11:54 --> Usuario autenticado con role_id: 
INFO - 2025-05-08 16:12:01 --> El método authenticate fue llamado
INFO - 2025-05-08 16:12:01 --> Session: Class initialized using 'CodeIgniter\Session\Handlers\FileHandler' driver.
INFO - 2025-05-08 16:12:01 --> Session: Class initialized using 'CodeIgniter\Session\Handlers\FileHandler' driver.
INFO - 2025-05-08 16:12:05 --> Session: Class initialized using 'CodeIgniter\Session\Handlers\FileHandler' driver.
INFO - 2025-05-08 16:12:12 --> Session: Class initialized using 'CodeIgniter\Session\Handlers\FileHandler' driver.
INFO - 2025-05-08 16:12:14 --> Session: Class initialized using 'CodeIgniter\Session\Handlers\FileHandler' driver.
INFO - 2025-05-08 16:12:22 --> Session: Class initialized using 'CodeIgniter\Session\Handlers\FileHandler' driver.
INFO - 2025-05-08 16:12:33 --> Session: Class initialized using 'CodeIgniter\Session\Handlers\FileHandler' driver.
INFO - 2025-05-08 16:12:39 --> Session: Class initialized using 'CodeIgniter\Session\Handlers\FileHandler' driver.
INFO - 2025-05-08 16:12:39 --> Session: Class initialized using 'CodeIgniter\Session\Handlers\FileHandler' driver.
INFO - 2025-05-08 16:12:40 --> Session: Class initialized using 'CodeIgniter\Session\Handlers\FileHandler' driver.
INFO - 2025-05-08 16:12:41 --> Session: Class initialized using 'CodeIgniter\Session\Handlers\FileHandler' driver.
INFO - 2025-05-08 16:12:46 --> Session: Class initialized using 'CodeIgniter\Session\Handlers\FileHandler' driver.
INFO - 2025-05-08 16:12:46 --> Session: Class initialized using 'CodeIgniter\Session\Handlers\FileHandler' driver.
INFO - 2025-05-08 16:12:48 --> Session: Class initialized using 'CodeIgniter\Session\Handlers\FileHandler' driver.
INFO - 2025-05-08 16:12:49 --> Session: Class initialized using 'CodeIgniter\Session\Handlers\FileHandler' driver.
INFO - 2025-05-08 16:13:03 --> Session: Class initialized using 'CodeIgniter\Session\Handlers\FileHandler' driver.
INFO - 2025-05-08 16:13:03 --> Session: Class initialized using 'CodeIgniter\Session\Handlers\FileHandler' driver.
INFO - 2025-05-08 16:13:04 --> Session: Class initialized using 'CodeIgniter\Session\Handlers\FileHandler' driver.
INFO - 2025-05-08 16:13:06 --> Session: Class initialized using 'CodeIgniter\Session\Handlers\FileHandler' driver.
INFO - 2025-05-08 16:13:10 --> Session: Class initialized using 'CodeIgniter\Session\Handlers\FileHandler' driver.
INFO - 2025-05-08 16:55:59 --> Session: Class initialized using 'CodeIgniter\Session\Handlers\FileHandler' driver.
INFO - 2025-05-08 16:55:59 --> Session: Class initialized using 'CodeIgniter\Session\Handlers\FileHandler' driver.
INFO - 2025-05-08 16:57:10 --> Session: Class initialized using 'CodeIgniter\Session\Handlers\FileHandler' driver.
INFO - 2025-05-08 16:57:21 --> Session: Class initialized using 'CodeIgniter\Session\Handlers\FileHandler' driver.
INFO - 2025-05-08 16:57:23 --> Session: Class initialized using 'CodeIgniter\Session\Handlers\FileHandler' driver.
INFO - 2025-05-08 16:57:24 --> Session: Class initialized using 'CodeIgniter\Session\Handlers\FileHandler' driver.
INFO - 2025-05-08 16:57:27 --> Session: Class initialized using 'CodeIgniter\Session\Handlers\FileHandler' driver.
INFO - 2025-05-08 16:57:33 --> Session: Class initialized using 'CodeIgniter\Session\Handlers\FileHandler' driver.
INFO - 2025-05-08 17:09:12 --> Session: Class initialized using 'CodeIgniter\Session\Handlers\FileHandler' driver.
INFO - 2025-05-08 17:10:18 --> Session: Class initialized using 'CodeIgniter\Session\Handlers\FileHandler' driver.
INFO - 2025-05-08 17:20:18 --> Session: Class initialized using 'CodeIgniter\Session\Handlers\FileHandler' driver.
INFO - 2025-05-08 17:20:20 --> Session: Class initialized using 'CodeIgniter\Session\Handlers\FileHandler' driver.
CRITICAL - 2025-05-08 17:20:20 --> ErrorException: Trying to access array offset on value of type null
[Method: GET, Route: admin/profile]
in APPPATH\Views\aside\profile\profile.php on line 79.
 1 APPPATH\Views\aside\profile\profile.php(79): CodeIgniter\Debug\Exceptions->errorHandler(2, 'Trying to access array offset on value of type null', 'C:\\xampp\\htdocs\\SCOPECAPITAL\\app\\Views\\aside\\profile\\profile.php', 79)
 2 SYSTEMPATH\View\View.php(234): include('C:\\xampp\\htdocs\\SCOPECAPITAL\\app\\Views\\aside\\profile\\profile.php')
 3 SYSTEMPATH\View\View.php(237): CodeIgniter\View\View->CodeIgniter\View\{closure}()
 4 SYSTEMPATH\Common.php(1171): CodeIgniter\View\View->render('aside/profile/profile', [], true)
 5 APPPATH\Controllers\ProfileController.php(17): view('aside/profile/profile', [...])
 6 SYSTEMPATH\CodeIgniter.php(933): App\Controllers\ProfileController->index()
 7 SYSTEMPATH\CodeIgniter.php(509): CodeIgniter\CodeIgniter->runController(Object(App\Controllers\ProfileController))
 8 SYSTEMPATH\CodeIgniter.php(355): CodeIgniter\CodeIgniter->handleRequest(null, Object(Config\Cache), false)
 9 SYSTEMPATH\Boot.php(325): CodeIgniter\CodeIgniter->run()
10 SYSTEMPATH\Boot.php(67): CodeIgniter\Boot::runCodeIgniter(Object(CodeIgniter\CodeIgniter))
11 FCPATH\index.php(56): CodeIgniter\Boot::bootWeb(Object(Config\Paths))
INFO - 2025-05-08 17:20:25 --> Session: Class initialized using 'CodeIgniter\Session\Handlers\FileHandler' driver.
INFO - 2025-05-08 17:20:28 --> Session: Class initialized using 'CodeIgniter\Session\Handlers\FileHandler' driver.
CRITICAL - 2025-05-08 17:20:28 --> ErrorException: Trying to access array offset on value of type null
[Method: GET, Route: admin/profile]
in APPPATH\Views\aside\profile\profile.php on line 79.
 1 APPPATH\Views\aside\profile\profile.php(79): CodeIgniter\Debug\Exceptions->errorHandler(2, 'Trying to access array offset on value of type null', 'C:\\xampp\\htdocs\\SCOPECAPITAL\\app\\Views\\aside\\profile\\profile.php', 79)
 2 SYSTEMPATH\View\View.php(234): include('C:\\xampp\\htdocs\\SCOPECAPITAL\\app\\Views\\aside\\profile\\profile.php')
 3 SYSTEMPATH\View\View.php(237): CodeIgniter\View\View->CodeIgniter\View\{closure}()
 4 SYSTEMPATH\Common.php(1171): CodeIgniter\View\View->render('aside/profile/profile', [], true)
 5 APPPATH\Controllers\ProfileController.php(17): view('aside/profile/profile', [...])
 6 SYSTEMPATH\CodeIgniter.php(933): App\Controllers\ProfileController->index()
 7 SYSTEMPATH\CodeIgniter.php(509): CodeIgniter\CodeIgniter->runController(Object(App\Controllers\ProfileController))
 8 SYSTEMPATH\CodeIgniter.php(355): CodeIgniter\CodeIgniter->handleRequest(null, Object(Config\Cache), false)
 9 SYSTEMPATH\Boot.php(325): CodeIgniter\CodeIgniter->run()
10 SYSTEMPATH\Boot.php(67): CodeIgniter\Boot::runCodeIgniter(Object(CodeIgniter\CodeIgniter))
11 FCPATH\index.php(56): CodeIgniter\Boot::bootWeb(Object(Config\Paths))
INFO - 2025-05-08 17:20:51 --> Session: Class initialized using 'CodeIgniter\Session\Handlers\FileHandler' driver.
INFO - 2025-05-08 17:20:55 --> Session: Class initialized using 'CodeIgniter\Session\Handlers\FileHandler' driver.
INFO - 2025-05-08 17:24:44 --> Session: Class initialized using 'CodeIgniter\Session\Handlers\FileHandler' driver.
INFO - 2025-05-08 17:25:16 --> Session: Class initialized using 'CodeIgniter\Session\Handlers\FileHandler' driver.
INFO - 2025-05-08 17:25:31 --> Session: Class initialized using 'CodeIgniter\Session\Handlers\FileHandler' driver.
INFO - 2025-05-08 17:25:32 --> Session: Class initialized using 'CodeIgniter\Session\Handlers\FileHandler' driver.
INFO - 2025-05-08 17:25:34 --> Session: Class initialized using 'CodeIgniter\Session\Handlers\FileHandler' driver.
INFO - 2025-05-08 17:27:22 --> Session: Class initialized using 'CodeIgniter\Session\Handlers\FileHandler' driver.
INFO - 2025-05-08 17:27:30 --> Session: Class initialized using 'CodeIgniter\Session\Handlers\FileHandler' driver.
INFO - 2025-05-08 17:27:33 --> Session: Class initialized using 'CodeIgniter\Session\Handlers\FileHandler' driver.
INFO - 2025-05-08 17:39:27 --> Session: Class initialized using 'CodeIgniter\Session\Handlers\FileHandler' driver.
INFO - 2025-05-08 17:40:49 --> Session: Class initialized using 'CodeIgniter\Session\Handlers\FileHandler' driver.
INFO - 2025-05-08 17:47:07 --> Session: Class initialized using 'CodeIgniter\Session\Handlers\FileHandler' driver.
INFO - 2025-05-08 17:48:13 --> Session: Class initialized using 'CodeIgniter\Session\Handlers\FileHandler' driver.
INFO - 2025-05-08 17:51:08 --> Session: Class initialized using 'CodeIgniter\Session\Handlers\FileHandler' driver.
INFO - 2025-05-08 17:53:49 --> Session: Class initialized using 'CodeIgniter\Session\Handlers\FileHandler' driver.
INFO - 2025-05-08 17:53:49 --> Iniciando el método addUser()
INFO - 2025-05-08 17:53:49 --> Reglas de validación definidas.
ERROR - 2025-05-08 17:53:49 --> Error en la validación de datos: {"name":"El campo name es obligatorio.","last_name":"El campo last_name es obligatorio.","identification":"El campo identification es obligatorio.","email":"El campo email es obligatorio.","phone":"El campo phone es obligatorio.","address":"El campo address es obligatorio."}
INFO - 2025-05-08 17:53:49 --> Session: Class initialized using 'CodeIgniter\Session\Handlers\FileHandler' driver.
INFO - 2025-05-08 17:54:02 --> Session: Class initialized using 'CodeIgniter\Session\Handlers\FileHandler' driver.
INFO - 2025-05-08 17:54:02 --> Iniciando el método addUser()
INFO - 2025-05-08 17:54:02 --> Reglas de validación definidas.
ERROR - 2025-05-08 17:54:02 --> Error en la validación de datos: {"phone":"El campo phone es obligatorio.","address":"El campo address es obligatorio."}
INFO - 2025-05-08 17:54:02 --> Session: Class initialized using 'CodeIgniter\Session\Handlers\FileHandler' driver.
INFO - 2025-05-08 17:55:33 --> Session: Class initialized using 'CodeIgniter\Session\Handlers\FileHandler' driver.
INFO - 2025-05-08 17:55:33 --> Iniciando el método addUser()
INFO - 2025-05-08 17:55:33 --> Reglas de validación definidas.
ERROR - 2025-05-08 17:55:33 --> Error en la validación de datos: {"phone":"El campo phone es obligatorio.","address":"El campo address es obligatorio."}
INFO - 2025-05-08 17:55:33 --> Session: Class initialized using 'CodeIgniter\Session\Handlers\FileHandler' driver.
INFO - 2025-05-08 17:57:14 --> Session: Class initialized using 'CodeIgniter\Session\Handlers\FileHandler' driver.
INFO - 2025-05-08 17:57:14 --> Iniciando el método addUser()
INFO - 2025-05-08 17:57:14 --> Reglas de validación definidas.
ERROR - 2025-05-08 17:57:14 --> Error en la validación de datos: {"phone":"El campo phone es obligatorio.","address":"El campo address es obligatorio."}
INFO - 2025-05-08 17:57:14 --> Session: Class initialized using 'CodeIgniter\Session\Handlers\FileHandler' driver.
INFO - 2025-05-08 17:57:19 --> Session: Class initialized using 'CodeIgniter\Session\Handlers\FileHandler' driver.
INFO - 2025-05-08 17:57:19 --> Iniciando el método addUser()
INFO - 2025-05-08 17:57:19 --> Reglas de validación definidas.
ERROR - 2025-05-08 17:57:19 --> Error en la validación de datos: {"phone":"El campo phone es obligatorio.","address":"El campo address es obligatorio."}
INFO - 2025-05-08 17:57:19 --> Session: Class initialized using 'CodeIgniter\Session\Handlers\FileHandler' driver.
INFO - 2025-05-08 17:58:05 --> Session: Class initialized using 'CodeIgniter\Session\Handlers\FileHandler' driver.
INFO - 2025-05-08 17:58:09 --> Session: Class initialized using 'CodeIgniter\Session\Handlers\FileHandler' driver.
INFO - 2025-05-08 17:58:09 --> Iniciando el método addUser()
INFO - 2025-05-08 17:58:09 --> Reglas de validación definidas.
ERROR - 2025-05-08 17:58:09 --> Error en la validación de datos: {"name":"El campo name es obligatorio.","last_name":"El campo last_name es obligatorio.","identification":"El campo identification es obligatorio.","email":"El campo email es obligatorio.","phone":"El campo phone es obligatorio.","address":"El campo address es obligatorio."}
INFO - 2025-05-08 17:58:09 --> Session: Class initialized using 'CodeIgniter\Session\Handlers\FileHandler' driver.
INFO - 2025-05-08 17:58:15 --> Session: Class initialized using 'CodeIgniter\Session\Handlers\FileHandler' driver.
INFO - 2025-05-08 17:58:15 --> Iniciando el método addUser()
INFO - 2025-05-08 17:58:15 --> Reglas de validación definidas.
ERROR - 2025-05-08 17:58:15 --> Error en la validación de datos: {"phone":"El campo phone es obligatorio.","address":"El campo address es obligatorio."}
INFO - 2025-05-08 17:58:15 --> Session: Class initialized using 'CodeIgniter\Session\Handlers\FileHandler' driver.
INFO - 2025-05-08 18:00:38 --> Session: Class initialized using 'CodeIgniter\Session\Handlers\FileHandler' driver.
INFO - 2025-05-08 18:00:39 --> Session: Class initialized using 'CodeIgniter\Session\Handlers\FileHandler' driver.
INFO - 2025-05-08 18:00:44 --> Session: Class initialized using 'CodeIgniter\Session\Handlers\FileHandler' driver.
INFO - 2025-05-08 18:00:44 --> Iniciando el método addUser()
INFO - 2025-05-08 18:00:44 --> Reglas de validación definidas.
ERROR - 2025-05-08 18:00:44 --> Error en la validación de datos: {"id_role":"El campo id_role es obligatorio."}
INFO - 2025-05-08 18:00:44 --> Session: Class initialized using 'CodeIgniter\Session\Handlers\FileHandler' driver.
INFO - 2025-05-08 18:03:32 --> Session: Class initialized using 'CodeIgniter\Session\Handlers\FileHandler' driver.
INFO - 2025-05-08 18:03:32 --> Iniciando el método addUser()
INFO - 2025-05-08 18:03:32 --> Reglas de validación definidas.
ERROR - 2025-05-08 18:03:32 --> Error en la validación de datos: {"id_role":"El campo id_role es obligatorio."}
INFO - 2025-05-08 18:03:32 --> Session: Class initialized using 'CodeIgniter\Session\Handlers\FileHandler' driver.
INFO - 2025-05-08 18:03:55 --> Session: Class initialized using 'CodeIgniter\Session\Handlers\FileHandler' driver.
INFO - 2025-05-08 18:04:02 --> Session: Class initialized using 'CodeIgniter\Session\Handlers\FileHandler' driver.
INFO - 2025-05-08 18:04:02 --> Iniciando el método addUser()
INFO - 2025-05-08 18:04:02 --> Reglas de validación definidas.
INFO - 2025-05-08 18:04:02 --> Validación exitosa.
INFO - 2025-05-08 18:04:02 --> Datos recogidos del formulario: {"name":"MARVIN","last_name":"PEREZ","identification":"2354235423151234","email":"marvin.santos@soy.sena.edu.co","role_id":"2","status":"active","password_hash":"$2y$10$HWUHWuOy18Q1ooY7SpwWNOZqL5mMrt8hxEktwMFBsPN8uR0BcGkmu","principal":"5000.00","rate":"0.05","compoundingPeriods":"7","time":"1"}
INFO - 2025-05-08 18:04:02 --> Consulta ejecutada: INSERT INTO `users` (`name`, `last_name`, `identification`, `email`, `role_id`, `status`, `password_hash`) VALUES ('MARVIN', 'PEREZ', '2354235423151234', 'marvin.santos@soy.sena.edu.co', '2', 'active', '$2y$10$HWUHWuOy18Q1ooY7SpwWNOZqL5mMrt8hxEktwMFBsPN8uR0BcGkmu')
INFO - 2025-05-08 18:04:02 --> Usuario agregado correctamente en la base de datos.
INFO - 2025-05-08 18:04:03 --> Session: Class initialized using 'CodeIgniter\Session\Handlers\FileHandler' driver.
INFO - 2025-05-08 18:04:10 --> Session: Class initialized using 'CodeIgniter\Session\Handlers\FileHandler' driver.
INFO - 2025-05-08 18:05:12 --> Session: Class initialized using 'CodeIgniter\Session\Handlers\FileHandler' driver.
INFO - 2025-05-08 18:06:29 --> Session: Class initialized using 'CodeIgniter\Session\Handlers\FileHandler' driver.
INFO - 2025-05-08 18:07:30 --> Session: Class initialized using 'CodeIgniter\Session\Handlers\FileHandler' driver.
INFO - 2025-05-08 18:07:38 --> Session: Class initialized using 'CodeIgniter\Session\Handlers\FileHandler' driver.
INFO - 2025-05-08 18:07:38 --> Iniciando el método addUser()
INFO - 2025-05-08 18:07:38 --> Reglas de validación definidas.
ERROR - 2025-05-08 18:07:38 --> Error en la validación de datos: {"email":"The email field must contain a unique value."}
INFO - 2025-05-08 18:07:38 --> Session: Class initialized using 'CodeIgniter\Session\Handlers\FileHandler' driver.
INFO - 2025-05-08 18:07:45 --> Session: Class initialized using 'CodeIgniter\Session\Handlers\FileHandler' driver.
INFO - 2025-05-08 18:07:45 --> Iniciando el método addUser()
INFO - 2025-05-08 18:07:45 --> Reglas de validación definidas.
INFO - 2025-05-08 18:07:45 --> Validación exitosa.
INFO - 2025-05-08 18:07:45 --> Datos recogidos del formulario: {"name":"MARVIN","last_name":"PEREZ","identification":"4562562354","email":"marvin.ffffff@soy.sena.edu.co","role_id":"2","status":"active","password_hash":"$2y$10$eb0rbIAq1sKHMTc3BnB9TerxhCH2lMIEw2DbED1J1GNcGR9g7fUMe","balance":"5000.00","rate":"0.05","compoundingPeriods":"7","time":"1"}
INFO - 2025-05-08 18:07:45 --> Consulta ejecutada: INSERT INTO `users` (`name`, `last_name`, `identification`, `email`, `role_id`, `status`, `password_hash`, `balance`) VALUES ('MARVIN', 'PEREZ', '4562562354', 'marvin.ffffff@soy.sena.edu.co', '2', 'active', '$2y$10$eb0rbIAq1sKHMTc3BnB9TerxhCH2lMIEw2DbED1J1GNcGR9g7fUMe', '5000.00')
INFO - 2025-05-08 18:07:45 --> Usuario agregado correctamente en la base de datos.
INFO - 2025-05-08 18:07:45 --> Session: Class initialized using 'CodeIgniter\Session\Handlers\FileHandler' driver.
INFO - 2025-05-08 18:07:54 --> Session: Class initialized using 'CodeIgniter\Session\Handlers\FileHandler' driver.
INFO - 2025-05-08 18:07:57 --> Session: Class initialized using 'CodeIgniter\Session\Handlers\FileHandler' driver.
INFO - 2025-05-08 18:07:59 --> Session: Class initialized using 'CodeIgniter\Session\Handlers\FileHandler' driver.
INFO - 2025-05-08 18:08:07 --> Session: Class initialized using 'CodeIgniter\Session\Handlers\FileHandler' driver.
INFO - 2025-05-08 18:08:10 --> Session: Class initialized using 'CodeIgniter\Session\Handlers\FileHandler' driver.
INFO - 2025-05-08 18:08:12 --> Session: Class initialized using 'CodeIgniter\Session\Handlers\FileHandler' driver.
INFO - 2025-05-08 18:08:12 --> Iniciando búsqueda de usuario...
INFO - 2025-05-08 18:08:12 --> Identificación recibida: 4562562354
INFO - 2025-05-08 18:08:12 --> Usuario encontrado: {"name":"MARVIN","last_name":"PEREZ","identification":"4562562354","date_registration":"2025-05-08 13:07:45","email":"marvin.ffffff@soy.sena.edu.co","phone":null,"address":null,"status":"active","password_hash":"$2y$10$eb0rbIAq1sKHMTc3BnB9TerxhCH2lMIEw2DbED1J1GNcGR9g7fUMe","balance":"5000.00","swift_code":null,"routing":null,"checking":null,"account_number":null,"account_signatory":null,"login_attempts":"0","last_login_attempt":null,"id_company":null,"id_bank":null,"id_banker":null,"role_id":"2","id_user":"4","principal":"5000.00","rate":"0.05","compoundingPeriods":"7","time":"1"}
INFO - 2025-05-08 18:09:41 --> Session: Class initialized using 'CodeIgniter\Session\Handlers\FileHandler' driver.
INFO - 2025-05-08 22:09:47 --> Session: Class initialized using 'CodeIgniter\Session\Handlers\FileHandler' driver.
INFO - 2025-05-08 22:10:56 --> Session: Class initialized using 'CodeIgniter\Session\Handlers\FileHandler' driver.
INFO - 2025-05-08 22:10:56 --> Usuario autenticado con role_id: 
INFO - 2025-05-08 22:11:02 --> El método authenticate fue llamado
INFO - 2025-05-08 22:11:02 --> Session: Class initialized using 'CodeIgniter\Session\Handlers\FileHandler' driver.
INFO - 2025-05-08 22:11:02 --> Session: Class initialized using 'CodeIgniter\Session\Handlers\FileHandler' driver.
