INFO - 2025-06-15 04:33:41 --> Session: Class initialized using 'CodeIgniter\Session\Handlers\FileHandler' driver.
INFO - 2025-06-15 04:33:44 --> Session: Class initialized using 'CodeIgniter\Session\Handlers\FileHandler' driver.
INFO - 2025-06-15 04:33:44 --> Usuario autenticado con role_id: 
INFO - 2025-06-15 04:33:47 --> El método authenticate fue llamado
INFO - 2025-06-15 04:33:47 --> Session: Class initialized using 'CodeIgniter\Session\Handlers\FileHandler' driver.
INFO - 2025-06-15 04:33:47 --> Session: Class initialized using 'CodeIgniter\Session\Handlers\FileHandler' driver.
INFO - 2025-06-15 04:33:53 --> Session: Class initialized using 'CodeIgniter\Session\Handlers\FileHandler' driver.
INFO - 2025-06-15 04:34:05 --> Session: Class initialized using 'CodeIgniter\Session\Handlers\FileHandler' driver.
INFO - 2025-06-15 04:34:05 --> Datos recogidos de LA BASE DE DATOS: {"users":[{"agreement":null,"number":null,"letter":null,"date_from":null,"date_to":null,"policy":null,"approved_by":null,"approved_date":null,"id_user":"2","name":"ANA","last_name":"L\u00d3PEZ","identification":"987654321","email":"ana@example.com","phone":null,"address":null,"trust":null,"email_del_trust":null,"telephone_del_trust":null,"bank":null,"swift":null,"aba":null,"iban":null,"account":null,"password_hash":"$2y$10$xdHFXhYoOaUbqjip72qvj.3489G7unuXyD7gHL\/XTwcUsDTFyMj6G","date_registration":"2025-06-13 11:36:59","login_attempts":"0","last_login_attempt":null,"status":"active","role_id":"2","balance":"0.00","principal":"5000.00","rate":"3.50","compoundingPeriods":"2","time":"6","role_name":"CLIENT"},{"agreement":"AGREEMENT","number":"2147483647","letter":"1","date_from":"2025-06-01","date_to":"2025-06-02","policy":"POLICY","approved_by":"APPROVED BY","approved_date":"2025-06-03","id_user":"3","name":"NAME","last_name":"LAST_NAME","identification":"12345","email":"marvineduardosantosperez@gmail.com","phone":"3132311084","address":"KDX 286-300 AV CIRCUNVALAR","trust":"TRUST","email_del_trust":"marvin.santos@soy.sena.edu.co","telephone_del_trust":"3132311084","bank":"BANK","swift":"SWIFT","aba":"ABA","iban":"IBAN","account":"ACCOUNT","password_hash":"$2y$10$6CxWXzxklRN.F\/0Uyf.Bo.Bq8OsMThwU53aivzspe\/emt0PXwRqoy","date_registration":"2025-06-13 21:27:23","login_attempts":"0","last_login_attempt":null,"status":"active","role_id":"2","balance":"5512.50","principal":"5000.00","rate":"0.05","compoundingPeriods":"1","time":"2","role_name":"CLIENT"}],"roles":[{"role_name":"ADMIN","role_description":"ADMINISTRADOR CON ACCESO COMPLETO","created_at":"2025-06-13 11:36:59","id_role":"1"},{"role_name":"CLIENT","role_description":"USUARIO CON PERMISOS DE EDICI\u00d3N","created_at":"2025-06-13 11:36:59","id_role":"2"}]}
INFO - 2025-06-15 04:34:21 --> Session: Class initialized using 'CodeIgniter\Session\Handlers\FileHandler' driver.
INFO - 2025-06-15 04:34:21 --> Session: Class initialized using 'CodeIgniter\Session\Handlers\FileHandler' driver.
INFO - 2025-06-15 04:34:21 --> Usuario autenticado con role_id: 
INFO - 2025-06-15 04:34:51 --> El método authenticate fue llamado
INFO - 2025-06-15 04:34:52 --> Session: Class initialized using 'CodeIgniter\Session\Handlers\FileHandler' driver.
INFO - 2025-06-15 04:34:52 --> Session: Class initialized using 'CodeIgniter\Session\Handlers\FileHandler' driver.
INFO - 2025-06-15 04:34:52 --> Session: Class initialized using 'CodeIgniter\Session\Handlers\FileHandler' driver.
INFO - 2025-06-15 04:37:35 --> Session: Class initialized using 'CodeIgniter\Session\Handlers\FileHandler' driver.
INFO - 2025-06-15 04:37:35 --> Archivo subido: 1749962255_6287b2fd1e725ee52c89.png
INFO - 2025-06-15 04:37:35 --> Configuración SMTP obtenida: Array
(
    [config_key] => smtp_config
    [config_value] => {"host":"smtp.gmail.com","username":"letrasylyrics48@gmail.com","port":"587","smtp_password":"tafi ljrp cmpz wbem","security":"tls"}
    [description] => 
    [created_at] => 2025-06-13 21:27:02
    [updated_at] => 2025-06-13 21:27:02
    [id_config] => 8
)

INFO - 2025-06-15 04:37:35 --> Configuración SMTP obtenida en librari: Array
(
    [host] => smtp.gmail.com
    [username] => letrasylyrics48@gmail.com
    [port] => 587
    [smtp_password] => tafi ljrp cmpz wbem
    [security] => tls
)

INFO - 2025-06-15 04:37:39 --> Consulta INSERT ejecutada: SELECT *
FROM `configuration`
WHERE `config_key` = 'smtp_config'
 LIMIT 1
INFO - 2025-06-15 04:37:39 --> Session: Class initialized using 'CodeIgniter\Session\Handlers\FileHandler' driver.
INFO - 2025-06-15 04:37:47 --> Session: Class initialized using 'CodeIgniter\Session\Handlers\FileHandler' driver.
INFO - 2025-06-15 04:37:47 --> Session: Class initialized using 'CodeIgniter\Session\Handlers\FileHandler' driver.
INFO - 2025-06-15 04:37:47 --> Usuario autenticado con role_id: 
INFO - 2025-06-15 04:37:50 --> El método authenticate fue llamado
INFO - 2025-06-15 04:37:50 --> Session: Class initialized using 'CodeIgniter\Session\Handlers\FileHandler' driver.
INFO - 2025-06-15 04:37:50 --> Session: Class initialized using 'CodeIgniter\Session\Handlers\FileHandler' driver.
INFO - 2025-06-15 04:37:56 --> Session: Class initialized using 'CodeIgniter\Session\Handlers\FileHandler' driver.
INFO - 2025-06-15 04:38:00 --> Session: Class initialized using 'CodeIgniter\Session\Handlers\FileHandler' driver.
INFO - 2025-06-15 04:38:00 --> ID recibido en detailsRequest: 4
INFO - 2025-06-15 04:39:40 --> Session: Class initialized using 'CodeIgniter\Session\Handlers\FileHandler' driver.
INFO - 2025-06-15 04:39:40 --> ID recibido en solveRequest: 4
INFO - 2025-06-15 04:39:40 --> Respuesta recibida: ESTIMADO(A)

GRACIAS POR INFORMARNOS SOBRE LA SITUACIÓN PRESENTADA EN LOS BAÑOS DE NUESTRAS INSTALACIONES. LAMENTAMOS SINCERAMENTE LOS INCONVENIENTES CAUSADOS POR LA FALTA DE PAPEL HIGIÉNICO Y COMPRENDEMOS LA IMPORTANCIA DE MANTENER CONDICIONES ADECUADAS DE HIGIENE PARA TODOS LOS USUARIOS.

HEMOS TOMADO NOTA DE SU OBSERVACIÓN Y YA HEMOS DADO AVISO AL PERSONAL ENCARGADO DE MANTENIMIENTO PARA QUE SE REALICE EL RESPECTIVO REABASTECIMIENTO Y SE REFUERCEN LOS CONTROLES PERIÓDICOS PARA EVITAR QUE ESTA SITUACIÓN SE REPITA.

AGRADECEMOS SU COMPRENSIÓN Y SU DISPOSICIÓN PARA AYUDARNOS A MEJORAR NUESTROS SERVICIOS. ESTAMOS COMPROMETIDOS CON BRINDAR UN AMBIENTE LIMPIO, SEGURO Y DIGNO PARA TODOS.
INFO - 2025-06-15 04:39:40 --> Q  : UPDATE `requests` SET `status_id` = 2, `response` = 'ESTIMADO(A)\r\n\r\nGRACIAS POR INFORMARNOS SOBRE LA SITUACIÓN PRESENTADA EN LOS BAÑOS DE NUESTRAS INSTALACIONES. LAMENTAMOS SINCERAMENTE LOS INCONVENIENTES CAUSADOS POR LA FALTA DE PAPEL HIGIÉNICO Y COMPRENDEMOS LA IMPORTANCIA DE MANTENER CONDICIONES ADECUADAS DE HIGIENE PARA TODOS LOS USUARIOS.\r\n\r\nHEMOS TOMADO NOTA DE SU OBSERVACIÓN Y YA HEMOS DADO AVISO AL PERSONAL ENCARGADO DE MANTENIMIENTO PARA QUE SE REALICE EL RESPECTIVO REABASTECIMIENTO Y SE REFUERCEN LOS CONTROLES PERIÓDICOS PARA EVITAR QUE ESTA SITUACIÓN SE REPITA.\r\n\r\nAGRADECEMOS SU COMPRENSIÓN Y SU DISPOSICIÓN PARA AYUDARNOS A MEJORAR NUESTROS SERVICIOS. ESTAMOS COMPROMETIDOS CON BRINDAR UN AMBIENTE LIMPIO, SEGURO Y DIGNO PARA TODOS.', `updated_at` = '2025-06-15 04:39:40'
WHERE `requests`.`id_request` IN ('4')
INFO - 2025-06-15 04:39:40 --> Configuración SMTP obtenida: Array
(
    [config_key] => smtp_config
    [config_value] => {"host":"smtp.gmail.com","username":"letrasylyrics48@gmail.com","port":"587","smtp_password":"tafi ljrp cmpz wbem","security":"tls"}
    [description] => 
    [created_at] => 2025-06-13 21:27:02
    [updated_at] => 2025-06-13 21:27:02
    [id_config] => 8
)

INFO - 2025-06-15 04:39:40 --> Configuración SMTP obtenida en librari: Array
(
    [host] => smtp.gmail.com
    [username] => letrasylyrics48@gmail.com
    [port] => 587
    [smtp_password] => tafi ljrp cmpz wbem
    [security] => tls
)

INFO - 2025-06-15 04:39:43 --> Session: Class initialized using 'CodeIgniter\Session\Handlers\FileHandler' driver.
INFO - 2025-06-15 04:40:34 --> Session: Class initialized using 'CodeIgniter\Session\Handlers\FileHandler' driver.
INFO - 2025-06-15 04:40:34 --> ID recibido en detailsRequest: 4
INFO - 2025-06-15 04:42:08 --> Session: Class initialized using 'CodeIgniter\Session\Handlers\FileHandler' driver.
INFO - 2025-06-15 04:42:08 --> ID recibido en detailsRequest: 4
INFO - 2025-06-15 04:45:43 --> Session: Class initialized using 'CodeIgniter\Session\Handlers\FileHandler' driver.
INFO - 2025-06-15 04:45:50 --> Session: Class initialized using 'CodeIgniter\Session\Handlers\FileHandler' driver.
INFO - 2025-06-15 04:45:55 --> Session: Class initialized using 'CodeIgniter\Session\Handlers\FileHandler' driver.
INFO - 2025-06-15 04:45:58 --> Session: Class initialized using 'CodeIgniter\Session\Handlers\FileHandler' driver.
INFO - 2025-06-15 04:46:03 --> Session: Class initialized using 'CodeIgniter\Session\Handlers\FileHandler' driver.
INFO - 2025-06-15 04:49:28 --> Session: Class initialized using 'CodeIgniter\Session\Handlers\FileHandler' driver.
INFO - 2025-06-15 04:49:35 --> Session: Class initialized using 'CodeIgniter\Session\Handlers\FileHandler' driver.
INFO - 2025-06-15 04:49:35 --> ID recibido en detailsRequest: 4
INFO - 2025-06-15 04:55:57 --> Session: Class initialized using 'CodeIgniter\Session\Handlers\FileHandler' driver.
INFO - 2025-06-15 04:55:57 --> Datos recogidos de LA BASE DE DATOS: {"users":[{"agreement":null,"number":null,"letter":null,"date_from":null,"date_to":null,"policy":null,"approved_by":null,"approved_date":null,"id_user":"2","name":"ANA","last_name":"L\u00d3PEZ","identification":"987654321","email":"ana@example.com","phone":null,"address":null,"trust":null,"email_del_trust":null,"telephone_del_trust":null,"bank":null,"swift":null,"aba":null,"iban":null,"account":null,"password_hash":"$2y$10$xdHFXhYoOaUbqjip72qvj.3489G7unuXyD7gHL\/XTwcUsDTFyMj6G","date_registration":"2025-06-13 11:36:59","login_attempts":"0","last_login_attempt":null,"status":"active","role_id":"2","balance":"0.00","principal":"5000.00","rate":"3.50","compoundingPeriods":"2","time":"6","role_name":"CLIENT"},{"agreement":"AGREEMENT","number":"2147483647","letter":"1","date_from":"2025-06-01","date_to":"2025-06-02","policy":"POLICY","approved_by":"APPROVED BY","approved_date":"2025-06-03","id_user":"3","name":"NAME","last_name":"LAST_NAME","identification":"12345","email":"marvineduardosantosperez@gmail.com","phone":"3132311084","address":"KDX 286-300 AV CIRCUNVALAR","trust":"TRUST","email_del_trust":"marvin.santos@soy.sena.edu.co","telephone_del_trust":"3132311084","bank":"BANK","swift":"SWIFT","aba":"ABA","iban":"IBAN","account":"ACCOUNT","password_hash":"$2y$10$6CxWXzxklRN.F\/0Uyf.Bo.Bq8OsMThwU53aivzspe\/emt0PXwRqoy","date_registration":"2025-06-13 21:27:23","login_attempts":"0","last_login_attempt":null,"status":"active","role_id":"2","balance":"5512.50","principal":"5000.00","rate":"0.05","compoundingPeriods":"1","time":"2","role_name":"CLIENT"}],"roles":[{"role_name":"ADMIN","role_description":"ADMINISTRADOR CON ACCESO COMPLETO","created_at":"2025-06-13 11:36:59","id_role":"1"},{"role_name":"CLIENT","role_description":"USUARIO CON PERMISOS DE EDICI\u00d3N","created_at":"2025-06-13 11:36:59","id_role":"2"}]}
