INFO - 2025-05-24 15:16:33 --> Session: Class initialized using 'CodeIgniter\Session\Handlers\FileHandler' driver.
INFO - 2025-05-24 15:16:37 --> Session: Class initialized using 'CodeIgniter\Session\Handlers\FileHandler' driver.
INFO - 2025-05-24 15:16:37 --> Usuario autenticado con role_id: 
INFO - 2025-05-24 15:16:39 --> El método authenticate fue llamado
INFO - 2025-05-24 15:16:40 --> Session: Class initialized using 'CodeIgniter\Session\Handlers\FileHandler' driver.
INFO - 2025-05-24 15:16:40 --> Session: Class initialized using 'CodeIgniter\Session\Handlers\FileHandler' driver.
INFO - 2025-05-24 15:16:40 --> Usuario autenticado con role_id: 
INFO - 2025-05-24 15:16:49 --> El método authenticate fue llamado
INFO - 2025-05-24 15:16:49 --> Session: Class initialized using 'CodeIgniter\Session\Handlers\FileHandler' driver.
INFO - 2025-05-24 15:16:49 --> Session: Class initialized using 'CodeIgniter\Session\Handlers\FileHandler' driver.
INFO - 2025-05-24 15:16:51 --> Session: Class initialized using 'CodeIgniter\Session\Handlers\FileHandler' driver.
INFO - 2025-05-24 15:16:53 --> Session: Class initialized using 'CodeIgniter\Session\Handlers\FileHandler' driver.
INFO - 2025-05-24 15:16:57 --> Session: Class initialized using 'CodeIgniter\Session\Handlers\FileHandler' driver.
INFO - 2025-05-24 15:16:58 --> Datos recogidos de LA BASE DE DATOS: {"users":[{"agreement":null,"number":null,"letter":null,"date_from":null,"date_to":null,"policy":null,"approved_by":null,"approved_date":null,"id_user":"2","name":"ANA","last_name":"L\u00d3PEZ","identification":"987654321","email":"ana@example.com","phone":"3132311084","address":"KDX 286-300 AV CIRCUNVALAR\r\nBARRIO FUNDADORES","trust":null,"email_del_trust":null,"telephone_del_trust":null,"bank":null,"swift":null,"aba":null,"iban":null,"account":null,"password_hash":"$2y$10$xdHFXhYoOaUbqjip72qvj.3489G7unuXyD7gHL\/XTwcUsDTFyMj6G","date_registration":"2025-05-16 00:20:08","login_attempts":"0","last_login_attempt":null,"status":"inactive","role_id":"2","balance":"0.00","principal":"0.00","rate":"0.00","compoundingPeriods":"0","time":"0","role_name":"CLIENT"}],"roles":[{"role_name":"ADMIN","role_description":"ADMINISTRADOR CON ACCESO COMPLETO","created_at":"2025-05-16 00:20:08","id_role":"1"},{"role_name":"CLIENT","role_description":"USUARIO CON PERMISOS DE EDICI\u00d3N","created_at":"2025-05-16 00:20:08","id_role":"2"}]}
INFO - 2025-05-24 15:17:23 --> Session: Class initialized using 'CodeIgniter\Session\Handlers\FileHandler' driver.
INFO - 2025-05-24 15:17:27 --> Session: Class initialized using 'CodeIgniter\Session\Handlers\FileHandler' driver.
INFO - 2025-05-24 15:17:48 --> Session: Class initialized using 'CodeIgniter\Session\Handlers\FileHandler' driver.
INFO - 2025-05-24 15:17:50 --> Session: Class initialized using 'CodeIgniter\Session\Handlers\FileHandler' driver.
INFO - 2025-05-24 15:17:52 --> Session: Class initialized using 'CodeIgniter\Session\Handlers\FileHandler' driver.
INFO - 2025-05-24 15:17:52 --> Datos recogidos de LA BASE DE DATOS: {"users":[{"agreement":null,"number":null,"letter":null,"date_from":null,"date_to":null,"policy":null,"approved_by":null,"approved_date":null,"id_user":"2","name":"ANA","last_name":"L\u00d3PEZ","identification":"987654321","email":"ana@example.com","phone":"3132311084","address":"KDX 286-300 AV CIRCUNVALAR\r\nBARRIO FUNDADORES","trust":null,"email_del_trust":null,"telephone_del_trust":null,"bank":null,"swift":null,"aba":null,"iban":null,"account":null,"password_hash":"$2y$10$xdHFXhYoOaUbqjip72qvj.3489G7unuXyD7gHL\/XTwcUsDTFyMj6G","date_registration":"2025-05-16 00:20:08","login_attempts":"0","last_login_attempt":null,"status":"inactive","role_id":"2","balance":"0.00","principal":"0.00","rate":"0.00","compoundingPeriods":"0","time":"0","role_name":"CLIENT"}],"roles":[{"role_name":"ADMIN","role_description":"ADMINISTRADOR CON ACCESO COMPLETO","created_at":"2025-05-16 00:20:08","id_role":"1"},{"role_name":"CLIENT","role_description":"USUARIO CON PERMISOS DE EDICI\u00d3N","created_at":"2025-05-16 00:20:08","id_role":"2"}]}
INFO - 2025-05-24 15:18:38 --> Session: Class initialized using 'CodeIgniter\Session\Handlers\FileHandler' driver.
INFO - 2025-05-24 15:18:38 --> Iniciando el método addUser()
INFO - 2025-05-24 15:18:38 --> Reglas de validación definidas.
ERROR - 2025-05-24 15:18:38 --> Error en la validación de datos: {"id_role":"El campo id_role es obligatorio."}
INFO - 2025-05-24 15:18:38 --> Session: Class initialized using 'CodeIgniter\Session\Handlers\FileHandler' driver.
INFO - 2025-05-24 15:18:38 --> Datos recogidos de LA BASE DE DATOS: {"users":[{"agreement":null,"number":null,"letter":null,"date_from":null,"date_to":null,"policy":null,"approved_by":null,"approved_date":null,"id_user":"2","name":"ANA","last_name":"L\u00d3PEZ","identification":"987654321","email":"ana@example.com","phone":"3132311084","address":"KDX 286-300 AV CIRCUNVALAR\r\nBARRIO FUNDADORES","trust":null,"email_del_trust":null,"telephone_del_trust":null,"bank":null,"swift":null,"aba":null,"iban":null,"account":null,"password_hash":"$2y$10$xdHFXhYoOaUbqjip72qvj.3489G7unuXyD7gHL\/XTwcUsDTFyMj6G","date_registration":"2025-05-16 00:20:08","login_attempts":"0","last_login_attempt":null,"status":"inactive","role_id":"2","balance":"0.00","principal":"0.00","rate":"0.00","compoundingPeriods":"0","time":"0","role_name":"CLIENT"}],"roles":[{"role_name":"ADMIN","role_description":"ADMINISTRADOR CON ACCESO COMPLETO","created_at":"2025-05-16 00:20:08","id_role":"1"},{"role_name":"CLIENT","role_description":"USUARIO CON PERMISOS DE EDICI\u00d3N","created_at":"2025-05-16 00:20:08","id_role":"2"}]}
INFO - 2025-05-24 15:18:55 --> Session: Class initialized using 'CodeIgniter\Session\Handlers\FileHandler' driver.
INFO - 2025-05-24 15:18:55 --> Iniciando el método addUser()
INFO - 2025-05-24 15:18:55 --> Reglas de validación definidas.
ERROR - 2025-05-24 15:18:55 --> Error en la validación de datos: {"id_role":"El campo id_role es obligatorio."}
INFO - 2025-05-24 15:18:55 --> Session: Class initialized using 'CodeIgniter\Session\Handlers\FileHandler' driver.
INFO - 2025-05-24 15:18:55 --> Datos recogidos de LA BASE DE DATOS: {"users":[{"agreement":null,"number":null,"letter":null,"date_from":null,"date_to":null,"policy":null,"approved_by":null,"approved_date":null,"id_user":"2","name":"ANA","last_name":"L\u00d3PEZ","identification":"987654321","email":"ana@example.com","phone":"3132311084","address":"KDX 286-300 AV CIRCUNVALAR\r\nBARRIO FUNDADORES","trust":null,"email_del_trust":null,"telephone_del_trust":null,"bank":null,"swift":null,"aba":null,"iban":null,"account":null,"password_hash":"$2y$10$xdHFXhYoOaUbqjip72qvj.3489G7unuXyD7gHL\/XTwcUsDTFyMj6G","date_registration":"2025-05-16 00:20:08","login_attempts":"0","last_login_attempt":null,"status":"inactive","role_id":"2","balance":"0.00","principal":"0.00","rate":"0.00","compoundingPeriods":"0","time":"0","role_name":"CLIENT"}],"roles":[{"role_name":"ADMIN","role_description":"ADMINISTRADOR CON ACCESO COMPLETO","created_at":"2025-05-16 00:20:08","id_role":"1"},{"role_name":"CLIENT","role_description":"USUARIO CON PERMISOS DE EDICI\u00d3N","created_at":"2025-05-16 00:20:08","id_role":"2"}]}
INFO - 2025-05-24 15:20:24 --> Session: Class initialized using 'CodeIgniter\Session\Handlers\FileHandler' driver.
INFO - 2025-05-24 15:20:24 --> Datos recogidos de LA BASE DE DATOS: {"users":[{"agreement":null,"number":null,"letter":null,"date_from":null,"date_to":null,"policy":null,"approved_by":null,"approved_date":null,"id_user":"2","name":"ANA","last_name":"L\u00d3PEZ","identification":"987654321","email":"ana@example.com","phone":"3132311084","address":"KDX 286-300 AV CIRCUNVALAR\r\nBARRIO FUNDADORES","trust":null,"email_del_trust":null,"telephone_del_trust":null,"bank":null,"swift":null,"aba":null,"iban":null,"account":null,"password_hash":"$2y$10$xdHFXhYoOaUbqjip72qvj.3489G7unuXyD7gHL\/XTwcUsDTFyMj6G","date_registration":"2025-05-16 00:20:08","login_attempts":"0","last_login_attempt":null,"status":"inactive","role_id":"2","balance":"0.00","principal":"0.00","rate":"0.00","compoundingPeriods":"0","time":"0","role_name":"CLIENT"}],"roles":[{"role_name":"ADMIN","role_description":"ADMINISTRADOR CON ACCESO COMPLETO","created_at":"2025-05-16 00:20:08","id_role":"1"},{"role_name":"CLIENT","role_description":"USUARIO CON PERMISOS DE EDICI\u00d3N","created_at":"2025-05-16 00:20:08","id_role":"2"}]}
INFO - 2025-05-24 15:20:42 --> Session: Class initialized using 'CodeIgniter\Session\Handlers\FileHandler' driver.
INFO - 2025-05-24 15:20:43 --> Datos recogidos de LA BASE DE DATOS: {"users":[{"agreement":null,"number":null,"letter":null,"date_from":null,"date_to":null,"policy":null,"approved_by":null,"approved_date":null,"id_user":"2","name":"ANA","last_name":"L\u00d3PEZ","identification":"987654321","email":"ana@example.com","phone":"3132311084","address":"KDX 286-300 AV CIRCUNVALAR\r\nBARRIO FUNDADORES","trust":null,"email_del_trust":null,"telephone_del_trust":null,"bank":null,"swift":null,"aba":null,"iban":null,"account":null,"password_hash":"$2y$10$xdHFXhYoOaUbqjip72qvj.3489G7unuXyD7gHL\/XTwcUsDTFyMj6G","date_registration":"2025-05-16 00:20:08","login_attempts":"0","last_login_attempt":null,"status":"inactive","role_id":"2","balance":"0.00","principal":"0.00","rate":"0.00","compoundingPeriods":"0","time":"0","role_name":"CLIENT"}],"roles":[{"role_name":"ADMIN","role_description":"ADMINISTRADOR CON ACCESO COMPLETO","created_at":"2025-05-16 00:20:08","id_role":"1"},{"role_name":"CLIENT","role_description":"USUARIO CON PERMISOS DE EDICI\u00d3N","created_at":"2025-05-16 00:20:08","id_role":"2"}]}
INFO - 2025-05-24 15:27:29 --> Session: Class initialized using 'CodeIgniter\Session\Handlers\FileHandler' driver.
INFO - 2025-05-24 15:27:29 --> Datos recogidos de LA BASE DE DATOS: {"users":[{"agreement":null,"number":null,"letter":null,"date_from":null,"date_to":null,"policy":null,"approved_by":null,"approved_date":null,"id_user":"2","name":"ANA","last_name":"L\u00d3PEZ","identification":"987654321","email":"ana@example.com","phone":"3132311084","address":"KDX 286-300 AV CIRCUNVALAR\r\nBARRIO FUNDADORES","trust":null,"email_del_trust":null,"telephone_del_trust":null,"bank":null,"swift":null,"aba":null,"iban":null,"account":null,"password_hash":"$2y$10$xdHFXhYoOaUbqjip72qvj.3489G7unuXyD7gHL\/XTwcUsDTFyMj6G","date_registration":"2025-05-16 00:20:08","login_attempts":"0","last_login_attempt":null,"status":"inactive","role_id":"2","balance":"0.00","principal":"0.00","rate":"0.00","compoundingPeriods":"0","time":"0","role_name":"CLIENT"}],"roles":[{"role_name":"ADMIN","role_description":"ADMINISTRADOR CON ACCESO COMPLETO","created_at":"2025-05-16 00:20:08","id_role":"1"},{"role_name":"CLIENT","role_description":"USUARIO CON PERMISOS DE EDICI\u00d3N","created_at":"2025-05-16 00:20:08","id_role":"2"}]}
INFO - 2025-05-24 15:30:47 --> Session: Class initialized using 'CodeIgniter\Session\Handlers\FileHandler' driver.
INFO - 2025-05-24 15:30:47 --> Datos recogidos de LA BASE DE DATOS: {"users":[{"agreement":null,"number":null,"letter":null,"date_from":null,"date_to":null,"policy":null,"approved_by":null,"approved_date":null,"id_user":"2","name":"ANA","last_name":"L\u00d3PEZ","identification":"987654321","email":"ana@example.com","phone":"3132311084","address":"KDX 286-300 AV CIRCUNVALAR\r\nBARRIO FUNDADORES","trust":null,"email_del_trust":null,"telephone_del_trust":null,"bank":null,"swift":null,"aba":null,"iban":null,"account":null,"password_hash":"$2y$10$xdHFXhYoOaUbqjip72qvj.3489G7unuXyD7gHL\/XTwcUsDTFyMj6G","date_registration":"2025-05-16 00:20:08","login_attempts":"0","last_login_attempt":null,"status":"inactive","role_id":"2","balance":"0.00","principal":"0.00","rate":"0.00","compoundingPeriods":"0","time":"0","role_name":"CLIENT"}],"roles":[{"role_name":"ADMIN","role_description":"ADMINISTRADOR CON ACCESO COMPLETO","created_at":"2025-05-16 00:20:08","id_role":"1"},{"role_name":"CLIENT","role_description":"USUARIO CON PERMISOS DE EDICI\u00d3N","created_at":"2025-05-16 00:20:08","id_role":"2"}]}
INFO - 2025-05-24 15:31:18 --> Session: Class initialized using 'CodeIgniter\Session\Handlers\FileHandler' driver.
INFO - 2025-05-24 15:31:19 --> Session: Class initialized using 'CodeIgniter\Session\Handlers\FileHandler' driver.
INFO - 2025-05-24 15:31:35 --> Session: Class initialized using 'CodeIgniter\Session\Handlers\FileHandler' driver.
INFO - 2025-05-24 15:31:36 --> Session: Class initialized using 'CodeIgniter\Session\Handlers\FileHandler' driver.
INFO - 2025-05-24 15:31:51 --> Session: Class initialized using 'CodeIgniter\Session\Handlers\FileHandler' driver.
INFO - 2025-05-24 15:31:52 --> Session: Class initialized using 'CodeIgniter\Session\Handlers\FileHandler' driver.
INFO - 2025-05-24 15:33:09 --> Session: Class initialized using 'CodeIgniter\Session\Handlers\FileHandler' driver.
INFO - 2025-05-24 15:33:09 --> Session: Class initialized using 'CodeIgniter\Session\Handlers\FileHandler' driver.
INFO - 2025-05-24 15:33:20 --> Session: Class initialized using 'CodeIgniter\Session\Handlers\FileHandler' driver.
INFO - 2025-05-24 15:34:15 --> Session: Class initialized using 'CodeIgniter\Session\Handlers\FileHandler' driver.
INFO - 2025-05-24 15:34:19 --> Session: Class initialized using 'CodeIgniter\Session\Handlers\FileHandler' driver.
INFO - 2025-05-24 15:34:32 --> Session: Class initialized using 'CodeIgniter\Session\Handlers\FileHandler' driver.
INFO - 2025-05-24 15:35:42 --> Session: Class initialized using 'CodeIgniter\Session\Handlers\FileHandler' driver.
INFO - 2025-05-24 15:35:57 --> Session: Class initialized using 'CodeIgniter\Session\Handlers\FileHandler' driver.
INFO - 2025-05-24 15:36:03 --> Session: Class initialized using 'CodeIgniter\Session\Handlers\FileHandler' driver.
INFO - 2025-05-24 15:36:04 --> Session: Class initialized using 'CodeIgniter\Session\Handlers\FileHandler' driver.
INFO - 2025-05-24 15:36:06 --> Session: Class initialized using 'CodeIgniter\Session\Handlers\FileHandler' driver.
INFO - 2025-05-24 15:36:07 --> Session: Class initialized using 'CodeIgniter\Session\Handlers\FileHandler' driver.
INFO - 2025-05-24 15:36:10 --> Session: Class initialized using 'CodeIgniter\Session\Handlers\FileHandler' driver.
INFO - 2025-05-24 15:36:14 --> Session: Class initialized using 'CodeIgniter\Session\Handlers\FileHandler' driver.
INFO - 2025-05-24 15:36:14 --> Datos recogidos de LA BASE DE DATOS: {"users":[{"agreement":null,"number":null,"letter":null,"date_from":null,"date_to":null,"policy":null,"approved_by":null,"approved_date":null,"id_user":"2","name":"ANA","last_name":"L\u00d3PEZ","identification":"987654321","email":"ana@example.com","phone":"3132311084","address":"KDX 286-300 AV CIRCUNVALAR\r\nBARRIO FUNDADORES","trust":null,"email_del_trust":null,"telephone_del_trust":null,"bank":null,"swift":null,"aba":null,"iban":null,"account":null,"password_hash":"$2y$10$xdHFXhYoOaUbqjip72qvj.3489G7unuXyD7gHL\/XTwcUsDTFyMj6G","date_registration":"2025-05-16 00:20:08","login_attempts":"0","last_login_attempt":null,"status":"inactive","role_id":"2","balance":"0.00","principal":"0.00","rate":"0.00","compoundingPeriods":"0","time":"0","role_name":"CLIENT"}],"roles":[{"role_name":"ADMIN","role_description":"ADMINISTRADOR CON ACCESO COMPLETO","created_at":"2025-05-16 00:20:08","id_role":"1"},{"role_name":"CLIENT","role_description":"USUARIO CON PERMISOS DE EDICI\u00d3N","created_at":"2025-05-16 00:20:08","id_role":"2"}]}
INFO - 2025-05-24 15:36:21 --> Session: Class initialized using 'CodeIgniter\Session\Handlers\FileHandler' driver.
INFO - 2025-05-24 15:36:21 --> Starting updateUser() method for user ID: 2
INFO - 2025-05-24 15:36:21 --> Validation rules defined.
INFO - 2025-05-24 15:36:21 --> Validation successful.
INFO - 2025-05-24 15:36:21 --> Collected form data: {"name":"ANA","last_name":"L\u00d3PEZ","identification":"987654321","phone":"3132311084","address":"KDX 286-300 AV CIRCUNVALAR\r\nBARRIO FUNDADORES","email":"ana@example.com","status":"active"}
INFO - 2025-05-24 15:36:21 --> Executed query: UPDATE `users` SET `name` = 'ANA', `last_name` = 'LÓPEZ', `identification` = '987654321', `phone` = '3132311084', `address` = 'KDX 286-300 AV CIRCUNVALAR\r\nBARRIO FUNDADORES', `email` = 'ana@example.com', `status` = 'active'
WHERE `users`.`id_user` IN ('2')
INFO - 2025-05-24 15:36:21 --> User successfully updated.
INFO - 2025-05-24 15:36:21 --> Session: Class initialized using 'CodeIgniter\Session\Handlers\FileHandler' driver.
INFO - 2025-05-24 15:36:37 --> Session: Class initialized using 'CodeIgniter\Session\Handlers\FileHandler' driver.
INFO - 2025-05-24 15:36:37 --> Datos recogidos de LA BASE DE DATOS: {"users":[{"agreement":null,"number":null,"letter":null,"date_from":null,"date_to":null,"policy":null,"approved_by":null,"approved_date":null,"id_user":"2","name":"ANA","last_name":"L\u00d3PEZ","identification":"987654321","email":"ana@example.com","phone":"3132311084","address":"KDX 286-300 AV CIRCUNVALAR\r\nBARRIO FUNDADORES","trust":null,"email_del_trust":null,"telephone_del_trust":null,"bank":null,"swift":null,"aba":null,"iban":null,"account":null,"password_hash":"$2y$10$xdHFXhYoOaUbqjip72qvj.3489G7unuXyD7gHL\/XTwcUsDTFyMj6G","date_registration":"2025-05-16 00:20:08","login_attempts":"0","last_login_attempt":null,"status":"active","role_id":"2","balance":"0.00","principal":"0.00","rate":"0.00","compoundingPeriods":"0","time":"0","role_name":"CLIENT"}],"roles":[{"role_name":"ADMIN","role_description":"ADMINISTRADOR CON ACCESO COMPLETO","created_at":"2025-05-16 00:20:08","id_role":"1"},{"role_name":"CLIENT","role_description":"USUARIO CON PERMISOS DE EDICI\u00d3N","created_at":"2025-05-16 00:20:08","id_role":"2"}]}
INFO - 2025-05-24 15:38:46 --> Session: Class initialized using 'CodeIgniter\Session\Handlers\FileHandler' driver.
INFO - 2025-05-24 15:38:46 --> Datos recogidos de LA BASE DE DATOS: {"users":[{"agreement":null,"number":null,"letter":null,"date_from":null,"date_to":null,"policy":null,"approved_by":null,"approved_date":null,"id_user":"2","name":"ANA","last_name":"L\u00d3PEZ","identification":"987654321","email":"ana@example.com","phone":"3132311084","address":"KDX 286-300 AV CIRCUNVALAR\r\nBARRIO FUNDADORES","trust":null,"email_del_trust":null,"telephone_del_trust":null,"bank":null,"swift":null,"aba":null,"iban":null,"account":null,"password_hash":"$2y$10$xdHFXhYoOaUbqjip72qvj.3489G7unuXyD7gHL\/XTwcUsDTFyMj6G","date_registration":"2025-05-16 00:20:08","login_attempts":"0","last_login_attempt":null,"status":"active","role_id":"2","balance":"0.00","principal":"0.00","rate":"0.00","compoundingPeriods":"0","time":"0","role_name":"CLIENT"}],"roles":[{"role_name":"ADMIN","role_description":"ADMINISTRADOR CON ACCESO COMPLETO","created_at":"2025-05-16 00:20:08","id_role":"1"},{"role_name":"CLIENT","role_description":"USUARIO CON PERMISOS DE EDICI\u00d3N","created_at":"2025-05-16 00:20:08","id_role":"2"}]}
CRITICAL - 2025-05-24 15:38:46 --> ErrorException: Undefined variable $Clients
[Method: GET, Route: admin/clientmanagement]
in APPPATH\Views\system\ClientManagement\ClientManagement.php on line 30.
 1 APPPATH\Views\system\ClientManagement\ClientManagement.php(30): CodeIgniter\Debug\Exceptions->errorHandler(2, 'Undefined variable $Clients', 'C:\\xampp\\htdocs\\SCOPECAPITAL\\app\\Views\\system\\ClientManagement\\ClientManagement.php', 30)
 2 SYSTEMPATH\View\View.php(234): include('C:\\xampp\\htdocs\\SCOPECAPITAL\\app\\Views\\system\\ClientManagement\\ClientManagement.php')
 3 SYSTEMPATH\View\View.php(237): CodeIgniter\View\View->CodeIgniter\View\{closure}()
 4 SYSTEMPATH\Common.php(1171): CodeIgniter\View\View->render('system/ClientManagement/ClientManagement', [], true)
 5 APPPATH\Controllers\ClientsManagementController.php(21): view('system/ClientManagement/ClientManagement', [...])
 6 SYSTEMPATH\CodeIgniter.php(933): App\Controllers\ClientsManagementController->index()
 7 SYSTEMPATH\CodeIgniter.php(509): CodeIgniter\CodeIgniter->runController(Object(App\Controllers\ClientsManagementController))
 8 SYSTEMPATH\CodeIgniter.php(355): CodeIgniter\CodeIgniter->handleRequest(null, Object(Config\Cache), false)
 9 SYSTEMPATH\Boot.php(325): CodeIgniter\CodeIgniter->run()
10 SYSTEMPATH\Boot.php(67): CodeIgniter\Boot::runCodeIgniter(Object(CodeIgniter\CodeIgniter))
11 FCPATH\index.php(56): CodeIgniter\Boot::bootWeb(Object(Config\Paths))
INFO - 2025-05-24 15:39:18 --> Session: Class initialized using 'CodeIgniter\Session\Handlers\FileHandler' driver.
INFO - 2025-05-24 15:39:18 --> Datos recogidos de LA BASE DE DATOS: {"users":[{"agreement":null,"number":null,"letter":null,"date_from":null,"date_to":null,"policy":null,"approved_by":null,"approved_date":null,"id_user":"2","name":"ANA","last_name":"L\u00d3PEZ","identification":"987654321","email":"ana@example.com","phone":"3132311084","address":"KDX 286-300 AV CIRCUNVALAR\r\nBARRIO FUNDADORES","trust":null,"email_del_trust":null,"telephone_del_trust":null,"bank":null,"swift":null,"aba":null,"iban":null,"account":null,"password_hash":"$2y$10$xdHFXhYoOaUbqjip72qvj.3489G7unuXyD7gHL\/XTwcUsDTFyMj6G","date_registration":"2025-05-16 00:20:08","login_attempts":"0","last_login_attempt":null,"status":"active","role_id":"2","balance":"0.00","principal":"0.00","rate":"0.00","compoundingPeriods":"0","time":"0","role_name":"CLIENT"}],"roles":[{"role_name":"ADMIN","role_description":"ADMINISTRADOR CON ACCESO COMPLETO","created_at":"2025-05-16 00:20:08","id_role":"1"},{"role_name":"CLIENT","role_description":"USUARIO CON PERMISOS DE EDICI\u00d3N","created_at":"2025-05-16 00:20:08","id_role":"2"}]}
CRITICAL - 2025-05-24 15:39:18 --> ErrorException: Undefined variable $Clients
[Method: GET, Route: admin/clientmanagement]
in APPPATH\Views\system\ClientManagement\ClientManagement.php on line 30.
 1 APPPATH\Views\system\ClientManagement\ClientManagement.php(30): CodeIgniter\Debug\Exceptions->errorHandler(2, 'Undefined variable $Clients', 'C:\\xampp\\htdocs\\SCOPECAPITAL\\app\\Views\\system\\ClientManagement\\ClientManagement.php', 30)
 2 SYSTEMPATH\View\View.php(234): include('C:\\xampp\\htdocs\\SCOPECAPITAL\\app\\Views\\system\\ClientManagement\\ClientManagement.php')
 3 SYSTEMPATH\View\View.php(237): CodeIgniter\View\View->CodeIgniter\View\{closure}()
 4 SYSTEMPATH\Common.php(1171): CodeIgniter\View\View->render('system/ClientManagement/ClientManagement', [], true)
 5 APPPATH\Controllers\ClientsManagementController.php(21): view('system/ClientManagement/ClientManagement', [...])
 6 SYSTEMPATH\CodeIgniter.php(933): App\Controllers\ClientsManagementController->index()
 7 SYSTEMPATH\CodeIgniter.php(509): CodeIgniter\CodeIgniter->runController(Object(App\Controllers\ClientsManagementController))
 8 SYSTEMPATH\CodeIgniter.php(355): CodeIgniter\CodeIgniter->handleRequest(null, Object(Config\Cache), false)
 9 SYSTEMPATH\Boot.php(325): CodeIgniter\CodeIgniter->run()
10 SYSTEMPATH\Boot.php(67): CodeIgniter\Boot::runCodeIgniter(Object(CodeIgniter\CodeIgniter))
11 FCPATH\index.php(56): CodeIgniter\Boot::bootWeb(Object(Config\Paths))
INFO - 2025-05-24 15:39:19 --> Session: Class initialized using 'CodeIgniter\Session\Handlers\FileHandler' driver.
INFO - 2025-05-24 15:39:19 --> Datos recogidos de LA BASE DE DATOS: {"users":[{"agreement":null,"number":null,"letter":null,"date_from":null,"date_to":null,"policy":null,"approved_by":null,"approved_date":null,"id_user":"2","name":"ANA","last_name":"L\u00d3PEZ","identification":"987654321","email":"ana@example.com","phone":"3132311084","address":"KDX 286-300 AV CIRCUNVALAR\r\nBARRIO FUNDADORES","trust":null,"email_del_trust":null,"telephone_del_trust":null,"bank":null,"swift":null,"aba":null,"iban":null,"account":null,"password_hash":"$2y$10$xdHFXhYoOaUbqjip72qvj.3489G7unuXyD7gHL\/XTwcUsDTFyMj6G","date_registration":"2025-05-16 00:20:08","login_attempts":"0","last_login_attempt":null,"status":"active","role_id":"2","balance":"0.00","principal":"0.00","rate":"0.00","compoundingPeriods":"0","time":"0","role_name":"CLIENT"}],"roles":[{"role_name":"ADMIN","role_description":"ADMINISTRADOR CON ACCESO COMPLETO","created_at":"2025-05-16 00:20:08","id_role":"1"},{"role_name":"CLIENT","role_description":"USUARIO CON PERMISOS DE EDICI\u00d3N","created_at":"2025-05-16 00:20:08","id_role":"2"}]}
CRITICAL - 2025-05-24 15:39:19 --> ErrorException: Undefined variable $Clients
[Method: GET, Route: admin/clientmanagement]
in APPPATH\Views\system\ClientManagement\ClientManagement.php on line 30.
 1 APPPATH\Views\system\ClientManagement\ClientManagement.php(30): CodeIgniter\Debug\Exceptions->errorHandler(2, 'Undefined variable $Clients', 'C:\\xampp\\htdocs\\SCOPECAPITAL\\app\\Views\\system\\ClientManagement\\ClientManagement.php', 30)
 2 SYSTEMPATH\View\View.php(234): include('C:\\xampp\\htdocs\\SCOPECAPITAL\\app\\Views\\system\\ClientManagement\\ClientManagement.php')
 3 SYSTEMPATH\View\View.php(237): CodeIgniter\View\View->CodeIgniter\View\{closure}()
 4 SYSTEMPATH\Common.php(1171): CodeIgniter\View\View->render('system/ClientManagement/ClientManagement', [], true)
 5 APPPATH\Controllers\ClientsManagementController.php(21): view('system/ClientManagement/ClientManagement', [...])
 6 SYSTEMPATH\CodeIgniter.php(933): App\Controllers\ClientsManagementController->index()
 7 SYSTEMPATH\CodeIgniter.php(509): CodeIgniter\CodeIgniter->runController(Object(App\Controllers\ClientsManagementController))
 8 SYSTEMPATH\CodeIgniter.php(355): CodeIgniter\CodeIgniter->handleRequest(null, Object(Config\Cache), false)
 9 SYSTEMPATH\Boot.php(325): CodeIgniter\CodeIgniter->run()
10 SYSTEMPATH\Boot.php(67): CodeIgniter\Boot::runCodeIgniter(Object(CodeIgniter\CodeIgniter))
11 FCPATH\index.php(56): CodeIgniter\Boot::bootWeb(Object(Config\Paths))
INFO - 2025-05-24 15:39:19 --> Session: Class initialized using 'CodeIgniter\Session\Handlers\FileHandler' driver.
INFO - 2025-05-24 15:39:19 --> Datos recogidos de LA BASE DE DATOS: {"users":[{"agreement":null,"number":null,"letter":null,"date_from":null,"date_to":null,"policy":null,"approved_by":null,"approved_date":null,"id_user":"2","name":"ANA","last_name":"L\u00d3PEZ","identification":"987654321","email":"ana@example.com","phone":"3132311084","address":"KDX 286-300 AV CIRCUNVALAR\r\nBARRIO FUNDADORES","trust":null,"email_del_trust":null,"telephone_del_trust":null,"bank":null,"swift":null,"aba":null,"iban":null,"account":null,"password_hash":"$2y$10$xdHFXhYoOaUbqjip72qvj.3489G7unuXyD7gHL\/XTwcUsDTFyMj6G","date_registration":"2025-05-16 00:20:08","login_attempts":"0","last_login_attempt":null,"status":"active","role_id":"2","balance":"0.00","principal":"0.00","rate":"0.00","compoundingPeriods":"0","time":"0","role_name":"CLIENT"}],"roles":[{"role_name":"ADMIN","role_description":"ADMINISTRADOR CON ACCESO COMPLETO","created_at":"2025-05-16 00:20:08","id_role":"1"},{"role_name":"CLIENT","role_description":"USUARIO CON PERMISOS DE EDICI\u00d3N","created_at":"2025-05-16 00:20:08","id_role":"2"}]}
CRITICAL - 2025-05-24 15:39:19 --> ErrorException: Undefined variable $Clients
[Method: GET, Route: admin/clientmanagement]
in APPPATH\Views\system\ClientManagement\ClientManagement.php on line 30.
 1 APPPATH\Views\system\ClientManagement\ClientManagement.php(30): CodeIgniter\Debug\Exceptions->errorHandler(2, 'Undefined variable $Clients', 'C:\\xampp\\htdocs\\SCOPECAPITAL\\app\\Views\\system\\ClientManagement\\ClientManagement.php', 30)
 2 SYSTEMPATH\View\View.php(234): include('C:\\xampp\\htdocs\\SCOPECAPITAL\\app\\Views\\system\\ClientManagement\\ClientManagement.php')
 3 SYSTEMPATH\View\View.php(237): CodeIgniter\View\View->CodeIgniter\View\{closure}()
 4 SYSTEMPATH\Common.php(1171): CodeIgniter\View\View->render('system/ClientManagement/ClientManagement', [], true)
 5 APPPATH\Controllers\ClientsManagementController.php(21): view('system/ClientManagement/ClientManagement', [...])
 6 SYSTEMPATH\CodeIgniter.php(933): App\Controllers\ClientsManagementController->index()
 7 SYSTEMPATH\CodeIgniter.php(509): CodeIgniter\CodeIgniter->runController(Object(App\Controllers\ClientsManagementController))
 8 SYSTEMPATH\CodeIgniter.php(355): CodeIgniter\CodeIgniter->handleRequest(null, Object(Config\Cache), false)
 9 SYSTEMPATH\Boot.php(325): CodeIgniter\CodeIgniter->run()
10 SYSTEMPATH\Boot.php(67): CodeIgniter\Boot::runCodeIgniter(Object(CodeIgniter\CodeIgniter))
11 FCPATH\index.php(56): CodeIgniter\Boot::bootWeb(Object(Config\Paths))
INFO - 2025-05-24 15:39:51 --> Session: Class initialized using 'CodeIgniter\Session\Handlers\FileHandler' driver.
INFO - 2025-05-24 15:39:51 --> Datos recogidos de LA BASE DE DATOS: {"users":[{"agreement":null,"number":null,"letter":null,"date_from":null,"date_to":null,"policy":null,"approved_by":null,"approved_date":null,"id_user":"2","name":"ANA","last_name":"L\u00d3PEZ","identification":"987654321","email":"ana@example.com","phone":"3132311084","address":"KDX 286-300 AV CIRCUNVALAR\r\nBARRIO FUNDADORES","trust":null,"email_del_trust":null,"telephone_del_trust":null,"bank":null,"swift":null,"aba":null,"iban":null,"account":null,"password_hash":"$2y$10$xdHFXhYoOaUbqjip72qvj.3489G7unuXyD7gHL\/XTwcUsDTFyMj6G","date_registration":"2025-05-16 00:20:08","login_attempts":"0","last_login_attempt":null,"status":"active","role_id":"2","balance":"0.00","principal":"0.00","rate":"0.00","compoundingPeriods":"0","time":"0","role_name":"CLIENT"}],"roles":[{"role_name":"ADMIN","role_description":"ADMINISTRADOR CON ACCESO COMPLETO","created_at":"2025-05-16 00:20:08","id_role":"1"},{"role_name":"CLIENT","role_description":"USUARIO CON PERMISOS DE EDICI\u00d3N","created_at":"2025-05-16 00:20:08","id_role":"2"}]}
INFO - 2025-05-24 15:40:31 --> Session: Class initialized using 'CodeIgniter\Session\Handlers\FileHandler' driver.
INFO - 2025-05-24 15:40:31 --> Datos recogidos de LA BASE DE DATOS: {"users":[{"agreement":null,"number":null,"letter":null,"date_from":null,"date_to":null,"policy":null,"approved_by":null,"approved_date":null,"id_user":"2","name":"ANA","last_name":"L\u00d3PEZ","identification":"987654321","email":"ana@example.com","phone":"3132311084","address":"KDX 286-300 AV CIRCUNVALAR\r\nBARRIO FUNDADORES","trust":null,"email_del_trust":null,"telephone_del_trust":null,"bank":null,"swift":null,"aba":null,"iban":null,"account":null,"password_hash":"$2y$10$xdHFXhYoOaUbqjip72qvj.3489G7unuXyD7gHL\/XTwcUsDTFyMj6G","date_registration":"2025-05-16 00:20:08","login_attempts":"0","last_login_attempt":null,"status":"active","role_id":"2","balance":"0.00","principal":"0.00","rate":"0.00","compoundingPeriods":"0","time":"0","role_name":"CLIENT"}],"roles":[{"role_name":"ADMIN","role_description":"ADMINISTRADOR CON ACCESO COMPLETO","created_at":"2025-05-16 00:20:08","id_role":"1"},{"role_name":"CLIENT","role_description":"USUARIO CON PERMISOS DE EDICI\u00d3N","created_at":"2025-05-16 00:20:08","id_role":"2"}]}
INFO - 2025-05-24 15:40:41 --> Session: Class initialized using 'CodeIgniter\Session\Handlers\FileHandler' driver.
INFO - 2025-05-24 15:40:41 --> Datos recogidos de LA BASE DE DATOS: {"users":[{"agreement":null,"number":null,"letter":null,"date_from":null,"date_to":null,"policy":null,"approved_by":null,"approved_date":null,"id_user":"2","name":"ANA","last_name":"L\u00d3PEZ","identification":"987654321","email":"ana@example.com","phone":"3132311084","address":"KDX 286-300 AV CIRCUNVALAR\r\nBARRIO FUNDADORES","trust":null,"email_del_trust":null,"telephone_del_trust":null,"bank":null,"swift":null,"aba":null,"iban":null,"account":null,"password_hash":"$2y$10$xdHFXhYoOaUbqjip72qvj.3489G7unuXyD7gHL\/XTwcUsDTFyMj6G","date_registration":"2025-05-16 00:20:08","login_attempts":"0","last_login_attempt":null,"status":"active","role_id":"2","balance":"0.00","principal":"0.00","rate":"0.00","compoundingPeriods":"0","time":"0","role_name":"CLIENT"}],"roles":[{"role_name":"ADMIN","role_description":"ADMINISTRADOR CON ACCESO COMPLETO","created_at":"2025-05-16 00:20:08","id_role":"1"},{"role_name":"CLIENT","role_description":"USUARIO CON PERMISOS DE EDICI\u00d3N","created_at":"2025-05-16 00:20:08","id_role":"2"}]}
INFO - 2025-05-24 19:59:48 --> Session: Class initialized using 'CodeIgniter\Session\Handlers\FileHandler' driver.
