INFO - 2025-06-26 15:45:57 --> El método authenticate fue llamado
INFO - 2025-06-26 15:45:57 --> Session: Class initialized using 'CodeIgniter\Session\Handlers\FileHandler' driver.
INFO - 2025-06-26 15:45:58 --> Session: Class initialized using 'CodeIgniter\Session\Handlers\FileHandler' driver.
INFO - 2025-06-26 15:45:58 --> Session: Class initialized using 'CodeIgniter\Session\Handlers\FileHandler' driver.
INFO - 2025-06-26 15:46:01 --> Session: Class initialized using 'CodeIgniter\Session\Handlers\FileHandler' driver.
INFO - 2025-06-26 15:46:01 --> Session: Class initialized using 'CodeIgniter\Session\Handlers\FileHandler' driver.
INFO - 2025-06-26 15:46:49 --> Session: Class initialized using 'CodeIgniter\Session\Handlers\FileHandler' driver.
INFO - 2025-06-26 15:46:49 --> Session: Class initialized using 'CodeIgniter\Session\Handlers\FileHandler' driver.
INFO - 2025-06-26 15:48:47 --> Session: Class initialized using 'CodeIgniter\Session\Handlers\FileHandler' driver.
INFO - 2025-06-26 15:48:47 --> ID recibido en detailsRequest: 1
INFO - 2025-06-26 15:48:57 --> Session: Class initialized using 'CodeIgniter\Session\Handlers\FileHandler' driver.
INFO - 2025-06-26 15:48:57 --> Session: Class initialized using 'CodeIgniter\Session\Handlers\FileHandler' driver.
INFO - 2025-06-26 15:50:43 --> Session: Class initialized using 'CodeIgniter\Session\Handlers\FileHandler' driver.
INFO - 2025-06-26 15:50:43 --> Session: Class initialized using 'CodeIgniter\Session\Handlers\FileHandler' driver.
INFO - 2025-06-26 15:50:54 --> Session: Class initialized using 'CodeIgniter\Session\Handlers\FileHandler' driver.
INFO - 2025-06-26 15:50:54 --> Session: Class initialized using 'CodeIgniter\Session\Handlers\FileHandler' driver.
INFO - 2025-06-26 15:51:08 --> Session: Class initialized using 'CodeIgniter\Session\Handlers\FileHandler' driver.
INFO - 2025-06-26 15:51:08 --> Session: Class initialized using 'CodeIgniter\Session\Handlers\FileHandler' driver.
INFO - 2025-06-26 15:51:11 --> Session: Class initialized using 'CodeIgniter\Session\Handlers\FileHandler' driver.
INFO - 2025-06-26 15:51:12 --> Session: Class initialized using 'CodeIgniter\Session\Handlers\FileHandler' driver.
INFO - 2025-06-26 15:51:15 --> Session: Class initialized using 'CodeIgniter\Session\Handlers\FileHandler' driver.
INFO - 2025-06-26 15:51:15 --> Session: Class initialized using 'CodeIgniter\Session\Handlers\FileHandler' driver.
INFO - 2025-06-26 15:51:21 --> Session: Class initialized using 'CodeIgniter\Session\Handlers\FileHandler' driver.
INFO - 2025-06-26 15:51:21 --> Session: Class initialized using 'CodeIgniter\Session\Handlers\FileHandler' driver.
INFO - 2025-06-26 15:51:28 --> Session: Class initialized using 'CodeIgniter\Session\Handlers\FileHandler' driver.
INFO - 2025-06-26 15:51:28 --> Acceso a la vista de cambio de contraseña.
INFO - 2025-06-26 15:51:28 --> Session: Class initialized using 'CodeIgniter\Session\Handlers\FileHandler' driver.
INFO - 2025-06-26 15:51:28 --> Acceso a la vista de cambio de contraseña.
INFO - 2025-06-26 16:29:53 --> Session: Class initialized using 'CodeIgniter\Session\Handlers\FileHandler' driver.
INFO - 2025-06-26 16:29:53 --> Acceso a la vista de cambio de contraseña.
INFO - 2025-06-26 16:29:53 --> Session: Class initialized using 'CodeIgniter\Session\Handlers\FileHandler' driver.
INFO - 2025-06-26 16:29:53 --> Acceso a la vista de cambio de contraseña.
INFO - 2025-06-26 16:30:06 --> Session: Class initialized using 'CodeIgniter\Session\Handlers\FileHandler' driver.
INFO - 2025-06-26 16:30:06 --> Session: Class initialized using 'CodeIgniter\Session\Handlers\FileHandler' driver.
INFO - 2025-06-26 16:30:18 --> Session: Class initialized using 'CodeIgniter\Session\Handlers\FileHandler' driver.
INFO - 2025-06-26 16:30:18 --> Session: Class initialized using 'CodeIgniter\Session\Handlers\FileHandler' driver.
INFO - 2025-06-26 16:30:19 --> Session: Class initialized using 'CodeIgniter\Session\Handlers\FileHandler' driver.
INFO - 2025-06-26 16:30:19 --> Acceso a la vista de cambio de contraseña.
INFO - 2025-06-26 16:30:19 --> Session: Class initialized using 'CodeIgniter\Session\Handlers\FileHandler' driver.
INFO - 2025-06-26 16:30:19 --> Acceso a la vista de cambio de contraseña.
INFO - 2025-06-26 16:30:31 --> Session: Class initialized using 'CodeIgniter\Session\Handlers\FileHandler' driver.
INFO - 2025-06-26 16:30:31 --> Session: Class initialized using 'CodeIgniter\Session\Handlers\FileHandler' driver.
INFO - 2025-06-26 16:30:32 --> Session: Class initialized using 'CodeIgniter\Session\Handlers\FileHandler' driver.
INFO - 2025-06-26 16:30:32 --> Session: Class initialized using 'CodeIgniter\Session\Handlers\FileHandler' driver.
INFO - 2025-06-26 16:30:35 --> Session: Class initialized using 'CodeIgniter\Session\Handlers\FileHandler' driver.
INFO - 2025-06-26 16:30:35 --> Session: Class initialized using 'CodeIgniter\Session\Handlers\FileHandler' driver.
INFO - 2025-06-26 16:35:20 --> Session: Class initialized using 'CodeIgniter\Session\Handlers\FileHandler' driver.
INFO - 2025-06-26 16:35:20 --> Session: Class initialized using 'CodeIgniter\Session\Handlers\FileHandler' driver.
INFO - 2025-06-26 16:35:26 --> Session: Class initialized using 'CodeIgniter\Session\Handlers\FileHandler' driver.
INFO - 2025-06-26 16:35:27 --> Session: Class initialized using 'CodeIgniter\Session\Handlers\FileHandler' driver.
INFO - 2025-06-26 16:35:37 --> Session: Class initialized using 'CodeIgniter\Session\Handlers\FileHandler' driver.
INFO - 2025-06-26 16:35:37 --> Session: Class initialized using 'CodeIgniter\Session\Handlers\FileHandler' driver.
INFO - 2025-06-26 16:36:52 --> Session: Class initialized using 'CodeIgniter\Session\Handlers\FileHandler' driver.
INFO - 2025-06-26 16:36:52 --> Iniciando el método addUser()
INFO - 2025-06-26 16:36:52 --> Reglas de validación definidas.
ERROR - 2025-06-26 16:36:52 --> Error en la validación de datos: {"address":"El campo address es obligatorio."}
INFO - 2025-06-26 16:36:52 --> Session: Class initialized using 'CodeIgniter\Session\Handlers\FileHandler' driver.
INFO - 2025-06-26 16:36:52 --> Session: Class initialized using 'CodeIgniter\Session\Handlers\FileHandler' driver.
INFO - 2025-06-26 16:36:58 --> Session: Class initialized using 'CodeIgniter\Session\Handlers\FileHandler' driver.
INFO - 2025-06-26 16:36:58 --> Iniciando el método addUser()
INFO - 2025-06-26 16:36:58 --> Reglas de validación definidas.
INFO - 2025-06-26 16:36:58 --> Validación exitosa.
INFO - 2025-06-26 16:36:58 --> Datos recogidos del formulario: {"name":"JUAN","last_name":"BONET","identification":"123456","phone":"3123823590","address":"LA GLORIA","email":"juan@gmail.com","role_id":"1","status":"active","password_hash":"$2y$10$I7dJkKytR4YmyHJtxQNIueSD3RGuoLEJvUbEQ33FvWDTAQCsD.zAy"}
INFO - 2025-06-26 16:36:58 --> Configuración SMTP obtenida: 
INFO - 2025-06-26 16:36:58 --> Configuración SMTP obtenida en librari: Array
(
)

ERROR - 2025-06-26 16:36:58 --> Faltan campos requeridos en la configuración SMTP.
INFO - 2025-06-26 16:36:58 --> Session: Class initialized using 'CodeIgniter\Session\Handlers\FileHandler' driver.
INFO - 2025-06-26 16:36:58 --> Session: Class initialized using 'CodeIgniter\Session\Handlers\FileHandler' driver.
INFO - 2025-06-26 16:38:22 --> Session: Class initialized using 'CodeIgniter\Session\Handlers\FileHandler' driver.
INFO - 2025-06-26 16:38:22 --> Datos recogidos de LA BASE DE DATOS: {"users":[{"agreement":null,"number":null,"letter":null,"date_from":null,"date_to":null,"policy":null,"approved_by":null,"approved_date":null,"id_user":"2","name":"ANA","last_name":"L\u00d3PEZ","identification":"987654321","email":"ana@example.com","phone":null,"address":null,"trust":null,"email_del_trust":null,"telephone_del_trust":null,"bank":null,"swift":null,"aba":null,"iban":null,"account":null,"password_hash":"$2y$10$xdHFXhYoOaUbqjip72qvj.3489G7unuXyD7gHL\/XTwcUsDTFyMj6G","date_registration":"2025-06-23 14:23:58","login_attempts":"0","last_login_attempt":null,"status":"active","role_id":"2","balance":"0.00","principal":"5000.00","rate":"3.50","compoundingPeriods":"2","time":"6","role_name":"CLIENT"}],"roles":[{"role_name":"ADMIN","role_description":"ADMINISTRADOR CON ACCESO COMPLETO","created_at":"2025-06-23 14:23:58","id_role":"1"},{"role_name":"CLIENT","role_description":"USUARIO CON PERMISOS DE EDICI\u00d3N","created_at":"2025-06-23 14:23:58","id_role":"2"}]}
INFO - 2025-06-26 16:38:23 --> Session: Class initialized using 'CodeIgniter\Session\Handlers\FileHandler' driver.
INFO - 2025-06-26 16:38:23 --> Datos recogidos de LA BASE DE DATOS: {"users":[{"agreement":null,"number":null,"letter":null,"date_from":null,"date_to":null,"policy":null,"approved_by":null,"approved_date":null,"id_user":"2","name":"ANA","last_name":"L\u00d3PEZ","identification":"987654321","email":"ana@example.com","phone":null,"address":null,"trust":null,"email_del_trust":null,"telephone_del_trust":null,"bank":null,"swift":null,"aba":null,"iban":null,"account":null,"password_hash":"$2y$10$xdHFXhYoOaUbqjip72qvj.3489G7unuXyD7gHL\/XTwcUsDTFyMj6G","date_registration":"2025-06-23 14:23:58","login_attempts":"0","last_login_attempt":null,"status":"active","role_id":"2","balance":"0.00","principal":"5000.00","rate":"3.50","compoundingPeriods":"2","time":"6","role_name":"CLIENT"}],"roles":[{"role_name":"ADMIN","role_description":"ADMINISTRADOR CON ACCESO COMPLETO","created_at":"2025-06-23 14:23:58","id_role":"1"},{"role_name":"CLIENT","role_description":"USUARIO CON PERMISOS DE EDICI\u00d3N","created_at":"2025-06-23 14:23:58","id_role":"2"}]}
INFO - 2025-06-26 16:39:08 --> Session: Class initialized using 'CodeIgniter\Session\Handlers\FileHandler' driver.
INFO - 2025-06-26 16:39:08 --> Iniciando el método addUser()
INFO - 2025-06-26 16:39:08 --> Reglas de validación definidas.
ERROR - 2025-06-26 16:39:08 --> Error en la validación de datos: {"identification":"The identification field must contain a unique value.","email":"The email field must contain a unique value."}
INFO - 2025-06-26 16:39:08 --> Session: Class initialized using 'CodeIgniter\Session\Handlers\FileHandler' driver.
INFO - 2025-06-26 16:39:08 --> Datos recogidos de LA BASE DE DATOS: {"users":[{"agreement":null,"number":null,"letter":null,"date_from":null,"date_to":null,"policy":null,"approved_by":null,"approved_date":null,"id_user":"2","name":"ANA","last_name":"L\u00d3PEZ","identification":"987654321","email":"ana@example.com","phone":null,"address":null,"trust":null,"email_del_trust":null,"telephone_del_trust":null,"bank":null,"swift":null,"aba":null,"iban":null,"account":null,"password_hash":"$2y$10$xdHFXhYoOaUbqjip72qvj.3489G7unuXyD7gHL\/XTwcUsDTFyMj6G","date_registration":"2025-06-23 14:23:58","login_attempts":"0","last_login_attempt":null,"status":"active","role_id":"2","balance":"0.00","principal":"5000.00","rate":"3.50","compoundingPeriods":"2","time":"6","role_name":"CLIENT"}],"roles":[{"role_name":"ADMIN","role_description":"ADMINISTRADOR CON ACCESO COMPLETO","created_at":"2025-06-23 14:23:58","id_role":"1"},{"role_name":"CLIENT","role_description":"USUARIO CON PERMISOS DE EDICI\u00d3N","created_at":"2025-06-23 14:23:58","id_role":"2"}]}
INFO - 2025-06-26 16:39:08 --> Session: Class initialized using 'CodeIgniter\Session\Handlers\FileHandler' driver.
INFO - 2025-06-26 16:39:08 --> Datos recogidos de LA BASE DE DATOS: {"users":[{"agreement":null,"number":null,"letter":null,"date_from":null,"date_to":null,"policy":null,"approved_by":null,"approved_date":null,"id_user":"2","name":"ANA","last_name":"L\u00d3PEZ","identification":"987654321","email":"ana@example.com","phone":null,"address":null,"trust":null,"email_del_trust":null,"telephone_del_trust":null,"bank":null,"swift":null,"aba":null,"iban":null,"account":null,"password_hash":"$2y$10$xdHFXhYoOaUbqjip72qvj.3489G7unuXyD7gHL\/XTwcUsDTFyMj6G","date_registration":"2025-06-23 14:23:58","login_attempts":"0","last_login_attempt":null,"status":"active","role_id":"2","balance":"0.00","principal":"5000.00","rate":"3.50","compoundingPeriods":"2","time":"6","role_name":"CLIENT"}],"roles":[{"role_name":"ADMIN","role_description":"ADMINISTRADOR CON ACCESO COMPLETO","created_at":"2025-06-23 14:23:58","id_role":"1"},{"role_name":"CLIENT","role_description":"USUARIO CON PERMISOS DE EDICI\u00d3N","created_at":"2025-06-23 14:23:58","id_role":"2"}]}
INFO - 2025-06-26 16:39:26 --> Session: Class initialized using 'CodeIgniter\Session\Handlers\FileHandler' driver.
INFO - 2025-06-26 16:39:26 --> Iniciando el método addUser()
INFO - 2025-06-26 16:39:26 --> Reglas de validación definidas.
INFO - 2025-06-26 16:39:26 --> Validación exitosa.
INFO - 2025-06-26 16:39:26 --> Datos recogidos del formulario: {"name":"JUAN ","last_name":"BONET","identification":"12345678","email":"juanb@gmail.com","phone":"3123823590","address":"COLINAS DE LA FLORIDA","trust":"","email_del_trust":"","telephone_del_trust":"","bank":"NUBANK","swift":"ASD","aba":"ASDASDAD","iban":"ADASDS","account":"ASDASD","role_id":"2","status":"active","password_hash":"$2y$10$HtTbHSbnbanyflWO1f2MNuo0PkviNQSk5rrk5K2v.srcXgfn7VE5e","balance":7812.5,"rate":0.5,"compoundingPeriods":2,"time":1,"principal":5000,"agreement":"","number":"","letter":"","policy":"","date_from":"","date_to":"","approved_by":"","approved_date":"","date_registration":"2025-06-26 16:39:26"}
INFO - 2025-06-26 16:39:26 --> Configuración SMTP obtenida: 
INFO - 2025-06-26 16:39:26 --> Configuración SMTP obtenida en librari: Array
(
)

ERROR - 2025-06-26 16:39:26 --> Faltan campos requeridos en la configuración SMTP.
INFO - 2025-06-26 16:39:26 --> Session: Class initialized using 'CodeIgniter\Session\Handlers\FileHandler' driver.
INFO - 2025-06-26 16:39:26 --> Datos recogidos de LA BASE DE DATOS: {"users":[{"agreement":null,"number":null,"letter":null,"date_from":null,"date_to":null,"policy":null,"approved_by":null,"approved_date":null,"id_user":"2","name":"ANA","last_name":"L\u00d3PEZ","identification":"987654321","email":"ana@example.com","phone":null,"address":null,"trust":null,"email_del_trust":null,"telephone_del_trust":null,"bank":null,"swift":null,"aba":null,"iban":null,"account":null,"password_hash":"$2y$10$xdHFXhYoOaUbqjip72qvj.3489G7unuXyD7gHL\/XTwcUsDTFyMj6G","date_registration":"2025-06-23 14:23:58","login_attempts":"0","last_login_attempt":null,"status":"active","role_id":"2","balance":"0.00","principal":"5000.00","rate":"3.50","compoundingPeriods":"2","time":"6","role_name":"CLIENT"},{"agreement":"","number":"0","letter":"","date_from":"0000-00-00","date_to":"0000-00-00","policy":"","approved_by":"","approved_date":"0000-00-00","id_user":"4","name":"JUAN ","last_name":"BONET","identification":"12345678","email":"juanb@gmail.com","phone":"3123823590","address":"COLINAS DE LA FLORIDA","trust":"","email_del_trust":"","telephone_del_trust":"","bank":"NUBANK","swift":"ASD","aba":"ASDASDAD","iban":"ADASDS","account":"ASDASD","password_hash":"$2y$10$HtTbHSbnbanyflWO1f2MNuo0PkviNQSk5rrk5K2v.srcXgfn7VE5e","date_registration":"2025-06-26 16:39:26","login_attempts":"0","last_login_attempt":null,"status":"active","role_id":"2","balance":"7812.50","principal":"5000.00","rate":"0.50","compoundingPeriods":"2","time":"1","role_name":"CLIENT"}],"roles":[{"role_name":"ADMIN","role_description":"ADMINISTRADOR CON ACCESO COMPLETO","created_at":"2025-06-23 14:23:58","id_role":"1"},{"role_name":"CLIENT","role_description":"USUARIO CON PERMISOS DE EDICI\u00d3N","created_at":"2025-06-23 14:23:58","id_role":"2"}]}
INFO - 2025-06-26 16:39:26 --> Session: Class initialized using 'CodeIgniter\Session\Handlers\FileHandler' driver.
INFO - 2025-06-26 16:39:26 --> Datos recogidos de LA BASE DE DATOS: {"users":[{"agreement":null,"number":null,"letter":null,"date_from":null,"date_to":null,"policy":null,"approved_by":null,"approved_date":null,"id_user":"2","name":"ANA","last_name":"L\u00d3PEZ","identification":"987654321","email":"ana@example.com","phone":null,"address":null,"trust":null,"email_del_trust":null,"telephone_del_trust":null,"bank":null,"swift":null,"aba":null,"iban":null,"account":null,"password_hash":"$2y$10$xdHFXhYoOaUbqjip72qvj.3489G7unuXyD7gHL\/XTwcUsDTFyMj6G","date_registration":"2025-06-23 14:23:58","login_attempts":"0","last_login_attempt":null,"status":"active","role_id":"2","balance":"0.00","principal":"5000.00","rate":"3.50","compoundingPeriods":"2","time":"6","role_name":"CLIENT"},{"agreement":"","number":"0","letter":"","date_from":"0000-00-00","date_to":"0000-00-00","policy":"","approved_by":"","approved_date":"0000-00-00","id_user":"4","name":"JUAN ","last_name":"BONET","identification":"12345678","email":"juanb@gmail.com","phone":"3123823590","address":"COLINAS DE LA FLORIDA","trust":"","email_del_trust":"","telephone_del_trust":"","bank":"NUBANK","swift":"ASD","aba":"ASDASDAD","iban":"ADASDS","account":"ASDASD","password_hash":"$2y$10$HtTbHSbnbanyflWO1f2MNuo0PkviNQSk5rrk5K2v.srcXgfn7VE5e","date_registration":"2025-06-26 16:39:26","login_attempts":"0","last_login_attempt":null,"status":"active","role_id":"2","balance":"7812.50","principal":"5000.00","rate":"0.50","compoundingPeriods":"2","time":"1","role_name":"CLIENT"}],"roles":[{"role_name":"ADMIN","role_description":"ADMINISTRADOR CON ACCESO COMPLETO","created_at":"2025-06-23 14:23:58","id_role":"1"},{"role_name":"CLIENT","role_description":"USUARIO CON PERMISOS DE EDICI\u00d3N","created_at":"2025-06-23 14:23:58","id_role":"2"}]}
INFO - 2025-06-26 16:39:41 --> Session: Class initialized using 'CodeIgniter\Session\Handlers\FileHandler' driver.
INFO - 2025-06-26 16:39:44 --> Session: Class initialized using 'CodeIgniter\Session\Handlers\FileHandler' driver.
INFO - 2025-06-26 16:39:44 --> Usuario autenticado con role_id: 
INFO - 2025-06-26 16:40:48 --> Session: Class initialized using 'CodeIgniter\Session\Handlers\FileHandler' driver.
INFO - 2025-06-26 16:40:48 --> Iniciando el método getUserById() con ID: 4
INFO - 2025-06-26 16:40:48 --> Usuario encontrado: {"agreement":"","number":"0","letter":"","date_from":"0000-00-00","date_to":"0000-00-00","policy":"","approved_by":"","approved_date":"0000-00-00","name":"JUAN ","last_name":"BONET","identification":"12345678","email":"juanb@gmail.com","phone":"3123823590","address":"COLINAS DE LA FLORIDA","trust":"","email_del_trust":"","telephone_del_trust":"","bank":"NUBANK","swift":"ASD","aba":"ASDASDAD","iban":"ADASDS","account":"ASDASD","password_hash":"$2y$10$HtTbHSbnbanyflWO1f2MNuo0PkviNQSk5rrk5K2v.srcXgfn7VE5e","date_registration":"2025-06-26 16:39:26","login_attempts":"0","last_login_attempt":null,"status":"active","role_id":"2","balance":"7812.50","principal":"5000.00","rate":"0.50","compoundingPeriods":"2","time":"1","id_user":"4"}
INFO - 2025-06-26 16:40:53 --> Session: Class initialized using 'CodeIgniter\Session\Handlers\FileHandler' driver.
INFO - 2025-06-26 16:40:53 --> Datos recogidos de LA BASE DE DATOS: {"users":[{"agreement":null,"number":null,"letter":null,"date_from":null,"date_to":null,"policy":null,"approved_by":null,"approved_date":null,"id_user":"2","name":"ANA","last_name":"L\u00d3PEZ","identification":"987654321","email":"ana@example.com","phone":null,"address":null,"trust":null,"email_del_trust":null,"telephone_del_trust":null,"bank":null,"swift":null,"aba":null,"iban":null,"account":null,"password_hash":"$2y$10$xdHFXhYoOaUbqjip72qvj.3489G7unuXyD7gHL\/XTwcUsDTFyMj6G","date_registration":"2025-06-23 14:23:58","login_attempts":"0","last_login_attempt":null,"status":"active","role_id":"2","balance":"0.00","principal":"5000.00","rate":"3.50","compoundingPeriods":"2","time":"6","role_name":"CLIENT"},{"agreement":"","number":"0","letter":"","date_from":"0000-00-00","date_to":"0000-00-00","policy":"","approved_by":"","approved_date":"0000-00-00","id_user":"4","name":"JUAN ","last_name":"BONET","identification":"12345678","email":"juanb@gmail.com","phone":"3123823590","address":"COLINAS DE LA FLORIDA","trust":"","email_del_trust":"","telephone_del_trust":"","bank":"NUBANK","swift":"ASD","aba":"ASDASDAD","iban":"ADASDS","account":"ASDASD","password_hash":"$2y$10$HtTbHSbnbanyflWO1f2MNuo0PkviNQSk5rrk5K2v.srcXgfn7VE5e","date_registration":"2025-06-26 16:39:26","login_attempts":"0","last_login_attempt":null,"status":"active","role_id":"2","balance":"7812.50","principal":"5000.00","rate":"0.50","compoundingPeriods":"2","time":"1","role_name":"CLIENT"}],"roles":[{"role_name":"ADMIN","role_description":"ADMINISTRADOR CON ACCESO COMPLETO","created_at":"2025-06-23 14:23:58","id_role":"1"},{"role_name":"CLIENT","role_description":"USUARIO CON PERMISOS DE EDICI\u00d3N","created_at":"2025-06-23 14:23:58","id_role":"2"}]}
INFO - 2025-06-26 16:40:54 --> Session: Class initialized using 'CodeIgniter\Session\Handlers\FileHandler' driver.
INFO - 2025-06-26 16:40:54 --> Datos recogidos de LA BASE DE DATOS: {"users":[{"agreement":null,"number":null,"letter":null,"date_from":null,"date_to":null,"policy":null,"approved_by":null,"approved_date":null,"id_user":"2","name":"ANA","last_name":"L\u00d3PEZ","identification":"987654321","email":"ana@example.com","phone":null,"address":null,"trust":null,"email_del_trust":null,"telephone_del_trust":null,"bank":null,"swift":null,"aba":null,"iban":null,"account":null,"password_hash":"$2y$10$xdHFXhYoOaUbqjip72qvj.3489G7unuXyD7gHL\/XTwcUsDTFyMj6G","date_registration":"2025-06-23 14:23:58","login_attempts":"0","last_login_attempt":null,"status":"active","role_id":"2","balance":"0.00","principal":"5000.00","rate":"3.50","compoundingPeriods":"2","time":"6","role_name":"CLIENT"},{"agreement":"","number":"0","letter":"","date_from":"0000-00-00","date_to":"0000-00-00","policy":"","approved_by":"","approved_date":"0000-00-00","id_user":"4","name":"JUAN ","last_name":"BONET","identification":"12345678","email":"juanb@gmail.com","phone":"3123823590","address":"COLINAS DE LA FLORIDA","trust":"","email_del_trust":"","telephone_del_trust":"","bank":"NUBANK","swift":"ASD","aba":"ASDASDAD","iban":"ADASDS","account":"ASDASD","password_hash":"$2y$10$HtTbHSbnbanyflWO1f2MNuo0PkviNQSk5rrk5K2v.srcXgfn7VE5e","date_registration":"2025-06-26 16:39:26","login_attempts":"0","last_login_attempt":null,"status":"active","role_id":"2","balance":"7812.50","principal":"5000.00","rate":"0.50","compoundingPeriods":"2","time":"1","role_name":"CLIENT"}],"roles":[{"role_name":"ADMIN","role_description":"ADMINISTRADOR CON ACCESO COMPLETO","created_at":"2025-06-23 14:23:58","id_role":"1"},{"role_name":"CLIENT","role_description":"USUARIO CON PERMISOS DE EDICI\u00d3N","created_at":"2025-06-23 14:23:58","id_role":"2"}]}
INFO - 2025-06-26 16:40:54 --> Session: Class initialized using 'CodeIgniter\Session\Handlers\FileHandler' driver.
INFO - 2025-06-26 16:40:54 --> Iniciando el método getUserById() con ID: 4
INFO - 2025-06-26 16:40:54 --> Usuario encontrado: {"agreement":"","number":"0","letter":"","date_from":"0000-00-00","date_to":"0000-00-00","policy":"","approved_by":"","approved_date":"0000-00-00","name":"JUAN ","last_name":"BONET","identification":"12345678","email":"juanb@gmail.com","phone":"3123823590","address":"COLINAS DE LA FLORIDA","trust":"","email_del_trust":"","telephone_del_trust":"","bank":"NUBANK","swift":"ASD","aba":"ASDASDAD","iban":"ADASDS","account":"ASDASD","password_hash":"$2y$10$HtTbHSbnbanyflWO1f2MNuo0PkviNQSk5rrk5K2v.srcXgfn7VE5e","date_registration":"2025-06-26 16:39:26","login_attempts":"0","last_login_attempt":null,"status":"active","role_id":"2","balance":"7812.50","principal":"5000.00","rate":"0.50","compoundingPeriods":"2","time":"1","id_user":"4"}
INFO - 2025-06-26 16:41:09 --> Session: Class initialized using 'CodeIgniter\Session\Handlers\FileHandler' driver.
INFO - 2025-06-26 16:41:09 --> Datos recogidos de LA BASE DE DATOS: {"users":[{"agreement":null,"number":null,"letter":null,"date_from":null,"date_to":null,"policy":null,"approved_by":null,"approved_date":null,"id_user":"2","name":"ANA","last_name":"L\u00d3PEZ","identification":"987654321","email":"ana@example.com","phone":null,"address":null,"trust":null,"email_del_trust":null,"telephone_del_trust":null,"bank":null,"swift":null,"aba":null,"iban":null,"account":null,"password_hash":"$2y$10$xdHFXhYoOaUbqjip72qvj.3489G7unuXyD7gHL\/XTwcUsDTFyMj6G","date_registration":"2025-06-23 14:23:58","login_attempts":"0","last_login_attempt":null,"status":"active","role_id":"2","balance":"0.00","principal":"5000.00","rate":"3.50","compoundingPeriods":"2","time":"6","role_name":"CLIENT"},{"agreement":"","number":"0","letter":"","date_from":"0000-00-00","date_to":"0000-00-00","policy":"","approved_by":"","approved_date":"0000-00-00","id_user":"4","name":"JUAN ","last_name":"BONET","identification":"12345678","email":"juanb@gmail.com","phone":"3123823590","address":"COLINAS DE LA FLORIDA","trust":"","email_del_trust":"","telephone_del_trust":"","bank":"NUBANK","swift":"ASD","aba":"ASDASDAD","iban":"ADASDS","account":"ASDASD","password_hash":"$2y$10$HtTbHSbnbanyflWO1f2MNuo0PkviNQSk5rrk5K2v.srcXgfn7VE5e","date_registration":"2025-06-26 16:39:26","login_attempts":"0","last_login_attempt":null,"status":"active","role_id":"2","balance":"7812.50","principal":"5000.00","rate":"0.50","compoundingPeriods":"2","time":"1","role_name":"CLIENT"}],"roles":[{"role_name":"ADMIN","role_description":"ADMINISTRADOR CON ACCESO COMPLETO","created_at":"2025-06-23 14:23:58","id_role":"1"},{"role_name":"CLIENT","role_description":"USUARIO CON PERMISOS DE EDICI\u00d3N","created_at":"2025-06-23 14:23:58","id_role":"2"}]}
INFO - 2025-06-26 16:41:09 --> Session: Class initialized using 'CodeIgniter\Session\Handlers\FileHandler' driver.
INFO - 2025-06-26 16:41:09 --> Datos recogidos de LA BASE DE DATOS: {"users":[{"agreement":null,"number":null,"letter":null,"date_from":null,"date_to":null,"policy":null,"approved_by":null,"approved_date":null,"id_user":"2","name":"ANA","last_name":"L\u00d3PEZ","identification":"987654321","email":"ana@example.com","phone":null,"address":null,"trust":null,"email_del_trust":null,"telephone_del_trust":null,"bank":null,"swift":null,"aba":null,"iban":null,"account":null,"password_hash":"$2y$10$xdHFXhYoOaUbqjip72qvj.3489G7unuXyD7gHL\/XTwcUsDTFyMj6G","date_registration":"2025-06-23 14:23:58","login_attempts":"0","last_login_attempt":null,"status":"active","role_id":"2","balance":"0.00","principal":"5000.00","rate":"3.50","compoundingPeriods":"2","time":"6","role_name":"CLIENT"},{"agreement":"","number":"0","letter":"","date_from":"0000-00-00","date_to":"0000-00-00","policy":"","approved_by":"","approved_date":"0000-00-00","id_user":"4","name":"JUAN ","last_name":"BONET","identification":"12345678","email":"juanb@gmail.com","phone":"3123823590","address":"COLINAS DE LA FLORIDA","trust":"","email_del_trust":"","telephone_del_trust":"","bank":"NUBANK","swift":"ASD","aba":"ASDASDAD","iban":"ADASDS","account":"ASDASD","password_hash":"$2y$10$HtTbHSbnbanyflWO1f2MNuo0PkviNQSk5rrk5K2v.srcXgfn7VE5e","date_registration":"2025-06-26 16:39:26","login_attempts":"0","last_login_attempt":null,"status":"active","role_id":"2","balance":"7812.50","principal":"5000.00","rate":"0.50","compoundingPeriods":"2","time":"1","role_name":"CLIENT"}],"roles":[{"role_name":"ADMIN","role_description":"ADMINISTRADOR CON ACCESO COMPLETO","created_at":"2025-06-23 14:23:58","id_role":"1"},{"role_name":"CLIENT","role_description":"USUARIO CON PERMISOS DE EDICI\u00d3N","created_at":"2025-06-23 14:23:58","id_role":"2"}]}
INFO - 2025-06-26 16:41:12 --> Session: Class initialized using 'CodeIgniter\Session\Handlers\FileHandler' driver.
INFO - 2025-06-26 16:41:12 --> Iniciando el método getUserById() con ID: 4
INFO - 2025-06-26 16:41:12 --> Usuario encontrado: {"agreement":"","number":"0","letter":"","date_from":"0000-00-00","date_to":"0000-00-00","policy":"","approved_by":"","approved_date":"0000-00-00","name":"JUAN ","last_name":"BONET","identification":"12345678","email":"juanb@gmail.com","phone":"3123823590","address":"COLINAS DE LA FLORIDA","trust":"","email_del_trust":"","telephone_del_trust":"","bank":"NUBANK","swift":"ASD","aba":"ASDASDAD","iban":"ADASDS","account":"ASDASD","password_hash":"$2y$10$HtTbHSbnbanyflWO1f2MNuo0PkviNQSk5rrk5K2v.srcXgfn7VE5e","date_registration":"2025-06-26 16:39:26","login_attempts":"0","last_login_attempt":null,"status":"active","role_id":"2","balance":"7812.50","principal":"5000.00","rate":"0.50","compoundingPeriods":"2","time":"1","id_user":"4"}
INFO - 2025-06-26 16:41:14 --> Session: Class initialized using 'CodeIgniter\Session\Handlers\FileHandler' driver.
INFO - 2025-06-26 16:41:14 --> Datos recogidos de LA BASE DE DATOS: {"users":[{"agreement":null,"number":null,"letter":null,"date_from":null,"date_to":null,"policy":null,"approved_by":null,"approved_date":null,"id_user":"2","name":"ANA","last_name":"L\u00d3PEZ","identification":"987654321","email":"ana@example.com","phone":null,"address":null,"trust":null,"email_del_trust":null,"telephone_del_trust":null,"bank":null,"swift":null,"aba":null,"iban":null,"account":null,"password_hash":"$2y$10$xdHFXhYoOaUbqjip72qvj.3489G7unuXyD7gHL\/XTwcUsDTFyMj6G","date_registration":"2025-06-23 14:23:58","login_attempts":"0","last_login_attempt":null,"status":"active","role_id":"2","balance":"0.00","principal":"5000.00","rate":"3.50","compoundingPeriods":"2","time":"6","role_name":"CLIENT"},{"agreement":"","number":"0","letter":"","date_from":"0000-00-00","date_to":"0000-00-00","policy":"","approved_by":"","approved_date":"0000-00-00","id_user":"4","name":"JUAN ","last_name":"BONET","identification":"12345678","email":"juanb@gmail.com","phone":"3123823590","address":"COLINAS DE LA FLORIDA","trust":"","email_del_trust":"","telephone_del_trust":"","bank":"NUBANK","swift":"ASD","aba":"ASDASDAD","iban":"ADASDS","account":"ASDASD","password_hash":"$2y$10$HtTbHSbnbanyflWO1f2MNuo0PkviNQSk5rrk5K2v.srcXgfn7VE5e","date_registration":"2025-06-26 16:39:26","login_attempts":"0","last_login_attempt":null,"status":"active","role_id":"2","balance":"7812.50","principal":"5000.00","rate":"0.50","compoundingPeriods":"2","time":"1","role_name":"CLIENT"}],"roles":[{"role_name":"ADMIN","role_description":"ADMINISTRADOR CON ACCESO COMPLETO","created_at":"2025-06-23 14:23:58","id_role":"1"},{"role_name":"CLIENT","role_description":"USUARIO CON PERMISOS DE EDICI\u00d3N","created_at":"2025-06-23 14:23:58","id_role":"2"}]}
INFO - 2025-06-26 16:41:14 --> Session: Class initialized using 'CodeIgniter\Session\Handlers\FileHandler' driver.
INFO - 2025-06-26 16:41:14 --> Datos recogidos de LA BASE DE DATOS: {"users":[{"agreement":null,"number":null,"letter":null,"date_from":null,"date_to":null,"policy":null,"approved_by":null,"approved_date":null,"id_user":"2","name":"ANA","last_name":"L\u00d3PEZ","identification":"987654321","email":"ana@example.com","phone":null,"address":null,"trust":null,"email_del_trust":null,"telephone_del_trust":null,"bank":null,"swift":null,"aba":null,"iban":null,"account":null,"password_hash":"$2y$10$xdHFXhYoOaUbqjip72qvj.3489G7unuXyD7gHL\/XTwcUsDTFyMj6G","date_registration":"2025-06-23 14:23:58","login_attempts":"0","last_login_attempt":null,"status":"active","role_id":"2","balance":"0.00","principal":"5000.00","rate":"3.50","compoundingPeriods":"2","time":"6","role_name":"CLIENT"},{"agreement":"","number":"0","letter":"","date_from":"0000-00-00","date_to":"0000-00-00","policy":"","approved_by":"","approved_date":"0000-00-00","id_user":"4","name":"JUAN ","last_name":"BONET","identification":"12345678","email":"juanb@gmail.com","phone":"3123823590","address":"COLINAS DE LA FLORIDA","trust":"","email_del_trust":"","telephone_del_trust":"","bank":"NUBANK","swift":"ASD","aba":"ASDASDAD","iban":"ADASDS","account":"ASDASD","password_hash":"$2y$10$HtTbHSbnbanyflWO1f2MNuo0PkviNQSk5rrk5K2v.srcXgfn7VE5e","date_registration":"2025-06-26 16:39:26","login_attempts":"0","last_login_attempt":null,"status":"active","role_id":"2","balance":"7812.50","principal":"5000.00","rate":"0.50","compoundingPeriods":"2","time":"1","role_name":"CLIENT"}],"roles":[{"role_name":"ADMIN","role_description":"ADMINISTRADOR CON ACCESO COMPLETO","created_at":"2025-06-23 14:23:58","id_role":"1"},{"role_name":"CLIENT","role_description":"USUARIO CON PERMISOS DE EDICI\u00d3N","created_at":"2025-06-23 14:23:58","id_role":"2"}]}
INFO - 2025-06-26 16:41:17 --> Session: Class initialized using 'CodeIgniter\Session\Handlers\FileHandler' driver.
INFO - 2025-06-26 16:41:17 --> Iniciando el método getUserById() con ID: 4
INFO - 2025-06-26 16:41:17 --> Usuario encontrado: {"agreement":"","number":"0","letter":"","date_from":"0000-00-00","date_to":"0000-00-00","policy":"","approved_by":"","approved_date":"0000-00-00","name":"JUAN ","last_name":"BONET","identification":"12345678","email":"juanb@gmail.com","phone":"3123823590","address":"COLINAS DE LA FLORIDA","trust":"","email_del_trust":"","telephone_del_trust":"","bank":"NUBANK","swift":"ASD","aba":"ASDASDAD","iban":"ADASDS","account":"ASDASD","password_hash":"$2y$10$HtTbHSbnbanyflWO1f2MNuo0PkviNQSk5rrk5K2v.srcXgfn7VE5e","date_registration":"2025-06-26 16:39:26","login_attempts":"0","last_login_attempt":null,"status":"active","role_id":"2","balance":"7812.50","principal":"5000.00","rate":"0.50","compoundingPeriods":"2","time":"1","id_user":"4"}
INFO - 2025-06-26 16:41:25 --> Session: Class initialized using 'CodeIgniter\Session\Handlers\FileHandler' driver.
INFO - 2025-06-26 16:41:25 --> Validation rules defined.
INFO - 2025-06-26 16:41:25 --> Validation successful.
INFO - 2025-06-26 16:41:25 --> Session: Class initialized using 'CodeIgniter\Session\Handlers\FileHandler' driver.
INFO - 2025-06-26 16:41:25 --> Datos recogidos de LA BASE DE DATOS: {"users":[{"agreement":null,"number":null,"letter":null,"date_from":null,"date_to":null,"policy":null,"approved_by":null,"approved_date":null,"id_user":"2","name":"ANA","last_name":"L\u00d3PEZ","identification":"987654321","email":"ana@example.com","phone":null,"address":null,"trust":null,"email_del_trust":null,"telephone_del_trust":null,"bank":null,"swift":null,"aba":null,"iban":null,"account":null,"password_hash":"$2y$10$xdHFXhYoOaUbqjip72qvj.3489G7unuXyD7gHL\/XTwcUsDTFyMj6G","date_registration":"2025-06-23 14:23:58","login_attempts":"0","last_login_attempt":null,"status":"active","role_id":"2","balance":"0.00","principal":"5000.00","rate":"3.50","compoundingPeriods":"2","time":"6","role_name":"CLIENT"},{"agreement":"","number":"0","letter":"","date_from":"0000-00-00","date_to":"0000-00-00","policy":"","approved_by":"","approved_date":"0000-00-00","id_user":"4","name":"JUAN ","last_name":"BONET","identification":"12345678","email":"juanseboneth221299@gmail.com","phone":"3123823590","address":"COLINAS DE LA FLORIDA","trust":"","email_del_trust":"","telephone_del_trust":"","bank":"NUBANK","swift":"ASD","aba":"ASDASDAD","iban":"ADASDS","account":"ASDASD","password_hash":"$2y$10$HtTbHSbnbanyflWO1f2MNuo0PkviNQSk5rrk5K2v.srcXgfn7VE5e","date_registration":"2025-06-26 16:39:26","login_attempts":"0","last_login_attempt":null,"status":"active","role_id":"2","balance":"7812.50","principal":"5000.00","rate":"0.50","compoundingPeriods":"2","time":"1","role_name":"CLIENT"}],"roles":[{"role_name":"ADMIN","role_description":"ADMINISTRADOR CON ACCESO COMPLETO","created_at":"2025-06-23 14:23:58","id_role":"1"},{"role_name":"CLIENT","role_description":"USUARIO CON PERMISOS DE EDICI\u00d3N","created_at":"2025-06-23 14:23:58","id_role":"2"}]}
INFO - 2025-06-26 16:41:25 --> Session: Class initialized using 'CodeIgniter\Session\Handlers\FileHandler' driver.
INFO - 2025-06-26 16:41:25 --> Datos recogidos de LA BASE DE DATOS: {"users":[{"agreement":null,"number":null,"letter":null,"date_from":null,"date_to":null,"policy":null,"approved_by":null,"approved_date":null,"id_user":"2","name":"ANA","last_name":"L\u00d3PEZ","identification":"987654321","email":"ana@example.com","phone":null,"address":null,"trust":null,"email_del_trust":null,"telephone_del_trust":null,"bank":null,"swift":null,"aba":null,"iban":null,"account":null,"password_hash":"$2y$10$xdHFXhYoOaUbqjip72qvj.3489G7unuXyD7gHL\/XTwcUsDTFyMj6G","date_registration":"2025-06-23 14:23:58","login_attempts":"0","last_login_attempt":null,"status":"active","role_id":"2","balance":"0.00","principal":"5000.00","rate":"3.50","compoundingPeriods":"2","time":"6","role_name":"CLIENT"},{"agreement":"","number":"0","letter":"","date_from":"0000-00-00","date_to":"0000-00-00","policy":"","approved_by":"","approved_date":"0000-00-00","id_user":"4","name":"JUAN ","last_name":"BONET","identification":"12345678","email":"juanseboneth221299@gmail.com","phone":"3123823590","address":"COLINAS DE LA FLORIDA","trust":"","email_del_trust":"","telephone_del_trust":"","bank":"NUBANK","swift":"ASD","aba":"ASDASDAD","iban":"ADASDS","account":"ASDASD","password_hash":"$2y$10$HtTbHSbnbanyflWO1f2MNuo0PkviNQSk5rrk5K2v.srcXgfn7VE5e","date_registration":"2025-06-26 16:39:26","login_attempts":"0","last_login_attempt":null,"status":"active","role_id":"2","balance":"7812.50","principal":"5000.00","rate":"0.50","compoundingPeriods":"2","time":"1","role_name":"CLIENT"}],"roles":[{"role_name":"ADMIN","role_description":"ADMINISTRADOR CON ACCESO COMPLETO","created_at":"2025-06-23 14:23:58","id_role":"1"},{"role_name":"CLIENT","role_description":"USUARIO CON PERMISOS DE EDICI\u00d3N","created_at":"2025-06-23 14:23:58","id_role":"2"}]}
INFO - 2025-06-26 16:41:49 --> Session: Class initialized using 'CodeIgniter\Session\Handlers\FileHandler' driver.
INFO - 2025-06-26 16:41:49 --> Iniciando el método getUserById() con ID: 4
INFO - 2025-06-26 16:41:49 --> Usuario encontrado: {"agreement":"","number":"0","letter":"","date_from":"0000-00-00","date_to":"0000-00-00","policy":"","approved_by":"","approved_date":"0000-00-00","name":"JUAN ","last_name":"BONET","identification":"12345678","email":"juanseboneth221299@gmail.com","phone":"3123823590","address":"COLINAS DE LA FLORIDA","trust":"","email_del_trust":"","telephone_del_trust":"","bank":"NUBANK","swift":"ASD","aba":"ASDASDAD","iban":"ADASDS","account":"ASDASD","password_hash":"$2y$10$HtTbHSbnbanyflWO1f2MNuo0PkviNQSk5rrk5K2v.srcXgfn7VE5e","date_registration":"2025-06-26 16:39:26","login_attempts":"0","last_login_attempt":null,"status":"active","role_id":"2","balance":"7812.50","principal":"5000.00","rate":"0.50","compoundingPeriods":"2","time":"1","id_user":"4"}
INFO - 2025-06-26 16:41:53 --> Session: Class initialized using 'CodeIgniter\Session\Handlers\FileHandler' driver.
INFO - 2025-06-26 16:41:53 --> Iniciando el método getUserById() con ID: 4
INFO - 2025-06-26 16:41:53 --> Usuario encontrado: {"agreement":"","number":"0","letter":"","date_from":"0000-00-00","date_to":"0000-00-00","policy":"","approved_by":"","approved_date":"0000-00-00","name":"JUAN ","last_name":"BONET","identification":"12345678","email":"juanseboneth221299@gmail.com","phone":"3123823590","address":"COLINAS DE LA FLORIDA","trust":"","email_del_trust":"","telephone_del_trust":"","bank":"NUBANK","swift":"ASD","aba":"ASDASDAD","iban":"ADASDS","account":"ASDASD","password_hash":"$2y$10$HtTbHSbnbanyflWO1f2MNuo0PkviNQSk5rrk5K2v.srcXgfn7VE5e","date_registration":"2025-06-26 16:39:26","login_attempts":"0","last_login_attempt":null,"status":"active","role_id":"2","balance":"7812.50","principal":"5000.00","rate":"0.50","compoundingPeriods":"2","time":"1","id_user":"4"}
INFO - 2025-06-26 16:41:54 --> Session: Class initialized using 'CodeIgniter\Session\Handlers\FileHandler' driver.
INFO - 2025-06-26 16:41:54 --> Iniciando el método getUserById() con ID: 4
INFO - 2025-06-26 16:41:54 --> Usuario encontrado: {"agreement":"","number":"0","letter":"","date_from":"0000-00-00","date_to":"0000-00-00","policy":"","approved_by":"","approved_date":"0000-00-00","name":"JUAN ","last_name":"BONET","identification":"12345678","email":"juanseboneth221299@gmail.com","phone":"3123823590","address":"COLINAS DE LA FLORIDA","trust":"","email_del_trust":"","telephone_del_trust":"","bank":"NUBANK","swift":"ASD","aba":"ASDASDAD","iban":"ADASDS","account":"ASDASD","password_hash":"$2y$10$HtTbHSbnbanyflWO1f2MNuo0PkviNQSk5rrk5K2v.srcXgfn7VE5e","date_registration":"2025-06-26 16:39:26","login_attempts":"0","last_login_attempt":null,"status":"active","role_id":"2","balance":"7812.50","principal":"5000.00","rate":"0.50","compoundingPeriods":"2","time":"1","id_user":"4"}
INFO - 2025-06-26 16:42:04 --> Session: Class initialized using 'CodeIgniter\Session\Handlers\FileHandler' driver.
INFO - 2025-06-26 16:42:04 --> Validation rules defined.
INFO - 2025-06-26 16:42:04 --> Validation successful.
INFO - 2025-06-26 16:42:04 --> Session: Class initialized using 'CodeIgniter\Session\Handlers\FileHandler' driver.
INFO - 2025-06-26 16:42:04 --> Datos recogidos de LA BASE DE DATOS: {"users":[{"agreement":null,"number":null,"letter":null,"date_from":null,"date_to":null,"policy":null,"approved_by":null,"approved_date":null,"id_user":"2","name":"ANA","last_name":"L\u00d3PEZ","identification":"987654321","email":"ana@example.com","phone":null,"address":null,"trust":null,"email_del_trust":null,"telephone_del_trust":null,"bank":null,"swift":null,"aba":null,"iban":null,"account":null,"password_hash":"$2y$10$xdHFXhYoOaUbqjip72qvj.3489G7unuXyD7gHL\/XTwcUsDTFyMj6G","date_registration":"2025-06-23 14:23:58","login_attempts":"0","last_login_attempt":null,"status":"active","role_id":"2","balance":"0.00","principal":"5000.00","rate":"3.50","compoundingPeriods":"2","time":"6","role_name":"CLIENT"},{"agreement":"","number":"0","letter":"","date_from":"0000-00-00","date_to":"0000-00-00","policy":"","approved_by":"","approved_date":"0000-00-00","id_user":"4","name":"JUAN ","last_name":"BONET","identification":"12345678","email":"juanb@gmail.com","phone":"3123823590","address":"COLINAS DE LA FLORIDA","trust":"","email_del_trust":"","telephone_del_trust":"","bank":"NUBANK","swift":"ASD","aba":"ASDASDAD","iban":"ADASDS","account":"ASDASD","password_hash":"$2y$10$HtTbHSbnbanyflWO1f2MNuo0PkviNQSk5rrk5K2v.srcXgfn7VE5e","date_registration":"2025-06-26 16:39:26","login_attempts":"0","last_login_attempt":null,"status":"active","role_id":"2","balance":"7812.50","principal":"5000.00","rate":"0.50","compoundingPeriods":"2","time":"1","role_name":"CLIENT"}],"roles":[{"role_name":"ADMIN","role_description":"ADMINISTRADOR CON ACCESO COMPLETO","created_at":"2025-06-23 14:23:58","id_role":"1"},{"role_name":"CLIENT","role_description":"USUARIO CON PERMISOS DE EDICI\u00d3N","created_at":"2025-06-23 14:23:58","id_role":"2"}]}
INFO - 2025-06-26 16:42:04 --> Session: Class initialized using 'CodeIgniter\Session\Handlers\FileHandler' driver.
INFO - 2025-06-26 16:42:04 --> Datos recogidos de LA BASE DE DATOS: {"users":[{"agreement":null,"number":null,"letter":null,"date_from":null,"date_to":null,"policy":null,"approved_by":null,"approved_date":null,"id_user":"2","name":"ANA","last_name":"L\u00d3PEZ","identification":"987654321","email":"ana@example.com","phone":null,"address":null,"trust":null,"email_del_trust":null,"telephone_del_trust":null,"bank":null,"swift":null,"aba":null,"iban":null,"account":null,"password_hash":"$2y$10$xdHFXhYoOaUbqjip72qvj.3489G7unuXyD7gHL\/XTwcUsDTFyMj6G","date_registration":"2025-06-23 14:23:58","login_attempts":"0","last_login_attempt":null,"status":"active","role_id":"2","balance":"0.00","principal":"5000.00","rate":"3.50","compoundingPeriods":"2","time":"6","role_name":"CLIENT"},{"agreement":"","number":"0","letter":"","date_from":"0000-00-00","date_to":"0000-00-00","policy":"","approved_by":"","approved_date":"0000-00-00","id_user":"4","name":"JUAN ","last_name":"BONET","identification":"12345678","email":"juanb@gmail.com","phone":"3123823590","address":"COLINAS DE LA FLORIDA","trust":"","email_del_trust":"","telephone_del_trust":"","bank":"NUBANK","swift":"ASD","aba":"ASDASDAD","iban":"ADASDS","account":"ASDASD","password_hash":"$2y$10$HtTbHSbnbanyflWO1f2MNuo0PkviNQSk5rrk5K2v.srcXgfn7VE5e","date_registration":"2025-06-26 16:39:26","login_attempts":"0","last_login_attempt":null,"status":"active","role_id":"2","balance":"7812.50","principal":"5000.00","rate":"0.50","compoundingPeriods":"2","time":"1","role_name":"CLIENT"}],"roles":[{"role_name":"ADMIN","role_description":"ADMINISTRADOR CON ACCESO COMPLETO","created_at":"2025-06-23 14:23:58","id_role":"1"},{"role_name":"CLIENT","role_description":"USUARIO CON PERMISOS DE EDICI\u00d3N","created_at":"2025-06-23 14:23:58","id_role":"2"}]}
INFO - 2025-06-26 16:42:31 --> Session: Class initialized using 'CodeIgniter\Session\Handlers\FileHandler' driver.
INFO - 2025-06-26 16:42:31 --> Session: Class initialized using 'CodeIgniter\Session\Handlers\FileHandler' driver.
INFO - 2025-06-26 16:42:37 --> Session: Class initialized using 'CodeIgniter\Session\Handlers\FileHandler' driver.
INFO - 2025-06-26 16:42:37 --> Session: Class initialized using 'CodeIgniter\Session\Handlers\FileHandler' driver.
INFO - 2025-06-26 16:42:59 --> Session: Class initialized using 'CodeIgniter\Session\Handlers\FileHandler' driver.
INFO - 2025-06-26 16:42:59 --> Datos recogidos de LA BASE DE DATOS: {"users":[{"agreement":null,"number":null,"letter":null,"date_from":null,"date_to":null,"policy":null,"approved_by":null,"approved_date":null,"id_user":"2","name":"ANA","last_name":"L\u00d3PEZ","identification":"987654321","email":"ana@example.com","phone":null,"address":null,"trust":null,"email_del_trust":null,"telephone_del_trust":null,"bank":null,"swift":null,"aba":null,"iban":null,"account":null,"password_hash":"$2y$10$xdHFXhYoOaUbqjip72qvj.3489G7unuXyD7gHL\/XTwcUsDTFyMj6G","date_registration":"2025-06-23 14:23:58","login_attempts":"0","last_login_attempt":null,"status":"active","role_id":"2","balance":"0.00","principal":"5000.00","rate":"3.50","compoundingPeriods":"2","time":"6","role_name":"CLIENT"},{"agreement":"","number":"0","letter":"","date_from":"0000-00-00","date_to":"0000-00-00","policy":"","approved_by":"","approved_date":"0000-00-00","id_user":"4","name":"JUAN ","last_name":"BONET","identification":"12345678","email":"juanb@gmail.com","phone":"3123823590","address":"COLINAS DE LA FLORIDA","trust":"","email_del_trust":"","telephone_del_trust":"","bank":"NUBANK","swift":"ASD","aba":"ASDASDAD","iban":"ADASDS","account":"ASDASD","password_hash":"$2y$10$HtTbHSbnbanyflWO1f2MNuo0PkviNQSk5rrk5K2v.srcXgfn7VE5e","date_registration":"2025-06-26 16:39:26","login_attempts":"0","last_login_attempt":null,"status":"active","role_id":"2","balance":"7812.50","principal":"5000.00","rate":"0.50","compoundingPeriods":"2","time":"1","role_name":"CLIENT"}],"roles":[{"role_name":"ADMIN","role_description":"ADMINISTRADOR CON ACCESO COMPLETO","created_at":"2025-06-23 14:23:58","id_role":"1"},{"role_name":"CLIENT","role_description":"USUARIO CON PERMISOS DE EDICI\u00d3N","created_at":"2025-06-23 14:23:58","id_role":"2"}]}
INFO - 2025-06-26 16:42:59 --> Session: Class initialized using 'CodeIgniter\Session\Handlers\FileHandler' driver.
INFO - 2025-06-26 16:42:59 --> Datos recogidos de LA BASE DE DATOS: {"users":[{"agreement":null,"number":null,"letter":null,"date_from":null,"date_to":null,"policy":null,"approved_by":null,"approved_date":null,"id_user":"2","name":"ANA","last_name":"L\u00d3PEZ","identification":"987654321","email":"ana@example.com","phone":null,"address":null,"trust":null,"email_del_trust":null,"telephone_del_trust":null,"bank":null,"swift":null,"aba":null,"iban":null,"account":null,"password_hash":"$2y$10$xdHFXhYoOaUbqjip72qvj.3489G7unuXyD7gHL\/XTwcUsDTFyMj6G","date_registration":"2025-06-23 14:23:58","login_attempts":"0","last_login_attempt":null,"status":"active","role_id":"2","balance":"0.00","principal":"5000.00","rate":"3.50","compoundingPeriods":"2","time":"6","role_name":"CLIENT"},{"agreement":"","number":"0","letter":"","date_from":"0000-00-00","date_to":"0000-00-00","policy":"","approved_by":"","approved_date":"0000-00-00","id_user":"4","name":"JUAN ","last_name":"BONET","identification":"12345678","email":"juanb@gmail.com","phone":"3123823590","address":"COLINAS DE LA FLORIDA","trust":"","email_del_trust":"","telephone_del_trust":"","bank":"NUBANK","swift":"ASD","aba":"ASDASDAD","iban":"ADASDS","account":"ASDASD","password_hash":"$2y$10$HtTbHSbnbanyflWO1f2MNuo0PkviNQSk5rrk5K2v.srcXgfn7VE5e","date_registration":"2025-06-26 16:39:26","login_attempts":"0","last_login_attempt":null,"status":"active","role_id":"2","balance":"7812.50","principal":"5000.00","rate":"0.50","compoundingPeriods":"2","time":"1","role_name":"CLIENT"}],"roles":[{"role_name":"ADMIN","role_description":"ADMINISTRADOR CON ACCESO COMPLETO","created_at":"2025-06-23 14:23:58","id_role":"1"},{"role_name":"CLIENT","role_description":"USUARIO CON PERMISOS DE EDICI\u00d3N","created_at":"2025-06-23 14:23:58","id_role":"2"}]}
INFO - 2025-06-26 16:43:38 --> Session: Class initialized using 'CodeIgniter\Session\Handlers\FileHandler' driver.
INFO - 2025-06-26 16:43:38 --> Iniciando el método getUserById() con ID: 4
INFO - 2025-06-26 16:43:38 --> Usuario encontrado: {"agreement":"","number":"0","letter":"","date_from":"0000-00-00","date_to":"0000-00-00","policy":"","approved_by":"","approved_date":"0000-00-00","name":"JUAN ","last_name":"BONET","identification":"12345678","email":"juanb@gmail.com","phone":"3123823590","address":"COLINAS DE LA FLORIDA","trust":"","email_del_trust":"","telephone_del_trust":"","bank":"NUBANK","swift":"ASD","aba":"ASDASDAD","iban":"ADASDS","account":"ASDASD","password_hash":"$2y$10$HtTbHSbnbanyflWO1f2MNuo0PkviNQSk5rrk5K2v.srcXgfn7VE5e","date_registration":"2025-06-26 16:39:26","login_attempts":"0","last_login_attempt":null,"status":"active","role_id":"2","balance":"7812.50","principal":"5000.00","rate":"0.50","compoundingPeriods":"2","time":"1","id_user":"4"}
INFO - 2025-06-26 16:43:45 --> Session: Class initialized using 'CodeIgniter\Session\Handlers\FileHandler' driver.
INFO - 2025-06-26 16:43:45 --> Datos recogidos de LA BASE DE DATOS: {"users":[{"agreement":null,"number":null,"letter":null,"date_from":null,"date_to":null,"policy":null,"approved_by":null,"approved_date":null,"id_user":"2","name":"ANA","last_name":"L\u00d3PEZ","identification":"987654321","email":"ana@example.com","phone":null,"address":null,"trust":null,"email_del_trust":null,"telephone_del_trust":null,"bank":null,"swift":null,"aba":null,"iban":null,"account":null,"password_hash":"$2y$10$xdHFXhYoOaUbqjip72qvj.3489G7unuXyD7gHL\/XTwcUsDTFyMj6G","date_registration":"2025-06-23 14:23:58","login_attempts":"0","last_login_attempt":null,"status":"active","role_id":"2","balance":"0.00","principal":"5000.00","rate":"3.50","compoundingPeriods":"2","time":"6","role_name":"CLIENT"},{"agreement":"","number":"0","letter":"","date_from":"0000-00-00","date_to":"0000-00-00","policy":"","approved_by":"","approved_date":"0000-00-00","id_user":"4","name":"JUAN ","last_name":"BONET","identification":"12345678","email":"juanb@gmail.com","phone":"3123823590","address":"COLINAS DE LA FLORIDA","trust":"","email_del_trust":"","telephone_del_trust":"","bank":"NUBANK","swift":"ASD","aba":"ASDASDAD","iban":"ADASDS","account":"ASDASD","password_hash":"$2y$10$HtTbHSbnbanyflWO1f2MNuo0PkviNQSk5rrk5K2v.srcXgfn7VE5e","date_registration":"2025-06-26 16:39:26","login_attempts":"0","last_login_attempt":null,"status":"active","role_id":"2","balance":"7812.50","principal":"5000.00","rate":"0.50","compoundingPeriods":"2","time":"1","role_name":"CLIENT"}],"roles":[{"role_name":"ADMIN","role_description":"ADMINISTRADOR CON ACCESO COMPLETO","created_at":"2025-06-23 14:23:58","id_role":"1"},{"role_name":"CLIENT","role_description":"USUARIO CON PERMISOS DE EDICI\u00d3N","created_at":"2025-06-23 14:23:58","id_role":"2"}]}
INFO - 2025-06-26 16:43:45 --> Session: Class initialized using 'CodeIgniter\Session\Handlers\FileHandler' driver.
INFO - 2025-06-26 16:43:45 --> Datos recogidos de LA BASE DE DATOS: {"users":[{"agreement":null,"number":null,"letter":null,"date_from":null,"date_to":null,"policy":null,"approved_by":null,"approved_date":null,"id_user":"2","name":"ANA","last_name":"L\u00d3PEZ","identification":"987654321","email":"ana@example.com","phone":null,"address":null,"trust":null,"email_del_trust":null,"telephone_del_trust":null,"bank":null,"swift":null,"aba":null,"iban":null,"account":null,"password_hash":"$2y$10$xdHFXhYoOaUbqjip72qvj.3489G7unuXyD7gHL\/XTwcUsDTFyMj6G","date_registration":"2025-06-23 14:23:58","login_attempts":"0","last_login_attempt":null,"status":"active","role_id":"2","balance":"0.00","principal":"5000.00","rate":"3.50","compoundingPeriods":"2","time":"6","role_name":"CLIENT"},{"agreement":"","number":"0","letter":"","date_from":"0000-00-00","date_to":"0000-00-00","policy":"","approved_by":"","approved_date":"0000-00-00","id_user":"4","name":"JUAN ","last_name":"BONET","identification":"12345678","email":"juanb@gmail.com","phone":"3123823590","address":"COLINAS DE LA FLORIDA","trust":"","email_del_trust":"","telephone_del_trust":"","bank":"NUBANK","swift":"ASD","aba":"ASDASDAD","iban":"ADASDS","account":"ASDASD","password_hash":"$2y$10$HtTbHSbnbanyflWO1f2MNuo0PkviNQSk5rrk5K2v.srcXgfn7VE5e","date_registration":"2025-06-26 16:39:26","login_attempts":"0","last_login_attempt":null,"status":"active","role_id":"2","balance":"7812.50","principal":"5000.00","rate":"0.50","compoundingPeriods":"2","time":"1","role_name":"CLIENT"}],"roles":[{"role_name":"ADMIN","role_description":"ADMINISTRADOR CON ACCESO COMPLETO","created_at":"2025-06-23 14:23:58","id_role":"1"},{"role_name":"CLIENT","role_description":"USUARIO CON PERMISOS DE EDICI\u00d3N","created_at":"2025-06-23 14:23:58","id_role":"2"}]}
INFO - 2025-06-26 16:44:41 --> Session: Class initialized using 'CodeIgniter\Session\Handlers\FileHandler' driver.
INFO - 2025-06-26 16:46:23 --> Session: Class initialized using 'CodeIgniter\Session\Handlers\FileHandler' driver.
INFO - 2025-06-26 16:46:24 --> Session: Class initialized using 'CodeIgniter\Session\Handlers\FileHandler' driver.
INFO - 2025-06-26 16:51:50 --> Session: Class initialized using 'CodeIgniter\Session\Handlers\FileHandler' driver.
INFO - 2025-06-26 16:51:50 --> Datos enviados para actualizar SMTP: Array
(
    [config_key] => smtp_config
    [config_value] => {"host":"smtp.gmail.com","username":"jsbonetc@gmail.com","port":"587","smtp_password":"SIBI2024","security":"tls"}
    [updated_at] => 2025-06-26 16:51:50
)

INFO - 2025-06-26 16:51:50 --> Configuración SMTP actualizada exitosamente.
INFO - 2025-06-26 16:51:50 --> Session: Class initialized using 'CodeIgniter\Session\Handlers\FileHandler' driver.
INFO - 2025-06-26 16:51:50 --> Session: Class initialized using 'CodeIgniter\Session\Handlers\FileHandler' driver.
INFO - 2025-06-26 16:52:03 --> Session: Class initialized using 'CodeIgniter\Session\Handlers\FileHandler' driver.
INFO - 2025-06-26 16:52:03 --> Datos recogidos de LA BASE DE DATOS: {"users":[{"agreement":null,"number":null,"letter":null,"date_from":null,"date_to":null,"policy":null,"approved_by":null,"approved_date":null,"id_user":"2","name":"ANA","last_name":"L\u00d3PEZ","identification":"987654321","email":"ana@example.com","phone":null,"address":null,"trust":null,"email_del_trust":null,"telephone_del_trust":null,"bank":null,"swift":null,"aba":null,"iban":null,"account":null,"password_hash":"$2y$10$xdHFXhYoOaUbqjip72qvj.3489G7unuXyD7gHL\/XTwcUsDTFyMj6G","date_registration":"2025-06-23 14:23:58","login_attempts":"0","last_login_attempt":null,"status":"active","role_id":"2","balance":"0.00","principal":"5000.00","rate":"3.50","compoundingPeriods":"2","time":"6","role_name":"CLIENT"},{"agreement":"","number":"0","letter":"","date_from":"0000-00-00","date_to":"0000-00-00","policy":"","approved_by":"","approved_date":"0000-00-00","id_user":"4","name":"JUAN ","last_name":"BONET","identification":"12345678","email":"juanb@gmail.com","phone":"3123823590","address":"COLINAS DE LA FLORIDA","trust":"","email_del_trust":"","telephone_del_trust":"","bank":"NUBANK","swift":"ASD","aba":"ASDASDAD","iban":"ADASDS","account":"ASDASD","password_hash":"$2y$10$HtTbHSbnbanyflWO1f2MNuo0PkviNQSk5rrk5K2v.srcXgfn7VE5e","date_registration":"2025-06-26 16:39:26","login_attempts":"0","last_login_attempt":null,"status":"active","role_id":"2","balance":"7812.50","principal":"5000.00","rate":"0.50","compoundingPeriods":"2","time":"1","role_name":"CLIENT"}],"roles":[{"role_name":"ADMIN","role_description":"ADMINISTRADOR CON ACCESO COMPLETO","created_at":"2025-06-23 14:23:58","id_role":"1"},{"role_name":"CLIENT","role_description":"USUARIO CON PERMISOS DE EDICI\u00d3N","created_at":"2025-06-23 14:23:58","id_role":"2"}]}
INFO - 2025-06-26 16:52:03 --> Session: Class initialized using 'CodeIgniter\Session\Handlers\FileHandler' driver.
INFO - 2025-06-26 16:52:03 --> Datos recogidos de LA BASE DE DATOS: {"users":[{"agreement":null,"number":null,"letter":null,"date_from":null,"date_to":null,"policy":null,"approved_by":null,"approved_date":null,"id_user":"2","name":"ANA","last_name":"L\u00d3PEZ","identification":"987654321","email":"ana@example.com","phone":null,"address":null,"trust":null,"email_del_trust":null,"telephone_del_trust":null,"bank":null,"swift":null,"aba":null,"iban":null,"account":null,"password_hash":"$2y$10$xdHFXhYoOaUbqjip72qvj.3489G7unuXyD7gHL\/XTwcUsDTFyMj6G","date_registration":"2025-06-23 14:23:58","login_attempts":"0","last_login_attempt":null,"status":"active","role_id":"2","balance":"0.00","principal":"5000.00","rate":"3.50","compoundingPeriods":"2","time":"6","role_name":"CLIENT"},{"agreement":"","number":"0","letter":"","date_from":"0000-00-00","date_to":"0000-00-00","policy":"","approved_by":"","approved_date":"0000-00-00","id_user":"4","name":"JUAN ","last_name":"BONET","identification":"12345678","email":"juanb@gmail.com","phone":"3123823590","address":"COLINAS DE LA FLORIDA","trust":"","email_del_trust":"","telephone_del_trust":"","bank":"NUBANK","swift":"ASD","aba":"ASDASDAD","iban":"ADASDS","account":"ASDASD","password_hash":"$2y$10$HtTbHSbnbanyflWO1f2MNuo0PkviNQSk5rrk5K2v.srcXgfn7VE5e","date_registration":"2025-06-26 16:39:26","login_attempts":"0","last_login_attempt":null,"status":"active","role_id":"2","balance":"7812.50","principal":"5000.00","rate":"0.50","compoundingPeriods":"2","time":"1","role_name":"CLIENT"}],"roles":[{"role_name":"ADMIN","role_description":"ADMINISTRADOR CON ACCESO COMPLETO","created_at":"2025-06-23 14:23:58","id_role":"1"},{"role_name":"CLIENT","role_description":"USUARIO CON PERMISOS DE EDICI\u00d3N","created_at":"2025-06-23 14:23:58","id_role":"2"}]}
