INFO - 2025-02-20 14:52:59 --> Session: Class initialized using 'CodeIgniter\Session\Handlers\FileHandler' driver.
INFO - 2025-02-20 14:53:01 --> Session: Class initialized using 'CodeIgniter\Session\Handlers\FileHandler' driver.
INFO - 2025-02-20 14:53:13 --> El método authenticate fue llamado
INFO - 2025-02-20 14:53:13 --> Session: Class initialized using 'CodeIgniter\Session\Handlers\FileHandler' driver.
INFO - 2025-02-20 14:53:13 --> Session: Class initialized using 'CodeIgniter\Session\Handlers\FileHandler' driver.
INFO - 2025-02-20 14:53:48 --> El método authenticate fue llamado
INFO - 2025-02-20 14:53:48 --> Session: Class initialized using 'CodeIgniter\Session\Handlers\FileHandler' driver.
INFO - 2025-02-20 14:53:48 --> Session: Class initialized using 'CodeIgniter\Session\Handlers\FileHandler' driver.
INFO - 2025-02-20 14:53:52 --> Session: Class initialized using 'CodeIgniter\Session\Handlers\FileHandler' driver.
INFO - 2025-02-20 14:53:56 --> Session: Class initialized using 'CodeIgniter\Session\Handlers\FileHandler' driver.
INFO - 2025-02-20 14:53:59 --> Session: Class initialized using 'CodeIgniter\Session\Handlers\FileHandler' driver.
INFO - 2025-02-20 14:53:59 --> Iniciando búsqueda de usuario...
INFO - 2025-02-20 14:53:59 --> Identificación recibida: 2354235423
ERROR - 2025-02-20 14:53:59 --> Usuario no encontrado con identificación: 2354235423
INFO - 2025-02-20 14:54:55 --> Session: Class initialized using 'CodeIgniter\Session\Handlers\FileHandler' driver.
INFO - 2025-02-20 14:56:23 --> Session: Class initialized using 'CodeIgniter\Session\Handlers\FileHandler' driver.
INFO - 2025-02-20 14:56:57 --> Session: Class initialized using 'CodeIgniter\Session\Handlers\FileHandler' driver.
INFO - 2025-02-20 14:56:58 --> Session: Class initialized using 'CodeIgniter\Session\Handlers\FileHandler' driver.
INFO - 2025-02-20 14:57:00 --> Session: Class initialized using 'CodeIgniter\Session\Handlers\FileHandler' driver.
INFO - 2025-02-20 14:57:05 --> Session: Class initialized using 'CodeIgniter\Session\Handlers\FileHandler' driver.
INFO - 2025-02-20 14:57:12 --> Session: Class initialized using 'CodeIgniter\Session\Handlers\FileHandler' driver.
INFO - 2025-02-20 14:57:22 --> Session: Class initialized using 'CodeIgniter\Session\Handlers\FileHandler' driver.
INFO - 2025-02-20 14:57:24 --> Session: Class initialized using 'CodeIgniter\Session\Handlers\FileHandler' driver.
INFO - 2025-02-20 14:57:50 --> Session: Class initialized using 'CodeIgniter\Session\Handlers\FileHandler' driver.
INFO - 2025-02-20 14:57:53 --> Session: Class initialized using 'CodeIgniter\Session\Handlers\FileHandler' driver.
INFO - 2025-02-20 14:57:57 --> Session: Class initialized using 'CodeIgniter\Session\Handlers\FileHandler' driver.
INFO - 2025-02-20 14:57:59 --> Session: Class initialized using 'CodeIgniter\Session\Handlers\FileHandler' driver.
INFO - 2025-02-20 14:58:14 --> Session: Class initialized using 'CodeIgniter\Session\Handlers\FileHandler' driver.
INFO - 2025-02-20 14:58:14 --> Datos enviados para actualizar SMTP: Array
(
    [config_key] => smtp_config
    [config_value] => {"host":"smtp.gmail.com","username":"marvin.santos@soy.sena.edu.co","port":"32","smtp_password":"123413","security":"ssl"}
    [updated_at] => 2025-02-20 14:58:14
)

INFO - 2025-02-20 14:58:15 --> Configuración SMTP actualizada exitosamente.
INFO - 2025-02-20 14:58:15 --> Session: Class initialized using 'CodeIgniter\Session\Handlers\FileHandler' driver.
INFO - 2025-02-20 14:58:33 --> Session: Class initialized using 'CodeIgniter\Session\Handlers\FileHandler' driver.
INFO - 2025-02-20 15:08:16 --> Session: Class initialized using 'CodeIgniter\Session\Handlers\FileHandler' driver.
INFO - 2025-02-20 15:09:24 --> Session: Class initialized using 'CodeIgniter\Session\Handlers\FileHandler' driver.
INFO - 2025-02-20 15:09:27 --> Session: Class initialized using 'CodeIgniter\Session\Handlers\FileHandler' driver.
INFO - 2025-02-20 15:09:33 --> Session: Class initialized using 'CodeIgniter\Session\Handlers\FileHandler' driver.
INFO - 2025-02-20 15:09:33 --> Iniciando búsqueda de usuario...
INFO - 2025-02-20 15:09:33 --> Identificación recibida: 4123423
ERROR - 2025-02-20 15:09:33 --> Usuario no encontrado con identificación: 4123423
INFO - 2025-02-20 15:09:55 --> Session: Class initialized using 'CodeIgniter\Session\Handlers\FileHandler' driver.
INFO - 2025-02-20 15:10:01 --> Session: Class initialized using 'CodeIgniter\Session\Handlers\FileHandler' driver.
INFO - 2025-02-20 15:10:01 --> Iniciando búsqueda de usuario...
INFO - 2025-02-20 15:10:01 --> Identificación recibida: 321654987
INFO - 2025-02-20 15:10:01 --> Usuario encontrado: {"name":"ALBERTO","last_name":"ORTEGA","identification":"321654987","date_registration":"2025-02-18 23:13:37","email":"alberto@example.com","phone":"3132311084","address":"KDX 286-300 AV CIRCUNVALAR\r\nBARRIO FUNDADORES","status":"inactive","password_hash":"$2y$10$HASHPARAUSUARIO","balance":"0.00","swift_code":null,"routing":null,"checking":null,"account_number":null,"account_signatory":null,"login_attempts":"0","last_login_attempt":null,"id_company":null,"id_bank":null,"id_banker":null,"role_id":"3","id_user":"17"}
INFO - 2025-02-20 15:16:47 --> Session: Class initialized using 'CodeIgniter\Session\Handlers\FileHandler' driver.
INFO - 2025-02-20 15:16:56 --> Session: Class initialized using 'CodeIgniter\Session\Handlers\FileHandler' driver.
INFO - 2025-02-20 15:16:56 --> Iniciando búsqueda de usuario...
INFO - 2025-02-20 15:16:56 --> Identificación recibida: 2354235423
ERROR - 2025-02-20 15:16:56 --> Usuario no encontrado con identificación: 2354235423
INFO - 2025-02-20 15:16:56 --> Session: Class initialized using 'CodeIgniter\Session\Handlers\FileHandler' driver.
INFO - 2025-02-20 15:16:56 --> Iniciando búsqueda de usuario...
INFO - 2025-02-20 15:16:56 --> Identificación recibida: 2354235423
ERROR - 2025-02-20 15:16:56 --> Usuario no encontrado con identificación: 2354235423
INFO - 2025-02-20 15:20:21 --> Session: Class initialized using 'CodeIgniter\Session\Handlers\FileHandler' driver.
INFO - 2025-02-20 15:20:28 --> Session: Class initialized using 'CodeIgniter\Session\Handlers\FileHandler' driver.
INFO - 2025-02-20 15:20:28 --> Iniciando búsqueda de usuario...
INFO - 2025-02-20 15:20:28 --> Identificación recibida: 321654987
INFO - 2025-02-20 15:20:28 --> Usuario encontrado: {"name":"ALBERTO","last_name":"ORTEGA","identification":"321654987","date_registration":"2025-02-18 23:13:37","email":"alberto@example.com","phone":"3132311084","address":"KDX 286-300 AV CIRCUNVALAR\r\nBARRIO FUNDADORES","status":"inactive","password_hash":"$2y$10$HASHPARAUSUARIO","balance":"0.00","swift_code":null,"routing":null,"checking":null,"account_number":null,"account_signatory":null,"login_attempts":"0","last_login_attempt":null,"id_company":null,"id_bank":null,"id_banker":null,"role_id":"3","id_user":"17"}
INFO - 2025-02-20 15:29:22 --> Session: Class initialized using 'CodeIgniter\Session\Handlers\FileHandler' driver.
INFO - 2025-02-20 15:29:22 --> Iniciando búsqueda de usuario...
INFO - 2025-02-20 15:29:22 --> Identificación recibida: 321654987
INFO - 2025-02-20 15:29:22 --> Usuario encontrado: {"name":"ALBERTO","last_name":"ORTEGA","identification":"321654987","date_registration":"2025-02-18 23:13:37","email":"alberto@example.com","phone":"3132311084","address":"KDX 286-300 AV CIRCUNVALAR\r\nBARRIO FUNDADORES","status":"inactive","password_hash":"$2y$10$HASHPARAUSUARIO","balance":"0.00","swift_code":null,"routing":null,"checking":null,"account_number":null,"account_signatory":null,"login_attempts":"0","last_login_attempt":null,"id_company":null,"id_bank":null,"id_banker":null,"role_id":"3","id_user":"17"}
INFO - 2025-02-20 15:29:23 --> Session: Class initialized using 'CodeIgniter\Session\Handlers\FileHandler' driver.
INFO - 2025-02-20 15:29:23 --> Iniciando búsqueda de usuario...
INFO - 2025-02-20 15:29:23 --> Identificación recibida: 321654987
INFO - 2025-02-20 15:29:23 --> Usuario encontrado: {"name":"ALBERTO","last_name":"ORTEGA","identification":"321654987","date_registration":"2025-02-18 23:13:37","email":"alberto@example.com","phone":"3132311084","address":"KDX 286-300 AV CIRCUNVALAR\r\nBARRIO FUNDADORES","status":"inactive","password_hash":"$2y$10$HASHPARAUSUARIO","balance":"0.00","swift_code":null,"routing":null,"checking":null,"account_number":null,"account_signatory":null,"login_attempts":"0","last_login_attempt":null,"id_company":null,"id_bank":null,"id_banker":null,"role_id":"3","id_user":"17"}
INFO - 2025-02-20 15:29:28 --> Session: Class initialized using 'CodeIgniter\Session\Handlers\FileHandler' driver.
INFO - 2025-02-20 15:29:28 --> Iniciando búsqueda de usuario...
INFO - 2025-02-20 15:29:28 --> Identificación recibida: 321654987
INFO - 2025-02-20 15:29:28 --> Usuario encontrado: {"name":"ALBERTO","last_name":"ORTEGA","identification":"321654987","date_registration":"2025-02-18 23:13:37","email":"alberto@example.com","phone":"3132311084","address":"KDX 286-300 AV CIRCUNVALAR\r\nBARRIO FUNDADORES","status":"inactive","password_hash":"$2y$10$HASHPARAUSUARIO","balance":"0.00","swift_code":null,"routing":null,"checking":null,"account_number":null,"account_signatory":null,"login_attempts":"0","last_login_attempt":null,"id_company":null,"id_bank":null,"id_banker":null,"role_id":"3","id_user":"17"}
INFO - 2025-02-20 15:29:29 --> Session: Class initialized using 'CodeIgniter\Session\Handlers\FileHandler' driver.
INFO - 2025-02-20 15:29:43 --> Session: Class initialized using 'CodeIgniter\Session\Handlers\FileHandler' driver.
INFO - 2025-02-20 15:38:26 --> Session: Class initialized using 'CodeIgniter\Session\Handlers\FileHandler' driver.
INFO - 2025-02-20 15:38:26 --> Iniciando búsqueda de usuario...
INFO - 2025-02-20 15:38:26 --> Identificación recibida: 321654987
INFO - 2025-02-20 15:38:26 --> Usuario encontrado: {"name":"ALBERTO","last_name":"ORTEGA","identification":"321654987","date_registration":"2025-02-18 23:13:37","email":"alberto@example.com","phone":"3132311084","address":"KDX 286-300 AV CIRCUNVALAR\r\nBARRIO FUNDADORES","status":"inactive","password_hash":"$2y$10$HASHPARAUSUARIO","balance":"0.00","swift_code":null,"routing":null,"checking":null,"account_number":null,"account_signatory":null,"login_attempts":"0","last_login_attempt":null,"id_company":null,"id_bank":null,"id_banker":null,"role_id":"3","id_user":"17"}
INFO - 2025-02-20 15:38:30 --> Session: Class initialized using 'CodeIgniter\Session\Handlers\FileHandler' driver.
INFO - 2025-02-20 15:38:35 --> Session: Class initialized using 'CodeIgniter\Session\Handlers\FileHandler' driver.
INFO - 2025-02-20 15:38:35 --> Iniciando búsqueda de usuario...
INFO - 2025-02-20 15:38:35 --> Identificación recibida: 321654987
INFO - 2025-02-20 15:38:35 --> Usuario encontrado: {"name":"ALBERTO","last_name":"ORTEGA","identification":"321654987","date_registration":"2025-02-18 23:13:37","email":"alberto@example.com","phone":"3132311084","address":"KDX 286-300 AV CIRCUNVALAR\r\nBARRIO FUNDADORES","status":"inactive","password_hash":"$2y$10$HASHPARAUSUARIO","balance":"0.00","swift_code":null,"routing":null,"checking":null,"account_number":null,"account_signatory":null,"login_attempts":"0","last_login_attempt":null,"id_company":null,"id_bank":null,"id_banker":null,"role_id":"3","id_user":"17"}
INFO - 2025-02-20 15:40:56 --> Session: Class initialized using 'CodeIgniter\Session\Handlers\FileHandler' driver.
INFO - 2025-02-20 15:41:46 --> Session: Class initialized using 'CodeIgniter\Session\Handlers\FileHandler' driver.
INFO - 2025-02-20 15:42:06 --> Session: Class initialized using 'CodeIgniter\Session\Handlers\FileHandler' driver.
INFO - 2025-02-20 15:42:06 --> Starting updateUser() method for user ID: 17
INFO - 2025-02-20 15:42:06 --> Validation rules defined.
INFO - 2025-02-20 15:42:06 --> Validation successful.
INFO - 2025-02-20 15:42:06 --> Collected form data: {"name":"ALBERTO","last_name":"ORTEGA","identification":"1111111","phone":"3132311084","address":"KDX 286-300 AV CIRCUNVALAR\r\nBARRIO FUNDADORES","email":"alberto@example.com","role_id":"3","status":"inactive"}
INFO - 2025-02-20 15:42:06 --> Executed query: UPDATE `users` SET `name` = 'ALBERTO', `last_name` = 'ORTEGA', `identification` = '1111111', `phone` = '3132311084', `address` = 'KDX 286-300 AV CIRCUNVALAR\r\nBARRIO FUNDADORES', `email` = 'alberto@example.com', `role_id` = '3', `status` = 'inactive'
WHERE `users`.`id_user` IN ('17')
INFO - 2025-02-20 15:42:06 --> User successfully updated.
INFO - 2025-02-20 15:42:06 --> Session: Class initialized using 'CodeIgniter\Session\Handlers\FileHandler' driver.
INFO - 2025-02-20 15:42:08 --> Session: Class initialized using 'CodeIgniter\Session\Handlers\FileHandler' driver.
INFO - 2025-02-20 15:42:08 --> Iniciando búsqueda de usuario...
INFO - 2025-02-20 15:42:08 --> Identificación recibida: 1111111
INFO - 2025-02-20 15:42:08 --> Usuario encontrado: {"name":"ALBERTO","last_name":"ORTEGA","identification":"1111111","date_registration":"2025-02-18 23:13:37","email":"alberto@example.com","phone":"3132311084","address":"KDX 286-300 AV CIRCUNVALAR\r\nBARRIO FUNDADORES","status":"inactive","password_hash":"$2y$10$HASHPARAUSUARIO","balance":"0.00","swift_code":null,"routing":null,"checking":null,"account_number":null,"account_signatory":null,"login_attempts":"0","last_login_attempt":null,"id_company":null,"id_bank":null,"id_banker":null,"role_id":"3","id_user":"17"}
INFO - 2025-02-20 15:42:19 --> Session: Class initialized using 'CodeIgniter\Session\Handlers\FileHandler' driver.
INFO - 2025-02-20 15:42:19 --> Iniciando búsqueda de usuario...
INFO - 2025-02-20 15:42:19 --> Identificación recibida: 1111111
INFO - 2025-02-20 15:42:19 --> Usuario encontrado: {"name":"ALBERTO","last_name":"ORTEGA","identification":"1111111","date_registration":"2025-02-18 23:13:37","email":"alberto@example.com","phone":"3132311084","address":"KDX 286-300 AV CIRCUNVALAR\r\nBARRIO FUNDADORES","status":"inactive","password_hash":"$2y$10$HASHPARAUSUARIO","balance":"0.00","swift_code":null,"routing":null,"checking":null,"account_number":null,"account_signatory":null,"login_attempts":"0","last_login_attempt":null,"id_company":null,"id_bank":null,"id_banker":null,"role_id":"3","id_user":"17"}
INFO - 2025-02-20 15:42:20 --> Session: Class initialized using 'CodeIgniter\Session\Handlers\FileHandler' driver.
INFO - 2025-02-20 15:42:20 --> Iniciando búsqueda de usuario...
INFO - 2025-02-20 15:42:20 --> Identificación recibida: 1111111
INFO - 2025-02-20 15:42:20 --> Usuario encontrado: {"name":"ALBERTO","last_name":"ORTEGA","identification":"1111111","date_registration":"2025-02-18 23:13:37","email":"alberto@example.com","phone":"3132311084","address":"KDX 286-300 AV CIRCUNVALAR\r\nBARRIO FUNDADORES","status":"inactive","password_hash":"$2y$10$HASHPARAUSUARIO","balance":"0.00","swift_code":null,"routing":null,"checking":null,"account_number":null,"account_signatory":null,"login_attempts":"0","last_login_attempt":null,"id_company":null,"id_bank":null,"id_banker":null,"role_id":"3","id_user":"17"}
INFO - 2025-02-20 15:42:22 --> Session: Class initialized using 'CodeIgniter\Session\Handlers\FileHandler' driver.
INFO - 2025-02-20 15:42:22 --> Iniciando búsqueda de usuario...
INFO - 2025-02-20 15:42:22 --> Identificación recibida: 1111111
INFO - 2025-02-20 15:42:22 --> Usuario encontrado: {"name":"ALBERTO","last_name":"ORTEGA","identification":"1111111","date_registration":"2025-02-18 23:13:37","email":"alberto@example.com","phone":"3132311084","address":"KDX 286-300 AV CIRCUNVALAR\r\nBARRIO FUNDADORES","status":"inactive","password_hash":"$2y$10$HASHPARAUSUARIO","balance":"0.00","swift_code":null,"routing":null,"checking":null,"account_number":null,"account_signatory":null,"login_attempts":"0","last_login_attempt":null,"id_company":null,"id_bank":null,"id_banker":null,"role_id":"3","id_user":"17"}
INFO - 2025-02-20 15:42:22 --> Session: Class initialized using 'CodeIgniter\Session\Handlers\FileHandler' driver.
INFO - 2025-02-20 15:42:22 --> Iniciando búsqueda de usuario...
INFO - 2025-02-20 15:42:22 --> Identificación recibida: 1111111
INFO - 2025-02-20 15:42:22 --> Usuario encontrado: {"name":"ALBERTO","last_name":"ORTEGA","identification":"1111111","date_registration":"2025-02-18 23:13:37","email":"alberto@example.com","phone":"3132311084","address":"KDX 286-300 AV CIRCUNVALAR\r\nBARRIO FUNDADORES","status":"inactive","password_hash":"$2y$10$HASHPARAUSUARIO","balance":"0.00","swift_code":null,"routing":null,"checking":null,"account_number":null,"account_signatory":null,"login_attempts":"0","last_login_attempt":null,"id_company":null,"id_bank":null,"id_banker":null,"role_id":"3","id_user":"17"}
INFO - 2025-02-20 15:42:22 --> Session: Class initialized using 'CodeIgniter\Session\Handlers\FileHandler' driver.
INFO - 2025-02-20 15:42:22 --> Iniciando búsqueda de usuario...
INFO - 2025-02-20 15:42:22 --> Identificación recibida: 1111111
INFO - 2025-02-20 15:42:22 --> Usuario encontrado: {"name":"ALBERTO","last_name":"ORTEGA","identification":"1111111","date_registration":"2025-02-18 23:13:37","email":"alberto@example.com","phone":"3132311084","address":"KDX 286-300 AV CIRCUNVALAR\r\nBARRIO FUNDADORES","status":"inactive","password_hash":"$2y$10$HASHPARAUSUARIO","balance":"0.00","swift_code":null,"routing":null,"checking":null,"account_number":null,"account_signatory":null,"login_attempts":"0","last_login_attempt":null,"id_company":null,"id_bank":null,"id_banker":null,"role_id":"3","id_user":"17"}
INFO - 2025-02-20 15:42:26 --> Session: Class initialized using 'CodeIgniter\Session\Handlers\FileHandler' driver.
INFO - 2025-02-20 15:42:29 --> Session: Class initialized using 'CodeIgniter\Session\Handlers\FileHandler' driver.
INFO - 2025-02-20 15:42:29 --> Iniciando búsqueda de usuario...
INFO - 2025-02-20 15:42:29 --> Identificación recibida: 1111111
INFO - 2025-02-20 15:42:29 --> Usuario encontrado: {"name":"ALBERTO","last_name":"ORTEGA","identification":"1111111","date_registration":"2025-02-18 23:13:37","email":"alberto@example.com","phone":"3132311084","address":"KDX 286-300 AV CIRCUNVALAR\r\nBARRIO FUNDADORES","status":"inactive","password_hash":"$2y$10$HASHPARAUSUARIO","balance":"0.00","swift_code":null,"routing":null,"checking":null,"account_number":null,"account_signatory":null,"login_attempts":"0","last_login_attempt":null,"id_company":null,"id_bank":null,"id_banker":null,"role_id":"3","id_user":"17"}
INFO - 2025-02-20 15:55:30 --> Session: Class initialized using 'CodeIgniter\Session\Handlers\FileHandler' driver.
INFO - 2025-02-20 15:56:01 --> Session: Class initialized using 'CodeIgniter\Session\Handlers\FileHandler' driver.
INFO - 2025-02-20 15:56:12 --> Session: Class initialized using 'CodeIgniter\Session\Handlers\FileHandler' driver.
INFO - 2025-02-20 15:56:12 --> Iniciando búsqueda de usuario...
INFO - 2025-02-20 15:56:12 --> Identificación recibida: 1111111
INFO - 2025-02-20 15:56:12 --> Usuario encontrado: {"name":"ALBERTO","last_name":"ORTEGA","identification":"1111111","date_registration":"2025-02-18 23:13:37","email":"alberto@example.com","phone":"3132311084","address":"KDX 286-300 AV CIRCUNVALAR\r\nBARRIO FUNDADORES","status":"inactive","password_hash":"$2y$10$HASHPARAUSUARIO","balance":"0.00","swift_code":null,"routing":null,"checking":null,"account_number":null,"account_signatory":null,"login_attempts":"0","last_login_attempt":null,"id_company":null,"id_bank":null,"id_banker":null,"role_id":"3","id_user":"17"}
INFO - 2025-02-20 15:56:29 --> Session: Class initialized using 'CodeIgniter\Session\Handlers\FileHandler' driver.
INFO - 2025-02-20 15:56:31 --> Session: Class initialized using 'CodeIgniter\Session\Handlers\FileHandler' driver.
INFO - 2025-02-20 15:56:31 --> Iniciando búsqueda de usuario...
INFO - 2025-02-20 15:56:31 --> Identificación recibida: 1111111
INFO - 2025-02-20 15:56:32 --> Usuario encontrado: {"name":"ALBERTO","last_name":"ORTEGA","identification":"1111111","date_registration":"2025-02-18 23:13:37","email":"alberto@example.com","phone":"3132311084","address":"KDX 286-300 AV CIRCUNVALAR\r\nBARRIO FUNDADORES","status":"inactive","password_hash":"$2y$10$HASHPARAUSUARIO","balance":"0.00","swift_code":null,"routing":null,"checking":null,"account_number":null,"account_signatory":null,"login_attempts":"0","last_login_attempt":null,"id_company":null,"id_bank":null,"id_banker":null,"role_id":"3","id_user":"17"}
INFO - 2025-02-20 16:16:51 --> Session: Class initialized using 'CodeIgniter\Session\Handlers\FileHandler' driver.
INFO - 2025-02-20 16:16:56 --> Session: Class initialized using 'CodeIgniter\Session\Handlers\FileHandler' driver.
INFO - 2025-02-20 16:16:58 --> Session: Class initialized using 'CodeIgniter\Session\Handlers\FileHandler' driver.
INFO - 2025-02-20 16:16:58 --> Iniciando búsqueda de usuario...
INFO - 2025-02-20 16:16:58 --> Identificación recibida: 1111111
CRITICAL - 2025-02-20 16:16:58 --> Error: Call to a member function first() on array
[Method: POST, Route: admin/transactions/search]
in APPPATH/Controllers/TransactionsController.php on line 23.
 1 SYSTEMPATH/CodeIgniter.php(933): App\Controllers\TransactionsController->search()
 2 SYSTEMPATH/CodeIgniter.php(509): CodeIgniter\CodeIgniter->runController(Object(App\Controllers\TransactionsController))
 3 SYSTEMPATH/CodeIgniter.php(355): CodeIgniter\CodeIgniter->handleRequest(null, Object(Config\Cache), false)
 4 SYSTEMPATH/Boot.php(325): CodeIgniter\CodeIgniter->run()
 5 SYSTEMPATH/Boot.php(67): CodeIgniter\Boot::runCodeIgniter(Object(CodeIgniter\CodeIgniter))
 6 FCPATH/index.php(56): CodeIgniter\Boot::bootWeb(Object(Config\Paths))
INFO - 2025-02-20 16:17:14 --> Session: Class initialized using 'CodeIgniter\Session\Handlers\FileHandler' driver.
INFO - 2025-02-20 16:17:14 --> Iniciando búsqueda de usuario...
INFO - 2025-02-20 16:17:14 --> Identificación recibida: 1111111
INFO - 2025-02-20 16:17:14 --> Usuario encontrado: {"name":"ALBERTO","last_name":"ORTEGA","identification":"1111111","date_registration":"2025-02-18 23:13:37","email":"alberto@example.com","phone":"3132311084","address":"KDX 286-300 AV CIRCUNVALAR\r\nBARRIO FUNDADORES","status":"inactive","password_hash":"$2y$10$HASHPARAUSUARIO","balance":"0.00","swift_code":null,"routing":null,"checking":null,"account_number":null,"account_signatory":null,"login_attempts":"0","last_login_attempt":null,"id_company":null,"id_bank":null,"id_banker":null,"role_id":"3","id_user":"17"}
INFO - 2025-02-20 16:17:26 --> Session: Class initialized using 'CodeIgniter\Session\Handlers\FileHandler' driver.
INFO - 2025-02-20 16:17:28 --> Session: Class initialized using 'CodeIgniter\Session\Handlers\FileHandler' driver.
INFO - 2025-02-20 16:17:28 --> Iniciando búsqueda de usuario...
INFO - 2025-02-20 16:17:28 --> Identificación recibida: 1111111
INFO - 2025-02-20 16:17:28 --> Usuario encontrado: {"name":"ALBERTO","last_name":"ORTEGA","identification":"1111111","date_registration":"2025-02-18 23:13:37","email":"alberto@example.com","phone":"3132311084","address":"KDX 286-300 AV CIRCUNVALAR\r\nBARRIO FUNDADORES","status":"inactive","password_hash":"$2y$10$HASHPARAUSUARIO","balance":"0.00","swift_code":null,"routing":null,"checking":null,"account_number":null,"account_signatory":null,"login_attempts":"0","last_login_attempt":null,"id_company":null,"id_bank":null,"id_banker":null,"role_id":"3","id_user":"17"}
INFO - 2025-02-20 16:20:24 --> Session: Class initialized using 'CodeIgniter\Session\Handlers\FileHandler' driver.
INFO - 2025-02-20 16:20:24 --> Iniciando búsqueda de usuario...
INFO - 2025-02-20 16:20:24 --> Identificación recibida: 1111111
INFO - 2025-02-20 16:20:24 --> Usuario encontrado: {"name":"ALBERTO","last_name":"ORTEGA","identification":"1111111","date_registration":"2025-02-18 23:13:37","email":"alberto@example.com","phone":"3132311084","address":"KDX 286-300 AV CIRCUNVALAR\r\nBARRIO FUNDADORES","status":"inactive","password_hash":"$2y$10$HASHPARAUSUARIO","balance":"0.00","swift_code":null,"routing":null,"checking":null,"account_number":null,"account_signatory":null,"login_attempts":"0","last_login_attempt":null,"id_company":null,"id_bank":null,"id_banker":null,"role_id":"3","id_user":"17"}
INFO - 2025-02-20 16:20:25 --> Session: Class initialized using 'CodeIgniter\Session\Handlers\FileHandler' driver.
INFO - 2025-02-20 16:20:25 --> Iniciando búsqueda de usuario...
INFO - 2025-02-20 16:20:25 --> Identificación recibida: 1111111
INFO - 2025-02-20 16:20:25 --> Usuario encontrado: {"name":"ALBERTO","last_name":"ORTEGA","identification":"1111111","date_registration":"2025-02-18 23:13:37","email":"alberto@example.com","phone":"3132311084","address":"KDX 286-300 AV CIRCUNVALAR\r\nBARRIO FUNDADORES","status":"inactive","password_hash":"$2y$10$HASHPARAUSUARIO","balance":"0.00","swift_code":null,"routing":null,"checking":null,"account_number":null,"account_signatory":null,"login_attempts":"0","last_login_attempt":null,"id_company":null,"id_bank":null,"id_banker":null,"role_id":"3","id_user":"17"}
INFO - 2025-02-20 16:20:25 --> Session: Class initialized using 'CodeIgniter\Session\Handlers\FileHandler' driver.
INFO - 2025-02-20 16:20:25 --> Iniciando búsqueda de usuario...
INFO - 2025-02-20 16:20:25 --> Identificación recibida: 1111111
INFO - 2025-02-20 16:20:25 --> Usuario encontrado: {"name":"ALBERTO","last_name":"ORTEGA","identification":"1111111","date_registration":"2025-02-18 23:13:37","email":"alberto@example.com","phone":"3132311084","address":"KDX 286-300 AV CIRCUNVALAR\r\nBARRIO FUNDADORES","status":"inactive","password_hash":"$2y$10$HASHPARAUSUARIO","balance":"0.00","swift_code":null,"routing":null,"checking":null,"account_number":null,"account_signatory":null,"login_attempts":"0","last_login_attempt":null,"id_company":null,"id_bank":null,"id_banker":null,"role_id":"3","id_user":"17"}
INFO - 2025-02-20 16:20:26 --> Session: Class initialized using 'CodeIgniter\Session\Handlers\FileHandler' driver.
INFO - 2025-02-20 16:20:29 --> Session: Class initialized using 'CodeIgniter\Session\Handlers\FileHandler' driver.
INFO - 2025-02-20 16:20:29 --> Iniciando búsqueda de usuario...
INFO - 2025-02-20 16:20:29 --> Identificación recibida: 1111111
INFO - 2025-02-20 16:20:29 --> Usuario encontrado: {"name":"ALBERTO","last_name":"ORTEGA","identification":"1111111","date_registration":"2025-02-18 23:13:37","email":"alberto@example.com","phone":"3132311084","address":"KDX 286-300 AV CIRCUNVALAR\r\nBARRIO FUNDADORES","status":"inactive","password_hash":"$2y$10$HASHPARAUSUARIO","balance":"0.00","swift_code":null,"routing":null,"checking":null,"account_number":null,"account_signatory":null,"login_attempts":"0","last_login_attempt":null,"id_company":null,"id_bank":null,"id_banker":null,"role_id":"3","id_user":"17"}
INFO - 2025-02-20 16:23:15 --> Session: Class initialized using 'CodeIgniter\Session\Handlers\FileHandler' driver.
INFO - 2025-02-20 16:23:19 --> Session: Class initialized using 'CodeIgniter\Session\Handlers\FileHandler' driver.
INFO - 2025-02-20 16:23:19 --> Iniciando búsqueda de usuario...
INFO - 2025-02-20 16:23:19 --> Identificación recibida: 1111111
INFO - 2025-02-20 16:23:19 --> Usuario encontrado: {"name":"ALBERTO","last_name":"ORTEGA","identification":"1111111","date_registration":"2025-02-18 23:13:37","email":"alberto@example.com","phone":"3132311084","address":"KDX 286-300 AV CIRCUNVALAR\r\nBARRIO FUNDADORES","status":"inactive","password_hash":"$2y$10$HASHPARAUSUARIO","balance":"0.00","swift_code":null,"routing":null,"checking":null,"account_number":null,"account_signatory":null,"login_attempts":"0","last_login_attempt":null,"id_company":null,"id_bank":null,"id_banker":null,"role_id":"3","id_user":"17"}
INFO - 2025-02-20 16:23:25 --> Session: Class initialized using 'CodeIgniter\Session\Handlers\FileHandler' driver.
INFO - 2025-02-20 16:23:27 --> Session: Class initialized using 'CodeIgniter\Session\Handlers\FileHandler' driver.
INFO - 2025-02-20 16:23:27 --> Iniciando búsqueda de usuario...
INFO - 2025-02-20 16:23:27 --> Identificación recibida: 1111111
INFO - 2025-02-20 16:23:27 --> Usuario encontrado: {"name":"ALBERTO","last_name":"ORTEGA","identification":"1111111","date_registration":"2025-02-18 23:13:37","email":"alberto@example.com","phone":"3132311084","address":"KDX 286-300 AV CIRCUNVALAR\r\nBARRIO FUNDADORES","status":"inactive","password_hash":"$2y$10$HASHPARAUSUARIO","balance":"0.00","swift_code":null,"routing":null,"checking":null,"account_number":null,"account_signatory":null,"login_attempts":"0","last_login_attempt":null,"id_company":null,"id_bank":null,"id_banker":null,"role_id":"3","id_user":"17"}
INFO - 2025-02-20 16:23:39 --> Session: Class initialized using 'CodeIgniter\Session\Handlers\FileHandler' driver.
INFO - 2025-02-20 16:23:39 --> Iniciando búsqueda de usuario...
INFO - 2025-02-20 16:23:39 --> Identificación recibida: 1111111
INFO - 2025-02-20 16:23:39 --> Usuario encontrado: {"name":"ALBERTO","last_name":"ORTEGA","identification":"1111111","date_registration":"2025-02-18 23:13:37","email":"alberto@example.com","phone":"3132311084","address":"KDX 286-300 AV CIRCUNVALAR\r\nBARRIO FUNDADORES","status":"inactive","password_hash":"$2y$10$HASHPARAUSUARIO","balance":"0.00","swift_code":null,"routing":null,"checking":null,"account_number":null,"account_signatory":null,"login_attempts":"0","last_login_attempt":null,"id_company":null,"id_bank":null,"id_banker":null,"role_id":"3","id_user":"17"}
INFO - 2025-02-20 16:23:41 --> Session: Class initialized using 'CodeIgniter\Session\Handlers\FileHandler' driver.
INFO - 2025-02-20 16:23:43 --> Session: Class initialized using 'CodeIgniter\Session\Handlers\FileHandler' driver.
INFO - 2025-02-20 16:23:43 --> Iniciando búsqueda de usuario...
INFO - 2025-02-20 16:23:43 --> Identificación recibida: 1111111
INFO - 2025-02-20 16:23:43 --> Usuario encontrado: {"name":"ALBERTO","last_name":"ORTEGA","identification":"1111111","date_registration":"2025-02-18 23:13:37","email":"alberto@example.com","phone":"3132311084","address":"KDX 286-300 AV CIRCUNVALAR\r\nBARRIO FUNDADORES","status":"inactive","password_hash":"$2y$10$HASHPARAUSUARIO","balance":"0.00","swift_code":null,"routing":null,"checking":null,"account_number":null,"account_signatory":null,"login_attempts":"0","last_login_attempt":null,"id_company":null,"id_bank":null,"id_banker":null,"role_id":"3","id_user":"17"}
INFO - 2025-02-20 16:23:46 --> Session: Class initialized using 'CodeIgniter\Session\Handlers\FileHandler' driver.
INFO - 2025-02-20 16:23:56 --> Session: Class initialized using 'CodeIgniter\Session\Handlers\FileHandler' driver.
INFO - 2025-02-20 16:23:56 --> Iniciando búsqueda de usuario...
INFO - 2025-02-20 16:23:56 --> Identificación recibida: 1111111
INFO - 2025-02-20 16:23:56 --> Usuario encontrado: {"name":"ALBERTO","last_name":"ORTEGA","identification":"1111111","date_registration":"2025-02-18 23:13:37","email":"alberto@example.com","phone":"3132311084","address":"KDX 286-300 AV CIRCUNVALAR\r\nBARRIO FUNDADORES","status":"inactive","password_hash":"$2y$10$HASHPARAUSUARIO","balance":"0.00","swift_code":null,"routing":null,"checking":null,"account_number":null,"account_signatory":null,"login_attempts":"0","last_login_attempt":null,"id_company":null,"id_bank":null,"id_banker":null,"role_id":"3","id_user":"17"}
INFO - 2025-02-20 16:24:07 --> Session: Class initialized using 'CodeIgniter\Session\Handlers\FileHandler' driver.
INFO - 2025-02-20 16:24:38 --> Session: Class initialized using 'CodeIgniter\Session\Handlers\FileHandler' driver.
INFO - 2025-02-20 16:24:51 --> Session: Class initialized using 'CodeIgniter\Session\Handlers\FileHandler' driver.
INFO - 2025-02-20 16:24:51 --> Iniciando búsqueda de usuario...
INFO - 2025-02-20 16:24:51 --> Identificación recibida: 1111111
INFO - 2025-02-20 16:24:51 --> Usuario encontrado: {"name":"ALBERTO","last_name":"ORTEGA","identification":"1111111","date_registration":"2025-02-18 23:13:37","email":"alberto@example.com","phone":"3132311084","address":"KDX 286-300 AV CIRCUNVALAR\r\nBARRIO FUNDADORES","status":"inactive","password_hash":"$2y$10$HASHPARAUSUARIO","balance":"0.00","swift_code":null,"routing":null,"checking":null,"account_number":null,"account_signatory":null,"login_attempts":"0","last_login_attempt":null,"id_company":null,"id_bank":null,"id_banker":null,"role_id":"3","id_user":"17"}
INFO - 2025-02-20 16:25:06 --> Session: Class initialized using 'CodeIgniter\Session\Handlers\FileHandler' driver.
INFO - 2025-02-20 16:25:08 --> Session: Class initialized using 'CodeIgniter\Session\Handlers\FileHandler' driver.
INFO - 2025-02-20 16:25:08 --> Iniciando búsqueda de usuario...
INFO - 2025-02-20 16:25:08 --> Identificación recibida: 1111111
INFO - 2025-02-20 16:25:08 --> Usuario encontrado: {"name":"ALBERTO","last_name":"ORTEGA","identification":"1111111","date_registration":"2025-02-18 23:13:37","email":"alberto@example.com","phone":"3132311084","address":"KDX 286-300 AV CIRCUNVALAR\r\nBARRIO FUNDADORES","status":"inactive","password_hash":"$2y$10$HASHPARAUSUARIO","balance":"0.00","swift_code":null,"routing":null,"checking":null,"account_number":null,"account_signatory":null,"login_attempts":"0","last_login_attempt":null,"id_company":null,"id_bank":null,"id_banker":null,"role_id":"3","id_user":"17"}
INFO - 2025-02-20 16:28:35 --> Session: Class initialized using 'CodeIgniter\Session\Handlers\FileHandler' driver.
INFO - 2025-02-20 16:28:38 --> Session: Class initialized using 'CodeIgniter\Session\Handlers\FileHandler' driver.
INFO - 2025-02-20 16:28:38 --> Iniciando búsqueda de usuario...
INFO - 2025-02-20 16:28:38 --> Identificación recibida: 2354235423
ERROR - 2025-02-20 16:28:38 --> Usuario no encontrado con identificación: 2354235423
INFO - 2025-02-20 16:28:43 --> Session: Class initialized using 'CodeIgniter\Session\Handlers\FileHandler' driver.
INFO - 2025-02-20 16:28:43 --> Iniciando búsqueda de usuario...
INFO - 2025-02-20 16:28:43 --> Identificación recibida: 1111111
INFO - 2025-02-20 16:28:43 --> Usuario encontrado: {"name":"ALBERTO","last_name":"ORTEGA","identification":"1111111","date_registration":"2025-02-18 23:13:37","email":"alberto@example.com","phone":"3132311084","address":"KDX 286-300 AV CIRCUNVALAR\r\nBARRIO FUNDADORES","status":"inactive","password_hash":"$2y$10$HASHPARAUSUARIO","balance":"0.00","swift_code":null,"routing":null,"checking":null,"account_number":null,"account_signatory":null,"login_attempts":"0","last_login_attempt":null,"id_company":null,"id_bank":null,"id_banker":null,"role_id":"3","id_user":"17"}
INFO - 2025-02-20 16:28:46 --> Session: Class initialized using 'CodeIgniter\Session\Handlers\FileHandler' driver.
INFO - 2025-02-20 16:28:48 --> Session: Class initialized using 'CodeIgniter\Session\Handlers\FileHandler' driver.
INFO - 2025-02-20 16:28:48 --> Iniciando búsqueda de usuario...
INFO - 2025-02-20 16:28:48 --> Identificación recibida: 1111111
INFO - 2025-02-20 16:28:48 --> Usuario encontrado: {"name":"ALBERTO","last_name":"ORTEGA","identification":"1111111","date_registration":"2025-02-18 23:13:37","email":"alberto@example.com","phone":"3132311084","address":"KDX 286-300 AV CIRCUNVALAR\r\nBARRIO FUNDADORES","status":"inactive","password_hash":"$2y$10$HASHPARAUSUARIO","balance":"0.00","swift_code":null,"routing":null,"checking":null,"account_number":null,"account_signatory":null,"login_attempts":"0","last_login_attempt":null,"id_company":null,"id_bank":null,"id_banker":null,"role_id":"3","id_user":"17"}
INFO - 2025-02-20 16:31:49 --> Session: Class initialized using 'CodeIgniter\Session\Handlers\FileHandler' driver.
INFO - 2025-02-20 16:31:51 --> Session: Class initialized using 'CodeIgniter\Session\Handlers\FileHandler' driver.
INFO - 2025-02-20 16:31:51 --> Iniciando búsqueda de usuario...
INFO - 2025-02-20 16:31:51 --> Identificación recibida: 1111111
INFO - 2025-02-20 16:31:51 --> Usuario encontrado: {"name":"ALBERTO","last_name":"ORTEGA","identification":"1111111","date_registration":"2025-02-18 23:13:37","email":"alberto@example.com","phone":"3132311084","address":"KDX 286-300 AV CIRCUNVALAR\r\nBARRIO FUNDADORES","status":"inactive","password_hash":"$2y$10$HASHPARAUSUARIO","balance":"0.00","swift_code":null,"routing":null,"checking":null,"account_number":null,"account_signatory":null,"login_attempts":"0","last_login_attempt":null,"id_company":null,"id_bank":null,"id_banker":null,"role_id":"3","id_user":"17"}
INFO - 2025-02-20 16:31:54 --> Session: Class initialized using 'CodeIgniter\Session\Handlers\FileHandler' driver.
INFO - 2025-02-20 16:31:56 --> Session: Class initialized using 'CodeIgniter\Session\Handlers\FileHandler' driver.
INFO - 2025-02-20 16:31:56 --> Iniciando búsqueda de usuario...
INFO - 2025-02-20 16:31:56 --> Identificación recibida: 1111111
INFO - 2025-02-20 16:31:56 --> Usuario encontrado: {"name":"ALBERTO","last_name":"ORTEGA","identification":"1111111","date_registration":"2025-02-18 23:13:37","email":"alberto@example.com","phone":"3132311084","address":"KDX 286-300 AV CIRCUNVALAR\r\nBARRIO FUNDADORES","status":"inactive","password_hash":"$2y$10$HASHPARAUSUARIO","balance":"0.00","swift_code":null,"routing":null,"checking":null,"account_number":null,"account_signatory":null,"login_attempts":"0","last_login_attempt":null,"id_company":null,"id_bank":null,"id_banker":null,"role_id":"3","id_user":"17"}
INFO - 2025-02-20 16:32:28 --> Session: Class initialized using 'CodeIgniter\Session\Handlers\FileHandler' driver.
INFO - 2025-02-20 16:32:51 --> Session: Class initialized using 'CodeIgniter\Session\Handlers\FileHandler' driver.
INFO - 2025-02-20 16:32:54 --> Session: Class initialized using 'CodeIgniter\Session\Handlers\FileHandler' driver.
INFO - 2025-02-20 16:32:54 --> Iniciando búsqueda de usuario...
INFO - 2025-02-20 16:32:54 --> Identificación recibida: 1111111
INFO - 2025-02-20 16:32:54 --> Usuario encontrado: {"name":"ALBERTO","last_name":"ORTEGA","identification":"1111111","date_registration":"2025-02-18 23:13:37","email":"alberto@example.com","phone":"3132311084","address":"KDX 286-300 AV CIRCUNVALAR\r\nBARRIO FUNDADORES","status":"inactive","password_hash":"$2y$10$HASHPARAUSUARIO","balance":"0.00","swift_code":null,"routing":null,"checking":null,"account_number":null,"account_signatory":null,"login_attempts":"0","last_login_attempt":null,"id_company":null,"id_bank":null,"id_banker":null,"role_id":"3","id_user":"17"}
INFO - 2025-02-20 16:33:53 --> Session: Class initialized using 'CodeIgniter\Session\Handlers\FileHandler' driver.
INFO - 2025-02-20 16:33:55 --> Session: Class initialized using 'CodeIgniter\Session\Handlers\FileHandler' driver.
INFO - 2025-02-20 16:33:55 --> Iniciando búsqueda de usuario...
INFO - 2025-02-20 16:33:55 --> Identificación recibida: 1111111
INFO - 2025-02-20 16:33:55 --> Usuario encontrado: {"name":"ALBERTO","last_name":"ORTEGA","identification":"1111111","date_registration":"2025-02-18 23:13:37","email":"alberto@example.com","phone":"3132311084","address":"KDX 286-300 AV CIRCUNVALAR\r\nBARRIO FUNDADORES","status":"inactive","password_hash":"$2y$10$HASHPARAUSUARIO","balance":"0.00","swift_code":null,"routing":null,"checking":null,"account_number":null,"account_signatory":null,"login_attempts":"0","last_login_attempt":null,"id_company":null,"id_bank":null,"id_banker":null,"role_id":"3","id_user":"17"}
INFO - 2025-02-20 16:34:25 --> Session: Class initialized using 'CodeIgniter\Session\Handlers\FileHandler' driver.
INFO - 2025-02-20 16:34:27 --> Session: Class initialized using 'CodeIgniter\Session\Handlers\FileHandler' driver.
INFO - 2025-02-20 16:34:27 --> Iniciando búsqueda de usuario...
INFO - 2025-02-20 16:34:27 --> Identificación recibida: 1111111
INFO - 2025-02-20 16:34:27 --> Usuario encontrado: {"name":"ALBERTO","last_name":"ORTEGA","identification":"1111111","date_registration":"2025-02-18 23:13:37","email":"alberto@example.com","phone":"3132311084","address":"KDX 286-300 AV CIRCUNVALAR\r\nBARRIO FUNDADORES","status":"inactive","password_hash":"$2y$10$HASHPARAUSUARIO","balance":"0.00","swift_code":null,"routing":null,"checking":null,"account_number":null,"account_signatory":null,"login_attempts":"0","last_login_attempt":null,"id_company":null,"id_bank":null,"id_banker":null,"role_id":"3","id_user":"17"}
INFO - 2025-02-20 16:34:30 --> Session: Class initialized using 'CodeIgniter\Session\Handlers\FileHandler' driver.
INFO - 2025-02-20 16:34:32 --> Session: Class initialized using 'CodeIgniter\Session\Handlers\FileHandler' driver.
INFO - 2025-02-20 16:34:32 --> Iniciando búsqueda de usuario...
INFO - 2025-02-20 16:34:32 --> Identificación recibida: 1111111
INFO - 2025-02-20 16:34:32 --> Usuario encontrado: {"name":"ALBERTO","last_name":"ORTEGA","identification":"1111111","date_registration":"2025-02-18 23:13:37","email":"alberto@example.com","phone":"3132311084","address":"KDX 286-300 AV CIRCUNVALAR\r\nBARRIO FUNDADORES","status":"inactive","password_hash":"$2y$10$HASHPARAUSUARIO","balance":"0.00","swift_code":null,"routing":null,"checking":null,"account_number":null,"account_signatory":null,"login_attempts":"0","last_login_attempt":null,"id_company":null,"id_bank":null,"id_banker":null,"role_id":"3","id_user":"17"}
INFO - 2025-02-20 16:34:50 --> Session: Class initialized using 'CodeIgniter\Session\Handlers\FileHandler' driver.
INFO - 2025-02-20 16:34:53 --> Session: Class initialized using 'CodeIgniter\Session\Handlers\FileHandler' driver.
INFO - 2025-02-20 16:34:53 --> Iniciando búsqueda de usuario...
INFO - 2025-02-20 16:34:53 --> Identificación recibida: 1111111
INFO - 2025-02-20 16:34:53 --> Usuario encontrado: {"name":"ALBERTO","last_name":"ORTEGA","identification":"1111111","date_registration":"2025-02-18 23:13:37","email":"alberto@example.com","phone":"3132311084","address":"KDX 286-300 AV CIRCUNVALAR\r\nBARRIO FUNDADORES","status":"inactive","password_hash":"$2y$10$HASHPARAUSUARIO","balance":"0.00","swift_code":null,"routing":null,"checking":null,"account_number":null,"account_signatory":null,"login_attempts":"0","last_login_attempt":null,"id_company":null,"id_bank":null,"id_banker":null,"role_id":"3","id_user":"17"}
INFO - 2025-02-20 16:35:28 --> Session: Class initialized using 'CodeIgniter\Session\Handlers\FileHandler' driver.
INFO - 2025-02-20 16:35:28 --> Iniciando búsqueda de usuario...
INFO - 2025-02-20 16:35:28 --> Identificación recibida: 1111111
INFO - 2025-02-20 16:35:28 --> Usuario encontrado: {"name":"ALBERTO","last_name":"ORTEGA","identification":"1111111","date_registration":"2025-02-18 23:13:37","email":"alberto@example.com","phone":"3132311084","address":"KDX 286-300 AV CIRCUNVALAR\r\nBARRIO FUNDADORES","status":"inactive","password_hash":"$2y$10$HASHPARAUSUARIO","balance":"0.00","swift_code":null,"routing":null,"checking":null,"account_number":null,"account_signatory":null,"login_attempts":"0","last_login_attempt":null,"id_company":null,"id_bank":null,"id_banker":null,"role_id":"3","id_user":"17"}
INFO - 2025-02-20 16:35:29 --> Session: Class initialized using 'CodeIgniter\Session\Handlers\FileHandler' driver.
INFO - 2025-02-20 16:35:32 --> Session: Class initialized using 'CodeIgniter\Session\Handlers\FileHandler' driver.
INFO - 2025-02-20 16:35:32 --> Iniciando búsqueda de usuario...
INFO - 2025-02-20 16:35:32 --> Identificación recibida: 1111111
INFO - 2025-02-20 16:35:32 --> Usuario encontrado: {"name":"ALBERTO","last_name":"ORTEGA","identification":"1111111","date_registration":"2025-02-18 23:13:37","email":"alberto@example.com","phone":"3132311084","address":"KDX 286-300 AV CIRCUNVALAR\r\nBARRIO FUNDADORES","status":"inactive","password_hash":"$2y$10$HASHPARAUSUARIO","balance":"0.00","swift_code":null,"routing":null,"checking":null,"account_number":null,"account_signatory":null,"login_attempts":"0","last_login_attempt":null,"id_company":null,"id_bank":null,"id_banker":null,"role_id":"3","id_user":"17"}
INFO - 2025-02-20 16:35:42 --> Session: Class initialized using 'CodeIgniter\Session\Handlers\FileHandler' driver.
INFO - 2025-02-20 16:35:43 --> Session: Class initialized using 'CodeIgniter\Session\Handlers\FileHandler' driver.
INFO - 2025-02-20 16:35:43 --> Iniciando búsqueda de usuario...
INFO - 2025-02-20 16:35:43 --> Identificación recibida: 1111111
INFO - 2025-02-20 16:35:43 --> Usuario encontrado: {"name":"ALBERTO","last_name":"ORTEGA","identification":"1111111","date_registration":"2025-02-18 23:13:37","email":"alberto@example.com","phone":"3132311084","address":"KDX 286-300 AV CIRCUNVALAR\r\nBARRIO FUNDADORES","status":"inactive","password_hash":"$2y$10$HASHPARAUSUARIO","balance":"0.00","swift_code":null,"routing":null,"checking":null,"account_number":null,"account_signatory":null,"login_attempts":"0","last_login_attempt":null,"id_company":null,"id_bank":null,"id_banker":null,"role_id":"3","id_user":"17"}
INFO - 2025-02-20 21:55:58 --> Session: Class initialized using 'CodeIgniter\Session\Handlers\FileHandler' driver.
INFO - 2025-02-20 21:56:00 --> Session: Class initialized using 'CodeIgniter\Session\Handlers\FileHandler' driver.
INFO - 2025-02-20 21:56:11 --> El método authenticate fue llamado
INFO - 2025-02-20 21:56:11 --> Session: Class initialized using 'CodeIgniter\Session\Handlers\FileHandler' driver.
INFO - 2025-02-20 21:56:11 --> Session: Class initialized using 'CodeIgniter\Session\Handlers\FileHandler' driver.
INFO - 2025-02-20 21:56:15 --> Session: Class initialized using 'CodeIgniter\Session\Handlers\FileHandler' driver.
INFO - 2025-02-20 21:56:18 --> Session: Class initialized using 'CodeIgniter\Session\Handlers\FileHandler' driver.
INFO - 2025-02-20 21:56:18 --> Iniciando búsqueda de usuario...
INFO - 2025-02-20 21:56:18 --> Identificación recibida: 1111111
INFO - 2025-02-20 21:56:18 --> Usuario encontrado: {"name":"ALBERTO","last_name":"ORTEGA","identification":"1111111","date_registration":"2025-02-18 23:13:37","email":"alberto@example.com","phone":"3132311084","address":"KDX 286-300 AV CIRCUNVALAR\r\nBARRIO FUNDADORES","status":"inactive","password_hash":"$2y$10$HASHPARAUSUARIO","balance":"0.00","swift_code":null,"routing":null,"checking":null,"account_number":null,"account_signatory":null,"login_attempts":"0","last_login_attempt":null,"id_company":null,"id_bank":null,"id_banker":null,"role_id":"3","id_user":"17"}
INFO - 2025-02-20 21:56:20 --> Session: Class initialized using 'CodeIgniter\Session\Handlers\FileHandler' driver.
INFO - 2025-02-20 22:17:32 --> Session: Class initialized using 'CodeIgniter\Session\Handlers\FileHandler' driver.
INFO - 2025-02-20 22:17:35 --> Session: Class initialized using 'CodeIgniter\Session\Handlers\FileHandler' driver.
INFO - 2025-02-20 22:17:35 --> Acceso a la vista de cambio de contraseña.
INFO - 2025-02-20 22:17:38 --> Session: Class initialized using 'CodeIgniter\Session\Handlers\FileHandler' driver.
INFO - 2025-02-20 22:17:40 --> Session: Class initialized using 'CodeIgniter\Session\Handlers\FileHandler' driver.
INFO - 2025-02-20 22:18:09 --> Session: Class initialized using 'CodeIgniter\Session\Handlers\FileHandler' driver.
INFO - 2025-02-20 22:18:12 --> Session: Class initialized using 'CodeIgniter\Session\Handlers\FileHandler' driver.
INFO - 2025-02-20 22:18:12 --> Iniciando búsqueda de usuario...
INFO - 2025-02-20 22:18:12 --> Identificación recibida: 1111111
INFO - 2025-02-20 22:18:12 --> Usuario encontrado: {"name":"ALBERTO","last_name":"ORTEGA","identification":"1111111","date_registration":"2025-02-18 23:13:37","email":"alberto@example.com","phone":"3132311084","address":"KDX 286-300 AV CIRCUNVALAR\r\nBARRIO FUNDADORES","status":"inactive","password_hash":"$2y$10$HASHPARAUSUARIO","balance":"0.00","swift_code":null,"routing":null,"checking":null,"account_number":null,"account_signatory":null,"login_attempts":"0","last_login_attempt":null,"id_company":null,"id_bank":null,"id_banker":null,"role_id":"3","id_user":"17"}
INFO - 2025-02-20 22:18:15 --> Session: Class initialized using 'CodeIgniter\Session\Handlers\FileHandler' driver.
INFO - 2025-02-20 22:18:15 --> Iniciando el método recharge()
INFO - 2025-02-20 22:18:15 --> Identificación recibida: 1111111
INFO - 2025-02-20 22:18:15 --> Monto recibido: 121212
INFO - 2025-02-20 22:18:15 --> Modelo de usuarios cargado
INFO - 2025-02-20 22:18:15 --> Consulta realizada para buscar usuario
INFO - 2025-02-20 22:18:15 --> Usuario encontrado: {"name":"ALBERTO","last_name":"ORTEGA","identification":"1111111","date_registration":"2025-02-18 23:13:37","email":"alberto@example.com","phone":"3132311084","address":"KDX 286-300 AV CIRCUNVALAR\r\nBARRIO FUNDADORES","status":"inactive","password_hash":"$2y$10$HASHPARAUSUARIO","balance":"0.00","swift_code":null,"routing":null,"checking":null,"account_number":null,"account_signatory":null,"login_attempts":"0","last_login_attempt":null,"id_company":null,"id_bank":null,"id_banker":null,"role_id":"3","id_user":"17"}
INFO - 2025-02-20 22:18:15 --> Nuevo balance calculado: 121212
INFO - 2025-02-20 22:18:15 --> Saldo actualizado correctamente
INFO - 2025-02-20 22:55:57 --> Session: Class initialized using 'CodeIgniter\Session\Handlers\FileHandler' driver.
INFO - 2025-02-20 22:56:02 --> Session: Class initialized using 'CodeIgniter\Session\Handlers\FileHandler' driver.
INFO - 2025-02-20 22:56:02 --> Iniciando búsqueda de usuario...
INFO - 2025-02-20 22:56:02 --> Identificación recibida: 1111111
INFO - 2025-02-20 22:56:02 --> Usuario encontrado: {"name":"ALBERTO","last_name":"ORTEGA","identification":"1111111","date_registration":"2025-02-18 23:13:37","email":"alberto@example.com","phone":"3132311084","address":"KDX 286-300 AV CIRCUNVALAR\r\nBARRIO FUNDADORES","status":"inactive","password_hash":"$2y$10$HASHPARAUSUARIO","balance":"121212.00","swift_code":null,"routing":null,"checking":null,"account_number":null,"account_signatory":null,"login_attempts":"0","last_login_attempt":null,"id_company":null,"id_bank":null,"id_banker":null,"role_id":"3","id_user":"17"}
INFO - 2025-02-20 22:56:58 --> Session: Class initialized using 'CodeIgniter\Session\Handlers\FileHandler' driver.
INFO - 2025-02-20 22:57:01 --> Session: Class initialized using 'CodeIgniter\Session\Handlers\FileHandler' driver.
INFO - 2025-02-20 22:57:01 --> Iniciando búsqueda de usuario...
INFO - 2025-02-20 22:57:01 --> Identificación recibida: 1111111
INFO - 2025-02-20 22:57:01 --> Usuario encontrado: {"name":"ALBERTO","last_name":"ORTEGA","identification":"1111111","date_registration":"2025-02-18 23:13:37","email":"alberto@example.com","phone":"3132311084","address":"KDX 286-300 AV CIRCUNVALAR\r\nBARRIO FUNDADORES","status":"inactive","password_hash":"$2y$10$HASHPARAUSUARIO","balance":"121212.00","swift_code":null,"routing":null,"checking":null,"account_number":null,"account_signatory":null,"login_attempts":"0","last_login_attempt":null,"id_company":null,"id_bank":null,"id_banker":null,"role_id":"3","id_user":"17"}
