INFO - 2025-04-17 03:12:49 --> Session: Class initialized using 'CodeIgniter\Session\Handlers\FileHandler' driver.
INFO - 2025-04-17 03:12:52 --> Session: Class initialized using 'CodeIgniter\Session\Handlers\FileHandler' driver.
INFO - 2025-04-17 03:12:52 --> Usuario autenticado con role_id: 
INFO - 2025-04-17 03:12:54 --> El método authenticate fue llamado
INFO - 2025-04-17 03:12:54 --> Session: Class initialized using 'CodeIgniter\Session\Handlers\FileHandler' driver.
INFO - 2025-04-17 03:12:54 --> Session: Class initialized using 'CodeIgniter\Session\Handlers\FileHandler' driver.
INFO - 2025-04-17 03:13:04 --> Session: Class initialized using 'CodeIgniter\Session\Handlers\FileHandler' driver.
INFO - 2025-04-17 03:14:11 --> Session: Class initialized using 'CodeIgniter\Session\Handlers\FileHandler' driver.
INFO - 2025-04-17 03:14:15 --> Session: Class initialized using 'CodeIgniter\Session\Handlers\FileHandler' driver.
INFO - 2025-04-17 03:14:18 --> Session: Class initialized using 'CodeIgniter\Session\Handlers\FileHandler' driver.
INFO - 2025-04-17 03:17:51 --> Session: Class initialized using 'CodeIgniter\Session\Handlers\FileHandler' driver.
INFO - 2025-04-17 03:17:51 --> Iniciando búsqueda de usuario...
INFO - 2025-04-17 03:17:51 --> Identificación recibida: 2354235423
ERROR - 2025-04-17 03:17:51 --> Usuario no encontrado con identificación: 2354235423
INFO - 2025-04-17 03:17:53 --> Session: Class initialized using 'CodeIgniter\Session\Handlers\FileHandler' driver.
INFO - 2025-04-17 03:17:53 --> Iniciando búsqueda de usuario...
INFO - 2025-04-17 03:17:53 --> Identificación recibida: 2354235423
ERROR - 2025-04-17 03:17:53 --> Usuario no encontrado con identificación: 2354235423
INFO - 2025-04-17 03:34:15 --> Session: Class initialized using 'CodeIgniter\Session\Handlers\FileHandler' driver.
INFO - 2025-04-17 03:34:15 --> Iniciando búsqueda de usuario...
INFO - 2025-04-17 03:34:15 --> Identificación recibida: 2354235423
ERROR - 2025-04-17 03:34:15 --> Usuario no encontrado con identificación: 2354235423
INFO - 2025-04-17 03:34:15 --> Session: Class initialized using 'CodeIgniter\Session\Handlers\FileHandler' driver.
INFO - 2025-04-17 03:34:15 --> Iniciando búsqueda de usuario...
INFO - 2025-04-17 03:34:15 --> Identificación recibida: 2354235423
ERROR - 2025-04-17 03:34:15 --> Usuario no encontrado con identificación: 2354235423
INFO - 2025-04-17 03:34:27 --> Session: Class initialized using 'CodeIgniter\Session\Handlers\FileHandler' driver.
