INFO - 2025-02-14 18:44:07 --> Session: Class initialized using 'CodeIgniter\Session\Handlers\FileHandler' driver.
INFO - 2025-02-14 18:44:10 --> Session: Class initialized using 'CodeIgniter\Session\Handlers\FileHandler' driver.
INFO - 2025-02-14 18:44:26 --> Session: Class initialized using 'CodeIgniter\Session\Handlers\FileHandler' driver.
INFO - 2025-02-14 18:44:44 --> Session: Class initialized using 'CodeIgniter\Session\Handlers\FileHandler' driver.
INFO - 2025-02-14 18:56:15 --> Session: Class initialized using 'CodeIgniter\Session\Handlers\FileHandler' driver.
INFO - 2025-02-14 18:56:18 --> Session: Class initialized using 'CodeIgniter\Session\Handlers\FileHandler' driver.
INFO - 2025-02-14 18:56:45 --> CSRF token verified.
INFO - 2025-02-14 18:56:45 --> El método authenticate fue llamado
INFO - 2025-02-14 18:56:46 --> Session: Class initialized using 'CodeIgniter\Session\Handlers\FileHandler' driver.
INFO - 2025-02-14 18:56:46 --> Session: Class initialized using 'CodeIgniter\Session\Handlers\FileHandler' driver.
INFO - 2025-02-14 18:56:58 --> CSRF token verified.
INFO - 2025-02-14 18:56:58 --> El método authenticate fue llamado
INFO - 2025-02-14 18:56:58 --> Session: Class initialized using 'CodeIgniter\Session\Handlers\FileHandler' driver.
INFO - 2025-02-14 18:56:58 --> Session: Class initialized using 'CodeIgniter\Session\Handlers\FileHandler' driver.
INFO - 2025-02-14 18:57:17 --> CSRF token verified.
INFO - 2025-02-14 18:57:17 --> El método authenticate fue llamado
INFO - 2025-02-14 18:57:18 --> Session: Class initialized using 'CodeIgniter\Session\Handlers\FileHandler' driver.
INFO - 2025-02-14 18:57:18 --> Session: Class initialized using 'CodeIgniter\Session\Handlers\FileHandler' driver.
INFO - 2025-02-14 18:57:21 --> Session: Class initialized using 'CodeIgniter\Session\Handlers\FileHandler' driver.
INFO - 2025-02-14 18:57:29 --> CSRF token verified.
INFO - 2025-02-14 18:57:29 --> Session: Class initialized using 'CodeIgniter\Session\Handlers\FileHandler' driver.
INFO - 2025-02-14 18:57:29 --> Iniciando el método addUser()
INFO - 2025-02-14 18:57:29 --> Reglas de validación definidas.
ERROR - 2025-02-14 18:57:29 --> Error en la validación de datos: {"identification":"The identification field must contain a unique value.","email":"The email field must contain a unique value."}
INFO - 2025-02-14 18:57:29 --> Session: Class initialized using 'CodeIgniter\Session\Handlers\FileHandler' driver.
INFO - 2025-02-14 18:57:34 --> CSRF token verified.
INFO - 2025-02-14 18:57:34 --> Session: Class initialized using 'CodeIgniter\Session\Handlers\FileHandler' driver.
INFO - 2025-02-14 18:57:34 --> Iniciando el método addUser()
INFO - 2025-02-14 18:57:34 --> Reglas de validación definidas.
INFO - 2025-02-14 18:57:34 --> Validación exitosa.
INFO - 2025-02-14 18:57:34 --> Datos recogidos del formulario: {"name":"MARVIN","last_name":"PEREZ","identification":"235423542322","phone":"3132311084","address":"KDX 286-300 AV CIRCUNVALAR","email":"m2arvin.santos@soy.sena.edu.co","role_id":"2","status":"active","password_hash":"$2y$10$wUw2Xw6J.2GZevKKC1.C4.8HidHnsPfXmXWaBuS3FnrQUfwvZ\/R2C"}
INFO - 2025-02-14 18:57:34 --> Consulta ejecutada: INSERT INTO `users` (`name`, `last_name`, `identification`, `phone`, `address`, `email`, `role_id`, `status`, `password_hash`) VALUES ('MARVIN', 'PEREZ', '235423542322', '3132311084', 'KDX 286-300 AV CIRCUNVALAR', 'm2arvin.santos@soy.sena.edu.co', '2', 'active', '$2y$10$wUw2Xw6J.2GZevKKC1.C4.8HidHnsPfXmXWaBuS3FnrQUfwvZ/R2C')
INFO - 2025-02-14 18:57:34 --> Usuario agregado correctamente en la base de datos.
INFO - 2025-02-14 18:57:34 --> Session: Class initialized using 'CodeIgniter\Session\Handlers\FileHandler' driver.
INFO - 2025-02-14 20:57:46 --> Session: Class initialized using 'CodeIgniter\Session\Handlers\FileHandler' driver.
INFO - 2025-02-14 20:57:46 --> Session: Class initialized using 'CodeIgniter\Session\Handlers\FileHandler' driver.
INFO - 2025-02-14 20:57:46 --> Session: Class initialized using 'CodeIgniter\Session\Handlers\FileHandler' driver.
INFO - 2025-02-14 20:58:05 --> CSRF token verified.
INFO - 2025-02-14 20:58:05 --> El método authenticate fue llamado
INFO - 2025-02-14 20:58:06 --> Session: Class initialized using 'CodeIgniter\Session\Handlers\FileHandler' driver.
INFO - 2025-02-14 20:58:06 --> Session: Class initialized using 'CodeIgniter\Session\Handlers\FileHandler' driver.
INFO - 2025-02-14 20:58:09 --> Session: Class initialized using 'CodeIgniter\Session\Handlers\FileHandler' driver.
INFO - 2025-02-14 20:58:24 --> CSRF token verified.
INFO - 2025-02-14 20:58:24 --> Session: Class initialized using 'CodeIgniter\Session\Handlers\FileHandler' driver.
INFO - 2025-02-14 20:58:24 --> Iniciando el método addUser()
INFO - 2025-02-14 20:58:24 --> Reglas de validación definidas.
ERROR - 2025-02-14 20:58:24 --> Error en la validación de datos: {"id_role":"El campo id_role es obligatorio."}
INFO - 2025-02-14 20:58:24 --> Session: Class initialized using 'CodeIgniter\Session\Handlers\FileHandler' driver.
INFO - 2025-02-14 20:58:27 --> CSRF token verified.
INFO - 2025-02-14 20:58:27 --> Session: Class initialized using 'CodeIgniter\Session\Handlers\FileHandler' driver.
INFO - 2025-02-14 20:58:27 --> Iniciando el método addUser()
INFO - 2025-02-14 20:58:27 --> Reglas de validación definidas.
INFO - 2025-02-14 20:58:27 --> Validación exitosa.
INFO - 2025-02-14 20:58:27 --> Datos recogidos del formulario: {"name":"MARVIN","last_name":"PEREZ","identification":"23542354213","phone":"3132311084","address":"KDX 286-300 AV CIRCUNVALAR","email":"marvAAin.santos@soy.sena.edu.co","role_id":"2","status":"inactive","password_hash":"$2y$10$w1XIg6S5uEULsE9JFgZsmOtcLgDcFAI.hvhvnYmnlfh8IW.CdtpiS"}
INFO - 2025-02-14 20:58:27 --> Consulta ejecutada: INSERT INTO `users` (`name`, `last_name`, `identification`, `phone`, `address`, `email`, `role_id`, `status`, `password_hash`) VALUES ('MARVIN', 'PEREZ', '23542354213', '3132311084', 'KDX 286-300 AV CIRCUNVALAR', 'marvAAin.santos@soy.sena.edu.co', '2', 'inactive', '$2y$10$w1XIg6S5uEULsE9JFgZsmOtcLgDcFAI.hvhvnYmnlfh8IW.CdtpiS')
INFO - 2025-02-14 20:58:27 --> Usuario agregado correctamente en la base de datos.
INFO - 2025-02-14 20:58:27 --> Session: Class initialized using 'CodeIgniter\Session\Handlers\FileHandler' driver.
INFO - 2025-02-14 21:13:12 --> CSRF token verified.
INFO - 2025-02-14 21:13:12 --> Session: Class initialized using 'CodeIgniter\Session\Handlers\FileHandler' driver.
INFO - 2025-02-14 21:13:12 --> Iniciando el método addUser()
INFO - 2025-02-14 21:13:12 --> Reglas de validación definidas.
ERROR - 2025-02-14 21:13:12 --> Error en la validación de datos: {"identification":"The identification field must contain a unique value.","email":"The email field must contain a unique value."}
INFO - 2025-02-14 21:13:12 --> Session: Class initialized using 'CodeIgniter\Session\Handlers\FileHandler' driver.
INFO - 2025-02-14 21:14:16 --> Session: Class initialized using 'CodeIgniter\Session\Handlers\FileHandler' driver.
INFO - 2025-02-14 21:15:41 --> Session: Class initialized using 'CodeIgniter\Session\Handlers\FileHandler' driver.
