INFO - 2025-06-07 02:07:28 --> Session: Class initialized using 'CodeIgniter\Session\Handlers\FileHandler' driver.
INFO - 2025-06-07 02:07:28 --> Session: Class initialized using 'CodeIgniter\Session\Handlers\FileHandler' driver.
INFO - 2025-06-07 02:09:34 --> Session: Class initialized using 'CodeIgniter\Session\Handlers\FileHandler' driver.
INFO - 2025-06-07 02:09:34 --> Usuario autenticado con role_id: 
INFO - 2025-06-07 02:12:21 --> El método authenticate fue llamado
INFO - 2025-06-07 02:12:22 --> Session: Class initialized using 'CodeIgniter\Session\Handlers\FileHandler' driver.
INFO - 2025-06-07 02:12:22 --> Session: Class initialized using 'CodeIgniter\Session\Handlers\FileHandler' driver.
INFO - 2025-06-07 02:12:24 --> Session: Class initialized using 'CodeIgniter\Session\Handlers\FileHandler' driver.
INFO - 2025-06-07 02:13:18 --> Session: Class initialized using 'CodeIgniter\Session\Handlers\FileHandler' driver.
INFO - 2025-06-07 02:14:57 --> Session: Class initialized using 'CodeIgniter\Session\Handlers\FileHandler' driver.
INFO - 2025-06-07 02:15:10 --> Session: Class initialized using 'CodeIgniter\Session\Handlers\FileHandler' driver.
INFO - 2025-06-07 02:15:23 --> Session: Class initialized using 'CodeIgniter\Session\Handlers\FileHandler' driver.
INFO - 2025-06-07 02:15:48 --> Session: Class initialized using 'CodeIgniter\Session\Handlers\FileHandler' driver.
INFO - 2025-06-07 02:42:11 --> Session: Class initialized using 'CodeIgniter\Session\Handlers\FileHandler' driver.
INFO - 2025-06-07 02:42:11 --> Session: Class initialized using 'CodeIgniter\Session\Handlers\FileHandler' driver.
INFO - 2025-06-07 02:51:19 --> Session: Class initialized using 'CodeIgniter\Session\Handlers\FileHandler' driver.
CRITICAL - 2025-06-07 02:51:20 --> BadMethodCallException: Call to undefined method App\Models\PqrsManagementModel::getDetailedRequests
[Method: GET, Route: admin/pqrsmanagement]
in SYSTEMPATH\Model.php on line 932.
 1 APPPATH\Controllers\PqrsManagementController.php(15): CodeIgniter\Model->__call('getDetailedRequests', [])
 2 SYSTEMPATH\CodeIgniter.php(933): App\Controllers\PqrsManagementController->index()
 3 SYSTEMPATH\CodeIgniter.php(509): CodeIgniter\CodeIgniter->runController(Object(App\Controllers\PqrsManagementController))
 4 SYSTEMPATH\CodeIgniter.php(355): CodeIgniter\CodeIgniter->handleRequest(null, Object(Config\Cache), false)
 5 SYSTEMPATH\Boot.php(325): CodeIgniter\CodeIgniter->run()
 6 SYSTEMPATH\Boot.php(67): CodeIgniter\Boot::runCodeIgniter(Object(CodeIgniter\CodeIgniter))
 7 FCPATH\index.php(56): CodeIgniter\Boot::bootWeb(Object(Config\Paths))
INFO - 2025-06-07 02:52:44 --> Session: Class initialized using 'CodeIgniter\Session\Handlers\FileHandler' driver.
INFO - 2025-06-07 02:54:30 --> Session: Class initialized using 'CodeIgniter\Session\Handlers\FileHandler' driver.
INFO - 2025-06-07 02:55:05 --> Session: Class initialized using 'CodeIgniter\Session\Handlers\FileHandler' driver.
INFO - 2025-06-07 03:00:44 --> Session: Class initialized using 'CodeIgniter\Session\Handlers\FileHandler' driver.
INFO - 2025-06-07 03:00:47 --> Session: Class initialized using 'CodeIgniter\Session\Handlers\FileHandler' driver.
INFO - 2025-06-07 03:00:48 --> Session: Class initialized using 'CodeIgniter\Session\Handlers\FileHandler' driver.
CRITICAL - 2025-06-07 03:00:48 --> ArgumentCountError: Too few arguments to function App\Controllers\PqrsManagementController::detailsRequest(), 0 passed in C:\xampp\htdocs\SCOPECAPITAL\system\CodeIgniter.php on line 933 and exactly 1 expected
[Method: POST, Route: admin/pqrsmanagement/getDetails]
in APPPATH\Controllers\PqrsManagementController.php on line 96.
 1 SYSTEMPATH\CodeIgniter.php(933): App\Controllers\PqrsManagementController->detailsRequest()
 2 SYSTEMPATH\CodeIgniter.php(509): CodeIgniter\CodeIgniter->runController(Object(App\Controllers\PqrsManagementController))
 3 SYSTEMPATH\CodeIgniter.php(355): CodeIgniter\CodeIgniter->handleRequest(null, Object(Config\Cache), false)
 4 SYSTEMPATH\Boot.php(325): CodeIgniter\CodeIgniter->run()
 5 SYSTEMPATH\Boot.php(67): CodeIgniter\Boot::runCodeIgniter(Object(CodeIgniter\CodeIgniter))
 6 FCPATH\index.php(56): CodeIgniter\Boot::bootWeb(Object(Config\Paths))
INFO - 2025-06-07 03:02:23 --> Session: Class initialized using 'CodeIgniter\Session\Handlers\FileHandler' driver.
INFO - 2025-06-07 03:02:24 --> Session: Class initialized using 'CodeIgniter\Session\Handlers\FileHandler' driver.
INFO - 2025-06-07 03:03:49 --> Session: Class initialized using 'CodeIgniter\Session\Handlers\FileHandler' driver.
INFO - 2025-06-07 03:03:51 --> Session: Class initialized using 'CodeIgniter\Session\Handlers\FileHandler' driver.
INFO - 2025-06-07 03:03:51 --> ID recibido en detailsRequest: 16
INFO - 2025-06-07 03:04:38 --> Session: Class initialized using 'CodeIgniter\Session\Handlers\FileHandler' driver.
INFO - 2025-06-07 03:04:51 --> Session: Class initialized using 'CodeIgniter\Session\Handlers\FileHandler' driver.
INFO - 2025-06-07 03:04:51 --> ID recibido en detailsRequest: 16
INFO - 2025-06-07 03:08:59 --> Session: Class initialized using 'CodeIgniter\Session\Handlers\FileHandler' driver.
INFO - 2025-06-07 03:09:00 --> Session: Class initialized using 'CodeIgniter\Session\Handlers\FileHandler' driver.
INFO - 2025-06-07 03:09:00 --> ID recibido en detailsRequest: 16
INFO - 2025-06-07 03:09:03 --> Session: Class initialized using 'CodeIgniter\Session\Handlers\FileHandler' driver.
INFO - 2025-06-07 03:09:05 --> Session: Class initialized using 'CodeIgniter\Session\Handlers\FileHandler' driver.
INFO - 2025-06-07 03:09:05 --> ID recibido en detailsRequest: 16
INFO - 2025-06-07 03:09:43 --> Session: Class initialized using 'CodeIgniter\Session\Handlers\FileHandler' driver.
INFO - 2025-06-07 03:10:37 --> Session: Class initialized using 'CodeIgniter\Session\Handlers\FileHandler' driver.
INFO - 2025-06-07 03:11:20 --> Session: Class initialized using 'CodeIgniter\Session\Handlers\FileHandler' driver.
INFO - 2025-06-07 03:11:22 --> Session: Class initialized using 'CodeIgniter\Session\Handlers\FileHandler' driver.
INFO - 2025-06-07 03:11:22 --> ID recibido en detailsRequest: 16
INFO - 2025-06-07 03:11:47 --> Session: Class initialized using 'CodeIgniter\Session\Handlers\FileHandler' driver.
INFO - 2025-06-07 03:11:49 --> Session: Class initialized using 'CodeIgniter\Session\Handlers\FileHandler' driver.
INFO - 2025-06-07 03:11:49 --> ID recibido en detailsRequest: 16
INFO - 2025-06-07 03:12:07 --> Session: Class initialized using 'CodeIgniter\Session\Handlers\FileHandler' driver.
INFO - 2025-06-07 03:12:07 --> ID recibido en detailsRequest: 16
INFO - 2025-06-07 03:13:33 --> Session: Class initialized using 'CodeIgniter\Session\Handlers\FileHandler' driver.
INFO - 2025-06-07 03:14:52 --> Session: Class initialized using 'CodeIgniter\Session\Handlers\FileHandler' driver.
INFO - 2025-06-07 03:14:54 --> Session: Class initialized using 'CodeIgniter\Session\Handlers\FileHandler' driver.
INFO - 2025-06-07 03:14:54 --> ID recibido en detailsRequest: 16
INFO - 2025-06-07 03:15:27 --> Session: Class initialized using 'CodeIgniter\Session\Handlers\FileHandler' driver.
INFO - 2025-06-07 03:15:27 --> ID recibido en detailsRequest: 16
INFO - 2025-06-07 03:16:23 --> Session: Class initialized using 'CodeIgniter\Session\Handlers\FileHandler' driver.
INFO - 2025-06-07 03:16:25 --> Session: Class initialized using 'CodeIgniter\Session\Handlers\FileHandler' driver.
INFO - 2025-06-07 03:16:25 --> ID recibido en detailsRequest: 16
INFO - 2025-06-07 03:17:29 --> Session: Class initialized using 'CodeIgniter\Session\Handlers\FileHandler' driver.
INFO - 2025-06-07 03:17:43 --> Session: Class initialized using 'CodeIgniter\Session\Handlers\FileHandler' driver.
INFO - 2025-06-07 03:17:43 --> ID recibido en detailsRequest: 16
INFO - 2025-06-07 03:17:48 --> Session: Class initialized using 'CodeIgniter\Session\Handlers\FileHandler' driver.
INFO - 2025-06-07 03:17:49 --> Session: Class initialized using 'CodeIgniter\Session\Handlers\FileHandler' driver.
INFO - 2025-06-07 03:17:49 --> ID recibido en detailsRequest: 16
INFO - 2025-06-07 03:18:57 --> Session: Class initialized using 'CodeIgniter\Session\Handlers\FileHandler' driver.
INFO - 2025-06-07 03:18:59 --> Session: Class initialized using 'CodeIgniter\Session\Handlers\FileHandler' driver.
INFO - 2025-06-07 03:18:59 --> ID recibido en detailsRequest: 16
INFO - 2025-06-07 03:19:28 --> Session: Class initialized using 'CodeIgniter\Session\Handlers\FileHandler' driver.
INFO - 2025-06-07 03:19:28 --> ID recibido en detailsRequest: 16
INFO - 2025-06-07 03:21:32 --> Session: Class initialized using 'CodeIgniter\Session\Handlers\FileHandler' driver.
INFO - 2025-06-07 03:21:32 --> ID recibido en detailsRequest: 16
INFO - 2025-06-07 03:22:27 --> Session: Class initialized using 'CodeIgniter\Session\Handlers\FileHandler' driver.
INFO - 2025-06-07 03:22:28 --> Session: Class initialized using 'CodeIgniter\Session\Handlers\FileHandler' driver.
INFO - 2025-06-07 03:22:28 --> ID recibido en detailsRequest: 16
INFO - 2025-06-07 03:22:29 --> Session: Class initialized using 'CodeIgniter\Session\Handlers\FileHandler' driver.
INFO - 2025-06-07 03:22:29 --> ID recibido en detailsRequest: 16
INFO - 2025-06-07 03:22:30 --> Session: Class initialized using 'CodeIgniter\Session\Handlers\FileHandler' driver.
INFO - 2025-06-07 03:22:30 --> ID recibido en detailsRequest: 16
INFO - 2025-06-07 03:22:42 --> Session: Class initialized using 'CodeIgniter\Session\Handlers\FileHandler' driver.
INFO - 2025-06-07 03:22:44 --> Session: Class initialized using 'CodeIgniter\Session\Handlers\FileHandler' driver.
INFO - 2025-06-07 03:22:44 --> ID recibido en detailsRequest: 16
INFO - 2025-06-07 03:22:44 --> Session: Class initialized using 'CodeIgniter\Session\Handlers\FileHandler' driver.
INFO - 2025-06-07 03:22:44 --> ID recibido en detailsRequest: 16
INFO - 2025-06-07 03:22:44 --> Session: Class initialized using 'CodeIgniter\Session\Handlers\FileHandler' driver.
INFO - 2025-06-07 03:22:44 --> ID recibido en detailsRequest: 16
INFO - 2025-06-07 03:23:11 --> Session: Class initialized using 'CodeIgniter\Session\Handlers\FileHandler' driver.
INFO - 2025-06-07 03:23:13 --> Session: Class initialized using 'CodeIgniter\Session\Handlers\FileHandler' driver.
INFO - 2025-06-07 03:23:13 --> ID recibido en detailsRequest: 16
INFO - 2025-06-07 03:23:14 --> Session: Class initialized using 'CodeIgniter\Session\Handlers\FileHandler' driver.
INFO - 2025-06-07 03:23:14 --> ID recibido en detailsRequest: 16
INFO - 2025-06-07 03:23:14 --> Session: Class initialized using 'CodeIgniter\Session\Handlers\FileHandler' driver.
INFO - 2025-06-07 03:23:14 --> ID recibido en detailsRequest: 16
INFO - 2025-06-07 03:23:14 --> Session: Class initialized using 'CodeIgniter\Session\Handlers\FileHandler' driver.
INFO - 2025-06-07 03:23:14 --> ID recibido en detailsRequest: 16
INFO - 2025-06-07 03:23:14 --> Session: Class initialized using 'CodeIgniter\Session\Handlers\FileHandler' driver.
INFO - 2025-06-07 03:23:14 --> ID recibido en detailsRequest: 16
INFO - 2025-06-07 03:23:29 --> Session: Class initialized using 'CodeIgniter\Session\Handlers\FileHandler' driver.
INFO - 2025-06-07 03:23:30 --> Session: Class initialized using 'CodeIgniter\Session\Handlers\FileHandler' driver.
INFO - 2025-06-07 03:23:30 --> ID recibido en detailsRequest: 16
INFO - 2025-06-07 03:24:02 --> Session: Class initialized using 'CodeIgniter\Session\Handlers\FileHandler' driver.
INFO - 2025-06-07 03:24:04 --> Session: Class initialized using 'CodeIgniter\Session\Handlers\FileHandler' driver.
INFO - 2025-06-07 03:24:04 --> ID recibido en detailsRequest: 16
INFO - 2025-06-07 03:24:11 --> Session: Class initialized using 'CodeIgniter\Session\Handlers\FileHandler' driver.
INFO - 2025-06-07 03:24:13 --> Session: Class initialized using 'CodeIgniter\Session\Handlers\FileHandler' driver.
INFO - 2025-06-07 03:24:13 --> ID recibido en detailsRequest: 16
INFO - 2025-06-07 03:24:32 --> Session: Class initialized using 'CodeIgniter\Session\Handlers\FileHandler' driver.
INFO - 2025-06-07 03:24:34 --> Session: Class initialized using 'CodeIgniter\Session\Handlers\FileHandler' driver.
INFO - 2025-06-07 03:24:34 --> ID recibido en detailsRequest: 16
INFO - 2025-06-07 03:24:56 --> Session: Class initialized using 'CodeIgniter\Session\Handlers\FileHandler' driver.
INFO - 2025-06-07 03:24:58 --> Session: Class initialized using 'CodeIgniter\Session\Handlers\FileHandler' driver.
INFO - 2025-06-07 03:24:58 --> ID recibido en detailsRequest: 16
INFO - 2025-06-07 03:25:50 --> Session: Class initialized using 'CodeIgniter\Session\Handlers\FileHandler' driver.
INFO - 2025-06-07 03:25:51 --> Session: Class initialized using 'CodeIgniter\Session\Handlers\FileHandler' driver.
INFO - 2025-06-07 03:25:51 --> ID recibido en detailsRequest: 16
INFO - 2025-06-07 03:27:19 --> Session: Class initialized using 'CodeIgniter\Session\Handlers\FileHandler' driver.
INFO - 2025-06-07 03:27:24 --> Session: Class initialized using 'CodeIgniter\Session\Handlers\FileHandler' driver.
INFO - 2025-06-07 03:27:24 --> ID recibido en detailsRequest: 16
INFO - 2025-06-07 03:27:26 --> Session: Class initialized using 'CodeIgniter\Session\Handlers\FileHandler' driver.
INFO - 2025-06-07 03:27:26 --> ID recibido en detailsRequest: 14
INFO - 2025-06-07 03:27:45 --> Session: Class initialized using 'CodeIgniter\Session\Handlers\FileHandler' driver.
INFO - 2025-06-07 03:27:46 --> Session: Class initialized using 'CodeIgniter\Session\Handlers\FileHandler' driver.
INFO - 2025-06-07 03:27:46 --> ID recibido en detailsRequest: 16
INFO - 2025-06-07 03:28:37 --> Session: Class initialized using 'CodeIgniter\Session\Handlers\FileHandler' driver.
INFO - 2025-06-07 03:29:40 --> Session: Class initialized using 'CodeIgniter\Session\Handlers\FileHandler' driver.
INFO - 2025-06-07 03:29:41 --> Session: Class initialized using 'CodeIgniter\Session\Handlers\FileHandler' driver.
INFO - 2025-06-07 03:29:41 --> ID recibido en detailsRequest: 9
INFO - 2025-06-07 03:29:42 --> Session: Class initialized using 'CodeIgniter\Session\Handlers\FileHandler' driver.
INFO - 2025-06-07 03:29:42 --> ID recibido en detailsRequest: 9
INFO - 2025-06-07 03:29:42 --> Session: Class initialized using 'CodeIgniter\Session\Handlers\FileHandler' driver.
INFO - 2025-06-07 03:29:42 --> ID recibido en detailsRequest: 9
INFO - 2025-06-07 03:29:42 --> Session: Class initialized using 'CodeIgniter\Session\Handlers\FileHandler' driver.
INFO - 2025-06-07 03:29:42 --> ID recibido en detailsRequest: 9
INFO - 2025-06-07 03:29:43 --> Session: Class initialized using 'CodeIgniter\Session\Handlers\FileHandler' driver.
INFO - 2025-06-07 03:29:43 --> ID recibido en detailsRequest: 9
INFO - 2025-06-07 03:29:50 --> Session: Class initialized using 'CodeIgniter\Session\Handlers\FileHandler' driver.
INFO - 2025-06-07 03:29:50 --> ID recibido en detailsRequest: 16
INFO - 2025-06-07 03:30:51 --> Session: Class initialized using 'CodeIgniter\Session\Handlers\FileHandler' driver.
INFO - 2025-06-07 03:30:57 --> Session: Class initialized using 'CodeIgniter\Session\Handlers\FileHandler' driver.
INFO - 2025-06-07 03:30:57 --> ID recibido en detailsRequest: 16
INFO - 2025-06-07 03:31:13 --> Session: Class initialized using 'CodeIgniter\Session\Handlers\FileHandler' driver.
INFO - 2025-06-07 03:31:15 --> Session: Class initialized using 'CodeIgniter\Session\Handlers\FileHandler' driver.
INFO - 2025-06-07 03:31:15 --> ID recibido en detailsRequest: 20
INFO - 2025-06-07 03:31:48 --> Session: Class initialized using 'CodeIgniter\Session\Handlers\FileHandler' driver.
INFO - 2025-06-07 03:31:49 --> Session: Class initialized using 'CodeIgniter\Session\Handlers\FileHandler' driver.
INFO - 2025-06-07 03:31:49 --> ID recibido en detailsRequest: 16
INFO - 2025-06-07 03:32:17 --> Session: Class initialized using 'CodeIgniter\Session\Handlers\FileHandler' driver.
INFO - 2025-06-07 03:32:19 --> Session: Class initialized using 'CodeIgniter\Session\Handlers\FileHandler' driver.
INFO - 2025-06-07 03:32:20 --> Session: Class initialized using 'CodeIgniter\Session\Handlers\FileHandler' driver.
INFO - 2025-06-07 03:32:20 --> ID recibido en detailsRequest: 16
INFO - 2025-06-07 03:32:36 --> Session: Class initialized using 'CodeIgniter\Session\Handlers\FileHandler' driver.
INFO - 2025-06-07 03:32:38 --> Session: Class initialized using 'CodeIgniter\Session\Handlers\FileHandler' driver.
INFO - 2025-06-07 03:32:38 --> ID recibido en detailsRequest: 16
INFO - 2025-06-07 03:32:55 --> Session: Class initialized using 'CodeIgniter\Session\Handlers\FileHandler' driver.
INFO - 2025-06-07 03:32:57 --> Session: Class initialized using 'CodeIgniter\Session\Handlers\FileHandler' driver.
INFO - 2025-06-07 03:32:57 --> ID recibido en detailsRequest: 14
INFO - 2025-06-07 03:33:40 --> Session: Class initialized using 'CodeIgniter\Session\Handlers\FileHandler' driver.
INFO - 2025-06-07 03:33:42 --> Session: Class initialized using 'CodeIgniter\Session\Handlers\FileHandler' driver.
INFO - 2025-06-07 03:33:42 --> ID recibido en detailsRequest: 16
INFO - 2025-06-07 03:33:58 --> Session: Class initialized using 'CodeIgniter\Session\Handlers\FileHandler' driver.
INFO - 2025-06-07 03:34:00 --> Session: Class initialized using 'CodeIgniter\Session\Handlers\FileHandler' driver.
INFO - 2025-06-07 03:34:00 --> ID recibido en detailsRequest: 16
INFO - 2025-06-07 03:34:05 --> Session: Class initialized using 'CodeIgniter\Session\Handlers\FileHandler' driver.
INFO - 2025-06-07 03:34:05 --> ID recibido en detailsRequest: 12
INFO - 2025-06-07 03:34:20 --> Session: Class initialized using 'CodeIgniter\Session\Handlers\FileHandler' driver.
INFO - 2025-06-07 03:34:20 --> ID recibido en detailsRequest: 18
INFO - 2025-06-07 03:34:36 --> Session: Class initialized using 'CodeIgniter\Session\Handlers\FileHandler' driver.
INFO - 2025-06-07 03:34:37 --> Session: Class initialized using 'CodeIgniter\Session\Handlers\FileHandler' driver.
INFO - 2025-06-07 03:34:37 --> ID recibido en detailsRequest: 16
INFO - 2025-06-07 03:35:03 --> Session: Class initialized using 'CodeIgniter\Session\Handlers\FileHandler' driver.
INFO - 2025-06-07 03:35:05 --> Session: Class initialized using 'CodeIgniter\Session\Handlers\FileHandler' driver.
INFO - 2025-06-07 03:35:05 --> ID recibido en detailsRequest: 8
INFO - 2025-06-07 03:47:54 --> Session: Class initialized using 'CodeIgniter\Session\Handlers\FileHandler' driver.
INFO - 2025-06-07 03:47:56 --> Session: Class initialized using 'CodeIgniter\Session\Handlers\FileHandler' driver.
INFO - 2025-06-07 03:47:56 --> ID recibido en detailsRequest: 17
INFO - 2025-06-07 03:50:17 --> Session: Class initialized using 'CodeIgniter\Session\Handlers\FileHandler' driver.
INFO - 2025-06-07 03:50:17 --> ID recibido en detailsRequest: 3
INFO - 2025-06-07 03:50:27 --> Session: Class initialized using 'CodeIgniter\Session\Handlers\FileHandler' driver.
INFO - 2025-06-07 03:50:27 --> ID recibido en detailsRequest: 1
INFO - 2025-06-07 03:50:32 --> Session: Class initialized using 'CodeIgniter\Session\Handlers\FileHandler' driver.
INFO - 2025-06-07 03:50:32 --> ID recibido en detailsRequest: 19
INFO - 2025-06-07 03:50:53 --> Session: Class initialized using 'CodeIgniter\Session\Handlers\FileHandler' driver.
INFO - 2025-06-07 03:50:53 --> Session: Class initialized using 'CodeIgniter\Session\Handlers\FileHandler' driver.
INFO - 2025-06-07 03:50:53 --> Usuario autenticado con role_id: 
INFO - 2025-06-07 03:50:59 --> El método authenticate fue llamado
INFO - 2025-06-07 03:51:00 --> Session: Class initialized using 'CodeIgniter\Session\Handlers\FileHandler' driver.
INFO - 2025-06-07 03:51:00 --> Session: Class initialized using 'CodeIgniter\Session\Handlers\FileHandler' driver.
INFO - 2025-06-07 03:51:03 --> Session: Class initialized using 'CodeIgniter\Session\Handlers\FileHandler' driver.
INFO - 2025-06-07 03:51:03 --> Datos recogidos de LA BASE DE DATOS: {"users":[{"agreement":"AGREEMENT","number":"1","letter":"1","date_from":"2025-06-01","date_to":"2025-06-03","policy":"POLICY","approved_by":"APPROVED BY","approved_date":"2025-06-04","id_user":"15","name":"MARVIN","last_name":"PEREZ","identification":"2354235423","email":"marvin.santos@soy.sena.edu.co","phone":"3132311084","address":"KDX 286-300 AV CIRCUNVALAR","trust":"TOMAS ANDRE","email_del_trust":"marvin.santos@soy.sena.edu.co","telephone_del_trust":"3132311084","bank":"BANCOLOMBIA","swift":"SWIFT","aba":"ABA","iban":"IBAM","account":"ACCOUNT","password_hash":"$2y$10$GAs2sq6yCiCt4vBIcmtk2.DcdR5hd9S.PJK6o8aJb5.ZE6LLzTnbK","date_registration":"2025-06-02 19:17:03","login_attempts":"0","last_login_attempt":null,"status":"active","role_id":"2","balance":"5523.90","principal":"5000.00","rate":"0.05","compoundingPeriods":"7","time":"2","role_name":"CLIENT"},{"agreement":"AGREEMENT","number":"1","letter":"1","date_from":"2025-06-01","date_to":"2025-06-05","policy":"POLICY","approved_by":"APPROVED BY","approved_date":"2025-06-02","id_user":"16","name":"JUAN","last_name":"BONET","identification":"10225581111","email":"jsbonetc@gmail.com","phone":"3132311084","address":"KDX 286-300 AV CIRCUNVALAR","trust":"MARVIN EDUARDO SANTOS","email_del_trust":"marvin.santos@soy.sena.edu.co","telephone_del_trust":"3132311084","bank":"BANK","swift":"SWIFT","aba":"ABA","iban":"IBAN","account":"ACCOUNT","password_hash":"$2y$10$3AjifnjftzFp4GkbRv3nGOf4s4I0DfLTv1cNk8rlDtqCAX7.RBJ2q","date_registration":"2025-06-04 20:52:47","login_attempts":"0","last_login_attempt":null,"status":"active","role_id":"2","balance":"8655.50","principal":"5000.00","rate":"0.05","compoundingPeriods":"11","time":"11","role_name":"CLIENT"}],"roles":[{"role_name":"ADMIN","role_description":"ADMINISTRADOR CON ACCESO COMPLETO","created_at":"2025-05-30 09:59:48","id_role":"1"},{"role_name":"CLIENT","role_description":"USUARIO CON PERMISOS DE EDICI\u00d3N","created_at":"2025-05-30 09:59:48","id_role":"2"}]}
INFO - 2025-06-07 03:51:09 --> Session: Class initialized using 'CodeIgniter\Session\Handlers\FileHandler' driver.
INFO - 2025-06-07 03:51:09 --> Session: Class initialized using 'CodeIgniter\Session\Handlers\FileHandler' driver.
INFO - 2025-06-07 03:51:09 --> Usuario autenticado con role_id: 
INFO - 2025-06-07 03:51:25 --> El método authenticate fue llamado
INFO - 2025-06-07 03:51:25 --> Session: Class initialized using 'CodeIgniter\Session\Handlers\FileHandler' driver.
INFO - 2025-06-07 03:51:25 --> Session: Class initialized using 'CodeIgniter\Session\Handlers\FileHandler' driver.
INFO - 2025-06-07 03:51:25 --> Usuario autenticado con role_id: 
INFO - 2025-06-07 03:52:01 --> El método authenticate fue llamado
INFO - 2025-06-07 03:52:01 --> Session: Class initialized using 'CodeIgniter\Session\Handlers\FileHandler' driver.
INFO - 2025-06-07 03:52:01 --> Session: Class initialized using 'CodeIgniter\Session\Handlers\FileHandler' driver.
INFO - 2025-06-07 03:52:01 --> Usuario autenticado con role_id: 
INFO - 2025-06-07 03:52:20 --> El método authenticate fue llamado
INFO - 2025-06-07 03:52:20 --> Session: Class initialized using 'CodeIgniter\Session\Handlers\FileHandler' driver.
INFO - 2025-06-07 03:52:20 --> Session: Class initialized using 'CodeIgniter\Session\Handlers\FileHandler' driver.
INFO - 2025-06-07 03:52:20 --> Session: Class initialized using 'CodeIgniter\Session\Handlers\FileHandler' driver.
INFO - 2025-06-07 03:52:35 --> Session: Class initialized using 'CodeIgniter\Session\Handlers\FileHandler' driver.
INFO - 2025-06-07 03:52:35 --> Archivo subido: 1749268355_dcd59b1be87f2e55651e.png
INFO - 2025-06-07 03:52:35 --> Configuración SMTP obtenida: Array
(
    [config_key] => smtp_config
    [config_value] => {"host":"smtp.gmail.com","username":"mesp3127@gmail.com","port":"587","smtp_password":"tibw htiw uskt qrjs","security":"tls"}
    [description] => 
    [created_at] => 2025-05-30 17:53:32
    [updated_at] => 2025-05-30 17:57:04
    [id_config] => 8
)

INFO - 2025-06-07 03:52:35 --> Configuración SMTP obtenida en librari: Array
(
    [host] => smtp.gmail.com
    [username] => mesp3127@gmail.com
    [port] => 587
    [smtp_password] => tibw htiw uskt qrjs
    [security] => tls
)

INFO - 2025-06-07 03:52:38 --> Consulta INSERT ejecutada: SELECT *
FROM `configuration`
WHERE `config_key` = 'smtp_config'
 LIMIT 1
INFO - 2025-06-07 03:52:38 --> Session: Class initialized using 'CodeIgniter\Session\Handlers\FileHandler' driver.
INFO - 2025-06-07 03:52:46 --> Session: Class initialized using 'CodeIgniter\Session\Handlers\FileHandler' driver.
INFO - 2025-06-07 03:52:46 --> Session: Class initialized using 'CodeIgniter\Session\Handlers\FileHandler' driver.
INFO - 2025-06-07 03:52:46 --> Usuario autenticado con role_id: 
INFO - 2025-06-07 03:52:48 --> El método authenticate fue llamado
INFO - 2025-06-07 03:52:48 --> Session: Class initialized using 'CodeIgniter\Session\Handlers\FileHandler' driver.
INFO - 2025-06-07 03:52:48 --> Session: Class initialized using 'CodeIgniter\Session\Handlers\FileHandler' driver.
INFO - 2025-06-07 03:53:03 --> Session: Class initialized using 'CodeIgniter\Session\Handlers\FileHandler' driver.
INFO - 2025-06-07 03:53:03 --> Datos recogidos de LA BASE DE DATOS: {"users":[{"agreement":"AGREEMENT","number":"1","letter":"1","date_from":"2025-06-01","date_to":"2025-06-03","policy":"POLICY","approved_by":"APPROVED BY","approved_date":"2025-06-04","id_user":"15","name":"MARVIN","last_name":"PEREZ","identification":"2354235423","email":"marvin.santos@soy.sena.edu.co","phone":"3132311084","address":"KDX 286-300 AV CIRCUNVALAR","trust":"TOMAS ANDRE","email_del_trust":"marvin.santos@soy.sena.edu.co","telephone_del_trust":"3132311084","bank":"BANCOLOMBIA","swift":"SWIFT","aba":"ABA","iban":"IBAM","account":"ACCOUNT","password_hash":"$2y$10$GAs2sq6yCiCt4vBIcmtk2.DcdR5hd9S.PJK6o8aJb5.ZE6LLzTnbK","date_registration":"2025-06-02 19:17:03","login_attempts":"0","last_login_attempt":null,"status":"active","role_id":"2","balance":"5523.90","principal":"5000.00","rate":"0.05","compoundingPeriods":"7","time":"2","role_name":"CLIENT"},{"agreement":"AGREEMENT","number":"1","letter":"1","date_from":"2025-06-01","date_to":"2025-06-05","policy":"POLICY","approved_by":"APPROVED BY","approved_date":"2025-06-02","id_user":"16","name":"JUAN","last_name":"BONET","identification":"10225581111","email":"jsbonetc@gmail.com","phone":"3132311084","address":"KDX 286-300 AV CIRCUNVALAR","trust":"MARVIN EDUARDO SANTOS","email_del_trust":"marvin.santos@soy.sena.edu.co","telephone_del_trust":"3132311084","bank":"BANK","swift":"SWIFT","aba":"ABA","iban":"IBAN","account":"ACCOUNT","password_hash":"$2y$10$3AjifnjftzFp4GkbRv3nGOf4s4I0DfLTv1cNk8rlDtqCAX7.RBJ2q","date_registration":"2025-06-04 20:52:47","login_attempts":"0","last_login_attempt":null,"status":"active","role_id":"2","balance":"8655.50","principal":"5000.00","rate":"0.05","compoundingPeriods":"11","time":"11","role_name":"CLIENT"}],"roles":[{"role_name":"ADMIN","role_description":"ADMINISTRADOR CON ACCESO COMPLETO","created_at":"2025-05-30 09:59:48","id_role":"1"},{"role_name":"CLIENT","role_description":"USUARIO CON PERMISOS DE EDICI\u00d3N","created_at":"2025-05-30 09:59:48","id_role":"2"}]}
INFO - 2025-06-07 03:53:09 --> Session: Class initialized using 'CodeIgniter\Session\Handlers\FileHandler' driver.
INFO - 2025-06-07 03:53:18 --> Session: Class initialized using 'CodeIgniter\Session\Handlers\FileHandler' driver.
INFO - 2025-06-07 03:53:18 --> ID recibido en detailsRequest: 24
INFO - 2025-06-07 03:58:26 --> Session: Class initialized using 'CodeIgniter\Session\Handlers\FileHandler' driver.
INFO - 2025-06-07 03:58:27 --> Session: Class initialized using 'CodeIgniter\Session\Handlers\FileHandler' driver.
INFO - 2025-06-07 03:58:27 --> ID recibido en detailsRequest: 16
INFO - 2025-06-07 03:58:41 --> Session: Class initialized using 'CodeIgniter\Session\Handlers\FileHandler' driver.
INFO - 2025-06-07 03:58:41 --> ID recibido en detailsRequest: 24
INFO - 2025-06-07 05:10:46 --> Session: Class initialized using 'CodeIgniter\Session\Handlers\FileHandler' driver.
INFO - 2025-06-07 05:10:53 --> Session: Class initialized using 'CodeIgniter\Session\Handlers\FileHandler' driver.
INFO - 2025-06-07 05:10:53 --> Configuración SMTP obtenida: Array
(
    [config_key] => smtp_config
    [config_value] => {"host":"smtp.gmail.com","username":"mesp3127@gmail.com","port":"587","smtp_password":"tibw htiw uskt qrjs","security":"tls"}
    [description] => 
    [created_at] => 2025-05-30 17:53:32
    [updated_at] => 2025-05-30 17:57:04
    [id_config] => 8
)

INFO - 2025-06-07 05:10:53 --> Configuración SMTP obtenida en librari: Array
(
    [host] => smtp.gmail.com
    [username] => mesp3127@gmail.com
    [port] => 587
    [smtp_password] => tibw htiw uskt qrjs
    [security] => tls
)

INFO - 2025-06-07 05:10:57 --> Session: Class initialized using 'CodeIgniter\Session\Handlers\FileHandler' driver.
INFO - 2025-06-07 05:16:39 --> Session: Class initialized using 'CodeIgniter\Session\Handlers\FileHandler' driver.
INFO - 2025-06-07 05:16:39 --> ID recibido en detailsRequest: 14
INFO - 2025-06-07 13:07:54 --> Session: Class initialized using 'CodeIgniter\Session\Handlers\FileHandler' driver.
INFO - 2025-06-07 13:07:54 --> Session: Class initialized using 'CodeIgniter\Session\Handlers\FileHandler' driver.
INFO - 2025-06-07 13:07:54 --> Usuario autenticado con role_id: 
INFO - 2025-06-07 13:07:56 --> El método authenticate fue llamado
INFO - 2025-06-07 13:07:56 --> Session: Class initialized using 'CodeIgniter\Session\Handlers\FileHandler' driver.
INFO - 2025-06-07 13:07:56 --> Session: Class initialized using 'CodeIgniter\Session\Handlers\FileHandler' driver.
INFO - 2025-06-07 13:08:01 --> Session: Class initialized using 'CodeIgniter\Session\Handlers\FileHandler' driver.
INFO - 2025-06-07 13:08:04 --> Session: Class initialized using 'CodeIgniter\Session\Handlers\FileHandler' driver.
INFO - 2025-06-07 13:08:04 --> ID recibido en detailsRequest: 16
INFO - 2025-06-07 13:26:09 --> Session: Class initialized using 'CodeIgniter\Session\Handlers\FileHandler' driver.
INFO - 2025-06-07 13:26:09 --> Session: Class initialized using 'CodeIgniter\Session\Handlers\FileHandler' driver.
INFO - 2025-06-07 13:26:15 --> Session: Class initialized using 'CodeIgniter\Session\Handlers\FileHandler' driver.
INFO - 2025-06-07 13:26:15 --> Datos recogidos de LA BASE DE DATOS: {"users":[{"agreement":null,"number":null,"letter":null,"date_from":null,"date_to":null,"policy":null,"approved_by":null,"approved_date":null,"id_user":"2","name":"ANA","last_name":"L\u00d3PEZ","identification":"987654321","email":"ana@example.com","phone":null,"address":null,"trust":null,"email_del_trust":null,"telephone_del_trust":null,"bank":null,"swift":null,"aba":null,"iban":null,"account":null,"password_hash":"$2y$10$xdHFXhYoOaUbqjip72qvj.3489G7unuXyD7gHL\/XTwcUsDTFyMj6G","date_registration":"2025-06-07 08:10:30","login_attempts":"0","last_login_attempt":null,"status":"active","role_id":"2","balance":"0.00","principal":"5000.00","rate":"3.50","compoundingPeriods":"2","time":"6","role_name":"CLIENT"}],"roles":[{"role_name":"ADMIN","role_description":"ADMINISTRADOR CON ACCESO COMPLETO","created_at":"2025-06-07 08:10:30","id_role":"1"},{"role_name":"CLIENT","role_description":"USUARIO CON PERMISOS DE EDICI\u00d3N","created_at":"2025-06-07 08:10:30","id_role":"2"}]}
INFO - 2025-06-07 13:26:18 --> Session: Class initialized using 'CodeIgniter\Session\Handlers\FileHandler' driver.
INFO - 2025-06-07 13:27:02 --> Session: Class initialized using 'CodeIgniter\Session\Handlers\FileHandler' driver.
INFO - 2025-06-07 13:27:22 --> Session: Class initialized using 'CodeIgniter\Session\Handlers\FileHandler' driver.
INFO - 2025-06-07 13:28:20 --> Session: Class initialized using 'CodeIgniter\Session\Handlers\FileHandler' driver.
INFO - 2025-06-07 13:29:17 --> Session: Class initialized using 'CodeIgniter\Session\Handlers\FileHandler' driver.
INFO - 2025-06-07 13:29:18 --> Session: Class initialized using 'CodeIgniter\Session\Handlers\FileHandler' driver.
INFO - 2025-06-07 13:29:41 --> Session: Class initialized using 'CodeIgniter\Session\Handlers\FileHandler' driver.
INFO - 2025-06-07 13:29:41 --> Datos recogidos de LA BASE DE DATOS: {"users":[{"agreement":null,"number":null,"letter":null,"date_from":null,"date_to":null,"policy":null,"approved_by":null,"approved_date":null,"id_user":"2","name":"ANA","last_name":"L\u00d3PEZ","identification":"987654321","email":"ana@example.com","phone":null,"address":null,"trust":null,"email_del_trust":null,"telephone_del_trust":null,"bank":null,"swift":null,"aba":null,"iban":null,"account":null,"password_hash":"$2y$10$xdHFXhYoOaUbqjip72qvj.3489G7unuXyD7gHL\/XTwcUsDTFyMj6G","date_registration":"2025-06-07 08:10:30","login_attempts":"0","last_login_attempt":null,"status":"active","role_id":"2","balance":"0.00","principal":"5000.00","rate":"3.50","compoundingPeriods":"2","time":"6","role_name":"CLIENT"}],"roles":[{"role_name":"ADMIN","role_description":"ADMINISTRADOR CON ACCESO COMPLETO","created_at":"2025-06-07 08:10:30","id_role":"1"},{"role_name":"CLIENT","role_description":"USUARIO CON PERMISOS DE EDICI\u00d3N","created_at":"2025-06-07 08:10:30","id_role":"2"}]}
INFO - 2025-06-07 13:29:46 --> Session: Class initialized using 'CodeIgniter\Session\Handlers\FileHandler' driver.
INFO - 2025-06-07 13:29:46 --> Datos recogidos de LA BASE DE DATOS: {"users":[{"agreement":null,"number":null,"letter":null,"date_from":null,"date_to":null,"policy":null,"approved_by":null,"approved_date":null,"id_user":"2","name":"ANA","last_name":"L\u00d3PEZ","identification":"987654321","email":"ana@example.com","phone":null,"address":null,"trust":null,"email_del_trust":null,"telephone_del_trust":null,"bank":null,"swift":null,"aba":null,"iban":null,"account":null,"password_hash":"$2y$10$xdHFXhYoOaUbqjip72qvj.3489G7unuXyD7gHL\/XTwcUsDTFyMj6G","date_registration":"2025-06-07 08:10:30","login_attempts":"0","last_login_attempt":null,"status":"active","role_id":"2","balance":"0.00","principal":"5000.00","rate":"3.50","compoundingPeriods":"2","time":"6","role_name":"CLIENT"}],"roles":[{"role_name":"ADMIN","role_description":"ADMINISTRADOR CON ACCESO COMPLETO","created_at":"2025-06-07 08:10:30","id_role":"1"},{"role_name":"CLIENT","role_description":"USUARIO CON PERMISOS DE EDICI\u00d3N","created_at":"2025-06-07 08:10:30","id_role":"2"}]}
INFO - 2025-06-07 13:39:29 --> Session: Class initialized using 'CodeIgniter\Session\Handlers\FileHandler' driver.
INFO - 2025-06-07 13:39:29 --> Iniciando el método addUser()
INFO - 2025-06-07 13:39:30 --> Reglas de validación definidas.
INFO - 2025-06-07 13:39:30 --> Validación exitosa.
INFO - 2025-06-07 13:39:30 --> Datos recogidos del formulario: {"name":"MARVIN","last_name":"PEREZ","identification":"2354235423","email":"jsbonetc@gmail.com","phone":"3132311084","address":"KDX 286-300 AV CIRCUNVALAR","trust":"MARVIN EDUARDO SANTOS","email_del_trust":"marvin.santos@soy.sena.edu.co","telephone_del_trust":"3132311084","bank":"BANK","swift":"SWIFT","aba":"ABA","iban":"IBAN","account":"ACCOUNT","role_id":"2","status":"active","password_hash":"$2y$10$\/dDMPDbPgg6nOujUQm5UaOuw.xz6WThCm6aHhPpb9p7ESQwX4.tEC","balance":5255.4,"rate":0.05,"compoundingPeriods":7,"time":1,"principal":5000,"agreement":"AGREEMENT","number":"11","letter":"123123","policy":"POLICY","date_from":"2025-06-01","date_to":"2025-06-08","approved_by":"APPROVED BY","approved_date":"2025-06-11","date_registration":"2025-06-07 13:39:30"}
INFO - 2025-06-07 13:39:30 --> Configuración SMTP obtenida: 
INFO - 2025-06-07 13:39:30 --> Configuración SMTP obtenida en librari: Array
(
)

ERROR - 2025-06-07 13:39:30 --> Faltan campos requeridos en la configuración SMTP.
INFO - 2025-06-07 13:39:30 --> Consulta ejecutada: SELECT *
FROM `configuration`
WHERE `config_key` = 'smtp_config'
 LIMIT 1
INFO - 2025-06-07 13:39:30 --> Usuario agregado correctamente en la base de datos.
INFO - 2025-06-07 13:39:30 --> Session: Class initialized using 'CodeIgniter\Session\Handlers\FileHandler' driver.
INFO - 2025-06-07 13:39:30 --> Datos recogidos de LA BASE DE DATOS: {"users":[{"agreement":null,"number":null,"letter":null,"date_from":null,"date_to":null,"policy":null,"approved_by":null,"approved_date":null,"id_user":"2","name":"ANA","last_name":"L\u00d3PEZ","identification":"987654321","email":"ana@example.com","phone":null,"address":null,"trust":null,"email_del_trust":null,"telephone_del_trust":null,"bank":null,"swift":null,"aba":null,"iban":null,"account":null,"password_hash":"$2y$10$xdHFXhYoOaUbqjip72qvj.3489G7unuXyD7gHL\/XTwcUsDTFyMj6G","date_registration":"2025-06-07 08:10:30","login_attempts":"0","last_login_attempt":null,"status":"active","role_id":"2","balance":"0.00","principal":"5000.00","rate":"3.50","compoundingPeriods":"2","time":"6","role_name":"CLIENT"},{"agreement":"AGREEMENT","number":"11","letter":"1","date_from":"2025-06-01","date_to":"2025-06-08","policy":"POLICY","approved_by":"APPROVED BY","approved_date":"2025-06-11","id_user":"3","name":"MARVIN","last_name":"PEREZ","identification":"2354235423","email":"jsbonetc@gmail.com","phone":"3132311084","address":"KDX 286-300 AV CIRCUNVALAR","trust":"MARVIN EDUARDO SANTOS","email_del_trust":"marvin.santos@soy.sena.edu.co","telephone_del_trust":"3132311084","bank":"BANK","swift":"SWIFT","aba":"ABA","iban":"IBAN","account":"ACCOUNT","password_hash":"$2y$10$\/dDMPDbPgg6nOujUQm5UaOuw.xz6WThCm6aHhPpb9p7ESQwX4.tEC","date_registration":"2025-06-07 13:39:30","login_attempts":"0","last_login_attempt":null,"status":"active","role_id":"2","balance":"5255.40","principal":"5000.00","rate":"0.05","compoundingPeriods":"7","time":"1","role_name":"CLIENT"}],"roles":[{"role_name":"ADMIN","role_description":"ADMINISTRADOR CON ACCESO COMPLETO","created_at":"2025-06-07 08:10:30","id_role":"1"},{"role_name":"CLIENT","role_description":"USUARIO CON PERMISOS DE EDICI\u00d3N","created_at":"2025-06-07 08:10:30","id_role":"2"}]}
INFO - 2025-06-07 13:41:54 --> Session: Class initialized using 'CodeIgniter\Session\Handlers\FileHandler' driver.
INFO - 2025-06-07 13:41:56 --> Session: Class initialized using 'CodeIgniter\Session\Handlers\FileHandler' driver.
INFO - 2025-06-07 13:41:56 --> Iniciando búsqueda de usuario...
INFO - 2025-06-07 13:41:56 --> Identificación recibida: 987654321
INFO - 2025-06-07 13:41:56 --> Usuario encontrado: {"agreement":null,"number":null,"letter":null,"date_from":null,"date_to":null,"policy":null,"approved_by":null,"approved_date":null,"name":"ANA","last_name":"L\u00d3PEZ","identification":"987654321","email":"ana@example.com","phone":null,"address":null,"trust":null,"email_del_trust":null,"telephone_del_trust":null,"bank":null,"swift":null,"aba":null,"iban":null,"account":null,"password_hash":"$2y$10$xdHFXhYoOaUbqjip72qvj.3489G7unuXyD7gHL\/XTwcUsDTFyMj6G","date_registration":"2025-06-07 08:10:30","login_attempts":"0","last_login_attempt":null,"status":"active","role_id":"2","balance":"0.00","principal":"5000.00","rate":"3.50","compoundingPeriods":"2","time":"6","id_user":"2"}
INFO - 2025-06-07 13:46:15 --> Session: Class initialized using 'CodeIgniter\Session\Handlers\FileHandler' driver.
INFO - 2025-06-07 13:46:15 --> Datos recogidos de LA BASE DE DATOS: {"users":[{"agreement":null,"number":null,"letter":null,"date_from":null,"date_to":null,"policy":null,"approved_by":null,"approved_date":null,"id_user":"2","name":"ANA","last_name":"L\u00d3PEZ","identification":"987654321","email":"ana@example.com","phone":null,"address":null,"trust":null,"email_del_trust":null,"telephone_del_trust":null,"bank":null,"swift":null,"aba":null,"iban":null,"account":null,"password_hash":"$2y$10$xdHFXhYoOaUbqjip72qvj.3489G7unuXyD7gHL\/XTwcUsDTFyMj6G","date_registration":"2025-06-07 08:10:30","login_attempts":"0","last_login_attempt":null,"status":"active","role_id":"2","balance":"0.00","principal":"5000.00","rate":"3.50","compoundingPeriods":"2","time":"6","role_name":"CLIENT"},{"agreement":"AGREEMENT","number":"11","letter":"1","date_from":"2025-06-01","date_to":"2025-06-08","policy":"POLICY","approved_by":"APPROVED BY","approved_date":"2025-06-11","id_user":"3","name":"MARVIN","last_name":"PEREZ","identification":"2354235423","email":"jsbonetc@gmail.com","phone":"3132311084","address":"KDX 286-300 AV CIRCUNVALAR","trust":"MARVIN EDUARDO SANTOS","email_del_trust":"marvin.santos@soy.sena.edu.co","telephone_del_trust":"3132311084","bank":"BANK","swift":"SWIFT","aba":"ABA","iban":"IBAN","account":"ACCOUNT","password_hash":"$2y$10$\/dDMPDbPgg6nOujUQm5UaOuw.xz6WThCm6aHhPpb9p7ESQwX4.tEC","date_registration":"2025-06-07 13:39:30","login_attempts":"0","last_login_attempt":null,"status":"active","role_id":"2","balance":"5255.40","principal":"5000.00","rate":"0.05","compoundingPeriods":"7","time":"1","role_name":"CLIENT"}],"roles":[{"role_name":"ADMIN","role_description":"ADMINISTRADOR CON ACCESO COMPLETO","created_at":"2025-06-07 08:10:30","id_role":"1"},{"role_name":"CLIENT","role_description":"USUARIO CON PERMISOS DE EDICI\u00d3N","created_at":"2025-06-07 08:10:30","id_role":"2"}]}
INFO - 2025-06-07 13:47:57 --> Session: Class initialized using 'CodeIgniter\Session\Handlers\FileHandler' driver.
INFO - 2025-06-07 13:47:57 --> Datos recogidos de LA BASE DE DATOS: {"users":[{"agreement":null,"number":null,"letter":null,"date_from":null,"date_to":null,"policy":null,"approved_by":null,"approved_date":null,"id_user":"2","name":"ANA","last_name":"L\u00d3PEZ","identification":"987654321","email":"ana@example.com","phone":null,"address":null,"trust":null,"email_del_trust":null,"telephone_del_trust":null,"bank":null,"swift":null,"aba":null,"iban":null,"account":null,"password_hash":"$2y$10$xdHFXhYoOaUbqjip72qvj.3489G7unuXyD7gHL\/XTwcUsDTFyMj6G","date_registration":"2025-06-07 08:10:30","login_attempts":"0","last_login_attempt":null,"status":"active","role_id":"2","balance":"0.00","principal":"5000.00","rate":"3.50","compoundingPeriods":"2","time":"6","role_name":"CLIENT"},{"agreement":"AGREEMENT","number":"11","letter":"1","date_from":"2025-06-01","date_to":"2025-06-08","policy":"POLICY","approved_by":"APPROVED BY","approved_date":"2025-06-11","id_user":"3","name":"MARVIN","last_name":"PEREZ","identification":"2354235423","email":"jsbonetc@gmail.com","phone":"3132311084","address":"KDX 286-300 AV CIRCUNVALAR","trust":"MARVIN EDUARDO SANTOS","email_del_trust":"marvin.santos@soy.sena.edu.co","telephone_del_trust":"3132311084","bank":"BANK","swift":"SWIFT","aba":"ABA","iban":"IBAN","account":"ACCOUNT","password_hash":"$2y$10$\/dDMPDbPgg6nOujUQm5UaOuw.xz6WThCm6aHhPpb9p7ESQwX4.tEC","date_registration":"2025-06-07 13:39:30","login_attempts":"0","last_login_attempt":null,"status":"active","role_id":"2","balance":"5255.40","principal":"5000.00","rate":"0.05","compoundingPeriods":"7","time":"1","role_name":"CLIENT"}],"roles":[{"role_name":"ADMIN","role_description":"ADMINISTRADOR CON ACCESO COMPLETO","created_at":"2025-06-07 08:10:30","id_role":"1"},{"role_name":"CLIENT","role_description":"USUARIO CON PERMISOS DE EDICI\u00d3N","created_at":"2025-06-07 08:10:30","id_role":"2"}]}
INFO - 2025-06-07 13:49:13 --> Session: Class initialized using 'CodeIgniter\Session\Handlers\FileHandler' driver.
INFO - 2025-06-07 13:49:13 --> Datos recogidos de LA BASE DE DATOS: {"users":[{"agreement":null,"number":null,"letter":null,"date_from":null,"date_to":null,"policy":null,"approved_by":null,"approved_date":null,"id_user":"2","name":"ANA","last_name":"L\u00d3PEZ","identification":"987654321","email":"ana@example.com","phone":null,"address":null,"trust":null,"email_del_trust":null,"telephone_del_trust":null,"bank":null,"swift":null,"aba":null,"iban":null,"account":null,"password_hash":"$2y$10$xdHFXhYoOaUbqjip72qvj.3489G7unuXyD7gHL\/XTwcUsDTFyMj6G","date_registration":"2025-06-07 08:10:30","login_attempts":"0","last_login_attempt":null,"status":"active","role_id":"2","balance":"0.00","principal":"5000.00","rate":"3.50","compoundingPeriods":"2","time":"6","role_name":"CLIENT"},{"agreement":"AGREEMENT","number":"11","letter":"1","date_from":"2025-06-01","date_to":"2025-06-08","policy":"POLICY","approved_by":"APPROVED BY","approved_date":"2025-06-11","id_user":"3","name":"MARVIN","last_name":"PEREZ","identification":"2354235423","email":"jsbonetc@gmail.com","phone":"3132311084","address":"KDX 286-300 AV CIRCUNVALAR","trust":"MARVIN EDUARDO SANTOS","email_del_trust":"marvin.santos@soy.sena.edu.co","telephone_del_trust":"3132311084","bank":"BANK","swift":"SWIFT","aba":"ABA","iban":"IBAN","account":"ACCOUNT","password_hash":"$2y$10$\/dDMPDbPgg6nOujUQm5UaOuw.xz6WThCm6aHhPpb9p7ESQwX4.tEC","date_registration":"2025-06-07 13:39:30","login_attempts":"0","last_login_attempt":null,"status":"active","role_id":"2","balance":"5255.40","principal":"5000.00","rate":"0.05","compoundingPeriods":"7","time":"1","role_name":"CLIENT"}],"roles":[{"role_name":"ADMIN","role_description":"ADMINISTRADOR CON ACCESO COMPLETO","created_at":"2025-06-07 08:10:30","id_role":"1"},{"role_name":"CLIENT","role_description":"USUARIO CON PERMISOS DE EDICI\u00d3N","created_at":"2025-06-07 08:10:30","id_role":"2"}]}
INFO - 2025-06-07 13:49:29 --> Session: Class initialized using 'CodeIgniter\Session\Handlers\FileHandler' driver.
INFO - 2025-06-07 13:49:29 --> Datos recogidos de LA BASE DE DATOS: {"users":[{"agreement":null,"number":null,"letter":null,"date_from":null,"date_to":null,"policy":null,"approved_by":null,"approved_date":null,"id_user":"2","name":"ANA","last_name":"L\u00d3PEZ","identification":"987654321","email":"ana@example.com","phone":null,"address":null,"trust":null,"email_del_trust":null,"telephone_del_trust":null,"bank":null,"swift":null,"aba":null,"iban":null,"account":null,"password_hash":"$2y$10$xdHFXhYoOaUbqjip72qvj.3489G7unuXyD7gHL\/XTwcUsDTFyMj6G","date_registration":"2025-06-07 08:10:30","login_attempts":"0","last_login_attempt":null,"status":"active","role_id":"2","balance":"0.00","principal":"5000.00","rate":"3.50","compoundingPeriods":"2","time":"6","role_name":"CLIENT"},{"agreement":"AGREEMENT","number":"11","letter":"1","date_from":"2025-06-01","date_to":"2025-06-08","policy":"POLICY","approved_by":"APPROVED BY","approved_date":"2025-06-11","id_user":"3","name":"MARVIN","last_name":"PEREZ","identification":"2354235423","email":"jsbonetc@gmail.com","phone":"3132311084","address":"KDX 286-300 AV CIRCUNVALAR","trust":"MARVIN EDUARDO SANTOS","email_del_trust":"marvin.santos@soy.sena.edu.co","telephone_del_trust":"3132311084","bank":"BANK","swift":"SWIFT","aba":"ABA","iban":"IBAN","account":"ACCOUNT","password_hash":"$2y$10$\/dDMPDbPgg6nOujUQm5UaOuw.xz6WThCm6aHhPpb9p7ESQwX4.tEC","date_registration":"2025-06-07 13:39:30","login_attempts":"0","last_login_attempt":null,"status":"active","role_id":"2","balance":"5255.40","principal":"5000.00","rate":"0.05","compoundingPeriods":"7","time":"1","role_name":"CLIENT"}],"roles":[{"role_name":"ADMIN","role_description":"ADMINISTRADOR CON ACCESO COMPLETO","created_at":"2025-06-07 08:10:30","id_role":"1"},{"role_name":"CLIENT","role_description":"USUARIO CON PERMISOS DE EDICI\u00d3N","created_at":"2025-06-07 08:10:30","id_role":"2"}]}
INFO - 2025-06-07 13:50:27 --> Session: Class initialized using 'CodeIgniter\Session\Handlers\FileHandler' driver.
INFO - 2025-06-07 13:50:27 --> Datos recogidos de LA BASE DE DATOS: {"users":[{"agreement":null,"number":null,"letter":null,"date_from":null,"date_to":null,"policy":null,"approved_by":null,"approved_date":null,"id_user":"2","name":"ANA","last_name":"L\u00d3PEZ","identification":"987654321","email":"ana@example.com","phone":null,"address":null,"trust":null,"email_del_trust":null,"telephone_del_trust":null,"bank":null,"swift":null,"aba":null,"iban":null,"account":null,"password_hash":"$2y$10$xdHFXhYoOaUbqjip72qvj.3489G7unuXyD7gHL\/XTwcUsDTFyMj6G","date_registration":"2025-06-07 08:10:30","login_attempts":"0","last_login_attempt":null,"status":"active","role_id":"2","balance":"0.00","principal":"5000.00","rate":"3.50","compoundingPeriods":"2","time":"6","role_name":"CLIENT"},{"agreement":"AGREEMENT","number":"11","letter":"1","date_from":"2025-06-01","date_to":"2025-06-08","policy":"POLICY","approved_by":"APPROVED BY","approved_date":"2025-06-11","id_user":"3","name":"MARVIN","last_name":"PEREZ","identification":"2354235423","email":"jsbonetc@gmail.com","phone":"3132311084","address":"KDX 286-300 AV CIRCUNVALAR","trust":"MARVIN EDUARDO SANTOS","email_del_trust":"marvin.santos@soy.sena.edu.co","telephone_del_trust":"3132311084","bank":"BANK","swift":"SWIFT","aba":"ABA","iban":"IBAN","account":"ACCOUNT","password_hash":"$2y$10$\/dDMPDbPgg6nOujUQm5UaOuw.xz6WThCm6aHhPpb9p7ESQwX4.tEC","date_registration":"2025-06-07 13:39:30","login_attempts":"0","last_login_attempt":null,"status":"active","role_id":"2","balance":"5255.40","principal":"5000.00","rate":"0.05","compoundingPeriods":"7","time":"1","role_name":"CLIENT"}],"roles":[{"role_name":"ADMIN","role_description":"ADMINISTRADOR CON ACCESO COMPLETO","created_at":"2025-06-07 08:10:30","id_role":"1"},{"role_name":"CLIENT","role_description":"USUARIO CON PERMISOS DE EDICI\u00d3N","created_at":"2025-06-07 08:10:30","id_role":"2"}]}
INFO - 2025-06-07 13:50:37 --> Session: Class initialized using 'CodeIgniter\Session\Handlers\FileHandler' driver.
INFO - 2025-06-07 13:51:07 --> Session: Class initialized using 'CodeIgniter\Session\Handlers\FileHandler' driver.
INFO - 2025-06-07 13:51:27 --> Session: Class initialized using 'CodeIgniter\Session\Handlers\FileHandler' driver.
INFO - 2025-06-07 13:51:39 --> Session: Class initialized using 'CodeIgniter\Session\Handlers\FileHandler' driver.
INFO - 2025-06-07 13:51:39 --> Datos recogidos de LA BASE DE DATOS: {"users":[{"agreement":null,"number":null,"letter":null,"date_from":null,"date_to":null,"policy":null,"approved_by":null,"approved_date":null,"id_user":"2","name":"ANA","last_name":"L\u00d3PEZ","identification":"987654321","email":"ana@example.com","phone":null,"address":null,"trust":null,"email_del_trust":null,"telephone_del_trust":null,"bank":null,"swift":null,"aba":null,"iban":null,"account":null,"password_hash":"$2y$10$xdHFXhYoOaUbqjip72qvj.3489G7unuXyD7gHL\/XTwcUsDTFyMj6G","date_registration":"2025-06-07 08:10:30","login_attempts":"0","last_login_attempt":null,"status":"active","role_id":"2","balance":"0.00","principal":"5000.00","rate":"3.50","compoundingPeriods":"2","time":"6","role_name":"CLIENT"},{"agreement":"AGREEMENT","number":"11","letter":"1","date_from":"2025-06-01","date_to":"2025-06-08","policy":"POLICY","approved_by":"APPROVED BY","approved_date":"2025-06-11","id_user":"3","name":"MARVIN","last_name":"PEREZ","identification":"2354235423","email":"jsbonetc@gmail.com","phone":"3132311084","address":"KDX 286-300 AV CIRCUNVALAR","trust":"MARVIN EDUARDO SANTOS","email_del_trust":"marvin.santos@soy.sena.edu.co","telephone_del_trust":"3132311084","bank":"BANK","swift":"SWIFT","aba":"ABA","iban":"IBAN","account":"ACCOUNT","password_hash":"$2y$10$\/dDMPDbPgg6nOujUQm5UaOuw.xz6WThCm6aHhPpb9p7ESQwX4.tEC","date_registration":"2025-06-07 13:39:30","login_attempts":"0","last_login_attempt":null,"status":"active","role_id":"2","balance":"5255.40","principal":"5000.00","rate":"0.05","compoundingPeriods":"7","time":"1","role_name":"CLIENT"}],"roles":[{"role_name":"ADMIN","role_description":"ADMINISTRADOR CON ACCESO COMPLETO","created_at":"2025-06-07 08:10:30","id_role":"1"},{"role_name":"CLIENT","role_description":"USUARIO CON PERMISOS DE EDICI\u00d3N","created_at":"2025-06-07 08:10:30","id_role":"2"}]}
INFO - 2025-06-07 13:51:51 --> Session: Class initialized using 'CodeIgniter\Session\Handlers\FileHandler' driver.
INFO - 2025-06-07 13:51:57 --> Session: Class initialized using 'CodeIgniter\Session\Handlers\FileHandler' driver.
INFO - 2025-06-07 13:51:57 --> Iniciando búsqueda de usuario...
INFO - 2025-06-07 13:51:57 --> Identificación recibida: 987654321
INFO - 2025-06-07 13:51:57 --> Usuario encontrado: {"agreement":null,"number":null,"letter":null,"date_from":null,"date_to":null,"policy":null,"approved_by":null,"approved_date":null,"name":"ANA","last_name":"L\u00d3PEZ","identification":"987654321","email":"ana@example.com","phone":null,"address":null,"trust":null,"email_del_trust":null,"telephone_del_trust":null,"bank":null,"swift":null,"aba":null,"iban":null,"account":null,"password_hash":"$2y$10$xdHFXhYoOaUbqjip72qvj.3489G7unuXyD7gHL\/XTwcUsDTFyMj6G","date_registration":"2025-06-07 08:10:30","login_attempts":"0","last_login_attempt":null,"status":"active","role_id":"2","balance":"0.00","principal":"5000.00","rate":"3.50","compoundingPeriods":"2","time":"6","id_user":"2"}
INFO - 2025-06-07 13:52:18 --> Session: Class initialized using 'CodeIgniter\Session\Handlers\FileHandler' driver.
INFO - 2025-06-07 13:52:20 --> Session: Class initialized using 'CodeIgniter\Session\Handlers\FileHandler' driver.
INFO - 2025-06-07 13:52:20 --> Datos recogidos de LA BASE DE DATOS: {"users":[{"agreement":null,"number":null,"letter":null,"date_from":null,"date_to":null,"policy":null,"approved_by":null,"approved_date":null,"id_user":"2","name":"ANA","last_name":"L\u00d3PEZ","identification":"987654321","email":"ana@example.com","phone":null,"address":null,"trust":null,"email_del_trust":null,"telephone_del_trust":null,"bank":null,"swift":null,"aba":null,"iban":null,"account":null,"password_hash":"$2y$10$xdHFXhYoOaUbqjip72qvj.3489G7unuXyD7gHL\/XTwcUsDTFyMj6G","date_registration":"2025-06-07 08:10:30","login_attempts":"0","last_login_attempt":null,"status":"active","role_id":"2","balance":"0.00","principal":"5000.00","rate":"3.50","compoundingPeriods":"2","time":"6","role_name":"CLIENT"},{"agreement":"AGREEMENT","number":"11","letter":"1","date_from":"2025-06-01","date_to":"2025-06-08","policy":"POLICY","approved_by":"APPROVED BY","approved_date":"2025-06-11","id_user":"3","name":"MARVIN","last_name":"PEREZ","identification":"2354235423","email":"jsbonetc@gmail.com","phone":"3132311084","address":"KDX 286-300 AV CIRCUNVALAR","trust":"MARVIN EDUARDO SANTOS","email_del_trust":"marvin.santos@soy.sena.edu.co","telephone_del_trust":"3132311084","bank":"BANK","swift":"SWIFT","aba":"ABA","iban":"IBAN","account":"ACCOUNT","password_hash":"$2y$10$\/dDMPDbPgg6nOujUQm5UaOuw.xz6WThCm6aHhPpb9p7ESQwX4.tEC","date_registration":"2025-06-07 13:39:30","login_attempts":"0","last_login_attempt":null,"status":"active","role_id":"2","balance":"5255.40","principal":"5000.00","rate":"0.05","compoundingPeriods":"7","time":"1","role_name":"CLIENT"}],"roles":[{"role_name":"ADMIN","role_description":"ADMINISTRADOR CON ACCESO COMPLETO","created_at":"2025-06-07 08:10:30","id_role":"1"},{"role_name":"CLIENT","role_description":"USUARIO CON PERMISOS DE EDICI\u00d3N","created_at":"2025-06-07 08:10:30","id_role":"2"}]}
INFO - 2025-06-07 13:55:47 --> Session: Class initialized using 'CodeIgniter\Session\Handlers\FileHandler' driver.
INFO - 2025-06-07 13:55:48 --> Datos recogidos de LA BASE DE DATOS: {"users":[{"agreement":null,"number":null,"letter":null,"date_from":null,"date_to":null,"policy":null,"approved_by":null,"approved_date":null,"id_user":"2","name":"ANA","last_name":"L\u00d3PEZ","identification":"987654321","email":"ana@example.com","phone":null,"address":null,"trust":null,"email_del_trust":null,"telephone_del_trust":null,"bank":null,"swift":null,"aba":null,"iban":null,"account":null,"password_hash":"$2y$10$xdHFXhYoOaUbqjip72qvj.3489G7unuXyD7gHL\/XTwcUsDTFyMj6G","date_registration":"2025-06-07 08:10:30","login_attempts":"0","last_login_attempt":null,"status":"active","role_id":"2","balance":"0.00","principal":"5000.00","rate":"3.50","compoundingPeriods":"2","time":"6","role_name":"CLIENT"},{"agreement":"AGREEMENT","number":"11","letter":"1","date_from":"2025-06-01","date_to":"2025-06-08","policy":"POLICY","approved_by":"APPROVED BY","approved_date":"2025-06-11","id_user":"3","name":"MARVIN","last_name":"PEREZ","identification":"2354235423","email":"jsbonetc@gmail.com","phone":"3132311084","address":"KDX 286-300 AV CIRCUNVALAR","trust":"MARVIN EDUARDO SANTOS","email_del_trust":"marvin.santos@soy.sena.edu.co","telephone_del_trust":"3132311084","bank":"BANK","swift":"SWIFT","aba":"ABA","iban":"IBAN","account":"ACCOUNT","password_hash":"$2y$10$\/dDMPDbPgg6nOujUQm5UaOuw.xz6WThCm6aHhPpb9p7ESQwX4.tEC","date_registration":"2025-06-07 13:39:30","login_attempts":"0","last_login_attempt":null,"status":"active","role_id":"2","balance":"5255.40","principal":"5000.00","rate":"0.05","compoundingPeriods":"7","time":"1","role_name":"CLIENT"}],"roles":[{"role_name":"ADMIN","role_description":"ADMINISTRADOR CON ACCESO COMPLETO","created_at":"2025-06-07 08:10:30","id_role":"1"},{"role_name":"CLIENT","role_description":"USUARIO CON PERMISOS DE EDICI\u00d3N","created_at":"2025-06-07 08:10:30","id_role":"2"}]}
INFO - 2025-06-07 13:55:51 --> Session: Class initialized using 'CodeIgniter\Session\Handlers\FileHandler' driver.
INFO - 2025-06-07 13:55:54 --> Session: Class initialized using 'CodeIgniter\Session\Handlers\FileHandler' driver.
INFO - 2025-06-07 13:55:57 --> Session: Class initialized using 'CodeIgniter\Session\Handlers\FileHandler' driver.
INFO - 2025-06-07 13:55:57 --> Iniciando búsqueda de usuario...
INFO - 2025-06-07 13:55:57 --> Identificación recibida: 2354235423
INFO - 2025-06-07 13:55:57 --> Usuario encontrado: {"agreement":"AGREEMENT","number":"11","letter":"1","date_from":"2025-06-01","date_to":"2025-06-08","policy":"POLICY","approved_by":"APPROVED BY","approved_date":"2025-06-11","name":"MARVIN","last_name":"PEREZ","identification":"2354235423","email":"jsbonetc@gmail.com","phone":"3132311084","address":"KDX 286-300 AV CIRCUNVALAR","trust":"MARVIN EDUARDO SANTOS","email_del_trust":"marvin.santos@soy.sena.edu.co","telephone_del_trust":"3132311084","bank":"BANK","swift":"SWIFT","aba":"ABA","iban":"IBAN","account":"ACCOUNT","password_hash":"$2y$10$\/dDMPDbPgg6nOujUQm5UaOuw.xz6WThCm6aHhPpb9p7ESQwX4.tEC","date_registration":"2025-06-07 13:39:30","login_attempts":"0","last_login_attempt":null,"status":"active","role_id":"2","balance":"5255.40","principal":"5000.00","rate":"0.05","compoundingPeriods":"7","time":"1","id_user":"3"}
INFO - 2025-06-07 13:55:59 --> Session: Class initialized using 'CodeIgniter\Session\Handlers\FileHandler' driver.
DEBUG - 2025-06-07 13:55:59 --> No se encontraron transacciones para el usuario ID: 3
INFO - 2025-06-07 13:56:22 --> Session: Class initialized using 'CodeIgniter\Session\Handlers\FileHandler' driver.
INFO - 2025-06-07 13:57:02 --> Session: Class initialized using 'CodeIgniter\Session\Handlers\FileHandler' driver.
INFO - 2025-06-07 13:57:03 --> Session: Class initialized using 'CodeIgniter\Session\Handlers\FileHandler' driver.
INFO - 2025-06-07 13:57:05 --> Session: Class initialized using 'CodeIgniter\Session\Handlers\FileHandler' driver.
INFO - 2025-06-07 13:57:06 --> Session: Class initialized using 'CodeIgniter\Session\Handlers\FileHandler' driver.
INFO - 2025-06-07 13:57:14 --> Session: Class initialized using 'CodeIgniter\Session\Handlers\FileHandler' driver.
INFO - 2025-06-07 13:57:16 --> Session: Class initialized using 'CodeIgniter\Session\Handlers\FileHandler' driver.
INFO - 2025-06-07 13:57:43 --> Session: Class initialized using 'CodeIgniter\Session\Handlers\FileHandler' driver.
INFO - 2025-06-07 13:57:43 --> Session: Class initialized using 'CodeIgniter\Session\Handlers\FileHandler' driver.
INFO - 2025-06-07 13:57:43 --> Usuario autenticado con role_id: 
INFO - 2025-06-07 13:58:03 --> El método authenticate fue llamado
INFO - 2025-06-07 13:58:03 --> Session: Class initialized using 'CodeIgniter\Session\Handlers\FileHandler' driver.
INFO - 2025-06-07 13:58:03 --> Session: Class initialized using 'CodeIgniter\Session\Handlers\FileHandler' driver.
INFO - 2025-06-07 13:58:06 --> Session: Class initialized using 'CodeIgniter\Session\Handlers\FileHandler' driver.
INFO - 2025-06-07 13:58:21 --> Session: Class initialized using 'CodeIgniter\Session\Handlers\FileHandler' driver.
INFO - 2025-06-07 13:58:21 --> Datos recogidos de LA BASE DE DATOS: {"users":[{"agreement":null,"number":null,"letter":null,"date_from":null,"date_to":null,"policy":null,"approved_by":null,"approved_date":null,"id_user":"2","name":"ANA","last_name":"L\u00d3PEZ","identification":"987654321","email":"ana@example.com","phone":null,"address":null,"trust":null,"email_del_trust":null,"telephone_del_trust":null,"bank":null,"swift":null,"aba":null,"iban":null,"account":null,"password_hash":"$2y$10$xdHFXhYoOaUbqjip72qvj.3489G7unuXyD7gHL\/XTwcUsDTFyMj6G","date_registration":"2025-06-07 08:10:30","login_attempts":"0","last_login_attempt":null,"status":"active","role_id":"2","balance":"0.00","principal":"5000.00","rate":"3.50","compoundingPeriods":"2","time":"6","role_name":"CLIENT"},{"agreement":"AGREEMENT","number":"11","letter":"1","date_from":"2025-06-01","date_to":"2025-06-08","policy":"POLICY","approved_by":"APPROVED BY","approved_date":"2025-06-11","id_user":"3","name":"MARVIN","last_name":"PEREZ","identification":"2354235423","email":"jsbonetc@gmail.com","phone":"3132311084","address":"KDX 286-300 AV CIRCUNVALAR","trust":"MARVIN EDUARDO SANTOS","email_del_trust":"marvin.santos@soy.sena.edu.co","telephone_del_trust":"3132311084","bank":"BANK","swift":"SWIFT","aba":"ABA","iban":"IBAN","account":"ACCOUNT","password_hash":"$2y$10$\/dDMPDbPgg6nOujUQm5UaOuw.xz6WThCm6aHhPpb9p7ESQwX4.tEC","date_registration":"2025-06-07 13:39:30","login_attempts":"0","last_login_attempt":null,"status":"active","role_id":"2","balance":"5255.40","principal":"5000.00","rate":"0.05","compoundingPeriods":"7","time":"1","role_name":"CLIENT"}],"roles":[{"role_name":"ADMIN","role_description":"ADMINISTRADOR CON ACCESO COMPLETO","created_at":"2025-06-07 08:10:30","id_role":"1"},{"role_name":"CLIENT","role_description":"USUARIO CON PERMISOS DE EDICI\u00d3N","created_at":"2025-06-07 08:10:30","id_role":"2"}]}
INFO - 2025-06-07 13:58:25 --> Session: Class initialized using 'CodeIgniter\Session\Handlers\FileHandler' driver.
INFO - 2025-06-07 13:58:25 --> Session: Class initialized using 'CodeIgniter\Session\Handlers\FileHandler' driver.
INFO - 2025-06-07 13:58:25 --> Datos recogidos de LA BASE DE DATOS: {"users":[{"agreement":null,"number":null,"letter":null,"date_from":null,"date_to":null,"policy":null,"approved_by":null,"approved_date":null,"id_user":"2","name":"ANA","last_name":"L\u00d3PEZ","identification":"987654321","email":"ana@example.com","phone":null,"address":null,"trust":null,"email_del_trust":null,"telephone_del_trust":null,"bank":null,"swift":null,"aba":null,"iban":null,"account":null,"password_hash":"$2y$10$xdHFXhYoOaUbqjip72qvj.3489G7unuXyD7gHL\/XTwcUsDTFyMj6G","date_registration":"2025-06-07 08:10:30","login_attempts":"0","last_login_attempt":null,"status":"active","role_id":"2","balance":"0.00","principal":"5000.00","rate":"3.50","compoundingPeriods":"2","time":"6","role_name":"CLIENT"}],"roles":[{"role_name":"ADMIN","role_description":"ADMINISTRADOR CON ACCESO COMPLETO","created_at":"2025-06-07 08:10:30","id_role":"1"},{"role_name":"CLIENT","role_description":"USUARIO CON PERMISOS DE EDICI\u00d3N","created_at":"2025-06-07 08:10:30","id_role":"2"}]}
INFO - 2025-06-07 13:59:35 --> Session: Class initialized using 'CodeIgniter\Session\Handlers\FileHandler' driver.
INFO - 2025-06-07 14:03:25 --> Session: Class initialized using 'CodeIgniter\Session\Handlers\FileHandler' driver.
INFO - 2025-06-07 14:04:50 --> Session: Class initialized using 'CodeIgniter\Session\Handlers\FileHandler' driver.
INFO - 2025-06-07 14:04:50 --> Datos enviados para actualizar SMTP: Array
(
    [config_key] => smtp_config
    [config_value] => {"host":"smtp.gmail.com","username":"letrasylyrics48@gmail.com","port":"587","smtp_password":"tafi ljrp cmpz wbem","security":"tls"}
    [updated_at] => 2025-06-07 14:04:50
)

INFO - 2025-06-07 14:04:50 --> Configuración SMTP actualizada exitosamente.
INFO - 2025-06-07 14:04:50 --> Session: Class initialized using 'CodeIgniter\Session\Handlers\FileHandler' driver.
INFO - 2025-06-07 14:04:58 --> Session: Class initialized using 'CodeIgniter\Session\Handlers\FileHandler' driver.
INFO - 2025-06-07 14:04:58 --> Datos recogidos de LA BASE DE DATOS: {"users":[{"agreement":null,"number":null,"letter":null,"date_from":null,"date_to":null,"policy":null,"approved_by":null,"approved_date":null,"id_user":"2","name":"ANA","last_name":"L\u00d3PEZ","identification":"987654321","email":"ana@example.com","phone":null,"address":null,"trust":null,"email_del_trust":null,"telephone_del_trust":null,"bank":null,"swift":null,"aba":null,"iban":null,"account":null,"password_hash":"$2y$10$xdHFXhYoOaUbqjip72qvj.3489G7unuXyD7gHL\/XTwcUsDTFyMj6G","date_registration":"2025-06-07 08:10:30","login_attempts":"0","last_login_attempt":null,"status":"active","role_id":"2","balance":"0.00","principal":"5000.00","rate":"3.50","compoundingPeriods":"2","time":"6","role_name":"CLIENT"}],"roles":[{"role_name":"ADMIN","role_description":"ADMINISTRADOR CON ACCESO COMPLETO","created_at":"2025-06-07 08:10:30","id_role":"1"},{"role_name":"CLIENT","role_description":"USUARIO CON PERMISOS DE EDICI\u00d3N","created_at":"2025-06-07 08:10:30","id_role":"2"}]}
INFO - 2025-06-07 14:06:12 --> Session: Class initialized using 'CodeIgniter\Session\Handlers\FileHandler' driver.
INFO - 2025-06-07 14:06:12 --> Iniciando el método addUser()
INFO - 2025-06-07 14:06:12 --> Reglas de validación definidas.
INFO - 2025-06-07 14:06:12 --> Validación exitosa.
INFO - 2025-06-07 14:06:13 --> Datos recogidos del formulario: {"name":"MARVIN","last_name":"PEREZ","identification":"2354235423","email":"jsbonetc@gmail.com","phone":"3132311084","address":"KDX 286-300 AV CIRCUNVALAR","trust":"MARVIN EDUARDO SANTOS","email_del_trust":"marvin.santos@soy.sena.edu.co","telephone_del_trust":"3132311084","bank":"BANK","swift":"SWIFT","aba":"ABA","iban":"IBAN","account":"ACCOUNT","role_id":"2","status":"active","password_hash":"$2y$10$oDx5Wkozx2dm.EeT9t5eruj9p\/mnwHO0YtDDVhCaj55i0S\/7aH0De","balance":5255.4,"rate":0.05,"compoundingPeriods":7,"time":1,"principal":5000,"agreement":"AGREEMENT","number":"12","letter":"123123","policy":"POLICY","date_from":"2025-06-01","date_to":"2025-06-08","approved_by":"APPROVED BY","approved_date":"2025-06-01","date_registration":"2025-06-07 14:06:13"}
INFO - 2025-06-07 14:06:13 --> Configuración SMTP obtenida: Array
(
    [config_key] => smtp_config
    [config_value] => {"host":"smtp.gmail.com","username":"letrasylyrics48@gmail.com","port":"587","smtp_password":"tafi ljrp cmpz wbem","security":"tls"}
    [description] => 
    [created_at] => 2025-06-07 14:04:50
    [updated_at] => 2025-06-07 14:04:50
    [id_config] => 8
)

INFO - 2025-06-07 14:06:13 --> Configuración SMTP obtenida en librari: Array
(
    [host] => smtp.gmail.com
    [username] => letrasylyrics48@gmail.com
    [port] => 587
    [smtp_password] => tafi ljrp cmpz wbem
    [security] => tls
)

INFO - 2025-06-07 14:06:15 --> Consulta ejecutada: SELECT *
FROM `configuration`
WHERE `config_key` = 'smtp_config'
 LIMIT 1
INFO - 2025-06-07 14:06:15 --> Usuario agregado correctamente en la base de datos.
INFO - 2025-06-07 14:06:15 --> Session: Class initialized using 'CodeIgniter\Session\Handlers\FileHandler' driver.
INFO - 2025-06-07 14:06:15 --> Datos recogidos de LA BASE DE DATOS: {"users":[{"agreement":null,"number":null,"letter":null,"date_from":null,"date_to":null,"policy":null,"approved_by":null,"approved_date":null,"id_user":"2","name":"ANA","last_name":"L\u00d3PEZ","identification":"987654321","email":"ana@example.com","phone":null,"address":null,"trust":null,"email_del_trust":null,"telephone_del_trust":null,"bank":null,"swift":null,"aba":null,"iban":null,"account":null,"password_hash":"$2y$10$xdHFXhYoOaUbqjip72qvj.3489G7unuXyD7gHL\/XTwcUsDTFyMj6G","date_registration":"2025-06-07 08:10:30","login_attempts":"0","last_login_attempt":null,"status":"active","role_id":"2","balance":"0.00","principal":"5000.00","rate":"3.50","compoundingPeriods":"2","time":"6","role_name":"CLIENT"},{"agreement":"AGREEMENT","number":"12","letter":"1","date_from":"2025-06-01","date_to":"2025-06-08","policy":"POLICY","approved_by":"APPROVED BY","approved_date":"2025-06-01","id_user":"4","name":"MARVIN","last_name":"PEREZ","identification":"2354235423","email":"jsbonetc@gmail.com","phone":"3132311084","address":"KDX 286-300 AV CIRCUNVALAR","trust":"MARVIN EDUARDO SANTOS","email_del_trust":"marvin.santos@soy.sena.edu.co","telephone_del_trust":"3132311084","bank":"BANK","swift":"SWIFT","aba":"ABA","iban":"IBAN","account":"ACCOUNT","password_hash":"$2y$10$oDx5Wkozx2dm.EeT9t5eruj9p\/mnwHO0YtDDVhCaj55i0S\/7aH0De","date_registration":"2025-06-07 14:06:13","login_attempts":"0","last_login_attempt":null,"status":"active","role_id":"2","balance":"5255.40","principal":"5000.00","rate":"0.05","compoundingPeriods":"7","time":"1","role_name":"CLIENT"}],"roles":[{"role_name":"ADMIN","role_description":"ADMINISTRADOR CON ACCESO COMPLETO","created_at":"2025-06-07 08:10:30","id_role":"1"},{"role_name":"CLIENT","role_description":"USUARIO CON PERMISOS DE EDICI\u00d3N","created_at":"2025-06-07 08:10:30","id_role":"2"}]}
INFO - 2025-06-07 14:06:28 --> Session: Class initialized using 'CodeIgniter\Session\Handlers\FileHandler' driver.
INFO - 2025-06-07 14:06:28 --> Session: Class initialized using 'CodeIgniter\Session\Handlers\FileHandler' driver.
INFO - 2025-06-07 14:06:28 --> Usuario autenticado con role_id: 
INFO - 2025-06-07 14:06:45 --> El método authenticate fue llamado
INFO - 2025-06-07 14:06:45 --> Session: Class initialized using 'CodeIgniter\Session\Handlers\FileHandler' driver.
INFO - 2025-06-07 14:06:45 --> Session: Class initialized using 'CodeIgniter\Session\Handlers\FileHandler' driver.
INFO - 2025-06-07 14:06:45 --> Session: Class initialized using 'CodeIgniter\Session\Handlers\FileHandler' driver.
INFO - 2025-06-07 14:07:23 --> Session: Class initialized using 'CodeIgniter\Session\Handlers\FileHandler' driver.
CRITICAL - 2025-06-07 14:07:23 --> ErrorException: Trying to access array offset on value of type null
[Method: GET, Route: client/profile]
in APPPATH\Views\aside\profile\profile.php on line 79.
 1 APPPATH\Views\aside\profile\profile.php(79): CodeIgniter\Debug\Exceptions->errorHandler(2, 'Trying to access array offset on value of type null', 'C:\\xampp\\htdocs\\SCOPECAPITAL\\app\\Views\\aside\\profile\\profile.php', 79)
 2 SYSTEMPATH\View\View.php(234): include('C:\\xampp\\htdocs\\SCOPECAPITAL\\app\\Views\\aside\\profile\\profile.php')
 3 SYSTEMPATH\View\View.php(237): CodeIgniter\View\View->CodeIgniter\View\{closure}()
 4 SYSTEMPATH\Common.php(1171): CodeIgniter\View\View->render('aside/profile/profile', [], true)
 5 APPPATH\Controllers\ProfileController.php(17): view('aside/profile/profile', [...])
 6 SYSTEMPATH\CodeIgniter.php(933): App\Controllers\ProfileController->index()
 7 SYSTEMPATH\CodeIgniter.php(509): CodeIgniter\CodeIgniter->runController(Object(App\Controllers\ProfileController))
 8 SYSTEMPATH\CodeIgniter.php(355): CodeIgniter\CodeIgniter->handleRequest(null, Object(Config\Cache), false)
 9 SYSTEMPATH\Boot.php(325): CodeIgniter\CodeIgniter->run()
10 SYSTEMPATH\Boot.php(67): CodeIgniter\Boot::runCodeIgniter(Object(CodeIgniter\CodeIgniter))
11 FCPATH\index.php(56): CodeIgniter\Boot::bootWeb(Object(Config\Paths))
INFO - 2025-06-07 14:08:54 --> Session: Class initialized using 'CodeIgniter\Session\Handlers\FileHandler' driver.
INFO - 2025-06-07 14:08:54 --> Archivo subido: 1749305334_9677208ae56a893e6390.png
INFO - 2025-06-07 14:08:54 --> Configuración SMTP obtenida: Array
(
    [config_key] => smtp_config
    [config_value] => {"host":"smtp.gmail.com","username":"letrasylyrics48@gmail.com","port":"587","smtp_password":"tafi ljrp cmpz wbem","security":"tls"}
    [description] => 
    [created_at] => 2025-06-07 14:04:50
    [updated_at] => 2025-06-07 14:04:50
    [id_config] => 8
)

INFO - 2025-06-07 14:08:54 --> Configuración SMTP obtenida en librari: Array
(
    [host] => smtp.gmail.com
    [username] => letrasylyrics48@gmail.com
    [port] => 587
    [smtp_password] => tafi ljrp cmpz wbem
    [security] => tls
)

INFO - 2025-06-07 14:08:57 --> Consulta INSERT ejecutada: SELECT *
FROM `configuration`
WHERE `config_key` = 'smtp_config'
 LIMIT 1
INFO - 2025-06-07 14:08:57 --> Session: Class initialized using 'CodeIgniter\Session\Handlers\FileHandler' driver.
INFO - 2025-06-07 14:09:04 --> Session: Class initialized using 'CodeIgniter\Session\Handlers\FileHandler' driver.
INFO - 2025-06-07 14:09:04 --> Session: Class initialized using 'CodeIgniter\Session\Handlers\FileHandler' driver.
INFO - 2025-06-07 14:09:04 --> Usuario autenticado con role_id: 
INFO - 2025-06-07 14:09:07 --> El método authenticate fue llamado
INFO - 2025-06-07 14:09:07 --> Session: Class initialized using 'CodeIgniter\Session\Handlers\FileHandler' driver.
INFO - 2025-06-07 14:09:07 --> Session: Class initialized using 'CodeIgniter\Session\Handlers\FileHandler' driver.
INFO - 2025-06-07 14:09:10 --> Session: Class initialized using 'CodeIgniter\Session\Handlers\FileHandler' driver.
INFO - 2025-06-07 14:10:25 --> Session: Class initialized using 'CodeIgniter\Session\Handlers\FileHandler' driver.
INFO - 2025-06-07 14:10:25 --> ID recibido en detailsRequest: 3
INFO - 2025-06-07 14:10:39 --> Session: Class initialized using 'CodeIgniter\Session\Handlers\FileHandler' driver.
INFO - 2025-06-07 14:10:39 --> ID recibido en detailsRequest: 5
INFO - 2025-06-07 14:10:57 --> Session: Class initialized using 'CodeIgniter\Session\Handlers\FileHandler' driver.
INFO - 2025-06-07 14:10:57 --> ID recibido en detailsRequest: 3
INFO - 2025-06-07 14:11:06 --> Session: Class initialized using 'CodeIgniter\Session\Handlers\FileHandler' driver.
INFO - 2025-06-07 14:11:06 --> ID recibido en detailsRequest: 5
INFO - 2025-06-07 14:12:06 --> Session: Class initialized using 'CodeIgniter\Session\Handlers\FileHandler' driver.
INFO - 2025-06-07 14:12:06 --> Configuración SMTP obtenida: Array
(
    [config_key] => smtp_config
    [config_value] => {"host":"smtp.gmail.com","username":"letrasylyrics48@gmail.com","port":"587","smtp_password":"tafi ljrp cmpz wbem","security":"tls"}
    [description] => 
    [created_at] => 2025-06-07 14:04:50
    [updated_at] => 2025-06-07 14:04:50
    [id_config] => 8
)

INFO - 2025-06-07 14:12:06 --> Configuración SMTP obtenida en librari: Array
(
    [host] => smtp.gmail.com
    [username] => letrasylyrics48@gmail.com
    [port] => 587
    [smtp_password] => tafi ljrp cmpz wbem
    [security] => tls
)

INFO - 2025-06-07 14:12:08 --> Session: Class initialized using 'CodeIgniter\Session\Handlers\FileHandler' driver.
INFO - 2025-06-07 14:14:46 --> Session: Class initialized using 'CodeIgniter\Session\Handlers\FileHandler' driver.
INFO - 2025-06-07 14:15:03 --> Session: Class initialized using 'CodeIgniter\Session\Handlers\FileHandler' driver.
INFO - 2025-06-07 14:15:12 --> Session: Class initialized using 'CodeIgniter\Session\Handlers\FileHandler' driver.
INFO - 2025-06-07 14:16:01 --> Session: Class initialized using 'CodeIgniter\Session\Handlers\FileHandler' driver.
INFO - 2025-06-07 14:16:46 --> Session: Class initialized using 'CodeIgniter\Session\Handlers\FileHandler' driver.
INFO - 2025-06-07 14:16:54 --> Session: Class initialized using 'CodeIgniter\Session\Handlers\FileHandler' driver.
INFO - 2025-06-07 14:17:11 --> Session: Class initialized using 'CodeIgniter\Session\Handlers\FileHandler' driver.
INFO - 2025-06-07 14:18:01 --> Session: Class initialized using 'CodeIgniter\Session\Handlers\FileHandler' driver.
INFO - 2025-06-07 14:18:02 --> Session: Class initialized using 'CodeIgniter\Session\Handlers\FileHandler' driver.
INFO - 2025-06-07 14:18:08 --> Session: Class initialized using 'CodeIgniter\Session\Handlers\FileHandler' driver.
INFO - 2025-06-07 14:22:15 --> Session: Class initialized using 'CodeIgniter\Session\Handlers\FileHandler' driver.
INFO - 2025-06-07 14:24:03 --> Session: Class initialized using 'CodeIgniter\Session\Handlers\FileHandler' driver.
INFO - 2025-06-07 14:24:03 --> Datos recogidos de LA BASE DE DATOS: {"users":[{"agreement":null,"number":null,"letter":null,"date_from":null,"date_to":null,"policy":null,"approved_by":null,"approved_date":null,"id_user":"2","name":"ANA","last_name":"L\u00d3PEZ","identification":"987654321","email":"ana@example.com","phone":null,"address":null,"trust":null,"email_del_trust":null,"telephone_del_trust":null,"bank":null,"swift":null,"aba":null,"iban":null,"account":null,"password_hash":"$2y$10$xdHFXhYoOaUbqjip72qvj.3489G7unuXyD7gHL\/XTwcUsDTFyMj6G","date_registration":"2025-06-07 08:10:30","login_attempts":"0","last_login_attempt":null,"status":"active","role_id":"2","balance":"0.00","principal":"5000.00","rate":"3.50","compoundingPeriods":"2","time":"6","role_name":"CLIENT"},{"agreement":"AGREEMENT","number":"12","letter":"1","date_from":"2025-06-01","date_to":"2025-06-08","policy":"POLICY","approved_by":"APPROVED BY","approved_date":"2025-06-01","id_user":"4","name":"MARVIN","last_name":"PEREZ","identification":"2354235423","email":"jsbonetc@gmail.com","phone":"3132311084","address":"KDX 286-300 AV CIRCUNVALAR","trust":"MARVIN EDUARDO SANTOS","email_del_trust":"marvin.santos@soy.sena.edu.co","telephone_del_trust":"3132311084","bank":"BANK","swift":"SWIFT","aba":"ABA","iban":"IBAN","account":"ACCOUNT","password_hash":"$2y$10$oDx5Wkozx2dm.EeT9t5eruj9p\/mnwHO0YtDDVhCaj55i0S\/7aH0De","date_registration":"2025-06-07 14:06:13","login_attempts":"0","last_login_attempt":null,"status":"active","role_id":"2","balance":"5255.40","principal":"5000.00","rate":"0.05","compoundingPeriods":"7","time":"1","role_name":"CLIENT"}],"roles":[{"role_name":"ADMIN","role_description":"ADMINISTRADOR CON ACCESO COMPLETO","created_at":"2025-06-07 08:10:30","id_role":"1"},{"role_name":"CLIENT","role_description":"USUARIO CON PERMISOS DE EDICI\u00d3N","created_at":"2025-06-07 08:10:30","id_role":"2"}]}
