INFO - 2025-06-17 22:31:08 --> El método authenticate fue llamado
ERROR - 2025-06-17 22:31:08 --> Error connecting to the database: mysqli_sql_exception: Access denied for user 'root'@'localhost' (using password: YES) in C:\xampp\htdocs\SCOPECAPITAL\system\Database\MySQLi\Connection.php:186
Stack trace:
#0 C:\xampp\htdocs\SCOPECAPITAL\system\Database\MySQLi\Connection.php(186): mysqli->real_connect('localhost', 'root', Object(SensitiveParameterValue), 'scopecapital', 3306, '', 0)
#1 C:\xampp\htdocs\SCOPECAPITAL\system\Database\BaseConnection.php(421): CodeIgniter\Database\MySQLi\Connection->connect(false)
#2 C:\xampp\htdocs\SCOPECAPITAL\system\Database\BaseConnection.php(616): CodeIgniter\Database\BaseConnection->initialize()
#3 C:\xampp\htdocs\SCOPECAPITAL\system\Database\BaseBuilder.php(1636): CodeIgniter\Database\BaseConnection->query('SELECT *\nFROM `...', Array, false)
#4 C:\xampp\htdocs\SCOPECAPITAL\system\Model.php(330): CodeIgniter\Database\BaseBuilder->get()
#5 C:\xampp\htdocs\SCOPECAPITAL\system\BaseModel.php(714): CodeIgniter\Model->doFirst()
#6 C:\xampp\htdocs\SCOPECAPITAL\app\Models\UserModel.php(18): CodeIgniter\BaseModel->first()
#7 C:\xampp\htdocs\SCOPECAPITAL\app\Controllers\AuthController.php(57): App\Models\UserModel->login('admin@admin.com', 'SIBI2024')
#8 C:\xampp\htdocs\SCOPECAPITAL\system\CodeIgniter.php(933): App\Controllers\AuthController->authenticate()
#9 C:\xampp\htdocs\SCOPECAPITAL\system\CodeIgniter.php(509): CodeIgniter\CodeIgniter->runController(Object(App\Controllers\AuthController))
#10 C:\xampp\htdocs\SCOPECAPITAL\system\CodeIgniter.php(355): CodeIgniter\CodeIgniter->handleRequest(NULL, Object(Config\Cache), false)
#11 C:\xampp\htdocs\SCOPECAPITAL\system\Boot.php(325): CodeIgniter\CodeIgniter->run()
#12 C:\xampp\htdocs\SCOPECAPITAL\system\Boot.php(67): CodeIgniter\Boot::runCodeIgniter(Object(CodeIgniter\CodeIgniter))
#13 C:\xampp\htdocs\SCOPECAPITAL\index.php(56): CodeIgniter\Boot::bootWeb(Object(Config\Paths))
#14 {main}

Next CodeIgniter\Database\Exceptions\DatabaseException: Access denied for user '****'@'localhost' (using password: YES) in C:\xampp\htdocs\SCOPECAPITAL\system\Database\MySQLi\Connection.php:231
Stack trace:
#0 C:\xampp\htdocs\SCOPECAPITAL\system\Database\BaseConnection.php(421): CodeIgniter\Database\MySQLi\Connection->connect(false)
#1 C:\xampp\htdocs\SCOPECAPITAL\system\Database\BaseConnection.php(616): CodeIgniter\Database\BaseConnection->initialize()
#2 C:\xampp\htdocs\SCOPECAPITAL\system\Database\BaseBuilder.php(1636): CodeIgniter\Database\BaseConnection->query('SELECT *\nFROM `...', Array, false)
#3 C:\xampp\htdocs\SCOPECAPITAL\system\Model.php(330): CodeIgniter\Database\BaseBuilder->get()
#4 C:\xampp\htdocs\SCOPECAPITAL\system\BaseModel.php(714): CodeIgniter\Model->doFirst()
#5 C:\xampp\htdocs\SCOPECAPITAL\app\Models\UserModel.php(18): CodeIgniter\BaseModel->first()
#6 C:\xampp\htdocs\SCOPECAPITAL\app\Controllers\AuthController.php(57): App\Models\UserModel->login('admin@admin.com', 'SIBI2024')
#7 C:\xampp\htdocs\SCOPECAPITAL\system\CodeIgniter.php(933): App\Controllers\AuthController->authenticate()
#8 C:\xampp\htdocs\SCOPECAPITAL\system\CodeIgniter.php(509): CodeIgniter\CodeIgniter->runController(Object(App\Controllers\AuthController))
#9 C:\xampp\htdocs\SCOPECAPITAL\system\CodeIgniter.php(355): CodeIgniter\CodeIgniter->handleRequest(NULL, Object(Config\Cache), false)
#10 C:\xampp\htdocs\SCOPECAPITAL\system\Boot.php(325): CodeIgniter\CodeIgniter->run()
#11 C:\xampp\htdocs\SCOPECAPITAL\system\Boot.php(67): CodeIgniter\Boot::runCodeIgniter(Object(CodeIgniter\CodeIgniter))
#12 C:\xampp\htdocs\SCOPECAPITAL\index.php(56): CodeIgniter\Boot::bootWeb(Object(Config\Paths))
#13 {main}
CRITICAL - 2025-06-17 22:31:08 --> CodeIgniter\Database\Exceptions\DatabaseException: Unable to connect to the database.
Main connection [MySQLi]: Access denied for user '****'@'localhost' (using password: YES)
[Method: POST, Route: authenticate]
in SYSTEMPATH\Database\BaseConnection.php on line 467.
 1 SYSTEMPATH\Database\BaseConnection.php(616): CodeIgniter\Database\BaseConnection->initialize()
 2 SYSTEMPATH\Database\BaseBuilder.php(1636): CodeIgniter\Database\BaseConnection->query('SELECT *
FROM `users`
WHERE `email` = :email:
 LIMIT 1', [...], false)
 3 SYSTEMPATH\Model.php(330): CodeIgniter\Database\BaseBuilder->get()
 4 SYSTEMPATH\BaseModel.php(714): CodeIgniter\Model->doFirst()
 5 APPPATH\Models\UserModel.php(18): CodeIgniter\BaseModel->first()
 6 APPPATH\Controllers\AuthController.php(57): App\Models\UserModel->login('admin@admin.com', 'SIBI2024')
 7 SYSTEMPATH\CodeIgniter.php(933): App\Controllers\AuthController->authenticate()
 8 SYSTEMPATH\CodeIgniter.php(509): CodeIgniter\CodeIgniter->runController(Object(App\Controllers\AuthController))
 9 SYSTEMPATH\CodeIgniter.php(355): CodeIgniter\CodeIgniter->handleRequest(null, Object(Config\Cache), false)
10 SYSTEMPATH\Boot.php(325): CodeIgniter\CodeIgniter->run()
11 SYSTEMPATH\Boot.php(67): CodeIgniter\Boot::runCodeIgniter(Object(CodeIgniter\CodeIgniter))
12 FCPATH\index.php(56): CodeIgniter\Boot::bootWeb(Object(Config\Paths))
INFO - 2025-06-17 22:32:02 --> El método authenticate fue llamado
INFO - 2025-06-17 22:32:02 --> Session: Class initialized using 'CodeIgniter\Session\Handlers\FileHandler' driver.
INFO - 2025-06-17 22:32:02 --> Session: Class initialized using 'CodeIgniter\Session\Handlers\FileHandler' driver.
INFO - 2025-06-17 22:32:02 --> Session: Class initialized using 'CodeIgniter\Session\Handlers\FileHandler' driver.
INFO - 2025-06-17 22:32:33 --> Session: Class initialized using 'CodeIgniter\Session\Handlers\FileHandler' driver.
INFO - 2025-06-17 22:32:33 --> Datos recogidos de LA BASE DE DATOS: {"users":[{"agreement":null,"number":null,"letter":null,"date_from":null,"date_to":null,"policy":null,"approved_by":null,"approved_date":null,"id_user":"2","name":"ANA","last_name":"L\u00d3PEZ","identification":"987654321","email":"ana@example.com","phone":null,"address":null,"trust":null,"email_del_trust":null,"telephone_del_trust":null,"bank":null,"swift":null,"aba":null,"iban":null,"account":null,"password_hash":"$2y$10$xdHFXhYoOaUbqjip72qvj.3489G7unuXyD7gHL\/XTwcUsDTFyMj6G","date_registration":"2025-06-17 17:28:59","login_attempts":"0","last_login_attempt":null,"status":"active","role_id":"2","balance":"0.00","principal":"5000.00","rate":"3.50","compoundingPeriods":"2","time":"6","role_name":"CLIENT"}],"roles":[{"role_name":"ADMIN","role_description":"ADMINISTRADOR CON ACCESO COMPLETO","created_at":"2025-06-17 17:28:59","id_role":"1"},{"role_name":"CLIENT","role_description":"USUARIO CON PERMISOS DE EDICI\u00d3N","created_at":"2025-06-17 17:28:59","id_role":"2"}]}
INFO - 2025-06-17 22:32:33 --> Session: Class initialized using 'CodeIgniter\Session\Handlers\FileHandler' driver.
INFO - 2025-06-17 22:32:33 --> Datos recogidos de LA BASE DE DATOS: {"users":[{"agreement":null,"number":null,"letter":null,"date_from":null,"date_to":null,"policy":null,"approved_by":null,"approved_date":null,"id_user":"2","name":"ANA","last_name":"L\u00d3PEZ","identification":"987654321","email":"ana@example.com","phone":null,"address":null,"trust":null,"email_del_trust":null,"telephone_del_trust":null,"bank":null,"swift":null,"aba":null,"iban":null,"account":null,"password_hash":"$2y$10$xdHFXhYoOaUbqjip72qvj.3489G7unuXyD7gHL\/XTwcUsDTFyMj6G","date_registration":"2025-06-17 17:28:59","login_attempts":"0","last_login_attempt":null,"status":"active","role_id":"2","balance":"0.00","principal":"5000.00","rate":"3.50","compoundingPeriods":"2","time":"6","role_name":"CLIENT"}],"roles":[{"role_name":"ADMIN","role_description":"ADMINISTRADOR CON ACCESO COMPLETO","created_at":"2025-06-17 17:28:59","id_role":"1"},{"role_name":"CLIENT","role_description":"USUARIO CON PERMISOS DE EDICI\u00d3N","created_at":"2025-06-17 17:28:59","id_role":"2"}]}
INFO - 2025-06-17 22:32:45 --> Session: Class initialized using 'CodeIgniter\Session\Handlers\FileHandler' driver.
INFO - 2025-06-17 22:32:45 --> Iniciando el método getUserById() con ID: 2
INFO - 2025-06-17 22:32:45 --> Usuario encontrado: {"agreement":null,"number":null,"letter":null,"date_from":null,"date_to":null,"policy":null,"approved_by":null,"approved_date":null,"name":"ANA","last_name":"L\u00d3PEZ","identification":"987654321","email":"ana@example.com","phone":null,"address":null,"trust":null,"email_del_trust":null,"telephone_del_trust":null,"bank":null,"swift":null,"aba":null,"iban":null,"account":null,"password_hash":"$2y$10$xdHFXhYoOaUbqjip72qvj.3489G7unuXyD7gHL\/XTwcUsDTFyMj6G","date_registration":"2025-06-17 17:28:59","login_attempts":"0","last_login_attempt":null,"status":"active","role_id":"2","balance":"0.00","principal":"5000.00","rate":"3.50","compoundingPeriods":"2","time":"6","id_user":"2"}
INFO - 2025-06-17 22:37:39 --> Session: Class initialized using 'CodeIgniter\Session\Handlers\FileHandler' driver.
INFO - 2025-06-17 22:37:39 --> Session: Class initialized using 'CodeIgniter\Session\Handlers\FileHandler' driver.
INFO - 2025-06-17 22:37:42 --> Session: Class initialized using 'CodeIgniter\Session\Handlers\FileHandler' driver.
INFO - 2025-06-17 22:37:42 --> Session: Class initialized using 'CodeIgniter\Session\Handlers\FileHandler' driver.
INFO - 2025-06-17 22:38:06 --> Session: Class initialized using 'CodeIgniter\Session\Handlers\FileHandler' driver.
INFO - 2025-06-17 22:38:06 --> Datos enviados para actualizar SMTP: Array
(
    [config_key] => smtp_config
    [config_value] => {"host":"smtp.gmail.com","username":"jsbonetc@gmail.com","port":"587","smtp_password":"esnv xpiw uzra xsly","security":"tls"}
    [updated_at] => 2025-06-17 22:38:06
)

INFO - 2025-06-17 22:38:06 --> Configuración SMTP actualizada exitosamente.
INFO - 2025-06-17 22:38:06 --> Session: Class initialized using 'CodeIgniter\Session\Handlers\FileHandler' driver.
INFO - 2025-06-17 22:38:06 --> Session: Class initialized using 'CodeIgniter\Session\Handlers\FileHandler' driver.
INFO - 2025-06-17 22:38:11 --> Session: Class initialized using 'CodeIgniter\Session\Handlers\FileHandler' driver.
INFO - 2025-06-17 22:38:11 --> Datos recogidos de LA BASE DE DATOS: {"users":[{"agreement":null,"number":null,"letter":null,"date_from":null,"date_to":null,"policy":null,"approved_by":null,"approved_date":null,"id_user":"2","name":"ANA","last_name":"L\u00d3PEZ","identification":"987654321","email":"ana@example.com","phone":null,"address":null,"trust":null,"email_del_trust":null,"telephone_del_trust":null,"bank":null,"swift":null,"aba":null,"iban":null,"account":null,"password_hash":"$2y$10$xdHFXhYoOaUbqjip72qvj.3489G7unuXyD7gHL\/XTwcUsDTFyMj6G","date_registration":"2025-06-17 17:28:59","login_attempts":"0","last_login_attempt":null,"status":"active","role_id":"2","balance":"0.00","principal":"5000.00","rate":"3.50","compoundingPeriods":"2","time":"6","role_name":"CLIENT"}],"roles":[{"role_name":"ADMIN","role_description":"ADMINISTRADOR CON ACCESO COMPLETO","created_at":"2025-06-17 17:28:59","id_role":"1"},{"role_name":"CLIENT","role_description":"USUARIO CON PERMISOS DE EDICI\u00d3N","created_at":"2025-06-17 17:28:59","id_role":"2"}]}
INFO - 2025-06-17 22:38:11 --> Session: Class initialized using 'CodeIgniter\Session\Handlers\FileHandler' driver.
INFO - 2025-06-17 22:38:11 --> Datos recogidos de LA BASE DE DATOS: {"users":[{"agreement":null,"number":null,"letter":null,"date_from":null,"date_to":null,"policy":null,"approved_by":null,"approved_date":null,"id_user":"2","name":"ANA","last_name":"L\u00d3PEZ","identification":"987654321","email":"ana@example.com","phone":null,"address":null,"trust":null,"email_del_trust":null,"telephone_del_trust":null,"bank":null,"swift":null,"aba":null,"iban":null,"account":null,"password_hash":"$2y$10$xdHFXhYoOaUbqjip72qvj.3489G7unuXyD7gHL\/XTwcUsDTFyMj6G","date_registration":"2025-06-17 17:28:59","login_attempts":"0","last_login_attempt":null,"status":"active","role_id":"2","balance":"0.00","principal":"5000.00","rate":"3.50","compoundingPeriods":"2","time":"6","role_name":"CLIENT"}],"roles":[{"role_name":"ADMIN","role_description":"ADMINISTRADOR CON ACCESO COMPLETO","created_at":"2025-06-17 17:28:59","id_role":"1"},{"role_name":"CLIENT","role_description":"USUARIO CON PERMISOS DE EDICI\u00d3N","created_at":"2025-06-17 17:28:59","id_role":"2"}]}
INFO - 2025-06-17 22:41:36 --> Session: Class initialized using 'CodeIgniter\Session\Handlers\FileHandler' driver.
INFO - 2025-06-17 22:41:36 --> Iniciando el método addUser()
INFO - 2025-06-17 22:41:36 --> Reglas de validación definidas.
ERROR - 2025-06-17 22:41:36 --> Error en la validación de datos: {"phone":"El campo phone debe contener solo n\u00fameros."}
INFO - 2025-06-17 22:41:36 --> Session: Class initialized using 'CodeIgniter\Session\Handlers\FileHandler' driver.
INFO - 2025-06-17 22:41:36 --> Datos recogidos de LA BASE DE DATOS: {"users":[{"agreement":null,"number":null,"letter":null,"date_from":null,"date_to":null,"policy":null,"approved_by":null,"approved_date":null,"id_user":"2","name":"ANA","last_name":"L\u00d3PEZ","identification":"987654321","email":"ana@example.com","phone":null,"address":null,"trust":null,"email_del_trust":null,"telephone_del_trust":null,"bank":null,"swift":null,"aba":null,"iban":null,"account":null,"password_hash":"$2y$10$xdHFXhYoOaUbqjip72qvj.3489G7unuXyD7gHL\/XTwcUsDTFyMj6G","date_registration":"2025-06-17 17:28:59","login_attempts":"0","last_login_attempt":null,"status":"active","role_id":"2","balance":"0.00","principal":"5000.00","rate":"3.50","compoundingPeriods":"2","time":"6","role_name":"CLIENT"}],"roles":[{"role_name":"ADMIN","role_description":"ADMINISTRADOR CON ACCESO COMPLETO","created_at":"2025-06-17 17:28:59","id_role":"1"},{"role_name":"CLIENT","role_description":"USUARIO CON PERMISOS DE EDICI\u00d3N","created_at":"2025-06-17 17:28:59","id_role":"2"}]}
INFO - 2025-06-17 22:41:36 --> Session: Class initialized using 'CodeIgniter\Session\Handlers\FileHandler' driver.
INFO - 2025-06-17 22:41:36 --> Datos recogidos de LA BASE DE DATOS: {"users":[{"agreement":null,"number":null,"letter":null,"date_from":null,"date_to":null,"policy":null,"approved_by":null,"approved_date":null,"id_user":"2","name":"ANA","last_name":"L\u00d3PEZ","identification":"987654321","email":"ana@example.com","phone":null,"address":null,"trust":null,"email_del_trust":null,"telephone_del_trust":null,"bank":null,"swift":null,"aba":null,"iban":null,"account":null,"password_hash":"$2y$10$xdHFXhYoOaUbqjip72qvj.3489G7unuXyD7gHL\/XTwcUsDTFyMj6G","date_registration":"2025-06-17 17:28:59","login_attempts":"0","last_login_attempt":null,"status":"active","role_id":"2","balance":"0.00","principal":"5000.00","rate":"3.50","compoundingPeriods":"2","time":"6","role_name":"CLIENT"}],"roles":[{"role_name":"ADMIN","role_description":"ADMINISTRADOR CON ACCESO COMPLETO","created_at":"2025-06-17 17:28:59","id_role":"1"},{"role_name":"CLIENT","role_description":"USUARIO CON PERMISOS DE EDICI\u00d3N","created_at":"2025-06-17 17:28:59","id_role":"2"}]}
INFO - 2025-06-17 22:41:45 --> Session: Class initialized using 'CodeIgniter\Session\Handlers\FileHandler' driver.
INFO - 2025-06-17 22:41:45 --> Iniciando el método addUser()
INFO - 2025-06-17 22:41:45 --> Reglas de validación definidas.
ERROR - 2025-06-17 22:41:45 --> Error en la validación de datos: {"phone":"El campo phone debe contener solo n\u00fameros."}
INFO - 2025-06-17 22:41:45 --> Session: Class initialized using 'CodeIgniter\Session\Handlers\FileHandler' driver.
INFO - 2025-06-17 22:41:45 --> Datos recogidos de LA BASE DE DATOS: {"users":[{"agreement":null,"number":null,"letter":null,"date_from":null,"date_to":null,"policy":null,"approved_by":null,"approved_date":null,"id_user":"2","name":"ANA","last_name":"L\u00d3PEZ","identification":"987654321","email":"ana@example.com","phone":null,"address":null,"trust":null,"email_del_trust":null,"telephone_del_trust":null,"bank":null,"swift":null,"aba":null,"iban":null,"account":null,"password_hash":"$2y$10$xdHFXhYoOaUbqjip72qvj.3489G7unuXyD7gHL\/XTwcUsDTFyMj6G","date_registration":"2025-06-17 17:28:59","login_attempts":"0","last_login_attempt":null,"status":"active","role_id":"2","balance":"0.00","principal":"5000.00","rate":"3.50","compoundingPeriods":"2","time":"6","role_name":"CLIENT"}],"roles":[{"role_name":"ADMIN","role_description":"ADMINISTRADOR CON ACCESO COMPLETO","created_at":"2025-06-17 17:28:59","id_role":"1"},{"role_name":"CLIENT","role_description":"USUARIO CON PERMISOS DE EDICI\u00d3N","created_at":"2025-06-17 17:28:59","id_role":"2"}]}
INFO - 2025-06-17 22:41:45 --> Session: Class initialized using 'CodeIgniter\Session\Handlers\FileHandler' driver.
INFO - 2025-06-17 22:41:45 --> Datos recogidos de LA BASE DE DATOS: {"users":[{"agreement":null,"number":null,"letter":null,"date_from":null,"date_to":null,"policy":null,"approved_by":null,"approved_date":null,"id_user":"2","name":"ANA","last_name":"L\u00d3PEZ","identification":"987654321","email":"ana@example.com","phone":null,"address":null,"trust":null,"email_del_trust":null,"telephone_del_trust":null,"bank":null,"swift":null,"aba":null,"iban":null,"account":null,"password_hash":"$2y$10$xdHFXhYoOaUbqjip72qvj.3489G7unuXyD7gHL\/XTwcUsDTFyMj6G","date_registration":"2025-06-17 17:28:59","login_attempts":"0","last_login_attempt":null,"status":"active","role_id":"2","balance":"0.00","principal":"5000.00","rate":"3.50","compoundingPeriods":"2","time":"6","role_name":"CLIENT"}],"roles":[{"role_name":"ADMIN","role_description":"ADMINISTRADOR CON ACCESO COMPLETO","created_at":"2025-06-17 17:28:59","id_role":"1"},{"role_name":"CLIENT","role_description":"USUARIO CON PERMISOS DE EDICI\u00d3N","created_at":"2025-06-17 17:28:59","id_role":"2"}]}
INFO - 2025-06-17 22:41:50 --> Session: Class initialized using 'CodeIgniter\Session\Handlers\FileHandler' driver.
INFO - 2025-06-17 22:41:50 --> Iniciando el método addUser()
INFO - 2025-06-17 22:41:50 --> Reglas de validación definidas.
INFO - 2025-06-17 22:41:50 --> Validación exitosa.
INFO - 2025-06-17 22:41:50 --> Datos recogidos del formulario: {"name":"JUAN BONET","last_name":"BONET","identification":"12345678","email":"juanseboneth221299@gmail.com","phone":"3123823590","address":"TRANSPARENCIA 1 - MANZANA Q- CASA 12","trust":"DASDASDASDA","email_del_trust":"juan@gmail.com","telephone_del_trust":"DASD","bank":"","swift":"","aba":"","iban":"","account":"","role_id":"2","status":"active","password_hash":"$2y$10$0qTc5YxIycQezvejcM\/Kw.qcf5e.FtGlr.BZBdfQTct8ZlKymMzVS","balance":8009,"rate":0.5,"compoundingPeriods":4,"time":1,"principal":5000,"agreement":"","number":"","letter":"","policy":"","date_from":"","date_to":"","approved_by":"","approved_date":"","date_registration":"2025-06-17 22:41:50"}
INFO - 2025-06-17 22:41:50 --> Configuración SMTP obtenida: Array
(
    [config_key] => smtp_config
    [config_value] => {"host":"smtp.gmail.com","username":"jsbonetc@gmail.com","port":"587","smtp_password":"esnv xpiw uzra xsly","security":"tls"}
    [description] => 
    [created_at] => 2025-06-17 22:38:06
    [updated_at] => 2025-06-17 22:38:06
    [id_config] => 8
)

INFO - 2025-06-17 22:41:50 --> Configuración SMTP obtenida en librari: Array
(
    [host] => smtp.gmail.com
    [username] => jsbonetc@gmail.com
    [port] => 587
    [smtp_password] => esnv xpiw uzra xsly
    [security] => tls
)

INFO - 2025-06-17 22:41:54 --> Session: Class initialized using 'CodeIgniter\Session\Handlers\FileHandler' driver.
INFO - 2025-06-17 22:41:54 --> Datos recogidos de LA BASE DE DATOS: {"users":[{"agreement":null,"number":null,"letter":null,"date_from":null,"date_to":null,"policy":null,"approved_by":null,"approved_date":null,"id_user":"2","name":"ANA","last_name":"L\u00d3PEZ","identification":"987654321","email":"ana@example.com","phone":null,"address":null,"trust":null,"email_del_trust":null,"telephone_del_trust":null,"bank":null,"swift":null,"aba":null,"iban":null,"account":null,"password_hash":"$2y$10$xdHFXhYoOaUbqjip72qvj.3489G7unuXyD7gHL\/XTwcUsDTFyMj6G","date_registration":"2025-06-17 17:28:59","login_attempts":"0","last_login_attempt":null,"status":"active","role_id":"2","balance":"0.00","principal":"5000.00","rate":"3.50","compoundingPeriods":"2","time":"6","role_name":"CLIENT"},{"agreement":"","number":"0","letter":"","date_from":"0000-00-00","date_to":"0000-00-00","policy":"","approved_by":"","approved_date":"0000-00-00","id_user":"3","name":"JUAN BONET","last_name":"BONET","identification":"12345678","email":"juanseboneth221299@gmail.com","phone":"3123823590","address":"TRANSPARENCIA 1 - MANZANA Q- CASA 12","trust":"DASDASDASDA","email_del_trust":"juan@gmail.com","telephone_del_trust":"DASD","bank":"","swift":"","aba":"","iban":"","account":"","password_hash":"$2y$10$0qTc5YxIycQezvejcM\/Kw.qcf5e.FtGlr.BZBdfQTct8ZlKymMzVS","date_registration":"2025-06-17 22:41:50","login_attempts":"0","last_login_attempt":null,"status":"active","role_id":"2","balance":"8009.00","principal":"5000.00","rate":"0.50","compoundingPeriods":"4","time":"1","role_name":"CLIENT"}],"roles":[{"role_name":"ADMIN","role_description":"ADMINISTRADOR CON ACCESO COMPLETO","created_at":"2025-06-17 17:28:59","id_role":"1"},{"role_name":"CLIENT","role_description":"USUARIO CON PERMISOS DE EDICI\u00d3N","created_at":"2025-06-17 17:28:59","id_role":"2"}]}
INFO - 2025-06-17 22:41:54 --> Session: Class initialized using 'CodeIgniter\Session\Handlers\FileHandler' driver.
INFO - 2025-06-17 22:41:54 --> Datos recogidos de LA BASE DE DATOS: {"users":[{"agreement":null,"number":null,"letter":null,"date_from":null,"date_to":null,"policy":null,"approved_by":null,"approved_date":null,"id_user":"2","name":"ANA","last_name":"L\u00d3PEZ","identification":"987654321","email":"ana@example.com","phone":null,"address":null,"trust":null,"email_del_trust":null,"telephone_del_trust":null,"bank":null,"swift":null,"aba":null,"iban":null,"account":null,"password_hash":"$2y$10$xdHFXhYoOaUbqjip72qvj.3489G7unuXyD7gHL\/XTwcUsDTFyMj6G","date_registration":"2025-06-17 17:28:59","login_attempts":"0","last_login_attempt":null,"status":"active","role_id":"2","balance":"0.00","principal":"5000.00","rate":"3.50","compoundingPeriods":"2","time":"6","role_name":"CLIENT"},{"agreement":"","number":"0","letter":"","date_from":"0000-00-00","date_to":"0000-00-00","policy":"","approved_by":"","approved_date":"0000-00-00","id_user":"3","name":"JUAN BONET","last_name":"BONET","identification":"12345678","email":"juanseboneth221299@gmail.com","phone":"3123823590","address":"TRANSPARENCIA 1 - MANZANA Q- CASA 12","trust":"DASDASDASDA","email_del_trust":"juan@gmail.com","telephone_del_trust":"DASD","bank":"","swift":"","aba":"","iban":"","account":"","password_hash":"$2y$10$0qTc5YxIycQezvejcM\/Kw.qcf5e.FtGlr.BZBdfQTct8ZlKymMzVS","date_registration":"2025-06-17 22:41:50","login_attempts":"0","last_login_attempt":null,"status":"active","role_id":"2","balance":"8009.00","principal":"5000.00","rate":"0.50","compoundingPeriods":"4","time":"1","role_name":"CLIENT"}],"roles":[{"role_name":"ADMIN","role_description":"ADMINISTRADOR CON ACCESO COMPLETO","created_at":"2025-06-17 17:28:59","id_role":"1"},{"role_name":"CLIENT","role_description":"USUARIO CON PERMISOS DE EDICI\u00d3N","created_at":"2025-06-17 17:28:59","id_role":"2"}]}
INFO - 2025-06-17 22:42:22 --> Session: Class initialized using 'CodeIgniter\Session\Handlers\FileHandler' driver.
INFO - 2025-06-17 22:42:22 --> Usuario autenticado con role_id: 1
INFO - 2025-06-17 22:42:22 --> Session: Class initialized using 'CodeIgniter\Session\Handlers\FileHandler' driver.
INFO - 2025-06-17 22:42:22 --> Session: Class initialized using 'CodeIgniter\Session\Handlers\FileHandler' driver.
INFO - 2025-06-17 22:42:48 --> Session: Class initialized using 'CodeIgniter\Session\Handlers\FileHandler' driver.
INFO - 2025-06-17 22:42:48 --> Session: Class initialized using 'CodeIgniter\Session\Handlers\FileHandler' driver.
INFO - 2025-06-17 22:43:18 --> Session: Class initialized using 'CodeIgniter\Session\Handlers\FileHandler' driver.
INFO - 2025-06-17 22:43:18 --> Session: Class initialized using 'CodeIgniter\Session\Handlers\FileHandler' driver.
INFO - 2025-06-17 22:43:18 --> Usuario autenticado con role_id: 
INFO - 2025-06-17 22:48:16 --> Session: Class initialized using 'CodeIgniter\Session\Handlers\FileHandler' driver.
INFO - 2025-06-17 22:48:16 --> Usuario autenticado con role_id: 
