CRITICAL - 2025-02-08 05:41:34 --> CodeIgniter\Cache\Exceptions\CacheException: Cache unable to write to "/opt/lampp/htdocs/SCOPECAPITAL/writable/cache/".
[Method: GET, Route: /]
in SYSTEMPATH/Cache/Handlers/FileHandler.php on line 68.
 1 SYSTEMPATH/Cache/Handlers/FileHandler.php(68): CodeIgniter\Cache\Exceptions\CacheException::forUnableToWrite('/opt/lampp/htdocs/SCOPECAPITAL/writable/cache/')
 2 SYSTEMPATH/Cache/CacheFactory.php(67): CodeIgniter\Cache\Handlers\FileHandler->__construct(Object(Config\Cache))
 3 SYSTEMPATH/Config/Services.php(127): CodeIgniter\Cache\CacheFactory::getHandler(Object(Config\Cache))
 4 SYSTEMPATH/Config/BaseService.php(311): CodeIgniter\Config\Services::cache(Object(Config\Cache), false)
 5 SYSTEMPATH/Config/BaseService.php(250): CodeIgniter\Config\BaseService::__callStatic('cache', [...])
 6 SYSTEMPATH/Config/Services.php(122): CodeIgniter\Config\BaseService::getSharedInstance('cache', null)
 7 SYSTEMPATH/Config/BaseService.php(320): CodeIgniter\Config\Services::cache()
 8 SYSTEMPATH/Config/BaseService.php(201): CodeIgniter\Config\BaseService::__callStatic('cache', [])
 9 SYSTEMPATH/Config/Services.php(452): CodeIgniter\Config\BaseService::get('cache')
10 SYSTEMPATH/Config/BaseService.php(311): CodeIgniter\Config\Services::responsecache(Object(Config\Cache), null, false)
11 SYSTEMPATH/Config/BaseService.php(250): CodeIgniter\Config\BaseService::__callStatic('responsecache', [...])
12 SYSTEMPATH/Config/Services.php(448): CodeIgniter\Config\BaseService::getSharedInstance('responsecache', null, null)
13 SYSTEMPATH/Config/BaseService.php(320): CodeIgniter\Config\Services::responsecache()
14 SYSTEMPATH/CodeIgniter.php(179): CodeIgniter\Config\BaseService::__callStatic('responsecache', [])
15 SYSTEMPATH/Config/Services.php(162): CodeIgniter\CodeIgniter->__construct(Object(Config\App))
16 SYSTEMPATH/Config/BaseService.php(320): CodeIgniter\Config\Services::codeigniter(Object(Config\App), false)
17 SYSTEMPATH/Config/BaseService.php(250): CodeIgniter\Config\BaseService::__callStatic('codeigniter', [...])
18 SYSTEMPATH/Config/Services.php(157): CodeIgniter\Config\BaseService::getSharedInstance('codeigniter', null)
19 SYSTEMPATH/Boot.php(311): CodeIgniter\Config\Services::codeigniter()
20 SYSTEMPATH/Boot.php(66): CodeIgniter\Boot::initializeCodeIgniter()
21 FCPATH/index.php(56): CodeIgniter\Boot::bootWeb(Object(Config\Paths))
CRITICAL - 2025-02-08 05:41:35 --> CodeIgniter\Cache\Exceptions\CacheException: Cache unable to write to "/opt/lampp/htdocs/SCOPECAPITAL/writable/cache/".
[Method: GET, Route: /]
in SYSTEMPATH/Cache/Handlers/FileHandler.php on line 68.
 1 SYSTEMPATH/Cache/Handlers/FileHandler.php(68): CodeIgniter\Cache\Exceptions\CacheException::forUnableToWrite('/opt/lampp/htdocs/SCOPECAPITAL/writable/cache/')
 2 SYSTEMPATH/Cache/CacheFactory.php(67): CodeIgniter\Cache\Handlers\FileHandler->__construct(Object(Config\Cache))
 3 SYSTEMPATH/Config/Services.php(127): CodeIgniter\Cache\CacheFactory::getHandler(Object(Config\Cache))
 4 SYSTEMPATH/Config/BaseService.php(311): CodeIgniter\Config\Services::cache(Object(Config\Cache), false)
 5 SYSTEMPATH/Config/BaseService.php(250): CodeIgniter\Config\BaseService::__callStatic('cache', [...])
 6 SYSTEMPATH/Config/Services.php(122): CodeIgniter\Config\BaseService::getSharedInstance('cache', null)
 7 SYSTEMPATH/Config/BaseService.php(320): CodeIgniter\Config\Services::cache()
 8 SYSTEMPATH/Config/BaseService.php(201): CodeIgniter\Config\BaseService::__callStatic('cache', [])
 9 SYSTEMPATH/Config/Services.php(452): CodeIgniter\Config\BaseService::get('cache')
10 SYSTEMPATH/Config/BaseService.php(311): CodeIgniter\Config\Services::responsecache(Object(Config\Cache), null, false)
11 SYSTEMPATH/Config/BaseService.php(250): CodeIgniter\Config\BaseService::__callStatic('responsecache', [...])
12 SYSTEMPATH/Config/Services.php(448): CodeIgniter\Config\BaseService::getSharedInstance('responsecache', null, null)
13 SYSTEMPATH/Config/BaseService.php(320): CodeIgniter\Config\Services::responsecache()
14 SYSTEMPATH/CodeIgniter.php(179): CodeIgniter\Config\BaseService::__callStatic('responsecache', [])
15 SYSTEMPATH/Config/Services.php(162): CodeIgniter\CodeIgniter->__construct(Object(Config\App))
16 SYSTEMPATH/Config/BaseService.php(320): CodeIgniter\Config\Services::codeigniter(Object(Config\App), false)
17 SYSTEMPATH/Config/BaseService.php(250): CodeIgniter\Config\BaseService::__callStatic('codeigniter', [...])
18 SYSTEMPATH/Config/Services.php(157): CodeIgniter\Config\BaseService::getSharedInstance('codeigniter', null)
19 SYSTEMPATH/Boot.php(311): CodeIgniter\Config\Services::codeigniter()
20 SYSTEMPATH/Boot.php(66): CodeIgniter\Boot::initializeCodeIgniter()
21 FCPATH/index.php(56): CodeIgniter\Boot::bootWeb(Object(Config\Paths))
CRITICAL - 2025-02-08 04:42:42 --> CodeIgniter\Session\Exceptions\SessionException: Session: Configured save path "/opt/lampp/htdocs/SCOPECAPITAL/writable/session" is not writable by the PHP process.
[Method: GET, Route: /]
in SYSTEMPATH/Session/Handlers/FileHandler.php on line 103.
 1 SYSTEMPATH/Session/Handlers/FileHandler.php(103): CodeIgniter\Session\Exceptions\SessionException::forWriteProtectedSavePath('/opt/lampp/htdocs/SCOPECAPITAL/writable/session')
 2 [internal function]: CodeIgniter\Session\Handlers\FileHandler->open('/opt/lampp/htdocs/SCOPECAPITAL/writable/session', 'ci_session')
 3 SYSTEMPATH/Session/Session.php(920): session_start()
 4 SYSTEMPATH/Session/Session.php(242): CodeIgniter\Session\Session->startSession()
 5 SYSTEMPATH/Config/Services.php(701): CodeIgniter\Session\Session->start()
 6 SYSTEMPATH/Config/BaseService.php(311): CodeIgniter\Config\Services::session(Object(Config\Session), false)
 7 SYSTEMPATH/Config/BaseService.php(250): CodeIgniter\Config\BaseService::__callStatic('session', [...])
 8 SYSTEMPATH/Config/Services.php(666): CodeIgniter\Config\BaseService::getSharedInstance('session', null)
 9 SYSTEMPATH/Config/BaseService.php(320): CodeIgniter\Config\Services::session()
10 SYSTEMPATH/Config/BaseService.php(201): CodeIgniter\Config\BaseService::__callStatic('session', [])
11 SYSTEMPATH/Common.php(998): CodeIgniter\Config\BaseService::get('session')
12 SYSTEMPATH/Common.php(971): service('session')
13 APPPATH/Controllers/IndexController.php(11): session()
14 SYSTEMPATH/CodeIgniter.php(933): App\Controllers\IndexController->index()
15 SYSTEMPATH/CodeIgniter.php(509): CodeIgniter\CodeIgniter->runController(Object(App\Controllers\IndexController))
16 SYSTEMPATH/CodeIgniter.php(355): CodeIgniter\CodeIgniter->handleRequest(null, Object(Config\Cache), false)
17 SYSTEMPATH/Boot.php(325): CodeIgniter\CodeIgniter->run()
18 SYSTEMPATH/Boot.php(67): CodeIgniter\Boot::runCodeIgniter(Object(CodeIgniter\CodeIgniter))
19 FCPATH/index.php(56): CodeIgniter\Boot::bootWeb(Object(Config\Paths))
CRITICAL - 2025-02-08 04:43:46 --> CodeIgniter\Session\Exceptions\SessionException: Session: Configured save path "/opt/lampp/htdocs/SCOPECAPITAL/writable/session" is not writable by the PHP process.
[Method: GET, Route: /]
in SYSTEMPATH/Session/Handlers/FileHandler.php on line 103.
 1 SYSTEMPATH/Session/Handlers/FileHandler.php(103): CodeIgniter\Session\Exceptions\SessionException::forWriteProtectedSavePath('/opt/lampp/htdocs/SCOPECAPITAL/writable/session')
 2 [internal function]: CodeIgniter\Session\Handlers\FileHandler->open('/opt/lampp/htdocs/SCOPECAPITAL/writable/session', 'ci_session')
 3 SYSTEMPATH/Session/Session.php(920): session_start()
 4 SYSTEMPATH/Session/Session.php(242): CodeIgniter\Session\Session->startSession()
 5 SYSTEMPATH/Config/Services.php(701): CodeIgniter\Session\Session->start()
 6 SYSTEMPATH/Config/BaseService.php(311): CodeIgniter\Config\Services::session(Object(Config\Session), false)
 7 SYSTEMPATH/Config/BaseService.php(250): CodeIgniter\Config\BaseService::__callStatic('session', [...])
 8 SYSTEMPATH/Config/Services.php(666): CodeIgniter\Config\BaseService::getSharedInstance('session', null)
 9 SYSTEMPATH/Config/BaseService.php(320): CodeIgniter\Config\Services::session()
10 SYSTEMPATH/Config/BaseService.php(201): CodeIgniter\Config\BaseService::__callStatic('session', [])
11 SYSTEMPATH/Common.php(998): CodeIgniter\Config\BaseService::get('session')
12 SYSTEMPATH/Common.php(971): service('session')
13 APPPATH/Controllers/IndexController.php(11): session()
14 SYSTEMPATH/CodeIgniter.php(933): App\Controllers\IndexController->index()
15 SYSTEMPATH/CodeIgniter.php(509): CodeIgniter\CodeIgniter->runController(Object(App\Controllers\IndexController))
16 SYSTEMPATH/CodeIgniter.php(355): CodeIgniter\CodeIgniter->handleRequest(null, Object(Config\Cache), false)
17 SYSTEMPATH/Boot.php(325): CodeIgniter\CodeIgniter->run()
18 SYSTEMPATH/Boot.php(67): CodeIgniter\Boot::runCodeIgniter(Object(CodeIgniter\CodeIgniter))
19 FCPATH/index.php(56): CodeIgniter\Boot::bootWeb(Object(Config\Paths))
CRITICAL - 2025-02-08 04:43:46 --> CodeIgniter\Session\Exceptions\SessionException: Session: Configured save path "/opt/lampp/htdocs/SCOPECAPITAL/writable/session" is not writable by the PHP process.
[Method: GET, Route: /]
in SYSTEMPATH/Session/Handlers/FileHandler.php on line 103.
 1 SYSTEMPATH/Session/Handlers/FileHandler.php(103): CodeIgniter\Session\Exceptions\SessionException::forWriteProtectedSavePath('/opt/lampp/htdocs/SCOPECAPITAL/writable/session')
 2 [internal function]: CodeIgniter\Session\Handlers\FileHandler->open('/opt/lampp/htdocs/SCOPECAPITAL/writable/session', 'ci_session')
 3 SYSTEMPATH/Session/Session.php(920): session_start()
 4 SYSTEMPATH/Session/Session.php(242): CodeIgniter\Session\Session->startSession()
 5 SYSTEMPATH/Config/Services.php(701): CodeIgniter\Session\Session->start()
 6 SYSTEMPATH/Config/BaseService.php(311): CodeIgniter\Config\Services::session(Object(Config\Session), false)
 7 SYSTEMPATH/Config/BaseService.php(250): CodeIgniter\Config\BaseService::__callStatic('session', [...])
 8 SYSTEMPATH/Config/Services.php(666): CodeIgniter\Config\BaseService::getSharedInstance('session', null)
 9 SYSTEMPATH/Config/BaseService.php(320): CodeIgniter\Config\Services::session()
10 SYSTEMPATH/Config/BaseService.php(201): CodeIgniter\Config\BaseService::__callStatic('session', [])
11 SYSTEMPATH/Common.php(998): CodeIgniter\Config\BaseService::get('session')
12 SYSTEMPATH/Common.php(971): service('session')
13 APPPATH/Controllers/IndexController.php(11): session()
14 SYSTEMPATH/CodeIgniter.php(933): App\Controllers\IndexController->index()
15 SYSTEMPATH/CodeIgniter.php(509): CodeIgniter\CodeIgniter->runController(Object(App\Controllers\IndexController))
16 SYSTEMPATH/CodeIgniter.php(355): CodeIgniter\CodeIgniter->handleRequest(null, Object(Config\Cache), false)
17 SYSTEMPATH/Boot.php(325): CodeIgniter\CodeIgniter->run()
18 SYSTEMPATH/Boot.php(67): CodeIgniter\Boot::runCodeIgniter(Object(CodeIgniter\CodeIgniter))
19 FCPATH/index.php(56): CodeIgniter\Boot::bootWeb(Object(Config\Paths))
INFO - 2025-02-08 04:45:21 --> Session: Class initialized using 'CodeIgniter\Session\Handlers\FileHandler' driver.
INFO - 2025-02-08 04:45:23 --> Session: Class initialized using 'CodeIgniter\Session\Handlers\FileHandler' driver.
INFO - 2025-02-08 04:46:51 --> CSRF token verified.
INFO - 2025-02-08 04:46:51 --> El método authenticate fue llamado
INFO - 2025-02-08 04:46:52 --> Session: Class initialized using 'CodeIgniter\Session\Handlers\FileHandler' driver.
INFO - 2025-02-08 04:46:52 --> Session: Class initialized using 'CodeIgniter\Session\Handlers\FileHandler' driver.
INFO - 2025-02-08 04:46:58 --> Session: Class initialized using 'CodeIgniter\Session\Handlers\FileHandler' driver.
INFO - 2025-02-08 04:47:04 --> Session: Class initialized using 'CodeIgniter\Session\Handlers\FileHandler' driver.
