INFO - 2025-05-07 10:51:24 --> Session: Class initialized using 'CodeIgniter\Session\Handlers\FileHandler' driver.
INFO - 2025-05-07 10:51:26 --> Session: Class initialized using 'CodeIgniter\Session\Handlers\FileHandler' driver.
INFO - 2025-05-07 10:51:26 --> Usuario autenticado con role_id: 
INFO - 2025-05-07 10:51:28 --> El método authenticate fue llamado
INFO - 2025-05-07 10:51:29 --> Session: Class initialized using 'CodeIgniter\Session\Handlers\FileHandler' driver.
INFO - 2025-05-07 10:51:29 --> Session: Class initialized using 'CodeIgniter\Session\Handlers\FileHandler' driver.
INFO - 2025-05-07 10:51:29 --> Usuario autenticado con role_id: 
INFO - 2025-05-07 10:51:35 --> El método authenticate fue llamado
INFO - 2025-05-07 10:51:36 --> Session: Class initialized using 'CodeIgniter\Session\Handlers\FileHandler' driver.
INFO - 2025-05-07 10:51:36 --> Session: Class initialized using 'CodeIgniter\Session\Handlers\FileHandler' driver.
INFO - 2025-05-07 10:51:45 --> Session: Class initialized using 'CodeIgniter\Session\Handlers\FileHandler' driver.
INFO - 2025-05-07 10:51:48 --> Session: Class initialized using 'CodeIgniter\Session\Handlers\FileHandler' driver.
INFO - 2025-05-07 10:51:50 --> Session: Class initialized using 'CodeIgniter\Session\Handlers\FileHandler' driver.
INFO - 2025-05-07 10:51:56 --> Session: Class initialized using 'CodeIgniter\Session\Handlers\FileHandler' driver.
INFO - 2025-05-07 10:51:57 --> Session: Class initialized using 'CodeIgniter\Session\Handlers\FileHandler' driver.
INFO - 2025-05-07 10:53:37 --> Session: Class initialized using 'CodeIgniter\Session\Handlers\FileHandler' driver.
INFO - 2025-05-07 10:53:42 --> Session: Class initialized using 'CodeIgniter\Session\Handlers\FileHandler' driver.
INFO - 2025-05-07 10:53:42 --> Session: Class initialized using 'CodeIgniter\Session\Handlers\FileHandler' driver.
INFO - 2025-05-07 10:54:00 --> Session: Class initialized using 'CodeIgniter\Session\Handlers\FileHandler' driver.
INFO - 2025-05-07 10:54:00 --> Iniciando el método addUser()
INFO - 2025-05-07 10:54:00 --> Reglas de validación definidas.
ERROR - 2025-05-07 10:54:00 --> Error en la validación de datos: {"identification":"The identification field must contain a unique value."}
INFO - 2025-05-07 10:54:00 --> Session: Class initialized using 'CodeIgniter\Session\Handlers\FileHandler' driver.
INFO - 2025-05-07 10:54:06 --> Session: Class initialized using 'CodeIgniter\Session\Handlers\FileHandler' driver.
INFO - 2025-05-07 10:54:06 --> Iniciando el método addUser()
INFO - 2025-05-07 10:54:06 --> Reglas de validación definidas.
INFO - 2025-05-07 10:54:06 --> Validación exitosa.
INFO - 2025-05-07 10:54:06 --> Datos recogidos del formulario: {"name":"MARVIN","last_name":"PEREZ","identification":"12121212","phone":"3132311084","address":"KDX 286-300 AV CIRCUNVALAR\r\nBARRIO FUNDADORES","email":"marvineduardosantosperez@gmail.com","role_id":"1","status":"active","password_hash":"$2y$10$fSnXtnSZ0ecnwfhpsxUwnO5sMKZXWsNyq512C4l5E8RSLb78Wh1IS"}
INFO - 2025-05-07 10:54:06 --> Configuración SMTP obtenida: Array
(
    [config_key] => smtp_config
    [config_value] => {"host":"smtp.gmail.com","username":"mesp3127@gmail.com","port":"587","smtp_password":"oogr oztk mihs bxed","security":"tls"}
    [description] => 
    [created_at] => 2025-04-23 01:01:32
    [updated_at] => 2025-04-23 17:33:27
    [id_config] => 8
)

INFO - 2025-05-07 10:54:06 --> Configuración SMTP obtenida en librari: Array
(
    [host] => smtp.gmail.com
    [username] => mesp3127@gmail.com
    [port] => 587
    [smtp_password] => oogr oztk mihs bxed
    [security] => tls
)

INFO - 2025-05-07 10:54:09 --> Session: Class initialized using 'CodeIgniter\Session\Handlers\FileHandler' driver.
INFO - 2025-05-07 10:54:54 --> Session: Class initialized using 'CodeIgniter\Session\Handlers\FileHandler' driver.
INFO - 2025-05-07 10:54:54 --> Usuario autenticado con role_id: 1
INFO - 2025-05-07 10:54:55 --> Session: Class initialized using 'CodeIgniter\Session\Handlers\FileHandler' driver.
INFO - 2025-05-07 10:54:59 --> Session: Class initialized using 'CodeIgniter\Session\Handlers\FileHandler' driver.
INFO - 2025-05-07 10:55:14 --> Session: Class initialized using 'CodeIgniter\Session\Handlers\FileHandler' driver.
INFO - 2025-05-07 10:55:19 --> Session: Class initialized using 'CodeIgniter\Session\Handlers\FileHandler' driver.
INFO - 2025-05-07 10:55:36 --> Session: Class initialized using 'CodeIgniter\Session\Handlers\FileHandler' driver.
INFO - 2025-05-07 10:55:36 --> Acceso a la vista de cambio de contraseña.
INFO - 2025-05-07 10:55:42 --> Session: Class initialized using 'CodeIgniter\Session\Handlers\FileHandler' driver.
INFO - 2025-05-07 10:55:44 --> Session: Class initialized using 'CodeIgniter\Session\Handlers\FileHandler' driver.
INFO - 2025-05-07 10:56:52 --> Session: Class initialized using 'CodeIgniter\Session\Handlers\FileHandler' driver.
