INFO - 2025-05-10 19:28:35 --> Session: Class initialized using 'CodeIgniter\Session\Handlers\FileHandler' driver.
INFO - 2025-05-10 19:28:35 --> Usuario autenticado con role_id: 
INFO - 2025-05-10 19:28:39 --> El método authenticate fue llamado
INFO - 2025-05-10 19:28:40 --> Session: Class initialized using 'CodeIgniter\Session\Handlers\FileHandler' driver.
INFO - 2025-05-10 19:28:40 --> Session: Class initialized using 'CodeIgniter\Session\Handlers\FileHandler' driver.
INFO - 2025-05-10 19:28:40 --> Usuario autenticado con role_id: 
INFO - 2025-05-10 19:28:46 --> El método authenticate fue llamado
INFO - 2025-05-10 19:28:46 --> Session: Class initialized using 'CodeIgniter\Session\Handlers\FileHandler' driver.
INFO - 2025-05-10 19:28:47 --> Session: Class initialized using 'CodeIgniter\Session\Handlers\FileHandler' driver.
INFO - 2025-05-10 19:28:47 --> Usuario autenticado con role_id: 
INFO - 2025-05-10 19:28:51 --> El método authenticate fue llamado
INFO - 2025-05-10 19:28:51 --> Session: Class initialized using 'CodeIgniter\Session\Handlers\FileHandler' driver.
INFO - 2025-05-10 19:28:52 --> Session: Class initialized using 'CodeIgniter\Session\Handlers\FileHandler' driver.
INFO - 2025-05-10 20:50:32 --> Session: Class initialized using 'CodeIgniter\Session\Handlers\FileHandler' driver.
INFO - 2025-05-10 20:50:32 --> Session: Class initialized using 'CodeIgniter\Session\Handlers\FileHandler' driver.
INFO - 2025-05-10 20:50:42 --> Session: Class initialized using 'CodeIgniter\Session\Handlers\FileHandler' driver.
INFO - 2025-05-10 20:50:44 --> Session: Class initialized using 'CodeIgniter\Session\Handlers\FileHandler' driver.
INFO - 2025-05-10 20:55:23 --> Session: Class initialized using 'CodeIgniter\Session\Handlers\FileHandler' driver.
INFO - 2025-05-10 20:56:19 --> Session: Class initialized using 'CodeIgniter\Session\Handlers\FileHandler' driver.
INFO - 2025-05-10 20:56:21 --> Session: Class initialized using 'CodeIgniter\Session\Handlers\FileHandler' driver.
INFO - 2025-05-10 20:57:04 --> Session: Class initialized using 'CodeIgniter\Session\Handlers\FileHandler' driver.
INFO - 2025-05-10 20:57:07 --> Session: Class initialized using 'CodeIgniter\Session\Handlers\FileHandler' driver.
INFO - 2025-05-10 20:57:07 --> Iniciando búsqueda de usuario...
INFO - 2025-05-10 20:57:07 --> Identificación recibida: 987654321
INFO - 2025-05-10 20:57:07 --> Usuario encontrado: {"name":"ANA","last_name":"L\u00d3PEZ","identification":"987654321","date_registration":"2025-05-08 12:27:11","email":"ana@example.com","phone":null,"address":null,"status":"active","password_hash":"$2y$10$xdHFXhYoOaUbqjip72qvj.3489G7unuXyD7gHL\/XTwcUsDTFyMj6G","balance":"0.00","swift_code":null,"routing":null,"checking":null,"account_number":null,"account_signatory":null,"login_attempts":"0","last_login_attempt":null,"id_company":null,"id_bank":null,"id_banker":null,"role_id":"2","id_user":"2","principal":"5000.00","rate":"0.05","compoundingPeriods":"7","time":"1"}
INFO - 2025-05-10 20:57:10 --> Session: Class initialized using 'CodeIgniter\Session\Handlers\FileHandler' driver.
DEBUG - 2025-05-10 20:57:10 --> No se encontraron transacciones para el usuario ID: 2
INFO - 2025-05-10 20:57:19 --> Session: Class initialized using 'CodeIgniter\Session\Handlers\FileHandler' driver.
INFO - 2025-05-10 20:57:25 --> Session: Class initialized using 'CodeIgniter\Session\Handlers\FileHandler' driver.
INFO - 2025-05-10 20:57:28 --> Session: Class initialized using 'CodeIgniter\Session\Handlers\FileHandler' driver.
INFO - 2025-05-10 20:57:28 --> Iniciando búsqueda de usuario...
INFO - 2025-05-10 20:57:28 --> Identificación recibida: 4562562354
INFO - 2025-05-10 20:57:28 --> Usuario encontrado: {"name":"MARVIN","last_name":"PEREZ","identification":"4562562354","date_registration":"2025-05-08 13:07:45","email":"marvin.ffffff@soy.sena.edu.co","phone":null,"address":null,"status":"active","password_hash":"$2y$10$eb0rbIAq1sKHMTc3BnB9TerxhCH2lMIEw2DbED1J1GNcGR9g7fUMe","balance":"5000.00","swift_code":null,"routing":null,"checking":null,"account_number":null,"account_signatory":null,"login_attempts":"0","last_login_attempt":null,"id_company":null,"id_bank":null,"id_banker":null,"role_id":"2","id_user":"4","principal":"5000.00","rate":"0.05","compoundingPeriods":"7","time":"1"}
INFO - 2025-05-10 20:57:31 --> Session: Class initialized using 'CodeIgniter\Session\Handlers\FileHandler' driver.
DEBUG - 2025-05-10 20:57:31 --> No se encontraron transacciones para el usuario ID: 4
INFO - 2025-05-10 20:57:44 --> Session: Class initialized using 'CodeIgniter\Session\Handlers\FileHandler' driver.
INFO - 2025-05-10 20:57:48 --> Session: Class initialized using 'CodeIgniter\Session\Handlers\FileHandler' driver.
INFO - 2025-05-10 20:57:48 --> Iniciando búsqueda de usuario...
INFO - 2025-05-10 20:57:48 --> Identificación recibida: 4562562354
INFO - 2025-05-10 20:57:48 --> Usuario encontrado: {"name":"MARVIN","last_name":"PEREZ","identification":"4562562354","date_registration":"2025-05-08 13:07:45","email":"marvin.ffffff@soy.sena.edu.co","phone":null,"address":null,"status":"active","password_hash":"$2y$10$eb0rbIAq1sKHMTc3BnB9TerxhCH2lMIEw2DbED1J1GNcGR9g7fUMe","balance":"5000.00","swift_code":null,"routing":null,"checking":null,"account_number":null,"account_signatory":null,"login_attempts":"0","last_login_attempt":null,"id_company":null,"id_bank":null,"id_banker":null,"role_id":"2","id_user":"4","principal":"5000.00","rate":"0.05","compoundingPeriods":"7","time":"1"}
INFO - 2025-05-10 20:57:59 --> Session: Class initialized using 'CodeIgniter\Session\Handlers\FileHandler' driver.
INFO - 2025-05-10 20:57:59 --> Iniciando el método recharge()
INFO - 2025-05-10 20:57:59 --> Identificación recibida: 4
INFO - 2025-05-10 20:57:59 --> Identificación recibida: 4562562354
INFO - 2025-05-10 20:57:59 --> Monto recibido: 5000
INFO - 2025-05-10 20:57:59 --> Modelo de usuarios cargado
INFO - 2025-05-10 20:57:59 --> Consulta realizada para buscar usuario
INFO - 2025-05-10 20:57:59 --> Usuario encontrado: {"name":"MARVIN","last_name":"PEREZ","identification":"4562562354","date_registration":"2025-05-08 13:07:45","email":"marvin.ffffff@soy.sena.edu.co","phone":null,"address":null,"status":"active","password_hash":"$2y$10$eb0rbIAq1sKHMTc3BnB9TerxhCH2lMIEw2DbED1J1GNcGR9g7fUMe","balance":"5000.00","swift_code":null,"routing":null,"checking":null,"account_number":null,"account_signatory":null,"login_attempts":"0","last_login_attempt":null,"id_company":null,"id_bank":null,"id_banker":null,"role_id":"2","id_user":"4","principal":"5000.00","rate":"0.05","compoundingPeriods":"7","time":"1"}
INFO - 2025-05-10 20:57:59 --> Nuevo balance calculado: 10000
INFO - 2025-05-10 20:57:59 --> Saldo actualizado correctamente
INFO - 2025-05-10 20:58:13 --> Session: Class initialized using 'CodeIgniter\Session\Handlers\FileHandler' driver.
INFO - 2025-05-10 20:58:15 --> Session: Class initialized using 'CodeIgniter\Session\Handlers\FileHandler' driver.
INFO - 2025-05-10 20:58:15 --> Iniciando búsqueda de usuario...
INFO - 2025-05-10 20:58:15 --> Identificación recibida: 4562562354
INFO - 2025-05-10 20:58:15 --> Usuario encontrado: {"name":"MARVIN","last_name":"PEREZ","identification":"4562562354","date_registration":"2025-05-08 13:07:45","email":"marvin.ffffff@soy.sena.edu.co","phone":null,"address":null,"status":"active","password_hash":"$2y$10$eb0rbIAq1sKHMTc3BnB9TerxhCH2lMIEw2DbED1J1GNcGR9g7fUMe","balance":"10000.00","swift_code":null,"routing":null,"checking":null,"account_number":null,"account_signatory":null,"login_attempts":"0","last_login_attempt":null,"id_company":null,"id_bank":null,"id_banker":null,"role_id":"2","id_user":"4","principal":"5000.00","rate":"0.05","compoundingPeriods":"7","time":"1"}
INFO - 2025-05-10 20:58:18 --> Session: Class initialized using 'CodeIgniter\Session\Handlers\FileHandler' driver.
INFO - 2025-05-10 20:58:18 --> Historial de transacciones: [
    {
        "name": "MARVIN",
        "last_name": "PEREZ",
        "email": "marvin.ffffff@soy.sena.edu.co",
        "phone": null,
        "amount": "5000.00",
        "transaction_type": "deposit",
        "transaction_date": "2025-05-10 20:57:59"
    }
]
INFO - 2025-05-10 20:59:41 --> Session: Class initialized using 'CodeIgniter\Session\Handlers\FileHandler' driver.
INFO - 2025-05-10 20:59:46 --> Session: Class initialized using 'CodeIgniter\Session\Handlers\FileHandler' driver.
INFO - 2025-05-10 20:59:50 --> Session: Class initialized using 'CodeIgniter\Session\Handlers\FileHandler' driver.
INFO - 2025-05-10 20:59:51 --> Session: Class initialized using 'CodeIgniter\Session\Handlers\FileHandler' driver.
INFO - 2025-05-10 21:01:09 --> Session: Class initialized using 'CodeIgniter\Session\Handlers\FileHandler' driver.
INFO - 2025-05-10 21:01:09 --> Acceso a la vista de cambio de contraseña.
INFO - 2025-05-10 21:01:49 --> Session: Class initialized using 'CodeIgniter\Session\Handlers\FileHandler' driver.
INFO - 2025-05-10 21:01:53 --> Session: Class initialized using 'CodeIgniter\Session\Handlers\FileHandler' driver.
INFO - 2025-05-10 21:01:57 --> Session: Class initialized using 'CodeIgniter\Session\Handlers\FileHandler' driver.
INFO - 2025-05-10 21:01:57 --> Iniciando búsqueda de usuario...
INFO - 2025-05-10 21:01:57 --> Identificación recibida: 4562562354
INFO - 2025-05-10 21:01:57 --> Usuario encontrado: {"name":"MARVIN","last_name":"PEREZ","identification":"4562562354","date_registration":"2025-05-08 13:07:45","email":"marvin.ffffff@soy.sena.edu.co","phone":null,"address":null,"status":"active","password_hash":"$2y$10$eb0rbIAq1sKHMTc3BnB9TerxhCH2lMIEw2DbED1J1GNcGR9g7fUMe","balance":"10000.00","swift_code":null,"routing":null,"checking":null,"account_number":null,"account_signatory":null,"login_attempts":"0","last_login_attempt":null,"id_company":null,"id_bank":null,"id_banker":null,"role_id":"2","id_user":"4","principal":"5000.00","rate":"0.05","compoundingPeriods":"7","time":"1"}
INFO - 2025-05-10 21:02:02 --> Session: Class initialized using 'CodeIgniter\Session\Handlers\FileHandler' driver.
INFO - 2025-05-10 21:02:02 --> Iniciando el método recharge()
INFO - 2025-05-10 21:02:02 --> Identificación recibida: 4
INFO - 2025-05-10 21:02:02 --> Identificación recibida: 4562562354
INFO - 2025-05-10 21:02:02 --> Monto recibido: 5000
INFO - 2025-05-10 21:02:02 --> Modelo de usuarios cargado
INFO - 2025-05-10 21:02:02 --> Consulta realizada para buscar usuario
INFO - 2025-05-10 21:02:02 --> Usuario encontrado: {"name":"MARVIN","last_name":"PEREZ","identification":"4562562354","date_registration":"2025-05-08 13:07:45","email":"marvin.ffffff@soy.sena.edu.co","phone":null,"address":null,"status":"active","password_hash":"$2y$10$eb0rbIAq1sKHMTc3BnB9TerxhCH2lMIEw2DbED1J1GNcGR9g7fUMe","balance":"10000.00","swift_code":null,"routing":null,"checking":null,"account_number":null,"account_signatory":null,"login_attempts":"0","last_login_attempt":null,"id_company":null,"id_bank":null,"id_banker":null,"role_id":"2","id_user":"4","principal":"5000.00","rate":"0.05","compoundingPeriods":"7","time":"1"}
INFO - 2025-05-10 21:02:02 --> Nuevo balance calculado: 15000
INFO - 2025-05-10 21:02:02 --> Saldo actualizado correctamente
INFO - 2025-05-10 21:02:06 --> Session: Class initialized using 'CodeIgniter\Session\Handlers\FileHandler' driver.
INFO - 2025-05-10 21:02:06 --> Iniciando el método recharge()
INFO - 2025-05-10 21:02:06 --> Identificación recibida: 4
INFO - 2025-05-10 21:02:06 --> Identificación recibida: 4562562354
INFO - 2025-05-10 21:02:06 --> Monto recibido: 50000
INFO - 2025-05-10 21:02:06 --> Modelo de usuarios cargado
INFO - 2025-05-10 21:02:06 --> Consulta realizada para buscar usuario
INFO - 2025-05-10 21:02:06 --> Usuario encontrado: {"name":"MARVIN","last_name":"PEREZ","identification":"4562562354","date_registration":"2025-05-08 13:07:45","email":"marvin.ffffff@soy.sena.edu.co","phone":null,"address":null,"status":"active","password_hash":"$2y$10$eb0rbIAq1sKHMTc3BnB9TerxhCH2lMIEw2DbED1J1GNcGR9g7fUMe","balance":"15000.00","swift_code":null,"routing":null,"checking":null,"account_number":null,"account_signatory":null,"login_attempts":"0","last_login_attempt":null,"id_company":null,"id_bank":null,"id_banker":null,"role_id":"2","id_user":"4","principal":"5000.00","rate":"0.05","compoundingPeriods":"7","time":"1"}
INFO - 2025-05-10 21:02:06 --> Nuevo balance calculado: 65000
INFO - 2025-05-10 21:02:06 --> Saldo actualizado correctamente
INFO - 2025-05-10 21:02:09 --> Session: Class initialized using 'CodeIgniter\Session\Handlers\FileHandler' driver.
INFO - 2025-05-10 21:02:16 --> Session: Class initialized using 'CodeIgniter\Session\Handlers\FileHandler' driver.
INFO - 2025-05-10 21:02:16 --> Iniciando búsqueda de usuario...
INFO - 2025-05-10 21:02:16 --> Identificación recibida: 4562562354
INFO - 2025-05-10 21:02:16 --> Usuario encontrado: {"name":"MARVIN","last_name":"PEREZ","identification":"4562562354","date_registration":"2025-05-08 13:07:45","email":"marvin.ffffff@soy.sena.edu.co","phone":null,"address":null,"status":"active","password_hash":"$2y$10$eb0rbIAq1sKHMTc3BnB9TerxhCH2lMIEw2DbED1J1GNcGR9g7fUMe","balance":"65000.00","swift_code":null,"routing":null,"checking":null,"account_number":null,"account_signatory":null,"login_attempts":"0","last_login_attempt":null,"id_company":null,"id_bank":null,"id_banker":null,"role_id":"2","id_user":"4","principal":"5000.00","rate":"0.05","compoundingPeriods":"7","time":"1"}
INFO - 2025-05-10 21:02:18 --> Session: Class initialized using 'CodeIgniter\Session\Handlers\FileHandler' driver.
INFO - 2025-05-10 21:02:19 --> Historial de transacciones: [
    {
        "name": "MARVIN",
        "last_name": "PEREZ",
        "email": "marvin.ffffff@soy.sena.edu.co",
        "phone": null,
        "amount": "5000.00",
        "transaction_type": "deposit",
        "transaction_date": "2025-05-10 20:57:59"
    },
    {
        "name": "MARVIN",
        "last_name": "PEREZ",
        "email": "marvin.ffffff@soy.sena.edu.co",
        "phone": null,
        "amount": "5000.00",
        "transaction_type": "deposit",
        "transaction_date": "2025-05-10 21:02:02"
    },
    {
        "name": "MARVIN",
        "last_name": "PEREZ",
        "email": "marvin.ffffff@soy.sena.edu.co",
        "phone": null,
        "amount": "50000.00",
        "transaction_type": "deposit",
        "transaction_date": "2025-05-10 21:02:06"
    }
]
INFO - 2025-05-10 21:02:36 --> Session: Class initialized using 'CodeIgniter\Session\Handlers\FileHandler' driver.
INFO - 2025-05-10 21:03:25 --> Session: Class initialized using 'CodeIgniter\Session\Handlers\FileHandler' driver.
INFO - 2025-05-10 21:05:04 --> Session: Class initialized using 'CodeIgniter\Session\Handlers\FileHandler' driver.
INFO - 2025-05-10 21:06:23 --> Session: Class initialized using 'CodeIgniter\Session\Handlers\FileHandler' driver.
INFO - 2025-05-10 21:06:27 --> Session: Class initialized using 'CodeIgniter\Session\Handlers\FileHandler' driver.
INFO - 2025-05-10 21:06:31 --> Session: Class initialized using 'CodeIgniter\Session\Handlers\FileHandler' driver.
INFO - 2025-05-10 21:11:02 --> Session: Class initialized using 'CodeIgniter\Session\Handlers\FileHandler' driver.
INFO - 2025-05-10 21:11:05 --> Session: Class initialized using 'CodeIgniter\Session\Handlers\FileHandler' driver.
INFO - 2025-05-10 21:15:26 --> Session: Class initialized using 'CodeIgniter\Session\Handlers\FileHandler' driver.
INFO - 2025-05-10 21:15:33 --> Session: Class initialized using 'CodeIgniter\Session\Handlers\FileHandler' driver.
INFO - 2025-05-10 21:15:33 --> Iniciando el método addUser()
INFO - 2025-05-10 21:15:33 --> Reglas de validación definidas.
ERROR - 2025-05-10 21:15:33 --> Error en la validación de datos: {"email":"The email field must contain a unique value."}
INFO - 2025-05-10 21:15:33 --> Session: Class initialized using 'CodeIgniter\Session\Handlers\FileHandler' driver.
INFO - 2025-05-10 21:15:40 --> Session: Class initialized using 'CodeIgniter\Session\Handlers\FileHandler' driver.
INFO - 2025-05-10 21:15:40 --> Iniciando el método addUser()
INFO - 2025-05-10 21:15:40 --> Reglas de validación definidas.
INFO - 2025-05-10 21:15:40 --> Validación exitosa.
INFO - 2025-05-10 21:15:40 --> Datos recogidos del formulario: {"name":"MARVIN","last_name":"PEREZ","identification":"34534512345","phone":"3132311084","address":"KDX 286-300 AV CIRCUNVALAR\r\nBARRIO FUNDADORES","email":"ma34545rvin.santos@soy.sena.edu.co","role_id":"1","status":"active","password_hash":"$2y$10$8sZzSC6lK.O8X4\/2qq.Rr.pd2TN2KPAh7Nw7M1JtrM4y\/80fqyZVG"}
INFO - 2025-05-10 21:15:40 --> Configuración SMTP obtenida: 
INFO - 2025-05-10 21:15:40 --> Configuración SMTP obtenida en librari: Array
(
)

ERROR - 2025-05-10 21:15:40 --> Faltan campos requeridos en la configuración SMTP.
INFO - 2025-05-10 21:15:40 --> Session: Class initialized using 'CodeIgniter\Session\Handlers\FileHandler' driver.
INFO - 2025-05-10 21:15:48 --> Session: Class initialized using 'CodeIgniter\Session\Handlers\FileHandler' driver.
INFO - 2025-05-10 21:15:53 --> Session: Class initialized using 'CodeIgniter\Session\Handlers\FileHandler' driver.
INFO - 2025-05-10 21:15:57 --> Session: Class initialized using 'CodeIgniter\Session\Handlers\FileHandler' driver.
INFO - 2025-05-10 21:15:57 --> Session: Class initialized using 'CodeIgniter\Session\Handlers\FileHandler' driver.
INFO - 2025-05-10 21:16:04 --> Session: Class initialized using 'CodeIgniter\Session\Handlers\FileHandler' driver.
INFO - 2025-05-10 21:16:04 --> Session: Class initialized using 'CodeIgniter\Session\Handlers\FileHandler' driver.
INFO - 2025-05-10 21:16:16 --> Session: Class initialized using 'CodeIgniter\Session\Handlers\FileHandler' driver.
INFO - 2025-05-10 21:16:16 --> Datos enviados para actualizar SMTP: Array
(
    [config_key] => smtp_config
    [config_value] => {"host":"smtp.gmail.com","username":"admin@admin.com","port":"3306","smtp_password":"SCOPECAPITAL2024*","security":"ssl"}
    [updated_at] => 2025-05-10 21:16:16
)

INFO - 2025-05-10 21:16:16 --> Configuración SMTP actualizada exitosamente.
INFO - 2025-05-10 21:16:16 --> Session: Class initialized using 'CodeIgniter\Session\Handlers\FileHandler' driver.
INFO - 2025-05-10 21:21:02 --> Session: Class initialized using 'CodeIgniter\Session\Handlers\FileHandler' driver.
