INFO - 2025-06-04 01:56:49 --> Session: Class initialized using 'CodeIgniter\Session\Handlers\FileHandler' driver.
INFO - 2025-06-04 01:56:54 --> Session: Class initialized using 'CodeIgniter\Session\Handlers\FileHandler' driver.
INFO - 2025-06-04 01:56:54 --> Usuario autenticado con role_id: 
INFO - 2025-06-04 01:57:00 --> El método authenticate fue llamado
INFO - 2025-06-04 01:57:02 --> Session: Class initialized using 'CodeIgniter\Session\Handlers\FileHandler' driver.
INFO - 2025-06-04 01:57:02 --> Session: Class initialized using 'CodeIgniter\Session\Handlers\FileHandler' driver.
INFO - 2025-06-04 01:57:02 --> Usuario autenticado con role_id: 
INFO - 2025-06-04 01:57:08 --> El método authenticate fue llamado
INFO - 2025-06-04 01:57:09 --> Session: Class initialized using 'CodeIgniter\Session\Handlers\FileHandler' driver.
INFO - 2025-06-04 01:57:09 --> Session: Class initialized using 'CodeIgniter\Session\Handlers\FileHandler' driver.
INFO - 2025-06-04 01:57:20 --> Session: Class initialized using 'CodeIgniter\Session\Handlers\FileHandler' driver.
INFO - 2025-06-04 01:57:23 --> Session: Class initialized using 'CodeIgniter\Session\Handlers\FileHandler' driver.
INFO - 2025-06-04 01:57:24 --> Datos recogidos de LA BASE DE DATOS: {"users":[{"agreement":"AGREEMENT","number":"1","letter":"1","date_from":"2025-06-01","date_to":"2025-06-03","policy":"POLICY","approved_by":"APPROVED BY","approved_date":"2025-06-04","id_user":"15","name":"MARVIN","last_name":"PEREZ","identification":"2354235423","email":"marvineduardosantosperez@gmail.com","phone":"3132311084","address":"KDX 286-300 AV CIRCUNVALAR","trust":"TOMAS ANDRE","email_del_trust":"marvin.santos@soy.sena.edu.co","telephone_del_trust":"3132311084","bank":"BANCOLOMBIA","swift":"SWIFT","aba":"ABA","iban":"IBAM","account":"ACCOUNT","password_hash":"$2y$10$GAs2sq6yCiCt4vBIcmtk2.DcdR5hd9S.PJK6o8aJb5.ZE6LLzTnbK","date_registration":"2025-06-02 19:17:03","login_attempts":"0","last_login_attempt":null,"status":"active","role_id":"2","balance":"5523.90","principal":"5000.00","rate":"0.05","compoundingPeriods":"7","time":"2","role_name":"CLIENT"}],"roles":[{"role_name":"ADMIN","role_description":"ADMINISTRADOR CON ACCESO COMPLETO","created_at":"2025-05-30 09:59:48","id_role":"1"},{"role_name":"CLIENT","role_description":"USUARIO CON PERMISOS DE EDICI\u00d3N","created_at":"2025-05-30 09:59:48","id_role":"2"}]}
INFO - 2025-06-04 01:57:31 --> Session: Class initialized using 'CodeIgniter\Session\Handlers\FileHandler' driver.
INFO - 2025-06-04 01:57:38 --> Session: Class initialized using 'CodeIgniter\Session\Handlers\FileHandler' driver.
INFO - 2025-06-04 01:57:47 --> Session: Class initialized using 'CodeIgniter\Session\Handlers\FileHandler' driver.
INFO - 2025-06-04 03:06:23 --> Session: Class initialized using 'CodeIgniter\Session\Handlers\FileHandler' driver.
INFO - 2025-06-04 03:09:37 --> Session: Class initialized using 'CodeIgniter\Session\Handlers\FileHandler' driver.
INFO - 2025-06-04 03:09:44 --> Session: Class initialized using 'CodeIgniter\Session\Handlers\FileHandler' driver.
INFO - 2025-06-04 03:09:47 --> Session: Class initialized using 'CodeIgniter\Session\Handlers\FileHandler' driver.
INFO - 2025-06-04 03:11:57 --> Session: Class initialized using 'CodeIgniter\Session\Handlers\FileHandler' driver.
INFO - 2025-06-04 03:12:08 --> Session: Class initialized using 'CodeIgniter\Session\Handlers\FileHandler' driver.
INFO - 2025-06-04 03:12:12 --> Session: Class initialized using 'CodeIgniter\Session\Handlers\FileHandler' driver.
INFO - 2025-06-04 03:12:21 --> Session: Class initialized using 'CodeIgniter\Session\Handlers\FileHandler' driver.
INFO - 2025-06-04 03:12:22 --> Session: Class initialized using 'CodeIgniter\Session\Handlers\FileHandler' driver.
INFO - 2025-06-04 03:12:32 --> Session: Class initialized using 'CodeIgniter\Session\Handlers\FileHandler' driver.
INFO - 2025-06-04 03:12:49 --> Session: Class initialized using 'CodeIgniter\Session\Handlers\FileHandler' driver.
INFO - 2025-06-04 03:14:02 --> Session: Class initialized using 'CodeIgniter\Session\Handlers\FileHandler' driver.
INFO - 2025-06-04 03:14:06 --> Session: Class initialized using 'CodeIgniter\Session\Handlers\FileHandler' driver.
INFO - 2025-06-04 03:14:08 --> Session: Class initialized using 'CodeIgniter\Session\Handlers\FileHandler' driver.
INFO - 2025-06-04 03:14:10 --> Session: Class initialized using 'CodeIgniter\Session\Handlers\FileHandler' driver.
INFO - 2025-06-04 03:14:13 --> Session: Class initialized using 'CodeIgniter\Session\Handlers\FileHandler' driver.
INFO - 2025-06-04 03:14:13 --> Session: Class initialized using 'CodeIgniter\Session\Handlers\FileHandler' driver.
INFO - 2025-06-04 03:14:13 --> Session: Class initialized using 'CodeIgniter\Session\Handlers\FileHandler' driver.
INFO - 2025-06-04 03:14:13 --> Session: Class initialized using 'CodeIgniter\Session\Handlers\FileHandler' driver.
INFO - 2025-06-04 03:14:14 --> Session: Class initialized using 'CodeIgniter\Session\Handlers\FileHandler' driver.
INFO - 2025-06-04 03:14:14 --> Session: Class initialized using 'CodeIgniter\Session\Handlers\FileHandler' driver.
INFO - 2025-06-04 03:14:14 --> Session: Class initialized using 'CodeIgniter\Session\Handlers\FileHandler' driver.
INFO - 2025-06-04 03:16:05 --> Session: Class initialized using 'CodeIgniter\Session\Handlers\FileHandler' driver.
INFO - 2025-06-04 03:16:09 --> Session: Class initialized using 'CodeIgniter\Session\Handlers\FileHandler' driver.
INFO - 2025-06-04 03:16:11 --> Session: Class initialized using 'CodeIgniter\Session\Handlers\FileHandler' driver.
INFO - 2025-06-04 03:16:28 --> Session: Class initialized using 'CodeIgniter\Session\Handlers\FileHandler' driver.
INFO - 2025-06-04 03:16:34 --> Session: Class initialized using 'CodeIgniter\Session\Handlers\FileHandler' driver.
INFO - 2025-06-04 03:16:38 --> Session: Class initialized using 'CodeIgniter\Session\Handlers\FileHandler' driver.
INFO - 2025-06-04 03:16:41 --> Session: Class initialized using 'CodeIgniter\Session\Handlers\FileHandler' driver.
INFO - 2025-06-04 03:18:28 --> Session: Class initialized using 'CodeIgniter\Session\Handlers\FileHandler' driver.
INFO - 2025-06-04 03:19:15 --> Session: Class initialized using 'CodeIgniter\Session\Handlers\FileHandler' driver.
INFO - 2025-06-04 03:20:46 --> Session: Class initialized using 'CodeIgniter\Session\Handlers\FileHandler' driver.
INFO - 2025-06-04 03:21:29 --> Session: Class initialized using 'CodeIgniter\Session\Handlers\FileHandler' driver.
INFO - 2025-06-04 03:21:42 --> Session: Class initialized using 'CodeIgniter\Session\Handlers\FileHandler' driver.
INFO - 2025-06-04 03:21:49 --> Session: Class initialized using 'CodeIgniter\Session\Handlers\FileHandler' driver.
INFO - 2025-06-04 03:21:56 --> Session: Class initialized using 'CodeIgniter\Session\Handlers\FileHandler' driver.
INFO - 2025-06-04 03:23:01 --> Session: Class initialized using 'CodeIgniter\Session\Handlers\FileHandler' driver.
INFO - 2025-06-04 03:33:36 --> Session: Class initialized using 'CodeIgniter\Session\Handlers\FileHandler' driver.
INFO - 2025-06-04 03:33:36 --> Session: Class initialized using 'CodeIgniter\Session\Handlers\FileHandler' driver.
INFO - 2025-06-04 03:33:38 --> Session: Class initialized using 'CodeIgniter\Session\Handlers\FileHandler' driver.
INFO - 2025-06-04 03:33:38 --> Datos recogidos de LA BASE DE DATOS: {"users":[{"agreement":"AGREEMENT","number":"1","letter":"1","date_from":"2025-06-01","date_to":"2025-06-03","policy":"POLICY","approved_by":"APPROVED BY","approved_date":"2025-06-04","id_user":"15","name":"MARVIN","last_name":"PEREZ","identification":"2354235423","email":"marvineduardosantosperez@gmail.com","phone":"3132311084","address":"KDX 286-300 AV CIRCUNVALAR","trust":"TOMAS ANDRE","email_del_trust":"marvin.santos@soy.sena.edu.co","telephone_del_trust":"3132311084","bank":"BANCOLOMBIA","swift":"SWIFT","aba":"ABA","iban":"IBAM","account":"ACCOUNT","password_hash":"$2y$10$GAs2sq6yCiCt4vBIcmtk2.DcdR5hd9S.PJK6o8aJb5.ZE6LLzTnbK","date_registration":"2025-06-02 19:17:03","login_attempts":"0","last_login_attempt":null,"status":"active","role_id":"2","balance":"5523.90","principal":"5000.00","rate":"0.05","compoundingPeriods":"7","time":"2","role_name":"CLIENT"}],"roles":[{"role_name":"ADMIN","role_description":"ADMINISTRADOR CON ACCESO COMPLETO","created_at":"2025-05-30 09:59:48","id_role":"1"},{"role_name":"CLIENT","role_description":"USUARIO CON PERMISOS DE EDICI\u00d3N","created_at":"2025-05-30 09:59:48","id_role":"2"}]}
INFO - 2025-06-04 03:33:45 --> Session: Class initialized using 'CodeIgniter\Session\Handlers\FileHandler' driver.
INFO - 2025-06-04 04:07:06 --> Session: Class initialized using 'CodeIgniter\Session\Handlers\FileHandler' driver.
INFO - 2025-06-04 04:07:11 --> Session: Class initialized using 'CodeIgniter\Session\Handlers\FileHandler' driver.
INFO - 2025-06-04 04:11:20 --> Session: Class initialized using 'CodeIgniter\Session\Handlers\FileHandler' driver.
INFO - 2025-06-04 04:11:23 --> Session: Class initialized using 'CodeIgniter\Session\Handlers\FileHandler' driver.
INFO - 2025-06-04 04:11:25 --> Session: Class initialized using 'CodeIgniter\Session\Handlers\FileHandler' driver.
INFO - 2025-06-04 13:19:37 --> Session: Class initialized using 'CodeIgniter\Session\Handlers\FileHandler' driver.
INFO - 2025-06-04 13:19:37 --> Session: Class initialized using 'CodeIgniter\Session\Handlers\FileHandler' driver.
INFO - 2025-06-04 13:19:37 --> Usuario autenticado con role_id: 
INFO - 2025-06-04 13:19:38 --> Session: Class initialized using 'CodeIgniter\Session\Handlers\FileHandler' driver.
INFO - 2025-06-04 13:19:38 --> Session: Class initialized using 'CodeIgniter\Session\Handlers\FileHandler' driver.
INFO - 2025-06-04 13:19:38 --> Usuario autenticado con role_id: 
INFO - 2025-06-04 13:22:48 --> Session: Class initialized using 'CodeIgniter\Session\Handlers\FileHandler' driver.
INFO - 2025-06-04 13:22:48 --> Session: Class initialized using 'CodeIgniter\Session\Handlers\FileHandler' driver.
INFO - 2025-06-04 13:22:48 --> Usuario autenticado con role_id: 
INFO - 2025-06-04 13:34:14 --> Session: Class initialized using 'CodeIgniter\Session\Handlers\FileHandler' driver.
INFO - 2025-06-04 13:34:14 --> Session: Class initialized using 'CodeIgniter\Session\Handlers\FileHandler' driver.
INFO - 2025-06-04 13:34:14 --> Usuario autenticado con role_id: 
INFO - 2025-06-04 13:34:24 --> El método authenticate fue llamado
INFO - 2025-06-04 13:34:24 --> Session: Class initialized using 'CodeIgniter\Session\Handlers\FileHandler' driver.
INFO - 2025-06-04 13:34:24 --> Session: Class initialized using 'CodeIgniter\Session\Handlers\FileHandler' driver.
INFO - 2025-06-04 13:34:30 --> Session: Class initialized using 'CodeIgniter\Session\Handlers\FileHandler' driver.
INFO - 2025-06-04 13:34:43 --> Session: Class initialized using 'CodeIgniter\Session\Handlers\FileHandler' driver.
INFO - 2025-06-04 14:40:01 --> Session: Class initialized using 'CodeIgniter\Session\Handlers\FileHandler' driver.
INFO - 2025-06-04 14:40:23 --> Session: Class initialized using 'CodeIgniter\Session\Handlers\FileHandler' driver.
INFO - 2025-06-04 14:40:51 --> Session: Class initialized using 'CodeIgniter\Session\Handlers\FileHandler' driver.
INFO - 2025-06-04 14:40:57 --> Session: Class initialized using 'CodeIgniter\Session\Handlers\FileHandler' driver.
INFO - 2025-06-04 14:52:27 --> Session: Class initialized using 'CodeIgniter\Session\Handlers\FileHandler' driver.
INFO - 2025-06-04 14:52:31 --> Session: Class initialized using 'CodeIgniter\Session\Handlers\FileHandler' driver.
INFO - 2025-06-04 14:52:35 --> Session: Class initialized using 'CodeIgniter\Session\Handlers\FileHandler' driver.
INFO - 2025-06-04 14:52:45 --> Session: Class initialized using 'CodeIgniter\Session\Handlers\FileHandler' driver.
INFO - 2025-06-04 17:36:06 --> Session: Class initialized using 'CodeIgniter\Session\Handlers\FileHandler' driver.
INFO - 2025-06-04 17:36:06 --> Session: Class initialized using 'CodeIgniter\Session\Handlers\FileHandler' driver.
INFO - 2025-06-04 17:36:06 --> Usuario autenticado con role_id: 
INFO - 2025-06-04 17:36:50 --> Session: Class initialized using 'CodeIgniter\Session\Handlers\FileHandler' driver.
INFO - 2025-06-04 17:36:50 --> Session: Class initialized using 'CodeIgniter\Session\Handlers\FileHandler' driver.
INFO - 2025-06-04 17:36:50 --> Usuario autenticado con role_id: 
INFO - 2025-06-04 17:36:55 --> Session: Class initialized using 'CodeIgniter\Session\Handlers\FileHandler' driver.
INFO - 2025-06-04 17:36:55 --> Session: Class initialized using 'CodeIgniter\Session\Handlers\FileHandler' driver.
INFO - 2025-06-04 17:36:55 --> Usuario autenticado con role_id: 
INFO - 2025-06-04 17:37:05 --> Session: Class initialized using 'CodeIgniter\Session\Handlers\FileHandler' driver.
INFO - 2025-06-04 17:37:05 --> Session: Class initialized using 'CodeIgniter\Session\Handlers\FileHandler' driver.
INFO - 2025-06-04 17:37:05 --> Usuario autenticado con role_id: 
INFO - 2025-06-04 17:37:08 --> El método authenticate fue llamado
INFO - 2025-06-04 17:37:08 --> Session: Class initialized using 'CodeIgniter\Session\Handlers\FileHandler' driver.
INFO - 2025-06-04 17:37:08 --> Session: Class initialized using 'CodeIgniter\Session\Handlers\FileHandler' driver.
INFO - 2025-06-04 17:37:08 --> Usuario autenticado con role_id: 
INFO - 2025-06-04 17:37:18 --> El método authenticate fue llamado
INFO - 2025-06-04 17:37:18 --> Session: Class initialized using 'CodeIgniter\Session\Handlers\FileHandler' driver.
INFO - 2025-06-04 17:37:18 --> Session: Class initialized using 'CodeIgniter\Session\Handlers\FileHandler' driver.
INFO - 2025-06-04 17:37:21 --> Session: Class initialized using 'CodeIgniter\Session\Handlers\FileHandler' driver.
INFO - 2025-06-04 17:41:28 --> Session: Class initialized using 'CodeIgniter\Session\Handlers\FileHandler' driver.
INFO - 2025-06-04 17:41:30 --> Session: Class initialized using 'CodeIgniter\Session\Handlers\FileHandler' driver.
INFO - 2025-06-04 17:41:38 --> Session: Class initialized using 'CodeIgniter\Session\Handlers\FileHandler' driver.
INFO - 2025-06-04 17:41:40 --> Session: Class initialized using 'CodeIgniter\Session\Handlers\FileHandler' driver.
INFO - 2025-06-04 17:45:04 --> Session: Class initialized using 'CodeIgniter\Session\Handlers\FileHandler' driver.
INFO - 2025-06-04 17:45:27 --> Session: Class initialized using 'CodeIgniter\Session\Handlers\FileHandler' driver.
INFO - 2025-06-04 17:47:14 --> Session: Class initialized using 'CodeIgniter\Session\Handlers\FileHandler' driver.
INFO - 2025-06-04 17:47:16 --> Session: Class initialized using 'CodeIgniter\Session\Handlers\FileHandler' driver.
INFO - 2025-06-04 17:48:13 --> Session: Class initialized using 'CodeIgniter\Session\Handlers\FileHandler' driver.
INFO - 2025-06-04 17:50:46 --> Session: Class initialized using 'CodeIgniter\Session\Handlers\FileHandler' driver.
INFO - 2025-06-04 17:50:52 --> Session: Class initialized using 'CodeIgniter\Session\Handlers\FileHandler' driver.
INFO - 2025-06-04 17:51:43 --> Session: Class initialized using 'CodeIgniter\Session\Handlers\FileHandler' driver.
INFO - 2025-06-04 17:52:52 --> Session: Class initialized using 'CodeIgniter\Session\Handlers\FileHandler' driver.
INFO - 2025-06-04 17:53:04 --> Session: Class initialized using 'CodeIgniter\Session\Handlers\FileHandler' driver.
INFO - 2025-06-04 17:53:35 --> Session: Class initialized using 'CodeIgniter\Session\Handlers\FileHandler' driver.
INFO - 2025-06-04 17:54:07 --> Session: Class initialized using 'CodeIgniter\Session\Handlers\FileHandler' driver.
INFO - 2025-06-04 18:59:19 --> Session: Class initialized using 'CodeIgniter\Session\Handlers\FileHandler' driver.
INFO - 2025-06-04 19:01:19 --> Session: Class initialized using 'CodeIgniter\Session\Handlers\FileHandler' driver.
INFO - 2025-06-04 19:01:55 --> Session: Class initialized using 'CodeIgniter\Session\Handlers\FileHandler' driver.
INFO - 2025-06-04 19:01:55 --> Session: Class initialized using 'CodeIgniter\Session\Handlers\FileHandler' driver.
INFO - 2025-06-04 19:01:59 --> Session: Class initialized using 'CodeIgniter\Session\Handlers\FileHandler' driver.
INFO - 2025-06-04 19:02:01 --> Session: Class initialized using 'CodeIgniter\Session\Handlers\FileHandler' driver.
INFO - 2025-06-04 19:02:50 --> Session: Class initialized using 'CodeIgniter\Session\Handlers\FileHandler' driver.
INFO - 2025-06-04 19:03:21 --> Session: Class initialized using 'CodeIgniter\Session\Handlers\FileHandler' driver.
INFO - 2025-06-04 19:03:28 --> Session: Class initialized using 'CodeIgniter\Session\Handlers\FileHandler' driver.
INFO - 2025-06-04 19:03:52 --> Session: Class initialized using 'CodeIgniter\Session\Handlers\FileHandler' driver.
INFO - 2025-06-04 19:08:58 --> Session: Class initialized using 'CodeIgniter\Session\Handlers\FileHandler' driver.
INFO - 2025-06-04 19:09:02 --> Session: Class initialized using 'CodeIgniter\Session\Handlers\FileHandler' driver.
INFO - 2025-06-04 19:09:09 --> Session: Class initialized using 'CodeIgniter\Session\Handlers\FileHandler' driver.
INFO - 2025-06-04 19:09:58 --> Session: Class initialized using 'CodeIgniter\Session\Handlers\FileHandler' driver.
INFO - 2025-06-04 19:09:59 --> Session: Class initialized using 'CodeIgniter\Session\Handlers\FileHandler' driver.
INFO - 2025-06-04 19:10:19 --> Session: Class initialized using 'CodeIgniter\Session\Handlers\FileHandler' driver.
INFO - 2025-06-04 19:10:22 --> Session: Class initialized using 'CodeIgniter\Session\Handlers\FileHandler' driver.
INFO - 2025-06-04 19:10:28 --> Session: Class initialized using 'CodeIgniter\Session\Handlers\FileHandler' driver.
INFO - 2025-06-04 19:10:46 --> Session: Class initialized using 'CodeIgniter\Session\Handlers\FileHandler' driver.
INFO - 2025-06-04 19:10:48 --> Session: Class initialized using 'CodeIgniter\Session\Handlers\FileHandler' driver.
INFO - 2025-06-04 19:11:32 --> Session: Class initialized using 'CodeIgniter\Session\Handlers\FileHandler' driver.
INFO - 2025-06-04 19:11:43 --> Session: Class initialized using 'CodeIgniter\Session\Handlers\FileHandler' driver.
INFO - 2025-06-04 19:11:44 --> Session: Class initialized using 'CodeIgniter\Session\Handlers\FileHandler' driver.
INFO - 2025-06-04 19:11:46 --> Session: Class initialized using 'CodeIgniter\Session\Handlers\FileHandler' driver.
INFO - 2025-06-04 19:12:27 --> Session: Class initialized using 'CodeIgniter\Session\Handlers\FileHandler' driver.
INFO - 2025-06-04 19:12:45 --> Session: Class initialized using 'CodeIgniter\Session\Handlers\FileHandler' driver.
INFO - 2025-06-04 19:12:45 --> Session: Class initialized using 'CodeIgniter\Session\Handlers\FileHandler' driver.
INFO - 2025-06-04 19:12:51 --> Session: Class initialized using 'CodeIgniter\Session\Handlers\FileHandler' driver.
INFO - 2025-06-04 19:12:51 --> Session: Class initialized using 'CodeIgniter\Session\Handlers\FileHandler' driver.
INFO - 2025-06-04 19:13:04 --> Session: Class initialized using 'CodeIgniter\Session\Handlers\FileHandler' driver.
INFO - 2025-06-04 19:13:04 --> Session: Class initialized using 'CodeIgniter\Session\Handlers\FileHandler' driver.
INFO - 2025-06-04 19:13:16 --> Session: Class initialized using 'CodeIgniter\Session\Handlers\FileHandler' driver.
INFO - 2025-06-04 19:13:16 --> Session: Class initialized using 'CodeIgniter\Session\Handlers\FileHandler' driver.
INFO - 2025-06-04 19:15:30 --> Session: Class initialized using 'CodeIgniter\Session\Handlers\FileHandler' driver.
INFO - 2025-06-04 19:15:36 --> Session: Class initialized using 'CodeIgniter\Session\Handlers\FileHandler' driver.
INFO - 2025-06-04 20:29:13 --> Session: Class initialized using 'CodeIgniter\Session\Handlers\FileHandler' driver.
INFO - 2025-06-04 20:29:26 --> Session: Class initialized using 'CodeIgniter\Session\Handlers\FileHandler' driver.
INFO - 2025-06-04 20:29:33 --> Session: Class initialized using 'CodeIgniter\Session\Handlers\FileHandler' driver.
INFO - 2025-06-04 20:29:37 --> Session: Class initialized using 'CodeIgniter\Session\Handlers\FileHandler' driver.
INFO - 2025-06-04 20:29:40 --> Session: Class initialized using 'CodeIgniter\Session\Handlers\FileHandler' driver.
INFO - 2025-06-04 20:29:40 --> Session: Class initialized using 'CodeIgniter\Session\Handlers\FileHandler' driver.
INFO - 2025-06-04 20:32:18 --> Session: Class initialized using 'CodeIgniter\Session\Handlers\FileHandler' driver.
INFO - 2025-06-04 20:32:24 --> Session: Class initialized using 'CodeIgniter\Session\Handlers\FileHandler' driver.
INFO - 2025-06-04 20:32:32 --> Session: Class initialized using 'CodeIgniter\Session\Handlers\FileHandler' driver.
INFO - 2025-06-04 20:32:32 --> Session: Class initialized using 'CodeIgniter\Session\Handlers\FileHandler' driver.
INFO - 2025-06-04 20:32:56 --> Session: Class initialized using 'CodeIgniter\Session\Handlers\FileHandler' driver.
INFO - 2025-06-04 20:33:26 --> Session: Class initialized using 'CodeIgniter\Session\Handlers\FileHandler' driver.
INFO - 2025-06-04 20:33:28 --> Session: Class initialized using 'CodeIgniter\Session\Handlers\FileHandler' driver.
INFO - 2025-06-04 20:33:51 --> Session: Class initialized using 'CodeIgniter\Session\Handlers\FileHandler' driver.
INFO - 2025-06-04 20:33:56 --> Session: Class initialized using 'CodeIgniter\Session\Handlers\FileHandler' driver.
INFO - 2025-06-04 20:36:06 --> Session: Class initialized using 'CodeIgniter\Session\Handlers\FileHandler' driver.
INFO - 2025-06-04 20:36:14 --> Session: Class initialized using 'CodeIgniter\Session\Handlers\FileHandler' driver.
INFO - 2025-06-04 20:36:21 --> Session: Class initialized using 'CodeIgniter\Session\Handlers\FileHandler' driver.
INFO - 2025-06-04 20:36:28 --> Session: Class initialized using 'CodeIgniter\Session\Handlers\FileHandler' driver.
INFO - 2025-06-04 20:36:32 --> Session: Class initialized using 'CodeIgniter\Session\Handlers\FileHandler' driver.
INFO - 2025-06-04 20:36:40 --> Session: Class initialized using 'CodeIgniter\Session\Handlers\FileHandler' driver.
INFO - 2025-06-04 20:36:40 --> Session: Class initialized using 'CodeIgniter\Session\Handlers\FileHandler' driver.
INFO - 2025-06-04 20:36:50 --> Session: Class initialized using 'CodeIgniter\Session\Handlers\FileHandler' driver.
INFO - 2025-06-04 20:46:39 --> Session: Class initialized using 'CodeIgniter\Session\Handlers\FileHandler' driver.
INFO - 2025-06-04 20:46:45 --> Session: Class initialized using 'CodeIgniter\Session\Handlers\FileHandler' driver.
INFO - 2025-06-04 20:46:48 --> Session: Class initialized using 'CodeIgniter\Session\Handlers\FileHandler' driver.
INFO - 2025-06-04 20:46:59 --> Session: Class initialized using 'CodeIgniter\Session\Handlers\FileHandler' driver.
INFO - 2025-06-04 20:46:59 --> Configuración SMTP obtenida: Array
(
    [config_key] => smtp_config
    [config_value] => {"host":"smtp.gmail.com","username":"mesp3127@gmail.com","port":"587","smtp_password":"tibw htiw uskt qrjs","security":"tls"}
    [description] => 
    [created_at] => 2025-05-30 17:53:32
    [updated_at] => 2025-05-30 17:57:04
    [id_config] => 8
)

INFO - 2025-06-04 20:46:59 --> Configuración SMTP obtenida en librari: Array
(
    [host] => smtp.gmail.com
    [username] => mesp3127@gmail.com
    [port] => 587
    [smtp_password] => tibw htiw uskt qrjs
    [security] => tls
)

INFO - 2025-06-04 20:47:02 --> Session: Class initialized using 'CodeIgniter\Session\Handlers\FileHandler' driver.
INFO - 2025-06-04 20:47:33 --> Session: Class initialized using 'CodeIgniter\Session\Handlers\FileHandler' driver.
INFO - 2025-06-04 20:47:33 --> Configuración SMTP obtenida: Array
(
    [config_key] => smtp_config
    [config_value] => {"host":"smtp.gmail.com","username":"mesp3127@gmail.com","port":"587","smtp_password":"tibw htiw uskt qrjs","security":"tls"}
    [description] => 
    [created_at] => 2025-05-30 17:53:32
    [updated_at] => 2025-05-30 17:57:04
    [id_config] => 8
)

INFO - 2025-06-04 20:47:33 --> Configuración SMTP obtenida en librari: Array
(
    [host] => smtp.gmail.com
    [username] => mesp3127@gmail.com
    [port] => 587
    [smtp_password] => tibw htiw uskt qrjs
    [security] => tls
)

INFO - 2025-06-04 20:47:36 --> Session: Class initialized using 'CodeIgniter\Session\Handlers\FileHandler' driver.
INFO - 2025-06-04 20:51:31 --> Session: Class initialized using 'CodeIgniter\Session\Handlers\FileHandler' driver.
INFO - 2025-06-04 20:51:31 --> Datos recogidos de LA BASE DE DATOS: {"users":[{"agreement":"AGREEMENT","number":"1","letter":"1","date_from":"2025-06-01","date_to":"2025-06-03","policy":"POLICY","approved_by":"APPROVED BY","approved_date":"2025-06-04","id_user":"15","name":"MARVIN","last_name":"PEREZ","identification":"2354235423","email":"sss","phone":"3132311084","address":"KDX 286-300 AV CIRCUNVALAR","trust":"TOMAS ANDRE","email_del_trust":"marvin.santos@soy.sena.edu.co","telephone_del_trust":"3132311084","bank":"BANCOLOMBIA","swift":"SWIFT","aba":"ABA","iban":"IBAM","account":"ACCOUNT","password_hash":"$2y$10$GAs2sq6yCiCt4vBIcmtk2.DcdR5hd9S.PJK6o8aJb5.ZE6LLzTnbK","date_registration":"2025-06-02 19:17:03","login_attempts":"0","last_login_attempt":null,"status":"active","role_id":"2","balance":"5523.90","principal":"5000.00","rate":"0.05","compoundingPeriods":"7","time":"2","role_name":"CLIENT"}],"roles":[{"role_name":"ADMIN","role_description":"ADMINISTRADOR CON ACCESO COMPLETO","created_at":"2025-05-30 09:59:48","id_role":"1"},{"role_name":"CLIENT","role_description":"USUARIO CON PERMISOS DE EDICI\u00d3N","created_at":"2025-05-30 09:59:48","id_role":"2"}]}
INFO - 2025-06-04 20:52:47 --> Session: Class initialized using 'CodeIgniter\Session\Handlers\FileHandler' driver.
INFO - 2025-06-04 20:52:47 --> Iniciando el método addUser()
INFO - 2025-06-04 20:52:47 --> Reglas de validación definidas.
INFO - 2025-06-04 20:52:47 --> Validación exitosa.
INFO - 2025-06-04 20:52:47 --> Datos recogidos del formulario: {"name":"JUAN","last_name":"BONET","identification":"10225581111","email":"jsbonetc@gmail.com","phone":"3132311084","address":"KDX 286-300 AV CIRCUNVALAR","trust":"MARVIN EDUARDO SANTOS","email_del_trust":"marvin.santos@soy.sena.edu.co","telephone_del_trust":"3132311084","bank":"BANK","swift":"SWIFT","aba":"ABA","iban":"IBAN","account":"ACCOUNT","role_id":"2","status":"active","password_hash":"$2y$10$3AjifnjftzFp4GkbRv3nGOf4s4I0DfLTv1cNk8rlDtqCAX7.RBJ2q","balance":8655.5,"rate":0.05,"compoundingPeriods":11,"time":11,"principal":5000,"agreement":"AGREEMENT","number":"1","letter":"111","policy":"POLICY","date_from":"2025-06-01","date_to":"2025-06-05","approved_by":"APPROVED BY","approved_date":"2025-06-02","date_registration":"2025-06-04 20:52:47"}
INFO - 2025-06-04 20:52:47 --> Configuración SMTP obtenida: Array
(
    [config_key] => smtp_config
    [config_value] => {"host":"smtp.gmail.com","username":"mesp3127@gmail.com","port":"587","smtp_password":"tibw htiw uskt qrjs","security":"tls"}
    [description] => 
    [created_at] => 2025-05-30 17:53:32
    [updated_at] => 2025-05-30 17:57:04
    [id_config] => 8
)

INFO - 2025-06-04 20:52:47 --> Configuración SMTP obtenida en librari: Array
(
    [host] => smtp.gmail.com
    [username] => mesp3127@gmail.com
    [port] => 587
    [smtp_password] => tibw htiw uskt qrjs
    [security] => tls
)

INFO - 2025-06-04 20:52:52 --> Consulta ejecutada: SELECT *
FROM `configuration`
WHERE `config_key` = 'smtp_config'
 LIMIT 1
INFO - 2025-06-04 20:52:52 --> Usuario agregado correctamente en la base de datos.
INFO - 2025-06-04 20:52:52 --> Session: Class initialized using 'CodeIgniter\Session\Handlers\FileHandler' driver.
INFO - 2025-06-04 20:52:52 --> Datos recogidos de LA BASE DE DATOS: {"users":[{"agreement":"AGREEMENT","number":"1","letter":"1","date_from":"2025-06-01","date_to":"2025-06-03","policy":"POLICY","approved_by":"APPROVED BY","approved_date":"2025-06-04","id_user":"15","name":"MARVIN","last_name":"PEREZ","identification":"2354235423","email":"sss","phone":"3132311084","address":"KDX 286-300 AV CIRCUNVALAR","trust":"TOMAS ANDRE","email_del_trust":"marvin.santos@soy.sena.edu.co","telephone_del_trust":"3132311084","bank":"BANCOLOMBIA","swift":"SWIFT","aba":"ABA","iban":"IBAM","account":"ACCOUNT","password_hash":"$2y$10$GAs2sq6yCiCt4vBIcmtk2.DcdR5hd9S.PJK6o8aJb5.ZE6LLzTnbK","date_registration":"2025-06-02 19:17:03","login_attempts":"0","last_login_attempt":null,"status":"active","role_id":"2","balance":"5523.90","principal":"5000.00","rate":"0.05","compoundingPeriods":"7","time":"2","role_name":"CLIENT"},{"agreement":"AGREEMENT","number":"1","letter":"1","date_from":"2025-06-01","date_to":"2025-06-05","policy":"POLICY","approved_by":"APPROVED BY","approved_date":"2025-06-02","id_user":"16","name":"JUAN","last_name":"BONET","identification":"10225581111","email":"jsbonetc@gmail.com","phone":"3132311084","address":"KDX 286-300 AV CIRCUNVALAR","trust":"MARVIN EDUARDO SANTOS","email_del_trust":"marvin.santos@soy.sena.edu.co","telephone_del_trust":"3132311084","bank":"BANK","swift":"SWIFT","aba":"ABA","iban":"IBAN","account":"ACCOUNT","password_hash":"$2y$10$3AjifnjftzFp4GkbRv3nGOf4s4I0DfLTv1cNk8rlDtqCAX7.RBJ2q","date_registration":"2025-06-04 20:52:47","login_attempts":"0","last_login_attempt":null,"status":"active","role_id":"2","balance":"8655.50","principal":"5000.00","rate":"0.05","compoundingPeriods":"11","time":"11","role_name":"CLIENT"}],"roles":[{"role_name":"ADMIN","role_description":"ADMINISTRADOR CON ACCESO COMPLETO","created_at":"2025-05-30 09:59:48","id_role":"1"},{"role_name":"CLIENT","role_description":"USUARIO CON PERMISOS DE EDICI\u00d3N","created_at":"2025-05-30 09:59:48","id_role":"2"}]}
INFO - 2025-06-04 20:53:12 --> Session: Class initialized using 'CodeIgniter\Session\Handlers\FileHandler' driver.
INFO - 2025-06-04 20:53:12 --> Session: Class initialized using 'CodeIgniter\Session\Handlers\FileHandler' driver.
INFO - 2025-06-04 20:53:12 --> Usuario autenticado con role_id: 
INFO - 2025-06-04 20:53:18 --> El método authenticate fue llamado
INFO - 2025-06-04 20:53:18 --> Session: Class initialized using 'CodeIgniter\Session\Handlers\FileHandler' driver.
INFO - 2025-06-04 20:53:18 --> Session: Class initialized using 'CodeIgniter\Session\Handlers\FileHandler' driver.
INFO - 2025-06-04 20:53:18 --> Usuario autenticado con role_id: 
INFO - 2025-06-04 20:54:17 --> El método authenticate fue llamado
INFO - 2025-06-04 20:54:17 --> Session: Class initialized using 'CodeIgniter\Session\Handlers\FileHandler' driver.
INFO - 2025-06-04 20:54:17 --> Session: Class initialized using 'CodeIgniter\Session\Handlers\FileHandler' driver.
INFO - 2025-06-04 20:54:17 --> Session: Class initialized using 'CodeIgniter\Session\Handlers\FileHandler' driver.
INFO - 2025-06-04 20:54:37 --> Session: Class initialized using 'CodeIgniter\Session\Handlers\FileHandler' driver.
INFO - 2025-06-04 20:54:37 --> Archivo subido: 1749070477_04fe49615960ad33b229.png
INFO - 2025-06-04 20:54:37 --> Configuración SMTP obtenida: Array
(
    [config_key] => smtp_config
    [config_value] => {"host":"smtp.gmail.com","username":"mesp3127@gmail.com","port":"587","smtp_password":"tibw htiw uskt qrjs","security":"tls"}
    [description] => 
    [created_at] => 2025-05-30 17:53:32
    [updated_at] => 2025-05-30 17:57:04
    [id_config] => 8
)

INFO - 2025-06-04 20:54:37 --> Configuración SMTP obtenida en librari: Array
(
    [host] => smtp.gmail.com
    [username] => mesp3127@gmail.com
    [port] => 587
    [smtp_password] => tibw htiw uskt qrjs
    [security] => tls
)

INFO - 2025-06-04 20:54:41 --> Consulta INSERT ejecutada: SELECT *
FROM `configuration`
WHERE `config_key` = 'smtp_config'
 LIMIT 1
INFO - 2025-06-04 20:54:41 --> Session: Class initialized using 'CodeIgniter\Session\Handlers\FileHandler' driver.
INFO - 2025-06-04 20:54:52 --> Session: Class initialized using 'CodeIgniter\Session\Handlers\FileHandler' driver.
INFO - 2025-06-04 20:54:52 --> Session: Class initialized using 'CodeIgniter\Session\Handlers\FileHandler' driver.
INFO - 2025-06-04 20:54:52 --> Usuario autenticado con role_id: 
INFO - 2025-06-04 20:55:02 --> El método authenticate fue llamado
INFO - 2025-06-04 20:55:02 --> Session: Class initialized using 'CodeIgniter\Session\Handlers\FileHandler' driver.
INFO - 2025-06-04 20:55:02 --> Session: Class initialized using 'CodeIgniter\Session\Handlers\FileHandler' driver.
INFO - 2025-06-04 20:55:06 --> Session: Class initialized using 'CodeIgniter\Session\Handlers\FileHandler' driver.
INFO - 2025-06-04 20:55:15 --> Session: Class initialized using 'CodeIgniter\Session\Handlers\FileHandler' driver.
INFO - 2025-06-04 20:55:32 --> Session: Class initialized using 'CodeIgniter\Session\Handlers\FileHandler' driver.
INFO - 2025-06-04 20:55:40 --> Session: Class initialized using 'CodeIgniter\Session\Handlers\FileHandler' driver.
INFO - 2025-06-04 20:55:40 --> Configuración SMTP obtenida: Array
(
    [config_key] => smtp_config
    [config_value] => {"host":"smtp.gmail.com","username":"mesp3127@gmail.com","port":"587","smtp_password":"tibw htiw uskt qrjs","security":"tls"}
    [description] => 
    [created_at] => 2025-05-30 17:53:32
    [updated_at] => 2025-05-30 17:57:04
    [id_config] => 8
)

INFO - 2025-06-04 20:55:40 --> Configuración SMTP obtenida en librari: Array
(
    [host] => smtp.gmail.com
    [username] => mesp3127@gmail.com
    [port] => 587
    [smtp_password] => tibw htiw uskt qrjs
    [security] => tls
)

INFO - 2025-06-04 20:55:43 --> Session: Class initialized using 'CodeIgniter\Session\Handlers\FileHandler' driver.
